FLAG:4:115:115:jhead.c
FLAG:5:115:116:jhead.c
FLAG:6:115:116:jhead.c
FLAG:7:125:127:jhead.c
FLAG:8:128:128:jhead.c
FLAG:9:128:129:jhead.c
FLAG:10:128:129:jhead.c
FLAG:11:125:131:jhead.c
FLAG:12:131:131:jhead.c
FLAG:13:1404:1404:jhead.c
FLAG:14:1404:1404:jhead.c
FLAG:15:1404:1405:jhead.c
FLAG:16:1406:1409:jhead.c
FLAG:17:1409:1410:jhead.c
FLAG:18:1409:1412:jhead.c
FLAG:19:1412:1413:jhead.c
FLAG:20:1412:1415:jhead.c
FLAG:21:1415:1416:jhead.c
FLAG:22:1415:1418:jhead.c
FLAG:23:1418:1419:jhead.c
FLAG:24:1418:1421:jhead.c
FLAG:25:1421:1422:jhead.c
FLAG:26:1421:1424:jhead.c
FLAG:27:1424:1425:jhead.c
FLAG:28:1424:1427:jhead.c
FLAG:29:1427:1428:jhead.c
FLAG:30:1427:1434:jhead.c
FLAG:31:1434:1435:jhead.c
FLAG:32:1434:1437:jhead.c
FLAG:33:1437:1438:jhead.c
FLAG:34:1437:1439:jhead.c
FLAG:35:1439:1440:jhead.c
FLAG:36:1439:1442:jhead.c
FLAG:37:1442:1443:jhead.c
FLAG:38:1442:1445:jhead.c
FLAG:39:1445:1446:jhead.c
FLAG:40:1445:1450:jhead.c
FLAG:41:1450:1451:jhead.c
FLAG:42:1450:1452:jhead.c
FLAG:43:1452:1453:jhead.c
FLAG:44:1452:1454:jhead.c
FLAG:45:1454:1455:jhead.c
FLAG:46:1454:1456:jhead.c
FLAG:47:1456:1457:jhead.c
FLAG:48:1456:1459:jhead.c
FLAG:49:1459:1460:jhead.c
FLAG:50:1459:1461:jhead.c
FLAG:51:1461:1462:jhead.c
FLAG:52:1461:1463:jhead.c
FLAG:53:1463:1464:jhead.c
FLAG:54:1463:1465:jhead.c
FLAG:55:1465:1466:jhead.c
FLAG:56:1465:1469:jhead.c
FLAG:57:1469:1470:jhead.c
FLAG:58:1469:1472:jhead.c
FLAG:59:1472:1473:jhead.c
FLAG:60:1472:1475:jhead.c
FLAG:61:1475:1476:jhead.c
FLAG:62:1475:1478:jhead.c
FLAG:63:1478:1479:jhead.c
FLAG:64:1481:1482:jhead.c
FLAG:65:1483:1484:jhead.c
FLAG:66:1481:1484:jhead.c
FLAG:67:1478:1487:jhead.c
FLAG:68:1487:1488:jhead.c
FLAG:69:1487:1490:jhead.c
FLAG:70:1490:1491:jhead.c
FLAG:71:1490:1496:jhead.c
FLAG:72:1496:1497:jhead.c
FLAG:73:1500:1502:jhead.c
FLAG:74:1503:1504:jhead.c
FLAG:75:1500:1504:jhead.c
FLAG:76:1504:1506:jhead.c
FLAG:77:1496:1512:jhead.c
FLAG:78:1512:1514:jhead.c
FLAG:79:1512:1518:jhead.c
FLAG:80:1518:1519:jhead.c
FLAG:81:1518:1521:jhead.c
FLAG:82:1521:1523:jhead.c
FLAG:83:1525:1525:jhead.c
FLAG:84:1525:1526:jhead.c
FLAG:85:1527:1528:jhead.c
FLAG:86:1525:1528:jhead.c
FLAG:87:1525:1528:jhead.c
FLAG:88:1530:1531:jhead.c
FLAG:89:1532:1533:jhead.c
FLAG:90:1530:1533:jhead.c
FLAG:91:1533:1533:jhead.c
FLAG:92:1533:1534:jhead.c
FLAG:93:1533:1534:jhead.c
FLAG:94:1535:1535:jhead.c
FLAG:95:1535:1536:jhead.c
FLAG:96:1535:1536:jhead.c
FLAG:97:1521:1537:jhead.c
FLAG:98:1537:1541:jhead.c
FLAG:99:1543:1544:jhead.c
FLAG:100:1543:1546:jhead.c
FLAG:101:1546:1548:jhead.c
FLAG:102:1545:1548:jhead.c
FLAG:103:1548:1548:jhead.c
FLAG:104:1548:1549:jhead.c
FLAG:105:1548:1549:jhead.c
FLAG:106:1537:1551:jhead.c
FLAG:107:1551:1553:jhead.c
FLAG:108:1551:1555:jhead.c
FLAG:109:1555:1559:jhead.c
FLAG:110:1572:1560:jhead.c
FLAG:111:1560:1560:jhead.c
FLAG:112:1560:1561:jhead.c
FLAG:113:1561:1562:jhead.c
FLAG:114:1562:1564:jhead.c
FLAG:115:1561:1567:jhead.c
FLAG:116:1567:1569:jhead.c
FLAG:117:1567:1572:jhead.c
FLAG:118:1562:1572:jhead.c
FLAG:119:1569:1574:jhead.c
FLAG:120:1564:1574:jhead.c
FLAG:121:1560:1574:jhead.c
FLAG:122:1574:1575:jhead.c
FLAG:123:1574:1577:jhead.c
FLAG:124:1576:1577:jhead.c
FLAG:125:1555:1579:jhead.c
FLAG:126:1579:1583:jhead.c
FLAG:127:1586:1586:jhead.c
FLAG:128:1586:1588:jhead.c
FLAG:129:1586:1588:jhead.c
FLAG:130:1588:1589:jhead.c
FLAG:131:1591:1593:jhead.c
FLAG:132:1588:1593:jhead.c
FLAG:133:1595:1595:jhead.c
FLAG:134:1595:1596:jhead.c
FLAG:135:1595:1596:jhead.c
FLAG:136:1579:1599:jhead.c
FLAG:137:1599:1600:jhead.c
FLAG:138:1600:1600:jhead.c
FLAG:139:1600:1601:jhead.c
FLAG:140:1600:1601:jhead.c
FLAG:141:1599:1602:jhead.c
FLAG:142:1602:1603:jhead.c
FLAG:143:1602:1604:jhead.c
FLAG:144:1604:1605:jhead.c
FLAG:145:1604:1606:jhead.c
FLAG:146:1606:1607:jhead.c
FLAG:147:1606:1608:jhead.c
FLAG:148:1608:1609:jhead.c
FLAG:149:1609:1609:jhead.c
FLAG:150:1609:1610:jhead.c
FLAG:151:1609:1610:jhead.c
FLAG:152:1608:1629:jhead.c
FLAG:153:1415:1633:jhead.c
FLAG:154:1421:1633:jhead.c
FLAG:155:1427:1633:jhead.c
FLAG:156:1437:1633:jhead.c
FLAG:157:1442:1633:jhead.c
FLAG:158:1450:1633:jhead.c
FLAG:159:1454:1633:jhead.c
FLAG:160:1463:1633:jhead.c
FLAG:161:1469:1633:jhead.c
FLAG:162:1475:1633:jhead.c
FLAG:163:1487:1633:jhead.c
FLAG:164:1496:1633:jhead.c
FLAG:165:1518:1633:jhead.c
FLAG:166:1537:1633:jhead.c
FLAG:167:1555:1633:jhead.c
FLAG:168:1599:1633:jhead.c
FLAG:169:1604:1633:jhead.c
FLAG:170:1608:1633:jhead.c
FLAG:171:1611:1633:jhead.c
FLAG:172:1606:1633:jhead.c
FLAG:173:1602:1633:jhead.c
FLAG:174:1579:1633:jhead.c
FLAG:175:1551:1633:jhead.c
FLAG:176:1521:1633:jhead.c
FLAG:177:1504:1633:jhead.c
FLAG:178:1511:1633:jhead.c
FLAG:179:1490:1633:jhead.c
FLAG:180:1478:1633:jhead.c
FLAG:181:1472:1633:jhead.c
FLAG:182:1465:1633:jhead.c
FLAG:183:1461:1633:jhead.c
FLAG:184:1456:1633:jhead.c
FLAG:185:1452:1633:jhead.c
FLAG:186:1445:1633:jhead.c
FLAG:187:1439:1633:jhead.c
FLAG:188:1434:1633:jhead.c
FLAG:189:1424:1633:jhead.c
FLAG:190:1418:1633:jhead.c
FLAG:191:1412:1633:jhead.c
FLAG:192:1633:1636:jhead.c
FLAG:193:1633:1404:jhead.c
FLAG:194:1637:1404:jhead.c
FLAG:195:1406:1639:jhead.c
FLAG:196:1404:1639:jhead.c
FLAG:197:1639:1640:jhead.c
FLAG:198:1641:1643:jhead.c
FLAG:199:1639:1643:jhead.c
FLAG:200:1643:1643:jhead.c
FLAG:201:1643:1644:jhead.c
FLAG:202:1643:1650:jhead.c
FLAG:203:1643:1650:jhead.c
FLAG:204:1650:1651:jhead.c
FLAG:205:1651:1652:jhead.c
FLAG:206:1651:1657:jhead.c
FLAG:207:1650:1657:jhead.c
FLAG:208:1657:1658:jhead.c
FLAG:209:1658:1659:jhead.c
FLAG:210:1658:1665:jhead.c
FLAG:211:1657:1665:jhead.c
FLAG:212:1665:1666:jhead.c
FLAG:213:1666:1667:jhead.c
FLAG:214:1669:1672:jhead.c
FLAG:215:1666:1672:jhead.c
FLAG:216:1665:1672:jhead.c
FLAG:217:1673:1673:jhead.c
FLAG:218:1673:1673:jhead.c
FLAG:219:1673:1674:jhead.c
FLAG:220:1687:1688:jhead.c
FLAG:221:1687:1673:jhead.c
FLAG:222:1689:1673:jhead.c
FLAG:223:1673:1692:jhead.c
FLAG:224:1692:1693:jhead.c
FLAG:225:1692:1695:jhead.c
FLAG:226:1695:1697:jhead.c
FLAG:227:1693:1697:jhead.c
FLAG:228:1378:1381:jhead.c
FLAG:229:1382:1383:jhead.c
FLAG:230:1378:1383:jhead.c
FLAG:231:1388:1389:jhead.c
FLAG:232:1390:1393:jhead.c
FLAG:233:1388:1393:jhead.c
FLAG:234:784:786:jhead.c
FLAG:235:787:790:jhead.c
FLAG:236:784:790:jhead.c
FLAG:237:804:805:jhead.c
FLAG:238:804:808:jhead.c
FLAG:239:808:810:jhead.c
FLAG:240:807:810:jhead.c
FLAG:241:812:813:jhead.c
FLAG:242:813:814:jhead.c
FLAG:243:813:819:jhead.c
FLAG:244:812:819:jhead.c
FLAG:245:822:826:jhead.c
FLAG:246:826:826:jhead.c
FLAG:247:826:839:jhead.c
FLAG:248:839:840:jhead.c
FLAG:249:839:844:jhead.c
FLAG:250:846:847:jhead.c
FLAG:251:847:849:jhead.c
FLAG:252:846:851:jhead.c
FLAG:253:854:857:jhead.c
FLAG:254:854:860:jhead.c
FLAG:255:860:860:jhead.c
FLAG:256:857:860:jhead.c
FLAG:257:860:863:jhead.c
FLAG:258:847:863:jhead.c
FLAG:259:849:863:jhead.c
FLAG:260:822:863:jhead.c
FLAG:261:863:864:jhead.c
FLAG:262:869:869:jhead.c
FLAG:263:869:871:jhead.c
FLAG:264:875:875:jhead.c
FLAG:265:869:875:jhead.c
FLAG:266:863:877:jhead.c
FLAG:267:875:877:jhead.c
FLAG:268:863:877:jhead.c
FLAG:269:877:878:jhead.c
FLAG:270:879:881:jhead.c
FLAG:271:877:881:jhead.c
FLAG:272:881:881:jhead.c
FLAG:273:881:883:jhead.c
FLAG:274:883:884:jhead.c
FLAG:275:883:888:jhead.c
FLAG:276:890:891:jhead.c
FLAG:277:890:893:jhead.c
FLAG:278:893:894:jhead.c
FLAG:279:901:902:jhead.c
FLAG:280:903:905:jhead.c
FLAG:281:901:905:jhead.c
FLAG:282:906:909:jhead.c
FLAG:283:893:909:jhead.c
FLAG:284:892:909:jhead.c
FLAG:285:909:910:jhead.c
FLAG:286:914:915:jhead.c
FLAG:287:916:917:jhead.c
FLAG:288:914:917:jhead.c
FLAG:289:917:919:jhead.c
FLAG:290:909:919:jhead.c
FLAG:291:919:921:jhead.c
FLAG:292:923:925:jhead.c
FLAG:293:919:925:jhead.c
FLAG:294:925:926:jhead.c
FLAG:295:926:928:jhead.c
FLAG:296:926:931:jhead.c
FLAG:297:928:931:jhead.c
FLAG:298:925:931:jhead.c
FLAG:299:931:932:jhead.c
FLAG:300:936:938:jhead.c
FLAG:301:938:939:jhead.c
FLAG:302:936:939:jhead.c
FLAG:303:931:939:jhead.c
FLAG:304:939:941:jhead.c
FLAG:305:941:943:jhead.c
FLAG:306:939:950:jhead.c
FLAG:307:943:950:jhead.c
FLAG:308:941:950:jhead.c
FLAG:309:939:950:jhead.c
FLAG:310:950:953:jhead.c
FLAG:311:958:961:jhead.c
FLAG:312:966:968:jhead.c
FLAG:313:958:968:jhead.c
FLAG:314:969:970:jhead.c
FLAG:315:972:974:jhead.c
FLAG:316:969:974:jhead.c
FLAG:317:974:976:jhead.c
FLAG:318:983:984:jhead.c
FLAG:319:983:988:jhead.c
FLAG:320:990:990:jhead.c
FLAG:321:990:992:jhead.c
FLAG:322:990:992:jhead.c
FLAG:323:985:992:jhead.c
FLAG:324:974:992:jhead.c
FLAG:325:992:993:jhead.c
FLAG:326:992:1006:jhead.c
FLAG:327:995:1017:jhead.c
FLAG:328:1014:1017:jhead.c
FLAG:329:992:1017:jhead.c
FLAG:330:1017:1020:jhead.c
FLAG:331:1028:1029:jhead.c
FLAG:332:1017:1029:jhead.c
FLAG:333:1029:1030:jhead.c
FLAG:334:1031:1032:jhead.c
FLAG:335:1029:1032:jhead.c
FLAG:336:950:1035:jhead.c
FLAG:337:1032:1035:jhead.c
FLAG:338:1035:1037:jhead.c
FLAG:339:1039:1040:jhead.c
FLAG:340:1048:1049:jhead.c
FLAG:341:1048:1052:jhead.c
FLAG:342:1052:1054:jhead.c
FLAG:343:1051:1054:jhead.c
FLAG:344:1039:1055:jhead.c
FLAG:345:1055:1057:jhead.c
FLAG:346:1054:1057:jhead.c
FLAG:347:1057:1059:jhead.c
FLAG:348:1035:1059:jhead.c
FLAG:349:1059:1060:jhead.c
FLAG:350:1060:1061:jhead.c
FLAG:351:1066:1068:jhead.c
FLAG:352:1066:1070:jhead.c
FLAG:353:1070:1071:jhead.c
FLAG:354:1072:1073:jhead.c
FLAG:355:1070:1073:jhead.c
FLAG:356:1073:1074:jhead.c
FLAG:357:1077:1078:jhead.c
FLAG:358:1077:1083:jhead.c
FLAG:359:1073:1083:jhead.c
FLAG:360:1083:1083:jhead.c
FLAG:361:1083:1086:jhead.c
FLAG:362:1087:1087:jhead.c
FLAG:363:1087:1088:jhead.c
FLAG:364:1088:1090:jhead.c
FLAG:365:1069:1090:jhead.c
FLAG:366:1096:1098:jhead.c
FLAG:367:1079:1098:jhead.c
FLAG:368:1104:1101:jhead.c
FLAG:369:1101:1101:jhead.c
FLAG:370:1101:1103:jhead.c
FLAG:371:1101:1106:jhead.c
FLAG:372:1087:1109:jhead.c
FLAG:373:1083:1109:jhead.c
FLAG:374:1109:1109:jhead.c
FLAG:375:1060:1110:jhead.c
FLAG:376:1110:1114:jhead.c
FLAG:377:1109:1114:jhead.c
FLAG:378:1059:1114:jhead.c
FLAG:379:1114:1115:jhead.c
FLAG:380:1115:1115:jhead.c
FLAG:381:1115:1117:jhead.c
FLAG:382:1115:1117:jhead.c
FLAG:383:1114:1117:jhead.c
FLAG:384:1117:1118:jhead.c
FLAG:385:1118:1118:jhead.c
FLAG:386:1118:1120:jhead.c
FLAG:387:1118:1120:jhead.c
FLAG:388:1117:1120:jhead.c
FLAG:389:1120:1121:jhead.c
FLAG:390:1121:1121:jhead.c
FLAG:391:1121:1123:jhead.c
FLAG:392:1121:1123:jhead.c
FLAG:393:1120:1123:jhead.c
FLAG:394:1123:1124:jhead.c
FLAG:395:1124:1124:jhead.c
FLAG:396:1124:1126:jhead.c
FLAG:397:1124:1126:jhead.c
FLAG:398:1123:1126:jhead.c
FLAG:399:1126:1127:jhead.c
FLAG:400:1127:1127:jhead.c
FLAG:401:1127:1131:jhead.c
FLAG:402:1127:1131:jhead.c
FLAG:403:1126:1131:jhead.c
FLAG:404:1131:1132:jhead.c
FLAG:405:1135:1135:jhead.c
FLAG:406:1135:1137:jhead.c
FLAG:407:1135:1137:jhead.c
FLAG:408:1150:1152:jhead.c
FLAG:409:1159:1162:jhead.c
FLAG:410:1150:1162:jhead.c
FLAG:411:1163:1166:jhead.c
FLAG:412:1131:1166:jhead.c
FLAG:413:1166:1168:jhead.c
FLAG:414:1168:1170:jhead.c
FLAG:415:1173:1173:jhead.c
FLAG:416:1173:1174:jhead.c
FLAG:417:1175:1176:jhead.c
FLAG:418:1175:1178:jhead.c
FLAG:419:1181:1182:jhead.c
FLAG:420:1181:1184:jhead.c
FLAG:421:1184:1184:jhead.c
FLAG:422:1184:1186:jhead.c
FLAG:423:1184:1186:jhead.c
FLAG:424:1183:1186:jhead.c
FLAG:425:1176:1186:jhead.c
FLAG:426:1173:1186:jhead.c
FLAG:427:1186:1186:jhead.c
FLAG:428:1168:1187:jhead.c
FLAG:429:1187:1194:jhead.c
FLAG:430:1186:1194:jhead.c
FLAG:431:1166:1194:jhead.c
FLAG:432:1194:1195:jhead.c
FLAG:433:1196:1197:jhead.c
FLAG:434:1194:1197:jhead.c
FLAG:435:1186:1199:jhead.c
FLAG:436:1109:1199:jhead.c
FLAG:437:860:1202:jhead.c
FLAG:438:875:1202:jhead.c
FLAG:439:1202:1202:jhead.c
FLAG:440:1198:1202:jhead.c
FLAG:441:1186:1202:jhead.c
FLAG:442:1109:1202:jhead.c
FLAG:443:885:1202:jhead.c
FLAG:444:881:1202:jhead.c
FLAG:445:841:1202:jhead.c
FLAG:446:826:1202:jhead.c
FLAG:447:815:1202:jhead.c
FLAG:448:430:434:jhead.c
FLAG:449:434:436:jhead.c
FLAG:450:434:440:jhead.c
FLAG:451:430:440:jhead.c
FLAG:452:440:442:jhead.c
FLAG:453:442:443:jhead.c
FLAG:454:442:447:jhead.c
FLAG:455:440:447:jhead.c
FLAG:456:447:448:jhead.c
FLAG:457:448:448:jhead.c
FLAG:458:448:451:jhead.c
FLAG:459:447:451:jhead.c
FLAG:460:451:452:jhead.c
FLAG:461:452:452:jhead.c
FLAG:462:452:455:jhead.c
FLAG:463:451:455:jhead.c
FLAG:464:455:456:jhead.c
FLAG:465:452:456:jhead.c
FLAG:466:448:456:jhead.c
FLAG:467:443:456:jhead.c
FLAG:468:436:456:jhead.c
FLAG:469:697:699:jhead.c
FLAG:470:701:702:jhead.c
FLAG:471:703:704:jhead.c
FLAG:472:705:707:jhead.c
FLAG:473:703:707:jhead.c
FLAG:474:714:715:jhead.c
FLAG:475:715:718:jhead.c
FLAG:476:729:731:jhead.c
FLAG:477:732:734:jhead.c
FLAG:478:729:734:jhead.c
FLAG:479:736:737:jhead.c
FLAG:480:715:737:jhead.c
FLAG:481:714:737:jhead.c
FLAG:482:737:0:jhead.c
FLAG:483:701:0:jhead.c
FLAG:484:697:740:jhead.c
FLAG:485:740:741:jhead.c
FLAG:486:0:741:jhead.c
FLAG:487:360:360:jhead.c
FLAG:488:360:360:jhead.c
FLAG:489:360:360:jhead.c
FLAG:490:360:360:jhead.c
FLAG:491:360:361:jhead.c
FLAG:492:360:361:jhead.c
FLAG:493:373:374:jhead.c
FLAG:494:375:379:jhead.c
FLAG:495:373:379:jhead.c
FLAG:496:379:353:jhead.c
FLAG:497:379:353:jhead.c
FLAG:498:380:381:jhead.c
FLAG:499:381:383:jhead.c
FLAG:500:381:387:jhead.c
FLAG:501:387:389:jhead.c
FLAG:502:387:395:jhead.c
FLAG:503:380:395:jhead.c
FLAG:504:396:379:jhead.c
FLAG:505:392:379:jhead.c
FLAG:506:385:379:jhead.c
FLAG:507:396:399:jhead.c
FLAG:508:399:399:jhead.c
FLAG:509:399:401:jhead.c
FLAG:510:399:401:jhead.c
FLAG:511:404:404:jhead.c
FLAG:512:404:406:jhead.c
FLAG:513:404:406:jhead.c
FLAG:514:406:406:jhead.c
FLAG:515:406:407:jhead.c
FLAG:516:406:407:jhead.c
FLAG:517:408:410:jhead.c
FLAG:518:404:410:jhead.c
FLAG:519:410:412:jhead.c
FLAG:520:413:414:jhead.c
FLAG:521:413:417:jhead.c
FLAG:522:417:419:jhead.c
FLAG:523:416:419:jhead.c
FLAG:524:419:420:jhead.c
FLAG:525:410:420:jhead.c
FLAG:526:469:470:jhead.c
FLAG:527:469:475:jhead.c
FLAG:528:475:477:jhead.c
FLAG:529:474:477:jhead.c
FLAG:530:749:749:jhead.c
FLAG:531:749:751:jhead.c
FLAG:532:749:751:jhead.c
FLAG:533:749:754:jhead.c
FLAG:534:757:759:jhead.c
FLAG:535:757:761:jhead.c
FLAG:536:762:764:jhead.c
FLAG:537:759:764:jhead.c
FLAG:538:751:764:jhead.c
FLAG:539:144:145:jhead.c
FLAG:540:147:148:jhead.c
FLAG:541:144:148:jhead.c
FLAG:542:164:164:jhead.c
FLAG:543:164:166:jhead.c
FLAG:544:164:166:jhead.c
FLAG:545:170:171:jhead.c
FLAG:546:170:175:jhead.c
FLAG:547:176:177:jhead.c
FLAG:548:178:181:jhead.c
FLAG:549:176:181:jhead.c
FLAG:550:553:553:jhead.c
FLAG:551:553:553:jhead.c
FLAG:552:553:554:jhead.c
FLAG:553:554:558:jhead.c
FLAG:554:559:561:jhead.c
FLAG:555:554:561:jhead.c
FLAG:556:561:561:jhead.c
FLAG:557:561:563:jhead.c
FLAG:558:561:563:jhead.c
FLAG:559:563:563:jhead.c
FLAG:560:563:564:jhead.c
FLAG:561:563:564:jhead.c
FLAG:562:564:564:jhead.c
FLAG:563:564:553:jhead.c
FLAG:564:564:553:jhead.c
FLAG:565:553:567:jhead.c
FLAG:566:567:568:jhead.c
FLAG:567:571:574:jhead.c
FLAG:568:567:574:jhead.c
FLAG:569:576:581:jhead.c
FLAG:570:586:587:jhead.c
FLAG:571:586:592:jhead.c
FLAG:572:596:594:jhead.c
FLAG:573:594:594:jhead.c
FLAG:574:594:594:jhead.c
FLAG:575:594:595:jhead.c
FLAG:576:594:603:jhead.c
FLAG:577:594:603:jhead.c
FLAG:578:603:603:jhead.c
FLAG:579:603:603:jhead.c
FLAG:580:603:604:jhead.c
FLAG:581:604:606:jhead.c
FLAG:582:604:606:jhead.c
FLAG:583:606:607:jhead.c
FLAG:584:607:607:jhead.c
FLAG:585:607:609:jhead.c
FLAG:586:617:617:jhead.c
FLAG:587:617:618:jhead.c
FLAG:588:617:618:jhead.c
FLAG:589:606:622:jhead.c
FLAG:590:622:624:jhead.c
FLAG:591:606:603:jhead.c
FLAG:592:622:603:jhead.c
FLAG:593:624:603:jhead.c
FLAG:594:607:603:jhead.c
FLAG:595:607:603:jhead.c
FLAG:596:621:627:jhead.c
FLAG:597:603:627:jhead.c
FLAG:598:628:628:jhead.c
FLAG:599:588:628:jhead.c
FLAG:600:576:630:jhead.c
FLAG:601:628:634:jhead.c
FLAG:602:631:634:jhead.c
FLAG:603:638:639:jhead.c
FLAG:604:638:639:jhead.c
FLAG:605:643:649:jhead.c
FLAG:606:649:650:jhead.c
FLAG:607:649:652:jhead.c
FLAG:608:652:654:jhead.c
FLAG:609:651:654:jhead.c
FLAG:610:643:656:jhead.c
FLAG:611:656:659:jhead.c
FLAG:612:655:659:jhead.c
FLAG:613:661:661:jhead.c
FLAG:614:661:663:jhead.c
FLAG:615:663:664:jhead.c
FLAG:616:663:668:jhead.c
FLAG:617:668:670:jhead.c
FLAG:618:670:671:jhead.c
FLAG:619:670:679:jhead.c
FLAG:620:679:681:jhead.c
FLAG:621:678:681:jhead.c
FLAG:622:668:685:jhead.c
FLAG:623:685:685:jhead.c
FLAG:624:685:686:jhead.c
FLAG:625:685:686:jhead.c
FLAG:626:685:689:jhead.c
FLAG:627:689:689:jhead.c
FLAG:628:687:689:jhead.c
FLAG:629:681:689:jhead.c
FLAG:630:664:689:jhead.c
FLAG:631:661:689:jhead.c
FLAG:632:689:638:jhead.c
FLAG:633:689:690:jhead.c
FLAG:634:628:690:jhead.c
FLAG:635:690:690:jhead.c
FLAG:636:319:319:jhead.c
FLAG:637:319:319:jhead.c
FLAG:638:319:327:jhead.c
FLAG:639:327:332:jhead.c
FLAG:640:327:332:jhead.c
FLAG:641:327:332:jhead.c
FLAG:642:327:332:jhead.c
FLAG:643:327:335:jhead.c
FLAG:644:332:335:jhead.c
FLAG:645:338:338:jhead.c
FLAG:646:338:319:jhead.c
FLAG:647:338:319:jhead.c
FLAG:648:319:340:jhead.c
FLAG:649:126:126:jpgfile.c
FLAG:650:126:127:jpgfile.c
FLAG:651:126:127:jpgfile.c
FLAG:652:126:130:jpgfile.c
FLAG:653:122:122:jpgfile.c
FLAG:654:133:122:jpgfile.c
FLAG:655:143:144:jpgfile.c
FLAG:656:143:144:jpgfile.c
FLAG:657:145:146:jpgfile.c
FLAG:658:146:147:jpgfile.c
FLAG:659:148:143:jpgfile.c
FLAG:660:146:143:jpgfile.c
FLAG:661:145:152:jpgfile.c
FLAG:662:152:153:jpgfile.c
FLAG:663:154:156:jpgfile.c
FLAG:664:152:156:jpgfile.c
FLAG:665:161:162:jpgfile.c
FLAG:666:161:165:jpgfile.c
FLAG:667:163:165:jpgfile.c
FLAG:668:167:168:jpgfile.c
FLAG:669:169:171:jpgfile.c
FLAG:670:167:171:jpgfile.c
FLAG:671:174:175:jpgfile.c
FLAG:672:176:177:jpgfile.c
FLAG:673:174:177:jpgfile.c
FLAG:674:184:185:jpgfile.c
FLAG:675:186:187:jpgfile.c
FLAG:676:184:187:jpgfile.c
FLAG:677:189:193:jpgfile.c
FLAG:678:193:196:jpgfile.c
FLAG:679:203:204:jpgfile.c
FLAG:680:205:207:jpgfile.c
FLAG:681:203:207:jpgfile.c
FLAG:682:208:209:jpgfile.c
FLAG:683:210:212:jpgfile.c
FLAG:684:208:212:jpgfile.c
FLAG:685:218:219:jpgfile.c
FLAG:686:193:219:jpgfile.c
FLAG:687:189:223:jpgfile.c
FLAG:688:189:228:jpgfile.c
FLAG:689:189:233:jpgfile.c
FLAG:690:189:237:jpgfile.c
FLAG:691:237:237:jpgfile.c
FLAG:692:237:239:jpgfile.c
FLAG:693:237:239:jpgfile.c
FLAG:694:237:241:jpgfile.c
FLAG:695:189:251:jpgfile.c
FLAG:696:251:252:jpgfile.c
FLAG:697:253:254:jpgfile.c
FLAG:698:251:254:jpgfile.c
FLAG:699:254:255:jpgfile.c
FLAG:700:254:259:jpgfile.c
FLAG:701:263:264:jpgfile.c
FLAG:702:265:266:jpgfile.c
FLAG:703:265:267:jpgfile.c
FLAG:704:265:268:jpgfile.c
FLAG:705:265:269:jpgfile.c
FLAG:706:269:271:jpgfile.c
FLAG:707:268:271:jpgfile.c
FLAG:708:267:271:jpgfile.c
FLAG:709:266:271:jpgfile.c
FLAG:710:273:273:jpgfile.c
FLAG:711:273:274:jpgfile.c
FLAG:712:273:274:jpgfile.c
FLAG:713:263:278:jpgfile.c
FLAG:714:275:278:jpgfile.c
FLAG:715:273:278:jpgfile.c
FLAG:716:256:278:jpgfile.c
FLAG:717:189:285:jpgfile.c
FLAG:718:285:286:jpgfile.c
FLAG:719:286:287:jpgfile.c
FLAG:720:286:289:jpgfile.c
FLAG:721:289:290:jpgfile.c
FLAG:722:291:292:jpgfile.c
FLAG:723:293:294:jpgfile.c
FLAG:724:289:301:jpgfile.c
FLAG:725:285:301:jpgfile.c
FLAG:726:189:305:jpgfile.c
FLAG:727:305:306:jpgfile.c
FLAG:728:306:307:jpgfile.c
FLAG:729:305:312:jpgfile.c
FLAG:730:189:329:jpgfile.c
FLAG:731:189:329:jpgfile.c
FLAG:732:189:329:jpgfile.c
FLAG:733:189:329:jpgfile.c
FLAG:734:189:329:jpgfile.c
FLAG:735:189:329:jpgfile.c
FLAG:736:189:329:jpgfile.c
FLAG:737:189:329:jpgfile.c
FLAG:738:189:329:jpgfile.c
FLAG:739:189:329:jpgfile.c
FLAG:740:189:329:jpgfile.c
FLAG:741:189:329:jpgfile.c
FLAG:742:189:329:jpgfile.c
FLAG:743:189:333:jpgfile.c
FLAG:744:333:334:jpgfile.c
FLAG:745:333:338:jpgfile.c
FLAG:746:335:338:jpgfile.c
FLAG:747:312:338:jpgfile.c
FLAG:748:308:338:jpgfile.c
FLAG:749:306:338:jpgfile.c
FLAG:750:291:338:jpgfile.c
FLAG:751:295:338:jpgfile.c
FLAG:752:293:338:jpgfile.c
FLAG:753:240:338:jpgfile.c
FLAG:754:241:338:jpgfile.c
FLAG:755:330:338:jpgfile.c
FLAG:756:302:338:jpgfile.c
FLAG:757:288:338:jpgfile.c
FLAG:758:281:338:jpgfile.c
FLAG:759:229:338:jpgfile.c
FLAG:760:224:338:jpgfile.c
FLAG:761:338:122:jpgfile.c
FLAG:762:234:122:jpgfile.c
FLAG:763:219:122:jpgfile.c
FLAG:764:122:340:jpgfile.c
FLAG:765:127:340:jpgfile.c
FLAG:766:103:104:jpgfile.c
FLAG:767:105:106:jpgfile.c
FLAG:768:103:106:jpgfile.c
FLAG:769:106:107:jpgfile.c
FLAG:770:109:110:jpgfile.c
FLAG:771:109:113:jpgfile.c
FLAG:772:111:113:jpgfile.c
FLAG:773:106:113:jpgfile.c
FLAG:774:46:46:jpgfile.c
FLAG:775:46:48:jpgfile.c
FLAG:776:46:48:jpgfile.c
FLAG:777:48:44:jpgfile.c
FLAG:778:48:44:jpgfile.c
FLAG:779:48:49:jpgfile.c
FLAG:780:51:51:jpgfile.c
FLAG:781:51:53:jpgfile.c
FLAG:782:51:53:jpgfile.c
FLAG:783:53:54:jpgfile.c
FLAG:784:53:56:jpgfile.c
FLAG:785:55:48:jpgfile.c
FLAG:786:56:48:jpgfile.c
FLAG:787:51:48:jpgfile.c
FLAG:788:48:60:jpgfile.c
FLAG:789:62:63:jpgfile.c
FLAG:790:64:66:jpgfile.c
FLAG:791:62:66:jpgfile.c
FLAG:792:83:84:jpgfile.c
FLAG:793:83:86:jpgfile.c
FLAG:794:86:89:jpgfile.c
FLAG:795:85:89:jpgfile.c
FLAG:796:91:93:jpgfile.c
FLAG:797:94:95:jpgfile.c
FLAG:798:91:95:jpgfile.c
FLAG:799:350:349:jpgfile.c
FLAG:800:349:349:jpgfile.c
FLAG:801:349:350:jpgfile.c
FLAG:802:349:353:jpgfile.c
FLAG:803:368:369:jpgfile.c
FLAG:804:368:375:jpgfile.c
FLAG:805:376:377:jpgfile.c
FLAG:806:377:381:jpgfile.c
FLAG:807:377:382:jpgfile.c
FLAG:808:381:386:jpgfile.c
FLAG:809:382:386:jpgfile.c
FLAG:810:376:386:jpgfile.c
FLAG:811:388:389:jpgfile.c
FLAG:812:390:391:jpgfile.c
FLAG:813:388:391:jpgfile.c
FLAG:814:391:392:jpgfile.c
FLAG:815:370:392:jpgfile.c
FLAG:816:402:403:jpgfile.c
FLAG:817:402:407:jpgfile.c
FLAG:818:407:410:jpgfile.c
FLAG:819:407:412:jpgfile.c
FLAG:820:412:415:jpgfile.c
FLAG:821:411:415:jpgfile.c
FLAG:822:415:418:jpgfile.c
FLAG:823:415:425:jpgfile.c
FLAG:824:426:428:jpgfile.c
FLAG:825:422:428:jpgfile.c
FLAG:826:404:428:jpgfile.c
FLAG:827:637:637:jpgfile.c
FLAG:828:637:637:jpgfile.c
FLAG:829:637:638:jpgfile.c
FLAG:830:638:639:jpgfile.c
FLAG:831:638:637:jpgfile.c
FLAG:832:637:643:jpgfile.c
FLAG:833:643:644:jpgfile.c
FLAG:834:639:644:jpgfile.c
FLAG:835:440:440:jpgfile.c
FLAG:836:440:441:jpgfile.c
FLAG:837:440:441:jpgfile.c
FLAG:838:441:444:jpgfile.c
FLAG:839:441:449:jpgfile.c
FLAG:840:440:453:jpgfile.c
FLAG:841:453:454:jpgfile.c
FLAG:842:456:457:jpgfile.c
FLAG:843:456:462:jpgfile.c
FLAG:844:467:468:jpgfile.c
FLAG:845:453:471:jpgfile.c
FLAG:846:471:472:jpgfile.c
FLAG:847:471:0:jpgfile.c
FLAG:848:467:479:jpgfile.c
FLAG:849:469:479:jpgfile.c
FLAG:850:0:479:jpgfile.c
FLAG:851:486:487:jpgfile.c
FLAG:852:489:491:jpgfile.c
FLAG:853:486:491:jpgfile.c
FLAG:854:499:500:jpgfile.c
FLAG:855:472:500:jpgfile.c
FLAG:856:458:500:jpgfile.c
FLAG:857:450:500:jpgfile.c
FLAG:858:444:500:jpgfile.c
FLAG:859:519:515:jpgfile.c
FLAG:860:519:515:jpgfile.c
FLAG:861:519:520:jpgfile.c
FLAG:862:520:520:jpgfile.c
FLAG:863:520:521:jpgfile.c
FLAG:864:520:522:jpgfile.c
FLAG:865:520:522:jpgfile.c
FLAG:866:522:522:jpgfile.c
FLAG:867:522:523:jpgfile.c
FLAG:868:522:524:jpgfile.c
FLAG:869:522:524:jpgfile.c
FLAG:870:524:524:jpgfile.c
FLAG:871:524:525:jpgfile.c
FLAG:872:524:526:jpgfile.c
FLAG:873:524:526:jpgfile.c
FLAG:874:526:526:jpgfile.c
FLAG:875:526:527:jpgfile.c
FLAG:876:526:529:jpgfile.c
FLAG:877:526:529:jpgfile.c
FLAG:878:522:519:jpgfile.c
FLAG:879:526:519:jpgfile.c
FLAG:880:529:519:jpgfile.c
FLAG:881:528:519:jpgfile.c
FLAG:882:524:519:jpgfile.c
FLAG:883:519:532:jpgfile.c
FLAG:884:533:534:jpgfile.c
FLAG:885:536:537:jpgfile.c
FLAG:886:533:537:jpgfile.c
FLAG:887:537:538:jpgfile.c
FLAG:888:540:541:jpgfile.c
FLAG:889:537:541:jpgfile.c
FLAG:890:541:542:jpgfile.c
FLAG:891:544:546:jpgfile.c
FLAG:892:541:546:jpgfile.c
FLAG:893:546:547:jpgfile.c
FLAG:894:549:550:jpgfile.c
FLAG:895:546:550:jpgfile.c
FLAG:896:560:561:jpgfile.c
FLAG:897:562:564:jpgfile.c
FLAG:898:560:564:jpgfile.c
FLAG:899:565:566:jpgfile.c
FLAG:900:567:570:jpgfile.c
FLAG:901:565:570:jpgfile.c
FLAG:902:573:573:jpgfile.c
FLAG:903:573:581:jpgfile.c
FLAG:904:581:586:jpgfile.c
FLAG:905:581:592:jpgfile.c
FLAG:906:590:592:jpgfile.c
FLAG:907:602:604:jpgfile.c
FLAG:908:605:606:jpgfile.c
FLAG:909:602:606:jpgfile.c
FLAG:910:606:606:jpgfile.c
FLAG:911:606:607:jpgfile.c
FLAG:912:606:617:jpgfile.c
FLAG:913:606:617:jpgfile.c
FLAG:914:612:617:jpgfile.c
FLAG:915:573:617:jpgfile.c
FLAG:916:573:617:jpgfile.c
FLAG:917:620:617:jpgfile.c
FLAG:918:617:617:jpgfile.c
FLAG:919:617:618:jpgfile.c
FLAG:920:617:624:jpgfile.c
FLAG:921:652:652:jpgfile.c
FLAG:922:652:652:jpgfile.c
FLAG:923:652:653:jpgfile.c
FLAG:924:653:655:jpgfile.c
FLAG:925:653:652:jpgfile.c
FLAG:926:652:662:jpgfile.c
FLAG:927:662:663:jpgfile.c
FLAG:928:659:663:jpgfile.c
FLAG:929:672:672:jpgfile.c
FLAG:930:672:672:jpgfile.c
FLAG:931:672:673:jpgfile.c
FLAG:932:673:699:jpgfile.c
FLAG:933:673:699:jpgfile.c
FLAG:934:673:699:jpgfile.c
FLAG:935:673:699:jpgfile.c
FLAG:936:673:699:jpgfile.c
FLAG:937:673:699:jpgfile.c
FLAG:938:673:699:jpgfile.c
FLAG:939:673:699:jpgfile.c
FLAG:940:673:699:jpgfile.c
FLAG:941:673:699:jpgfile.c
FLAG:942:673:699:jpgfile.c
FLAG:943:673:699:jpgfile.c
FLAG:944:673:699:jpgfile.c
FLAG:945:673:699:jpgfile.c
FLAG:946:673:699:jpgfile.c
FLAG:947:673:699:jpgfile.c
FLAG:948:673:699:jpgfile.c
FLAG:949:673:699:jpgfile.c
FLAG:950:673:699:jpgfile.c
FLAG:951:673:699:jpgfile.c
FLAG:952:673:699:jpgfile.c
FLAG:953:673:699:jpgfile.c
FLAG:954:673:699:jpgfile.c
FLAG:955:673:699:jpgfile.c
FLAG:956:673:703:jpgfile.c
FLAG:957:708:672:jpgfile.c
FLAG:958:700:672:jpgfile.c
FLAG:959:672:710:jpgfile.c
FLAG:960:724:727:jpgfile.c
FLAG:961:727:727:jpgfile.c
FLAG:962:727:728:jpgfile.c
FLAG:963:728:729:jpgfile.c
FLAG:964:729:727:jpgfile.c
FLAG:965:728:727:jpgfile.c
FLAG:966:727:723:jpgfile.c
FLAG:967:729:723:jpgfile.c
FLAG:968:724:723:jpgfile.c
FLAG:969:734:735:jpgfile.c
FLAG:970:736:738:jpgfile.c
FLAG:971:734:738:jpgfile.c
FLAG:972:740:739:jpgfile.c
FLAG:973:739:739:jpgfile.c
FLAG:974:739:740:jpgfile.c
FLAG:975:739:742:jpgfile.c
FLAG:976:759:760:jpgfile.c
FLAG:977:762:764:jpgfile.c
FLAG:978:759:764:jpgfile.c
FLAG:981:92:89:jpgqguess.c
FLAG:982:92:89:jpgqguess.c
FLAG:983:92:94:jpgqguess.c
FLAG:984:96:97:jpgqguess.c
FLAG:985:98:99:jpgqguess.c
FLAG:986:96:99:jpgqguess.c
FLAG:987:99:100:jpgqguess.c
FLAG:988:101:104:jpgqguess.c
FLAG:989:99:104:jpgqguess.c
FLAG:990:104:104:jpgqguess.c
FLAG:991:104:104:jpgqguess.c
FLAG:992:104:106:jpgqguess.c
FLAG:993:106:108:jpgqguess.c
FLAG:994:106:112:jpgqguess.c
FLAG:995:112:114:jpgqguess.c
FLAG:996:111:114:jpgqguess.c
FLAG:997:115:118:jpgqguess.c
FLAG:998:122:122:jpgqguess.c
FLAG:999:122:123:jpgqguess.c
FLAG:1000:122:123:jpgqguess.c
FLAG:1001:123:104:jpgqguess.c
FLAG:1002:115:104:jpgqguess.c
FLAG:1003:104:126:jpgqguess.c
FLAG:1004:126:127:jpgqguess.c
FLAG:1005:132:127:jpgqguess.c
FLAG:1006:127:127:jpgqguess.c
FLAG:1007:127:128:jpgqguess.c
FLAG:1008:130:129:jpgqguess.c
FLAG:1009:129:129:jpgqguess.c
FLAG:1010:129:130:jpgqguess.c
FLAG:1011:129:132:jpgqguess.c
FLAG:1012:127:136:jpgqguess.c
FLAG:1013:126:136:jpgqguess.c
FLAG:1014:136:138:jpgqguess.c
FLAG:1015:141:143:jpgqguess.c
FLAG:1016:141:143:jpgqguess.c
FLAG:1017:143:144:jpgqguess.c
FLAG:1018:143:146:jpgqguess.c
FLAG:1019:145:148:jpgqguess.c
FLAG:1020:146:148:jpgqguess.c
FLAG:1021:143:148:jpgqguess.c
FLAG:1022:148:148:jpgqguess.c
FLAG:1023:148:150:jpgqguess.c
FLAG:1024:148:150:jpgqguess.c
FLAG:1025:150:151:jpgqguess.c
FLAG:1026:150:154:jpgqguess.c
FLAG:1027:154:155:jpgqguess.c
FLAG:1028:154:158:jpgqguess.c
FLAG:1029:156:158:jpgqguess.c
FLAG:1030:153:158:jpgqguess.c
FLAG:1031:158:92:jpgqguess.c
FLAG:1032:136:92:jpgqguess.c
FLAG:1033:92:160:jpgqguess.c
FLAG:1034:176:177:jpgqguess.c
FLAG:1035:178:181:jpgqguess.c
FLAG:1036:176:181:jpgqguess.c
FLAG:1037:190:181:jpgqguess.c
FLAG:1038:181:181:jpgqguess.c
FLAG:1039:181:183:jpgqguess.c
FLAG:1040:184:185:jpgqguess.c
FLAG:1041:186:187:jpgqguess.c
FLAG:1042:184:187:jpgqguess.c
FLAG:1043:188:187:jpgqguess.c
FLAG:1044:187:187:jpgqguess.c
FLAG:1045:187:188:jpgqguess.c
FLAG:1046:187:190:jpgqguess.c
FLAG:1047:190:183:jpgqguess.c
FLAG:1048:190:183:jpgqguess.c
FLAG:1049:190:191:jpgqguess.c
FLAG:1050:191:192:jpgqguess.c
FLAG:1051:193:194:jpgqguess.c
FLAG:1052:191:194:jpgqguess.c
FLAG:1053:194:194:jpgqguess.c
FLAG:1054:194:194:jpgqguess.c
FLAG:1055:194:195:jpgqguess.c
FLAG:1056:196:197:jpgqguess.c
FLAG:1057:198:194:jpgqguess.c
FLAG:1058:196:194:jpgqguess.c
FLAG:1059:194:200:jpgqguess.c
FLAG:1060:200:201:jpgqguess.c
FLAG:1061:200:190:jpgqguess.c
FLAG:1062:202:190:jpgqguess.c
FLAG:1063:181:205:jpgqguess.c
FLAG:1066:35:28:paths.c
FLAG:1067:35:28:paths.c
FLAG:1068:37:38:paths.c
FLAG:1069:37:41:paths.c
FLAG:1070:41:42:paths.c
FLAG:1071:44:45:paths.c
FLAG:1072:45:48:paths.c
FLAG:1073:48:50:paths.c
FLAG:1074:48:52:paths.c
FLAG:1075:45:55:paths.c
FLAG:1076:44:59:paths.c
FLAG:1077:59:59:paths.c
FLAG:1078:59:60:paths.c
FLAG:1079:59:60:paths.c
FLAG:1080:60:60:paths.c
FLAG:1081:56:60:paths.c
FLAG:1082:52:60:paths.c
FLAG:1083:50:60:paths.c
FLAG:1084:60:28:paths.c
FLAG:1085:41:28:paths.c
FLAG:1086:60:28:paths.c
FLAG:1087:39:28:paths.c
FLAG:1088:66:66:paths.c
FLAG:1089:66:66:paths.c
FLAG:1090:66:67:paths.c
FLAG:1091:67:68:paths.c
FLAG:1092:68:69:paths.c
FLAG:1093:74:75:paths.c
FLAG:1094:67:66:paths.c
FLAG:1095:74:66:paths.c
FLAG:1096:68:81:paths.c
FLAG:1097:66:81:paths.c
FLAG:1098:81:82:paths.c
FLAG:1099:77:82:paths.c
FLAG:1100:60:82:paths.c
FLAG:1101:98:98:paths.c
FLAG:1102:98:100:paths.c
FLAG:1103:98:100:paths.c
FLAG:1104:98:104:paths.c
FLAG:1105:104:105:paths.c
FLAG:1106:107:109:paths.c
FLAG:1107:104:109:paths.c
FLAG:1108:113:113:paths.c
FLAG:1109:101:113:paths.c
FLAG:1118:320:321:exif.c
FLAG:1119:320:323:exif.c
FLAG:1120:323:325:exif.c
FLAG:1121:321:325:exif.c
FLAG:1122:332:333:exif.c
FLAG:1123:332:336:exif.c
FLAG:1124:337:339:exif.c
FLAG:1125:334:339:exif.c
FLAG:1126:346:347:exif.c
FLAG:1127:346:352:exif.c
FLAG:1128:355:357:exif.c
FLAG:1129:351:357:exif.c
FLAG:1130:401:374:exif.c
FLAG:1131:374:374:exif.c
FLAG:1132:374:375:exif.c
FLAG:1133:375:377:exif.c
FLAG:1134:375:377:exif.c
FLAG:1135:375:378:exif.c
FLAG:1136:375:380:exif.c
FLAG:1137:375:380:exif.c
FLAG:1138:375:381:exif.c
FLAG:1139:375:383:exif.c
FLAG:1140:375:388:exif.c
FLAG:1141:375:392:exif.c
FLAG:1142:375:393:exif.c
FLAG:1143:375:395:exif.c
FLAG:1144:393:398:exif.c
FLAG:1145:392:398:exif.c
FLAG:1146:390:398:exif.c
FLAG:1147:385:398:exif.c
FLAG:1148:381:398:exif.c
FLAG:1149:380:398:exif.c
FLAG:1150:378:398:exif.c
FLAG:1151:377:398:exif.c
FLAG:1152:399:400:exif.c
FLAG:1153:399:404:exif.c
FLAG:1154:374:404:exif.c
FLAG:1155:404:404:exif.c
FLAG:1156:404:405:exif.c
FLAG:1157:404:405:exif.c
FLAG:1158:405:405:exif.c
FLAG:1159:396:405:exif.c
FLAG:1160:416:417:exif.c
FLAG:1161:416:418:exif.c
FLAG:1162:416:420:exif.c
FLAG:1163:416:421:exif.c
FLAG:1164:416:427:exif.c
FLAG:1165:416:427:exif.c
FLAG:1166:429:431:exif.c
FLAG:1167:429:432:exif.c
FLAG:1168:432:433:exif.c
FLAG:1169:432:435:exif.c
FLAG:1170:434:0:exif.c
FLAG:1171:435:0:exif.c
FLAG:1172:431:0:exif.c
FLAG:1173:416:441:exif.c
FLAG:1174:416:442:exif.c
FLAG:1175:416:445:exif.c
FLAG:1176:416:446:exif.c
FLAG:1177:416:449:exif.c
FLAG:1178:450:451:exif.c
FLAG:1179:446:451:exif.c
FLAG:1180:445:451:exif.c
FLAG:1181:442:451:exif.c
FLAG:1182:441:451:exif.c
FLAG:1183:0:451:exif.c
FLAG:1184:421:451:exif.c
FLAG:1185:420:451:exif.c
FLAG:1186:418:451:exif.c
FLAG:1187:417:451:exif.c
FLAG:1188:990:991:exif.c
FLAG:1189:992:996:exif.c
FLAG:1190:990:996:exif.c
FLAG:1191:996:997:exif.c
FLAG:1192:996:1002:exif.c
FLAG:1193:1002:1003:exif.c
FLAG:1194:1003:1003:exif.c
FLAG:1195:1003:1004:exif.c
FLAG:1196:1003:1004:exif.c
FLAG:1197:1002:1006:exif.c
FLAG:1198:1006:1007:exif.c
FLAG:1199:1007:1007:exif.c
FLAG:1200:1007:1008:exif.c
FLAG:1201:1007:1008:exif.c
FLAG:1202:1006:1010:exif.c
FLAG:1203:1008:1016:exif.c
FLAG:1204:1005:1016:exif.c
FLAG:1205:1016:1017:exif.c
FLAG:1206:1016:1021:exif.c
FLAG:1207:1022:1023:exif.c
FLAG:1208:1023:1023:exif.c
FLAG:1209:1023:1024:exif.c
FLAG:1210:1023:1024:exif.c
FLAG:1211:1023:1028:exif.c
FLAG:1212:1022:1031:exif.c
FLAG:1213:1029:1031:exif.c
FLAG:1214:1039:1041:exif.c
FLAG:1215:1045:1042:exif.c
FLAG:1216:1042:1042:exif.c
FLAG:1217:1042:1043:exif.c
FLAG:1218:1044:1044:exif.c
FLAG:1219:1044:1044:exif.c
FLAG:1220:1044:1044:exif.c
FLAG:1221:1044:1045:exif.c
FLAG:1222:1042:1047:exif.c
FLAG:1223:1047:1051:exif.c
FLAG:1224:1039:1051:exif.c
FLAG:1225:1051:1056:exif.c
FLAG:1226:1058:1061:exif.c
FLAG:1227:1058:1064:exif.c
FLAG:1228:1062:1064:exif.c
FLAG:1229:1051:1064:exif.c
FLAG:1230:1064:1064:exif.c
FLAG:1231:1025:1064:exif.c
FLAG:1232:1018:1064:exif.c
FLAG:1233:1011:1064:exif.c
FLAG:1234:998:1064:exif.c
FLAG:1235:467:468:exif.c
FLAG:1236:467:472:exif.c
FLAG:1237:482:483:exif.c
FLAG:1238:483:483:exif.c
FLAG:1239:483:487:exif.c
FLAG:1240:483:491:exif.c
FLAG:1241:483:491:exif.c
FLAG:1242:482:491:exif.c
FLAG:1243:491:492:exif.c
FLAG:1244:493:496:exif.c
FLAG:1245:491:496:exif.c
FLAG:1246:496:0:exif.c
FLAG:1247:488:0:exif.c
FLAG:1248:0:498:exif.c
FLAG:1249:498:499:exif.c
FLAG:1250:500:502:exif.c
FLAG:1251:498:502:exif.c
FLAG:1252:502:464:exif.c
FLAG:1253:502:464:exif.c
FLAG:1254:502:507:exif.c
FLAG:1255:513:515:exif.c
FLAG:1256:513:519:exif.c
FLAG:1257:519:520:exif.c
FLAG:1258:519:524:exif.c
FLAG:1259:526:528:exif.c
FLAG:1260:530:532:exif.c
FLAG:1261:530:535:exif.c
FLAG:1262:537:538:exif.c
FLAG:1263:539:541:exif.c
FLAG:1264:537:541:exif.c
FLAG:1265:541:542:exif.c
FLAG:1266:543:544:exif.c
FLAG:1267:541:544:exif.c
FLAG:1268:544:0:exif.c
FLAG:1269:533:0:exif.c
FLAG:1270:526:546:exif.c
FLAG:1271:0:549:exif.c
FLAG:1272:546:549:exif.c
FLAG:1273:549:550:exif.c
FLAG:1274:550:551:exif.c
FLAG:1275:552:553:exif.c
FLAG:1276:550:553:exif.c
FLAG:1277:549:557:exif.c
FLAG:1278:557:559:exif.c
FLAG:1279:559:560:exif.c
FLAG:1280:559:560:exif.c
FLAG:1281:560:561:exif.c
FLAG:1282:560:564:exif.c
FLAG:1283:564:565:exif.c
FLAG:1284:564:559:exif.c
FLAG:1285:566:571:exif.c
FLAG:1286:562:571:exif.c
FLAG:1287:571:573:exif.c
FLAG:1288:573:574:exif.c
FLAG:1289:573:576:exif.c
FLAG:1290:571:588:exif.c
FLAG:1291:571:588:exif.c
FLAG:1292:589:589:exif.c
FLAG:1293:589:589:exif.c
FLAG:1294:589:590:exif.c
FLAG:1295:590:591:exif.c
FLAG:1296:590:596:exif.c
FLAG:1297:596:596:exif.c
FLAG:1298:596:597:exif.c
FLAG:1299:593:589:exif.c
FLAG:1300:599:589:exif.c
FLAG:1301:596:589:exif.c
FLAG:1302:596:589:exif.c
FLAG:1303:589:602:exif.c
FLAG:1304:571:608:exif.c
FLAG:1305:604:614:exif.c
FLAG:1306:610:614:exif.c
FLAG:1307:577:614:exif.c
FLAG:1308:575:614:exif.c
FLAG:1309:557:614:exif.c
FLAG:1310:614:617:exif.c
FLAG:1311:614:621:exif.c
FLAG:1312:614:626:exif.c
FLAG:1313:614:631:exif.c
FLAG:1314:614:631:exif.c
FLAG:1315:626:631:exif.c
FLAG:1316:631:634:exif.c
FLAG:1317:635:637:exif.c
FLAG:1318:631:637:exif.c
FLAG:1319:637:638:exif.c
FLAG:1320:637:642:exif.c
FLAG:1321:614:646:exif.c
FLAG:1322:646:648:exif.c
FLAG:1323:648:648:exif.c
FLAG:1324:646:652:exif.c
FLAG:1325:652:653:exif.c
FLAG:1326:653:653:exif.c
FLAG:1327:653:654:exif.c
FLAG:1328:653:654:exif.c
FLAG:1329:614:660:exif.c
FLAG:1330:660:662:exif.c
FLAG:1331:662:662:exif.c
FLAG:1332:660:667:exif.c
FLAG:1333:674:668:exif.c
FLAG:1334:667:668:exif.c
FLAG:1335:669:670:exif.c
FLAG:1336:674:679:exif.c
FLAG:1337:669:679:exif.c
FLAG:1338:680:680:exif.c
FLAG:1339:680:681:exif.c
FLAG:1340:680:681:exif.c
FLAG:1341:681:681:exif.c
FLAG:1342:681:682:exif.c
FLAG:1343:681:682:exif.c
FLAG:1344:682:682:exif.c
FLAG:1345:682:683:exif.c
FLAG:1346:683:683:exif.c
FLAG:1347:683:683:exif.c
FLAG:1348:683:684:exif.c
FLAG:1349:685:686:exif.c
FLAG:1350:685:689:exif.c
FLAG:1351:689:0:exif.c
FLAG:1352:687:0:exif.c
FLAG:1353:0:683:exif.c
FLAG:1354:682:691:exif.c
FLAG:1355:682:691:exif.c
FLAG:1356:683:694:exif.c
FLAG:1357:0:694:exif.c
FLAG:1358:691:694:exif.c
FLAG:1359:614:699:exif.c
FLAG:1360:614:706:exif.c
FLAG:1361:614:706:exif.c
FLAG:1362:706:708:exif.c
FLAG:1363:614:715:exif.c
FLAG:1364:614:721:exif.c
FLAG:1365:614:727:exif.c
FLAG:1366:614:733:exif.c
FLAG:1367:733:735:exif.c
FLAG:1368:614:741:exif.c
FLAG:1369:614:745:exif.c
FLAG:1370:745:748:exif.c
FLAG:1371:745:751:exif.c
FLAG:1372:753:754:exif.c
FLAG:1373:755:756:exif.c
FLAG:1374:753:756:exif.c
FLAG:1375:756:757:exif.c
FLAG:1376:756:760:exif.c
FLAG:1377:759:760:exif.c
FLAG:1378:614:767:exif.c
FLAG:1379:614:767:exif.c
FLAG:1380:768:768:exif.c
FLAG:1381:614:772:exif.c
FLAG:1382:614:776:exif.c
FLAG:1383:776:777:exif.c
FLAG:1384:776:782:exif.c
FLAG:1385:776:785:exif.c
FLAG:1386:776:786:exif.c
FLAG:1387:776:787:exif.c
FLAG:1388:614:792:exif.c
FLAG:1389:614:796:exif.c
FLAG:1390:614:800:exif.c
FLAG:1391:614:804:exif.c
FLAG:1392:614:808:exif.c
FLAG:1393:614:812:exif.c
FLAG:1394:812:816:exif.c
FLAG:1395:614:821:exif.c
FLAG:1396:614:825:exif.c
FLAG:1397:614:829:exif.c
FLAG:1398:614:833:exif.c
FLAG:1399:614:838:exif.c
FLAG:1400:614:843:exif.c
FLAG:1401:843:843:exif.c
FLAG:1402:843:846:exif.c
FLAG:1403:843:846:exif.c
FLAG:1404:614:846:exif.c
FLAG:1405:846:846:exif.c
FLAG:1406:846:849:exif.c
FLAG:1407:846:849:exif.c
FLAG:1408:850:850:exif.c
FLAG:1409:850:851:exif.c
FLAG:1410:850:851:exif.c
FLAG:1411:850:853:exif.c
FLAG:1412:853:0:exif.c
FLAG:1413:852:0:exif.c
FLAG:1414:614:860:exif.c
FLAG:1415:860:860:exif.c
FLAG:1416:860:863:exif.c
FLAG:1417:860:863:exif.c
FLAG:1418:864:864:exif.c
FLAG:1419:864:865:exif.c
FLAG:1420:864:865:exif.c
FLAG:1421:864:867:exif.c
FLAG:1422:867:0:exif.c
FLAG:1423:866:0:exif.c
FLAG:1424:614:877:exif.c
FLAG:1425:614:883:exif.c
FLAG:1426:614:889:exif.c
FLAG:1427:889:890:exif.c
FLAG:1428:892:892:exif.c
FLAG:1429:614:897:exif.c
FLAG:1430:897:898:exif.c
FLAG:1431:900:900:exif.c
FLAG:1432:614:905:exif.c
FLAG:1433:905:906:exif.c
FLAG:1434:905:911:exif.c
FLAG:1435:907:911:exif.c
FLAG:1436:897:911:exif.c
FLAG:1437:900:911:exif.c
FLAG:1438:900:911:exif.c
FLAG:1439:889:911:exif.c
FLAG:1440:892:911:exif.c
FLAG:1441:892:911:exif.c
FLAG:1442:812:911:exif.c
FLAG:1443:817:911:exif.c
FLAG:1444:777:911:exif.c
FLAG:1445:783:911:exif.c
FLAG:1446:785:911:exif.c
FLAG:1447:786:911:exif.c
FLAG:1448:787:911:exif.c
FLAG:1449:776:911:exif.c
FLAG:1450:768:911:exif.c
FLAG:1451:768:911:exif.c
FLAG:1452:733:911:exif.c
FLAG:1453:736:911:exif.c
FLAG:1454:706:911:exif.c
FLAG:1455:709:911:exif.c
FLAG:1456:662:911:exif.c
FLAG:1457:662:911:exif.c
FLAG:1458:652:911:exif.c
FLAG:1459:656:911:exif.c
FLAG:1460:648:911:exif.c
FLAG:1461:648:911:exif.c
FLAG:1462:614:911:exif.c
FLAG:1463:884:911:exif.c
FLAG:1464:878:911:exif.c
FLAG:1465:840:911:exif.c
FLAG:1466:835:911:exif.c
FLAG:1467:830:911:exif.c
FLAG:1468:826:911:exif.c
FLAG:1469:822:911:exif.c
FLAG:1470:809:911:exif.c
FLAG:1471:805:911:exif.c
FLAG:1472:801:911:exif.c
FLAG:1473:797:911:exif.c
FLAG:1474:793:911:exif.c
FLAG:1475:773:911:exif.c
FLAG:1476:761:911:exif.c
FLAG:1477:749:911:exif.c
FLAG:1478:742:911:exif.c
FLAG:1479:728:911:exif.c
FLAG:1480:722:911:exif.c
FLAG:1481:716:911:exif.c
FLAG:1482:700:911:exif.c
FLAG:1483:694:911:exif.c
FLAG:1484:643:911:exif.c
FLAG:1485:639:911:exif.c
FLAG:1486:622:911:exif.c
FLAG:1487:618:911:exif.c
FLAG:1488:0:464:exif.c
FLAG:1489:911:464:exif.c
FLAG:1490:0:464:exif.c
FLAG:1491:0:464:exif.c
FLAG:1492:554:464:exif.c
FLAG:1493:521:464:exif.c
FLAG:1494:516:464:exif.c
FLAG:1495:502:921:exif.c
FLAG:1496:921:922:exif.c
FLAG:1497:923:924:exif.c
FLAG:1498:925:925:exif.c
FLAG:1499:925:926:exif.c
FLAG:1500:925:926:exif.c
FLAG:1501:926:926:exif.c
FLAG:1502:926:930:exif.c
FLAG:1503:930:930:exif.c
FLAG:1504:926:932:exif.c
FLAG:1505:926:932:exif.c
FLAG:1506:925:935:exif.c
FLAG:1507:935:936:exif.c
FLAG:1508:936:936:exif.c
FLAG:1509:936:937:exif.c
FLAG:1510:936:937:exif.c
FLAG:1511:935:940:exif.c
FLAG:1512:938:940:exif.c
FLAG:1513:932:940:exif.c
FLAG:1514:930:940:exif.c
FLAG:1515:930:940:exif.c
FLAG:1516:940:941:exif.c
FLAG:1517:921:949:exif.c
FLAG:1518:923:949:exif.c
FLAG:1519:942:949:exif.c
FLAG:1520:940:949:exif.c
FLAG:1521:949:950:exif.c
FLAG:1522:952:953:exif.c
FLAG:1523:954:956:exif.c
FLAG:1524:952:956:exif.c
FLAG:1525:956:957:exif.c
FLAG:1526:957:962:exif.c
FLAG:1527:962:962:exif.c
FLAG:1528:962:966:exif.c
FLAG:1529:962:966:exif.c
FLAG:1530:957:966:exif.c
FLAG:1531:969:970:exif.c
FLAG:1532:956:974:exif.c
FLAG:1533:971:974:exif.c
FLAG:1534:969:974:exif.c
FLAG:1535:949:974:exif.c
FLAG:1536:0:974:exif.c
FLAG:1537:974:974:exif.c
FLAG:1538:469:974:exif.c
FLAG:1539:1107:1109:exif.c
FLAG:1540:1107:1113:exif.c
FLAG:1541:1113:1118:exif.c
FLAG:1542:1111:1118:exif.c
FLAG:1543:1193:1194:exif.c
FLAG:1544:1195:1196:exif.c
FLAG:1545:1193:1196:exif.c
FLAG:1546:306:307:exif.c
FLAG:1547:306:310:exif.c
FLAG:1548:311:313:exif.c
FLAG:1549:309:313:exif.c
FLAG:1550:1212:1212:exif.c
FLAG:1551:1212:1214:exif.c
FLAG:1552:1214:1214:exif.c
FLAG:1553:1214:1214:exif.c
FLAG:1554:1214:1215:exif.c
FLAG:1555:1215:1218:exif.c
FLAG:1556:1215:1218:exif.c
FLAG:1557:1215:1222:exif.c
FLAG:1558:1215:1227:exif.c
FLAG:1559:1215:1227:exif.c
FLAG:1560:1229:1230:exif.c
FLAG:1561:1229:1232:exif.c
FLAG:1562:1215:1237:exif.c
FLAG:1563:1219:1214:exif.c
FLAG:1564:1223:1214:exif.c
FLAG:1565:1232:1214:exif.c
FLAG:1566:1231:1214:exif.c
FLAG:1567:1214:1241:exif.c
FLAG:1568:1241:1242:exif.c
FLAG:1569:1237:1242:exif.c
FLAG:1570:1212:1242:exif.c
FLAG:1571:1261:1262:exif.c
FLAG:1572:1262:1262:exif.c
FLAG:1573:1262:1262:exif.c
FLAG:1574:1262:1268:exif.c
FLAG:1575:1271:1274:exif.c
FLAG:1576:1262:1274:exif.c
FLAG:1577:1262:1274:exif.c
FLAG:1578:1262:1274:exif.c
FLAG:1579:1261:1280:exif.c
FLAG:1580:1280:1281:exif.c
FLAG:1581:1277:1281:exif.c
FLAG:1582:1290:1291:exif.c
FLAG:1583:1299:1301:exif.c
FLAG:1584:1290:1301:exif.c
FLAG:1585:1301:1302:exif.c
FLAG:1586:1304:1305:exif.c
FLAG:1587:1301:1305:exif.c
FLAG:1588:1305:1306:exif.c
FLAG:1589:1307:1308:exif.c
FLAG:1590:1305:1308:exif.c
FLAG:1591:1310:1312:exif.c
FLAG:1592:1313:1315:exif.c
FLAG:1593:1310:1315:exif.c
FLAG:1594:1315:1316:exif.c
FLAG:1595:1317:1319:exif.c
FLAG:1596:1315:1319:exif.c
FLAG:1597:1319:1320:exif.c
FLAG:1598:1320:1321:exif.c
FLAG:1599:1322:1323:exif.c
FLAG:1600:1322:1324:exif.c
FLAG:1601:1322:1325:exif.c
FLAG:1602:1322:1326:exif.c
FLAG:1603:1322:1327:exif.c
FLAG:1604:1322:1328:exif.c
FLAG:1605:1322:1329:exif.c
FLAG:1606:1322:1330:exif.c
FLAG:1607:1322:1331:exif.c
FLAG:1608:1322:1332:exif.c
FLAG:1609:1322:1333:exif.c
FLAG:1610:1322:1334:exif.c
FLAG:1611:1322:1335:exif.c
FLAG:1612:1322:1336:exif.c
FLAG:1613:1322:1337:exif.c
FLAG:1614:1322:1338:exif.c
FLAG:1615:1322:1339:exif.c
FLAG:1616:1320:1342:exif.c
FLAG:1617:1343:1344:exif.c
FLAG:1618:1344:1347:exif.c
FLAG:1619:1343:1347:exif.c
FLAG:1620:1323:1347:exif.c
FLAG:1621:1324:1347:exif.c
FLAG:1622:1325:1347:exif.c
FLAG:1623:1326:1347:exif.c
FLAG:1624:1327:1347:exif.c
FLAG:1625:1328:1347:exif.c
FLAG:1626:1329:1347:exif.c
FLAG:1627:1330:1347:exif.c
FLAG:1628:1331:1347:exif.c
FLAG:1629:1332:1347:exif.c
FLAG:1630:1333:1347:exif.c
FLAG:1631:1334:1347:exif.c
FLAG:1632:1335:1347:exif.c
FLAG:1633:1336:1347:exif.c
FLAG:1634:1337:1347:exif.c
FLAG:1635:1338:1347:exif.c
FLAG:1636:1339:1347:exif.c
FLAG:1637:1322:1347:exif.c
FLAG:1638:1348:1351:exif.c
FLAG:1639:1319:1351:exif.c
FLAG:1640:1351:1352:exif.c
FLAG:1641:1353:1354:exif.c
FLAG:1642:1355:1356:exif.c
FLAG:1643:1353:1356:exif.c
FLAG:1644:1357:1359:exif.c
FLAG:1645:1351:1359:exif.c
FLAG:1646:1359:1361:exif.c
FLAG:1647:1362:1364:exif.c
FLAG:1648:1359:1364:exif.c
FLAG:1649:1364:1365:exif.c
FLAG:1650:1366:1368:exif.c
FLAG:1651:1364:1368:exif.c
FLAG:1652:1368:1369:exif.c
FLAG:1653:1369:1370:exif.c
FLAG:1654:1369:1372:exif.c
FLAG:1655:1372:1374:exif.c
FLAG:1656:1371:1374:exif.c
FLAG:1657:1374:1375:exif.c
FLAG:1658:1376:1377:exif.c
FLAG:1659:1374:1377:exif.c
FLAG:1660:1378:1379:exif.c
FLAG:1661:1368:1379:exif.c
FLAG:1662:1379:1380:exif.c
FLAG:1663:1381:1382:exif.c
FLAG:1664:1379:1382:exif.c
FLAG:1665:1382:1383:exif.c
FLAG:1666:1383:1384:exif.c
FLAG:1667:1383:1386:exif.c
FLAG:1668:1385:1390:exif.c
FLAG:1669:1386:1390:exif.c
FLAG:1670:1382:1390:exif.c
FLAG:1671:1390:1391:exif.c
FLAG:1672:1392:1394:exif.c
FLAG:1673:1390:1394:exif.c
FLAG:1674:1394:1397:exif.c
FLAG:1675:1398:1400:exif.c
FLAG:1676:1394:1400:exif.c
FLAG:1677:1400:1402:exif.c
FLAG:1678:1400:1405:exif.c
FLAG:1679:1400:1410:exif.c
FLAG:1680:1406:1410:exif.c
FLAG:1681:1403:1410:exif.c
FLAG:1682:1410:1412:exif.c
FLAG:1683:1410:1415:exif.c
FLAG:1684:1410:1418:exif.c
FLAG:1685:1410:1421:exif.c
FLAG:1686:1410:1424:exif.c
FLAG:1687:1410:1427:exif.c
FLAG:1688:1410:1434:exif.c
FLAG:1689:1428:1434:exif.c
FLAG:1690:1425:1434:exif.c
FLAG:1691:1422:1434:exif.c
FLAG:1692:1419:1434:exif.c
FLAG:1693:1416:1434:exif.c
FLAG:1694:1413:1434:exif.c
FLAG:1695:1434:1435:exif.c
FLAG:1696:1436:1437:exif.c
FLAG:1697:1436:1438:exif.c
FLAG:1698:1436:1439:exif.c
FLAG:1699:1436:1440:exif.c
FLAG:1700:1436:1441:exif.c
FLAG:1701:1436:1442:exif.c
FLAG:1702:1436:1443:exif.c
FLAG:1703:1436:1444:exif.c
FLAG:1704:1437:1448:exif.c
FLAG:1705:1438:1448:exif.c
FLAG:1706:1439:1448:exif.c
FLAG:1707:1440:1448:exif.c
FLAG:1708:1441:1448:exif.c
FLAG:1709:1442:1448:exif.c
FLAG:1710:1443:1448:exif.c
FLAG:1711:1444:1448:exif.c
FLAG:1712:1434:1448:exif.c
FLAG:1713:1448:1449:exif.c
FLAG:1714:1449:1451:exif.c
FLAG:1715:1449:1454:exif.c
FLAG:1716:1449:1457:exif.c
FLAG:1717:1449:1460:exif.c
FLAG:1718:1449:1463:exif.c
FLAG:1719:1449:1466:exif.c
FLAG:1720:1449:1469:exif.c
FLAG:1721:1449:1472:exif.c
FLAG:1722:1452:1478:exif.c
FLAG:1723:1455:1478:exif.c
FLAG:1724:1458:1478:exif.c
FLAG:1725:1461:1478:exif.c
FLAG:1726:1464:1478:exif.c
FLAG:1727:1467:1478:exif.c
FLAG:1728:1470:1478:exif.c
FLAG:1729:1473:1478:exif.c
FLAG:1730:1449:1478:exif.c
FLAG:1731:1448:1478:exif.c
FLAG:1732:1478:1481:exif.c
FLAG:1733:1478:1483:exif.c
FLAG:1734:1478:1487:exif.c
FLAG:1735:1484:1487:exif.c
FLAG:1736:1482:1487:exif.c
FLAG:1737:1487:1488:exif.c
FLAG:1738:1489:1491:exif.c
FLAG:1739:1489:1494:exif.c
FLAG:1740:1489:1497:exif.c
FLAG:1741:1489:1500:exif.c
FLAG:1742:1498:1500:exif.c
FLAG:1743:1495:1500:exif.c
FLAG:1744:1492:1500:exif.c
FLAG:1745:1501:1505:exif.c
FLAG:1746:1487:1505:exif.c
FLAG:1747:1505:1509:exif.c
FLAG:1748:1509:1510:exif.c
FLAG:1749:1509:1510:exif.c
FLAG:1750:1510:1512:exif.c
FLAG:1751:1510:1515:exif.c
FLAG:1752:1515:1516:exif.c
FLAG:1753:1515:1509:exif.c
FLAG:1754:1517:1520:exif.c
FLAG:1755:1513:1520:exif.c
FLAG:1756:1520:1522:exif.c
FLAG:1757:1505:1522:exif.c
FLAG:1758:1522:1523:exif.c
FLAG:1759:1525:1525:exif.c
FLAG:1760:1525:1528:exif.c
FLAG:1761:1525:1528:exif.c
FLAG:1762:1522:1528:exif.c
FLAG:1763:1528:1529:exif.c
FLAG:1764:1530:1533:exif.c
FLAG:1765:1528:1533:exif.c
FLAG:1766:1533:1535:exif.c
FLAG:1767:1536:1537:exif.c
FLAG:1768:1537:1537:exif.c
FLAG:1769:1537:1537:exif.c
FLAG:1770:1537:1538:exif.c
FLAG:1771:1539:1540:exif.c
FLAG:1772:1540:1542:exif.c
FLAG:1773:1542:1543:exif.c
FLAG:1774:1542:1545:exif.c
FLAG:1775:1540:1548:exif.c
FLAG:1776:1548:1537:exif.c
FLAG:1777:1545:1537:exif.c
FLAG:1778:1544:1537:exif.c
FLAG:1779:1539:1551:exif.c
FLAG:1780:1537:1551:exif.c
FLAG:1781:1536:1553:exif.c
FLAG:1782:1553:1555:exif.c
FLAG:1783:1552:1555:exif.c
FLAG:1784:1555:1556:exif.c
FLAG:1785:1533:1556:exif.c
FLAG:1786:1568:1569:exif.c
FLAG:1787:1569:1570:exif.c
FLAG:1788:1569:1572:exif.c
FLAG:1789:1571:1576:exif.c
FLAG:1790:1572:1576:exif.c
FLAG:1791:1568:1576:exif.c
FLAG:1792:1576:1577:exif.c
FLAG:1793:1578:1580:exif.c
FLAG:1794:1576:1580:exif.c
FLAG:1795:1580:1581:exif.c
FLAG:1796:1582:1584:exif.c
FLAG:1797:1580:1584:exif.c
FLAG:1798:1584:1584:exif.c
FLAG:1799:1584:1585:exif.c
FLAG:1800:1586:1588:exif.c
FLAG:1801:1584:1588:exif.c
FLAG:1802:1584:1588:exif.c
FLAG:1803:1588:1589:exif.c
FLAG:1804:1590:1592:exif.c
FLAG:1805:1588:1592:exif.c
FLAG:1806:63:66:iptc.c
FLAG:1807:66:67:iptc.c
FLAG:1808:69:70:iptc.c
FLAG:1809:91:73:iptc.c
FLAG:1810:73:73:iptc.c
FLAG:1811:73:77:iptc.c
FLAG:1812:85:86:iptc.c
FLAG:1813:69:86:iptc.c
FLAG:1814:66:86:iptc.c
FLAG:1815:86:87:iptc.c
FLAG:1816:88:89:iptc.c
FLAG:1817:86:89:iptc.c
FLAG:1818:85:91:iptc.c
FLAG:1819:73:96:iptc.c
FLAG:1820:96:101:iptc.c
FLAG:1821:104:111:iptc.c
FLAG:1822:0:109:iptc.c
FLAG:1823:114:109:iptc.c
FLAG:1824:114:120:iptc.c
FLAG:1825:120:120:iptc.c
FLAG:1826:120:122:iptc.c
FLAG:1827:125:125:iptc.c
FLAG:1828:125:125:iptc.c
FLAG:1829:125:127:iptc.c
FLAG:1830:125:127:iptc.c
FLAG:1831:131:131:iptc.c
FLAG:1832:131:133:iptc.c
FLAG:1833:133:135:iptc.c
FLAG:1834:133:138:iptc.c
FLAG:1835:133:139:iptc.c
FLAG:1836:133:140:iptc.c
FLAG:1837:133:141:iptc.c
FLAG:1838:133:142:iptc.c
FLAG:1839:133:143:iptc.c
FLAG:1840:133:144:iptc.c
FLAG:1841:133:145:iptc.c
FLAG:1842:133:146:iptc.c
FLAG:1843:133:147:iptc.c
FLAG:1844:133:148:iptc.c
FLAG:1845:133:149:iptc.c
FLAG:1846:133:150:iptc.c
FLAG:1847:133:151:iptc.c
FLAG:1848:133:152:iptc.c
FLAG:1849:133:153:iptc.c
FLAG:1850:133:154:iptc.c
FLAG:1851:133:155:iptc.c
FLAG:1852:133:156:iptc.c
FLAG:1853:133:157:iptc.c
FLAG:1854:133:158:iptc.c
FLAG:1855:133:159:iptc.c
FLAG:1856:133:160:iptc.c
FLAG:1857:133:161:iptc.c
FLAG:1858:133:164:iptc.c
FLAG:1859:164:165:iptc.c
FLAG:1860:164:169:iptc.c
FLAG:1861:166:169:iptc.c
FLAG:1862:161:169:iptc.c
FLAG:1863:160:169:iptc.c
FLAG:1864:159:169:iptc.c
FLAG:1865:158:169:iptc.c
FLAG:1866:157:169:iptc.c
FLAG:1867:156:169:iptc.c
FLAG:1868:155:169:iptc.c
FLAG:1869:154:169:iptc.c
FLAG:1870:153:169:iptc.c
FLAG:1871:152:169:iptc.c
FLAG:1872:151:169:iptc.c
FLAG:1873:150:169:iptc.c
FLAG:1874:149:169:iptc.c
FLAG:1875:148:169:iptc.c
FLAG:1876:147:169:iptc.c
FLAG:1877:146:169:iptc.c
FLAG:1878:145:169:iptc.c
FLAG:1879:144:169:iptc.c
FLAG:1880:143:169:iptc.c
FLAG:1881:142:169:iptc.c
FLAG:1882:141:169:iptc.c
FLAG:1883:140:169:iptc.c
FLAG:1884:139:169:iptc.c
FLAG:1885:138:169:iptc.c
FLAG:1886:136:169:iptc.c
FLAG:1887:169:170:iptc.c
FLAG:1888:176:178:iptc.c
FLAG:1889:169:178:iptc.c
FLAG:1890:131:0:iptc.c
FLAG:1891:120:0:iptc.c
FLAG:1892:178:0:iptc.c
FLAG:1893:125:0:iptc.c
FLAG:1894:0:179:iptc.c
FLAG:1895:114:179:iptc.c
FLAG:1896:104:180:iptc.c
FLAG:1897:96:180:iptc.c
FLAG:1898:63:180:iptc.c
FLAG:1899:0:180:iptc.c
FLAG:1900:182:182:iptc.c
FLAG:1901:179:182:iptc.c
FLAG:1902:0:182:iptc.c
FLAG:1903:89:182:iptc.c
FLAG:1904:201:201:iptc.c
FLAG:1905:201:201:iptc.c
FLAG:1906:201:202:iptc.c
FLAG:1907:202:202:iptc.c
FLAG:1908:202:203:iptc.c
FLAG:1909:204:204:iptc.c
FLAG:1910:202:206:iptc.c
FLAG:1911:202:206:iptc.c
FLAG:1912:206:207:iptc.c
FLAG:1913:206:210:iptc.c
FLAG:1914:208:210:iptc.c
FLAG:1915:204:210:iptc.c
FLAG:1916:204:210:iptc.c
FLAG:1917:210:211:iptc.c
FLAG:1918:212:213:iptc.c
FLAG:1919:214:215:iptc.c
FLAG:1920:212:215:iptc.c
FLAG:1921:217:201:iptc.c
FLAG:1922:210:201:iptc.c
FLAG:1923:201:219:iptc.c
FLAG:1930:65:66:gpsinfo.c
FLAG:1931:67:69:gpsinfo.c
FLAG:1932:65:69:gpsinfo.c
FLAG:1933:74:74:gpsinfo.c
FLAG:1934:74:74:gpsinfo.c
FLAG:1935:74:80:gpsinfo.c
FLAG:1936:82:83:gpsinfo.c
FLAG:1937:82:87:gpsinfo.c
FLAG:1938:91:93:gpsinfo.c
FLAG:1939:91:97:gpsinfo.c
FLAG:1940:100:102:gpsinfo.c
FLAG:1941:104:106:gpsinfo.c
FLAG:1942:104:109:gpsinfo.c
FLAG:1943:110:0:gpsinfo.c
FLAG:1944:107:0:gpsinfo.c
FLAG:1945:100:112:gpsinfo.c
FLAG:1946:0:115:gpsinfo.c
FLAG:1947:112:115:gpsinfo.c
FLAG:1948:115:121:gpsinfo.c
FLAG:1949:115:125:gpsinfo.c
FLAG:1950:115:130:gpsinfo.c
FLAG:1951:115:130:gpsinfo.c
FLAG:1952:130:131:gpsinfo.c
FLAG:1953:132:133:gpsinfo.c
FLAG:1954:130:133:gpsinfo.c
FLAG:1955:147:134:gpsinfo.c
FLAG:1956:134:134:gpsinfo.c
FLAG:1957:134:137:gpsinfo.c
FLAG:1958:141:139:gpsinfo.c
FLAG:1959:139:139:gpsinfo.c
FLAG:1960:139:140:gpsinfo.c
FLAG:1961:139:143:gpsinfo.c
FLAG:1962:143:143:gpsinfo.c
FLAG:1963:143:144:gpsinfo.c
FLAG:1964:143:144:gpsinfo.c
FLAG:1965:134:150:gpsinfo.c
FLAG:1966:152:153:gpsinfo.c
FLAG:1967:152:155:gpsinfo.c
FLAG:1968:115:160:gpsinfo.c
FLAG:1969:115:165:gpsinfo.c
FLAG:1970:154:169:gpsinfo.c
FLAG:1971:155:169:gpsinfo.c
FLAG:1972:115:169:gpsinfo.c
FLAG:1973:166:169:gpsinfo.c
FLAG:1974:161:169:gpsinfo.c
FLAG:1975:126:169:gpsinfo.c
FLAG:1976:122:169:gpsinfo.c
FLAG:1977:169:171:gpsinfo.c
FLAG:1978:171:172:gpsinfo.c
FLAG:1979:171:175:gpsinfo.c
FLAG:1980:175:178:gpsinfo.c
FLAG:1981:173:178:gpsinfo.c
FLAG:1982:178:185:gpsinfo.c
FLAG:1983:178:185:gpsinfo.c
FLAG:1984:186:186:gpsinfo.c
FLAG:1985:186:186:gpsinfo.c
FLAG:1986:186:188:gpsinfo.c
FLAG:1987:188:189:gpsinfo.c
FLAG:1988:189:190:gpsinfo.c
FLAG:1989:192:193:gpsinfo.c
FLAG:1990:189:193:gpsinfo.c
FLAG:1991:188:195:gpsinfo.c
FLAG:1992:195:197:gpsinfo.c
FLAG:1993:195:186:gpsinfo.c
FLAG:1994:197:186:gpsinfo.c
FLAG:1995:194:186:gpsinfo.c
FLAG:1996:186:200:gpsinfo.c
FLAG:1997:178:206:gpsinfo.c
FLAG:1998:209:207:gpsinfo.c
FLAG:1999:206:207:gpsinfo.c
FLAG:2000:208:209:gpsinfo.c
FLAG:2001:208:211:gpsinfo.c
FLAG:2002:202:214:gpsinfo.c
FLAG:2003:212:214:gpsinfo.c
FLAG:2004:169:214:gpsinfo.c
FLAG:2005:0:0:gpsinfo.c
FLAG:2006:214:0:gpsinfo.c
FLAG:2007:94:0:gpsinfo.c
FLAG:2008:84:0:gpsinfo.c
FLAG:2009:0:74:gpsinfo.c
FLAG:2010:0:74:gpsinfo.c
FLAG:2011:74:215:gpsinfo.c
FLAG:2012:215:215:gpsinfo.c
FLAG:2013:0:215:gpsinfo.c
FLAG:2014:177:181:makernote.c
FLAG:2015:177:186:makernote.c
FLAG:2016:186:187:makernote.c
FLAG:2017:186:190:makernote.c
FLAG:2018:188:190:makernote.c
FLAG:2019:185:190:makernote.c
FLAG:2020:25:26:makernote.c
FLAG:2021:25:30:makernote.c
FLAG:2022:30:31:makernote.c
FLAG:2023:32:33:makernote.c
FLAG:2024:30:33:makernote.c
FLAG:2025:33:0:makernote.c
FLAG:2026:27:0:makernote.c
FLAG:2027:0:35:makernote.c
FLAG:2028:35:36:makernote.c
FLAG:2029:37:39:makernote.c
FLAG:2030:35:39:makernote.c
FLAG:2031:39:39:makernote.c
FLAG:2032:39:39:makernote.c
FLAG:2033:39:44:makernote.c
FLAG:2034:50:52:makernote.c
FLAG:2035:50:56:makernote.c
FLAG:2036:56:57:makernote.c
FLAG:2037:56:61:makernote.c
FLAG:2038:63:65:makernote.c
FLAG:2039:67:69:makernote.c
FLAG:2040:67:72:makernote.c
FLAG:2041:74:75:makernote.c
FLAG:2042:76:77:makernote.c
FLAG:2043:74:77:makernote.c
FLAG:2044:77:0:makernote.c
FLAG:2045:70:0:makernote.c
FLAG:2046:63:79:makernote.c
FLAG:2047:0:82:makernote.c
FLAG:2048:79:82:makernote.c
FLAG:2049:82:84:makernote.c
FLAG:2050:85:88:makernote.c
FLAG:2051:82:88:makernote.c
FLAG:2052:88:95:makernote.c
FLAG:2053:88:95:makernote.c
FLAG:2054:95:96:makernote.c
FLAG:2055:97:97:makernote.c
FLAG:2056:97:97:makernote.c
FLAG:2057:97:99:makernote.c
FLAG:2058:99:100:makernote.c
FLAG:2059:100:101:makernote.c
FLAG:2060:103:104:makernote.c
FLAG:2061:100:104:makernote.c
FLAG:2062:99:106:makernote.c
FLAG:2063:106:108:makernote.c
FLAG:2064:106:97:makernote.c
FLAG:2065:108:97:makernote.c
FLAG:2066:105:97:makernote.c
FLAG:2067:97:111:makernote.c
FLAG:2068:88:116:makernote.c
FLAG:2069:116:117:makernote.c
FLAG:2070:116:121:makernote.c
FLAG:2071:119:121:makernote.c
FLAG:2072:95:121:makernote.c
FLAG:2073:112:121:makernote.c
FLAG:2074:121:122:makernote.c
FLAG:2075:123:124:makernote.c
FLAG:2076:125:126:makernote.c
FLAG:2077:123:126:makernote.c
FLAG:2078:126:128:makernote.c
FLAG:2079:121:128:makernote.c
FLAG:2080:128:129:makernote.c
FLAG:2081:129:130:makernote.c
FLAG:2082:131:133:makernote.c
FLAG:2083:131:134:makernote.c
FLAG:2084:131:135:makernote.c
FLAG:2085:131:136:makernote.c
FLAG:2086:131:137:makernote.c
FLAG:2087:131:139:makernote.c
FLAG:2088:137:139:makernote.c
FLAG:2089:136:139:makernote.c
FLAG:2090:135:139:makernote.c
FLAG:2091:134:139:makernote.c
FLAG:2092:133:139:makernote.c
FLAG:2093:139:140:makernote.c
FLAG:2094:129:140:makernote.c
FLAG:2095:140:143:makernote.c
FLAG:2096:144:145:makernote.c
FLAG:2097:144:147:makernote.c
FLAG:2098:147:149:makernote.c
FLAG:2099:146:149:makernote.c
FLAG:2100:140:151:makernote.c
FLAG:2101:149:151:makernote.c
FLAG:2102:128:151:makernote.c
FLAG:2103:0:39:makernote.c
FLAG:2104:151:39:makernote.c
FLAG:2105:58:39:makernote.c
FLAG:2106:53:39:makernote.c
FLAG:2107:39:152:makernote.c
FLAG:2108:0:152:makernote.c
FLAG:2109:152:152:makernote.c
FLAG:2110:165:160:makernote.c
FLAG:2111:160:160:makernote.c
FLAG:2112:160:161:makernote.c
FLAG:2113:161:162:makernote.c
FLAG:2114:161:165:makernote.c
FLAG:2115:163:167:makernote.c
FLAG:2116:160:167:makernote.c
