FLAG:2:115:115:jhead.c
FLAG:3:115:116:jhead.c
FLAG:4:115:116:jhead.c
FLAG:5:125:125:jhead.c
FLAG:6:125:127:jhead.c
FLAG:7:128:128:jhead.c
FLAG:8:128:129:jhead.c
FLAG:9:128:129:jhead.c
FLAG:10:131:131:jhead.c
FLAG:11:125:131:jhead.c
FLAG:12:1404:1404:jhead.c
FLAG:13:1404:1404:jhead.c
FLAG:14:1404:1405:jhead.c
FLAG:15:1406:1406:jhead.c
FLAG:16:1406:1409:jhead.c
FLAG:17:1409:1410:jhead.c
FLAG:18:1409:1412:jhead.c
FLAG:19:1412:1413:jhead.c
FLAG:20:1412:1415:jhead.c
FLAG:21:1415:1416:jhead.c
FLAG:22:1415:1418:jhead.c
FLAG:23:1418:1419:jhead.c
FLAG:24:1418:1421:jhead.c
FLAG:25:1421:1422:jhead.c
FLAG:26:1421:1424:jhead.c
FLAG:27:1424:1425:jhead.c
FLAG:28:1424:1427:jhead.c
FLAG:29:1427:1428:jhead.c
FLAG:30:1427:1434:jhead.c
FLAG:31:1434:1435:jhead.c
FLAG:32:1434:1437:jhead.c
FLAG:33:1437:1438:jhead.c
FLAG:34:1437:1439:jhead.c
FLAG:35:1439:1440:jhead.c
FLAG:36:1439:1442:jhead.c
FLAG:37:1442:1443:jhead.c
FLAG:38:1442:1445:jhead.c
FLAG:39:1445:1446:jhead.c
FLAG:40:1445:1450:jhead.c
FLAG:41:1450:1451:jhead.c
FLAG:42:1450:1452:jhead.c
FLAG:43:1452:1453:jhead.c
FLAG:44:1452:1454:jhead.c
FLAG:45:1454:1455:jhead.c
FLAG:46:1454:1456:jhead.c
FLAG:47:1456:1457:jhead.c
FLAG:48:1456:1459:jhead.c
FLAG:49:1459:1460:jhead.c
FLAG:50:1459:1461:jhead.c
FLAG:51:1461:1462:jhead.c
FLAG:52:1461:1463:jhead.c
FLAG:53:1463:1464:jhead.c
FLAG:54:1463:1465:jhead.c
FLAG:55:1465:1466:jhead.c
FLAG:56:1465:1469:jhead.c
FLAG:57:1469:1470:jhead.c
FLAG:58:1469:1472:jhead.c
FLAG:59:1472:1473:jhead.c
FLAG:60:1472:1475:jhead.c
FLAG:61:1475:1476:jhead.c
FLAG:62:1475:1478:jhead.c
FLAG:63:1478:1479:jhead.c
FLAG:64:1481:1482:jhead.c
FLAG:65:1483:1484:jhead.c
FLAG:66:1481:1484:jhead.c
FLAG:67:1478:1487:jhead.c
FLAG:68:1487:1488:jhead.c
FLAG:69:1487:1490:jhead.c
FLAG:70:1490:1491:jhead.c
FLAG:71:1490:1496:jhead.c
FLAG:72:1496:1497:jhead.c
FLAG:73:1500:1502:jhead.c
FLAG:74:1503:1504:jhead.c
FLAG:75:1500:1504:jhead.c
FLAG:76:1504:1506:jhead.c
FLAG:77:1511:1512:jhead.c
FLAG:78:1504:1512:jhead.c
FLAG:79:1496:1512:jhead.c
FLAG:80:1512:1514:jhead.c
FLAG:81:1512:1518:jhead.c
FLAG:82:1518:1519:jhead.c
FLAG:83:1518:1521:jhead.c
FLAG:84:1521:1523:jhead.c
FLAG:85:1525:1525:jhead.c
FLAG:86:1525:1526:jhead.c
FLAG:87:1527:1528:jhead.c
FLAG:88:1525:1528:jhead.c
FLAG:89:1525:1528:jhead.c
FLAG:90:1530:1531:jhead.c
FLAG:91:1532:1533:jhead.c
FLAG:92:1530:1533:jhead.c
FLAG:93:1533:1533:jhead.c
FLAG:94:1533:1534:jhead.c
FLAG:95:1533:1534:jhead.c
FLAG:96:1535:1535:jhead.c
FLAG:97:1535:1536:jhead.c
FLAG:98:1535:1536:jhead.c
FLAG:99:1521:1537:jhead.c
FLAG:100:1537:1539:jhead.c
FLAG:101:1543:1544:jhead.c
FLAG:102:1543:1546:jhead.c
FLAG:103:1546:1548:jhead.c
FLAG:104:1545:1548:jhead.c
FLAG:105:1548:1548:jhead.c
FLAG:106:1548:1549:jhead.c
FLAG:107:1548:1549:jhead.c
FLAG:108:1537:1551:jhead.c
FLAG:109:1551:1553:jhead.c
FLAG:110:1551:1555:jhead.c
FLAG:111:1555:1557:jhead.c
FLAG:112:1560:1560:jhead.c
FLAG:113:1560:1560:jhead.c
FLAG:114:1560:1561:jhead.c
FLAG:115:1561:1562:jhead.c
FLAG:116:1562:1563:jhead.c
FLAG:117:1562:1566:jhead.c
FLAG:118:1561:1567:jhead.c
FLAG:119:1567:1568:jhead.c
FLAG:120:1567:0:jhead.c
FLAG:121:0:1572:jhead.c
FLAG:122:1566:1572:jhead.c
FLAG:123:1573:1560:jhead.c
FLAG:124:1569:1574:jhead.c
FLAG:125:1564:1574:jhead.c
FLAG:126:1560:1574:jhead.c
FLAG:127:1574:1574:jhead.c
FLAG:128:1574:1575:jhead.c
FLAG:129:1574:1575:jhead.c
FLAG:130:1576:1577:jhead.c
FLAG:131:1574:1577:jhead.c
FLAG:132:1555:1579:jhead.c
FLAG:133:1579:1582:jhead.c
FLAG:134:1586:1586:jhead.c
FLAG:135:1586:1588:jhead.c
FLAG:136:1586:1588:jhead.c
FLAG:137:1588:1589:jhead.c
FLAG:138:1591:1593:jhead.c
FLAG:139:1588:1593:jhead.c
FLAG:140:1595:1595:jhead.c
FLAG:141:1595:1596:jhead.c
FLAG:142:1595:1596:jhead.c
FLAG:143:1579:1599:jhead.c
FLAG:144:1599:1600:jhead.c
FLAG:145:1600:1600:jhead.c
FLAG:146:1600:1601:jhead.c
FLAG:147:1600:1601:jhead.c
FLAG:148:1599:1602:jhead.c
FLAG:149:1602:1603:jhead.c
FLAG:150:1602:1604:jhead.c
FLAG:151:1604:1605:jhead.c
FLAG:152:1604:1606:jhead.c
FLAG:153:1606:1607:jhead.c
FLAG:154:1606:1608:jhead.c
FLAG:155:1608:1609:jhead.c
FLAG:156:1609:1609:jhead.c
FLAG:157:1609:1610:jhead.c
FLAG:158:1609:1610:jhead.c
FLAG:159:1608:1629:jhead.c
FLAG:160:1628:0:jhead.c
FLAG:161:0:0:jhead.c
FLAG:162:1608:0:jhead.c
FLAG:163:0:0:jhead.c
FLAG:164:1606:0:jhead.c
FLAG:165:0:0:jhead.c
FLAG:166:1604:0:jhead.c
FLAG:167:0:0:jhead.c
FLAG:168:1602:0:jhead.c
FLAG:169:0:0:jhead.c
FLAG:170:1599:0:jhead.c
FLAG:171:0:0:jhead.c
FLAG:172:1579:0:jhead.c
FLAG:173:0:0:jhead.c
FLAG:174:1555:0:jhead.c
FLAG:175:0:0:jhead.c
FLAG:176:1551:0:jhead.c
FLAG:177:0:0:jhead.c
FLAG:178:1537:0:jhead.c
FLAG:179:0:0:jhead.c
FLAG:180:1521:0:jhead.c
FLAG:181:0:0:jhead.c
FLAG:182:1518:0:jhead.c
FLAG:183:0:0:jhead.c
FLAG:184:1512:0:jhead.c
FLAG:185:0:0:jhead.c
FLAG:186:1496:0:jhead.c
FLAG:187:0:0:jhead.c
FLAG:188:1490:0:jhead.c
FLAG:189:0:0:jhead.c
FLAG:190:1487:0:jhead.c
FLAG:191:0:0:jhead.c
FLAG:192:1478:0:jhead.c
FLAG:193:0:0:jhead.c
FLAG:194:1475:0:jhead.c
FLAG:195:0:0:jhead.c
FLAG:196:1472:0:jhead.c
FLAG:197:0:0:jhead.c
FLAG:198:1469:0:jhead.c
FLAG:199:0:0:jhead.c
FLAG:200:1465:0:jhead.c
FLAG:201:0:0:jhead.c
FLAG:202:1463:0:jhead.c
FLAG:203:0:0:jhead.c
FLAG:204:1461:0:jhead.c
FLAG:205:0:0:jhead.c
FLAG:206:0:0:jhead.c
FLAG:207:1456:0:jhead.c
FLAG:208:0:0:jhead.c
FLAG:209:1454:0:jhead.c
FLAG:210:0:0:jhead.c
FLAG:211:1452:0:jhead.c
FLAG:212:0:0:jhead.c
FLAG:213:1450:0:jhead.c
FLAG:214:0:0:jhead.c
FLAG:215:1445:0:jhead.c
FLAG:216:0:0:jhead.c
FLAG:217:1442:0:jhead.c
FLAG:218:0:0:jhead.c
FLAG:219:1439:0:jhead.c
FLAG:220:0:0:jhead.c
FLAG:221:1437:0:jhead.c
FLAG:222:0:0:jhead.c
FLAG:223:1434:0:jhead.c
FLAG:224:0:0:jhead.c
FLAG:225:1427:0:jhead.c
FLAG:226:0:0:jhead.c
FLAG:227:1424:0:jhead.c
FLAG:228:0:0:jhead.c
FLAG:229:1421:0:jhead.c
FLAG:230:0:0:jhead.c
FLAG:231:1418:0:jhead.c
FLAG:232:0:0:jhead.c
FLAG:233:1415:0:jhead.c
FLAG:234:0:1633:jhead.c
FLAG:235:1412:1633:jhead.c
FLAG:236:1633:1636:jhead.c
FLAG:237:1637:1638:jhead.c
FLAG:238:1633:1638:jhead.c
FLAG:239:1638:1404:jhead.c
FLAG:240:1406:1639:jhead.c
FLAG:241:1404:1639:jhead.c
FLAG:242:1639:1640:jhead.c
FLAG:243:1641:1643:jhead.c
FLAG:244:1639:1643:jhead.c
FLAG:245:1643:1643:jhead.c
FLAG:246:1643:1644:jhead.c
FLAG:247:1643:1650:jhead.c
FLAG:248:1643:1650:jhead.c
FLAG:249:1650:1651:jhead.c
FLAG:250:1651:1651:jhead.c
FLAG:251:1651:1652:jhead.c
FLAG:252:1651:1652:jhead.c
FLAG:253:1651:1655:jhead.c
FLAG:254:1655:1657:jhead.c
FLAG:255:1650:1657:jhead.c
FLAG:256:1657:1658:jhead.c
FLAG:257:1658:1658:jhead.c
FLAG:258:1658:1659:jhead.c
FLAG:259:1658:1659:jhead.c
FLAG:260:1658:1662:jhead.c
FLAG:261:1662:1665:jhead.c
FLAG:262:1657:1665:jhead.c
FLAG:263:1665:1666:jhead.c
FLAG:264:1666:1666:jhead.c
FLAG:265:1666:1667:jhead.c
FLAG:266:1666:1667:jhead.c
FLAG:267:1669:1670:jhead.c
FLAG:268:1666:1670:jhead.c
FLAG:269:1670:1672:jhead.c
FLAG:270:1665:1672:jhead.c
FLAG:271:1673:1673:jhead.c
FLAG:272:1673:1673:jhead.c
FLAG:273:1673:1674:jhead.c
FLAG:274:1687:1688:jhead.c
FLAG:275:1689:1690:jhead.c
FLAG:276:1687:1690:jhead.c
FLAG:277:1690:1673:jhead.c
FLAG:278:1673:1692:jhead.c
FLAG:279:1692:1693:jhead.c
FLAG:280:1692:1695:jhead.c
FLAG:281:1695:1697:jhead.c
FLAG:282:1693:1697:jhead.c
FLAG:283:1378:1378:jhead.c
FLAG:284:1378:1381:jhead.c
FLAG:285:1382:1383:jhead.c
FLAG:286:1378:1383:jhead.c
FLAG:287:1378:1383:jhead.c
FLAG:288:1388:1389:jhead.c
FLAG:289:1390:1392:jhead.c
FLAG:290:1388:1392:jhead.c
FLAG:291:784:786:jhead.c
FLAG:292:787:789:jhead.c
FLAG:293:784:789:jhead.c
FLAG:294:804:805:jhead.c
FLAG:295:804:808:jhead.c
FLAG:296:808:812:jhead.c
FLAG:297:807:812:jhead.c
FLAG:298:812:812:jhead.c
FLAG:299:812:812:jhead.c
FLAG:300:812:813:jhead.c
FLAG:301:812:813:jhead.c
FLAG:302:812:813:jhead.c
FLAG:303:813:814:jhead.c
FLAG:304:813:817:jhead.c
FLAG:305:817:819:jhead.c
FLAG:306:812:819:jhead.c
FLAG:307:822:822:jhead.c
FLAG:308:822:826:jhead.c
FLAG:309:822:826:jhead.c
FLAG:310:826:826:jhead.c
FLAG:311:826:839:jhead.c
FLAG:312:839:840:jhead.c
FLAG:313:839:844:jhead.c
FLAG:314:846:847:jhead.c
FLAG:315:847:848:jhead.c
FLAG:316:849:850:jhead.c
FLAG:317:847:850:jhead.c
FLAG:318:846:851:jhead.c
FLAG:319:854:857:jhead.c
FLAG:320:854:859:jhead.c
FLAG:321:859:861:jhead.c
FLAG:322:850:861:jhead.c
FLAG:323:822:863:jhead.c
FLAG:324:863:864:jhead.c
FLAG:325:869:869:jhead.c
FLAG:326:869:871:jhead.c
FLAG:327:875:0:jhead.c
FLAG:328:863:0:jhead.c
FLAG:329:0:877:jhead.c
FLAG:330:863:877:jhead.c
FLAG:331:877:878:jhead.c
FLAG:332:879:881:jhead.c
FLAG:333:877:881:jhead.c
FLAG:334:881:881:jhead.c
FLAG:335:881:883:jhead.c
FLAG:336:883:884:jhead.c
FLAG:337:883:888:jhead.c
FLAG:338:890:891:jhead.c
FLAG:339:890:893:jhead.c
FLAG:340:893:893:jhead.c
FLAG:341:893:894:jhead.c
FLAG:342:893:894:jhead.c
FLAG:343:901:902:jhead.c
FLAG:344:903:905:jhead.c
FLAG:345:901:905:jhead.c
FLAG:346:906:0:jhead.c
FLAG:347:893:0:jhead.c
FLAG:348:0:909:jhead.c
FLAG:349:892:909:jhead.c
FLAG:350:909:910:jhead.c
FLAG:351:914:915:jhead.c
FLAG:352:916:917:jhead.c
FLAG:353:914:917:jhead.c
FLAG:354:917:919:jhead.c
FLAG:355:909:919:jhead.c
FLAG:356:919:921:jhead.c
FLAG:357:923:925:jhead.c
FLAG:358:919:925:jhead.c
FLAG:359:925:926:jhead.c
FLAG:360:926:927:jhead.c
FLAG:361:928:929:jhead.c
FLAG:362:926:929:jhead.c
FLAG:363:929:931:jhead.c
FLAG:364:925:931:jhead.c
FLAG:365:931:932:jhead.c
FLAG:366:936:937:jhead.c
FLAG:367:938:939:jhead.c
FLAG:368:936:939:jhead.c
FLAG:369:931:939:jhead.c
FLAG:370:939:941:jhead.c
FLAG:371:941:942:jhead.c
FLAG:372:943:944:jhead.c
FLAG:373:941:944:jhead.c
FLAG:374:944:0:jhead.c
FLAG:375:939:0:jhead.c
FLAG:376:0:950:jhead.c
FLAG:377:939:950:jhead.c
FLAG:378:950:950:jhead.c
FLAG:379:950:950:jhead.c
FLAG:380:950:952:jhead.c
FLAG:381:950:952:jhead.c
FLAG:382:950:952:jhead.c
FLAG:383:958:959:jhead.c
FLAG:384:966:968:jhead.c
FLAG:385:958:968:jhead.c
FLAG:386:969:970:jhead.c
FLAG:387:972:974:jhead.c
FLAG:388:969:974:jhead.c
FLAG:389:974:976:jhead.c
FLAG:390:983:984:jhead.c
FLAG:391:983:988:jhead.c
FLAG:392:990:990:jhead.c
FLAG:393:990:0:jhead.c
FLAG:394:990:0:jhead.c
FLAG:395:0:992:jhead.c
FLAG:396:985:992:jhead.c
FLAG:397:974:992:jhead.c
FLAG:398:992:993:jhead.c
FLAG:399:992:1006:jhead.c
FLAG:400:1013:0:jhead.c
FLAG:401:995:0:jhead.c
FLAG:402:0:1017:jhead.c
FLAG:403:992:1017:jhead.c
FLAG:404:1017:1019:jhead.c
FLAG:405:1028:1029:jhead.c
FLAG:406:1017:1029:jhead.c
FLAG:407:1029:1030:jhead.c
FLAG:408:1031:1032:jhead.c
FLAG:409:1029:1032:jhead.c
FLAG:410:1032:1035:jhead.c
FLAG:411:950:1035:jhead.c
FLAG:412:1035:1036:jhead.c
FLAG:413:1039:1040:jhead.c
FLAG:414:1048:1049:jhead.c
FLAG:415:1048:1052:jhead.c
FLAG:416:1052:1054:jhead.c
FLAG:417:1051:1054:jhead.c
FLAG:418:1039:1055:jhead.c
FLAG:419:1055:1057:jhead.c
FLAG:420:1054:1057:jhead.c
FLAG:421:1057:1059:jhead.c
FLAG:422:1035:1059:jhead.c
FLAG:423:1059:1059:jhead.c
FLAG:424:1059:1059:jhead.c
FLAG:425:1059:1059:jhead.c
FLAG:426:1059:1060:jhead.c
FLAG:427:1059:1060:jhead.c
FLAG:428:1059:1060:jhead.c
FLAG:429:1059:1060:jhead.c
FLAG:430:1060:1061:jhead.c
FLAG:431:1066:1068:jhead.c
FLAG:432:1066:1070:jhead.c
FLAG:433:1070:1071:jhead.c
FLAG:434:1072:1073:jhead.c
FLAG:435:1070:1073:jhead.c
FLAG:436:1073:1074:jhead.c
FLAG:437:1077:1078:jhead.c
FLAG:438:1077:1081:jhead.c
FLAG:439:1081:1083:jhead.c
FLAG:440:1073:1083:jhead.c
FLAG:441:1083:1083:jhead.c
FLAG:442:1083:1086:jhead.c
FLAG:443:1087:1087:jhead.c
FLAG:444:1087:1088:jhead.c
FLAG:445:1088:1090:jhead.c
FLAG:446:1069:1090:jhead.c
FLAG:447:1096:1098:jhead.c
FLAG:448:1079:1098:jhead.c
FLAG:449:1101:1101:jhead.c
FLAG:450:1101:1101:jhead.c
FLAG:451:1101:1102:jhead.c
FLAG:452:1105:1101:jhead.c
FLAG:453:1101:1106:jhead.c
FLAG:454:1060:1110:jhead.c
FLAG:455:1110:1112:jhead.c
FLAG:456:1109:1112:jhead.c
FLAG:457:1112:1114:jhead.c
FLAG:458:1059:1114:jhead.c
FLAG:459:1114:1115:jhead.c
FLAG:460:1115:1115:jhead.c
FLAG:461:1115:1116:jhead.c
FLAG:462:1115:1116:jhead.c
FLAG:463:1116:1117:jhead.c
FLAG:464:1114:1117:jhead.c
FLAG:465:1117:1118:jhead.c
FLAG:466:1118:1118:jhead.c
FLAG:467:1118:1119:jhead.c
FLAG:468:1118:1119:jhead.c
FLAG:469:1119:1120:jhead.c
FLAG:470:1117:1120:jhead.c
FLAG:471:1120:1121:jhead.c
FLAG:472:1121:1121:jhead.c
FLAG:473:1121:1122:jhead.c
FLAG:474:1121:1122:jhead.c
FLAG:475:1122:1123:jhead.c
FLAG:476:1120:1123:jhead.c
FLAG:477:1123:1124:jhead.c
FLAG:478:1124:1124:jhead.c
FLAG:479:1124:1125:jhead.c
FLAG:480:1124:1125:jhead.c
FLAG:481:1125:1126:jhead.c
FLAG:482:1123:1126:jhead.c
FLAG:483:1126:1127:jhead.c
FLAG:484:1127:1127:jhead.c
FLAG:485:1127:1128:jhead.c
FLAG:486:1127:1128:jhead.c
FLAG:487:1128:1131:jhead.c
FLAG:488:1126:1131:jhead.c
FLAG:489:1131:1132:jhead.c
FLAG:490:1135:1135:jhead.c
FLAG:491:1135:1137:jhead.c
FLAG:492:1135:1137:jhead.c
FLAG:493:1150:1152:jhead.c
FLAG:494:1159:1162:jhead.c
FLAG:495:1150:1162:jhead.c
FLAG:496:1163:1166:jhead.c
FLAG:497:1131:1166:jhead.c
FLAG:498:1166:1168:jhead.c
FLAG:499:1168:1170:jhead.c
FLAG:500:1173:1173:jhead.c
FLAG:501:1173:1174:jhead.c
FLAG:502:1175:1176:jhead.c
FLAG:503:1175:1178:jhead.c
FLAG:504:1181:1182:jhead.c
FLAG:505:1181:1184:jhead.c
FLAG:506:1184:1184:jhead.c
FLAG:507:1184:0:jhead.c
FLAG:508:1184:0:jhead.c
FLAG:509:0:1186:jhead.c
FLAG:510:1183:1186:jhead.c
FLAG:511:1168:1187:jhead.c
FLAG:512:1187:1189:jhead.c
FLAG:513:1186:1189:jhead.c
FLAG:514:1189:1194:jhead.c
FLAG:515:1166:1194:jhead.c
FLAG:516:1194:1195:jhead.c
FLAG:517:1196:1197:jhead.c
FLAG:518:1194:1197:jhead.c
FLAG:519:1176:1199:jhead.c
FLAG:520:1173:1199:jhead.c
FLAG:521:1087:1199:jhead.c
FLAG:522:1083:1199:jhead.c
FLAG:523:1202:1202:jhead.c
FLAG:524:1198:1202:jhead.c
FLAG:525:885:1202:jhead.c
FLAG:526:881:1202:jhead.c
FLAG:527:869:1202:jhead.c
FLAG:528:857:1202:jhead.c
FLAG:529:841:1202:jhead.c
FLAG:530:826:1202:jhead.c
FLAG:531:815:1202:jhead.c
FLAG:532:430:434:jhead.c
FLAG:533:434:436:jhead.c
FLAG:534:434:438:jhead.c
FLAG:535:438:440:jhead.c
FLAG:536:430:440:jhead.c
FLAG:537:440:442:jhead.c
FLAG:538:442:443:jhead.c
FLAG:539:442:445:jhead.c
FLAG:540:445:447:jhead.c
FLAG:541:440:447:jhead.c
FLAG:542:447:448:jhead.c
FLAG:543:448:448:jhead.c
FLAG:544:448:449:jhead.c
FLAG:545:449:451:jhead.c
FLAG:546:447:451:jhead.c
FLAG:547:451:452:jhead.c
FLAG:548:452:452:jhead.c
FLAG:549:452:453:jhead.c
FLAG:550:453:455:jhead.c
FLAG:551:451:455:jhead.c
FLAG:552:455:456:jhead.c
FLAG:553:452:456:jhead.c
FLAG:554:448:456:jhead.c
FLAG:555:443:456:jhead.c
FLAG:556:436:456:jhead.c
FLAG:557:697:697:jhead.c
FLAG:558:697:698:jhead.c
FLAG:559:701:702:jhead.c
FLAG:560:703:704:jhead.c
FLAG:561:705:707:jhead.c
FLAG:562:703:707:jhead.c
FLAG:563:713:714:jhead.c
FLAG:564:714:715:jhead.c
FLAG:565:715:718:jhead.c
FLAG:566:729:731:jhead.c
FLAG:567:732:734:jhead.c
FLAG:568:729:734:jhead.c
FLAG:569:736:737:jhead.c
FLAG:570:715:737:jhead.c
FLAG:571:714:737:jhead.c
FLAG:572:713:737:jhead.c
FLAG:573:737:738:jhead.c
FLAG:574:701:738:jhead.c
FLAG:575:697:740:jhead.c
FLAG:576:697:740:jhead.c
FLAG:577:740:741:jhead.c
FLAG:578:738:741:jhead.c
FLAG:579:360:360:jhead.c
FLAG:580:360:360:jhead.c
FLAG:581:360:360:jhead.c
FLAG:582:360:360:jhead.c
FLAG:583:360:360:jhead.c
FLAG:584:360:360:jhead.c
FLAG:585:360:361:jhead.c
FLAG:586:373:374:jhead.c
FLAG:587:375:379:jhead.c
FLAG:588:373:379:jhead.c
FLAG:589:379:380:jhead.c
FLAG:590:379:380:jhead.c
FLAG:591:380:381:jhead.c
FLAG:592:381:383:jhead.c
FLAG:593:381:387:jhead.c
FLAG:594:387:389:jhead.c
FLAG:595:387:394:jhead.c
FLAG:596:394:395:jhead.c
FLAG:597:380:395:jhead.c
FLAG:598:396:396:jhead.c
FLAG:599:396:397:jhead.c
FLAG:600:397:379:jhead.c
FLAG:601:392:379:jhead.c
FLAG:602:385:379:jhead.c
FLAG:603:396:399:jhead.c
FLAG:604:399:399:jhead.c
FLAG:605:399:401:jhead.c
FLAG:606:399:401:jhead.c
FLAG:607:404:404:jhead.c
FLAG:608:404:406:jhead.c
FLAG:609:404:406:jhead.c
FLAG:610:406:406:jhead.c
FLAG:611:406:407:jhead.c
FLAG:612:406:407:jhead.c
FLAG:613:408:410:jhead.c
FLAG:614:404:410:jhead.c
FLAG:615:410:412:jhead.c
FLAG:616:413:414:jhead.c
FLAG:617:413:417:jhead.c
FLAG:618:417:419:jhead.c
FLAG:619:416:419:jhead.c
FLAG:620:419:420:jhead.c
FLAG:621:410:420:jhead.c
FLAG:622:469:470:jhead.c
FLAG:623:469:475:jhead.c
FLAG:624:475:477:jhead.c
FLAG:625:474:477:jhead.c
FLAG:626:749:749:jhead.c
FLAG:627:749:751:jhead.c
FLAG:628:749:751:jhead.c
FLAG:629:749:754:jhead.c
FLAG:630:757:759:jhead.c
FLAG:631:757:761:jhead.c
FLAG:632:762:764:jhead.c
FLAG:633:759:764:jhead.c
FLAG:634:751:764:jhead.c
FLAG:635:144:145:jhead.c
FLAG:636:147:148:jhead.c
FLAG:637:144:148:jhead.c
FLAG:638:157:161:jhead.c
FLAG:639:163:164:jhead.c
FLAG:640:157:164:jhead.c
FLAG:641:164:164:jhead.c
FLAG:642:164:166:jhead.c
FLAG:643:164:166:jhead.c
FLAG:644:170:171:jhead.c
FLAG:645:170:175:jhead.c
FLAG:646:176:177:jhead.c
FLAG:647:178:181:jhead.c
FLAG:648:176:181:jhead.c
FLAG:649:553:553:jhead.c
FLAG:650:553:553:jhead.c
FLAG:651:553:554:jhead.c
FLAG:652:554:556:jhead.c
FLAG:653:559:561:jhead.c
FLAG:654:554:561:jhead.c
FLAG:655:561:561:jhead.c
FLAG:656:561:563:jhead.c
FLAG:657:561:563:jhead.c
FLAG:658:563:563:jhead.c
FLAG:659:563:564:jhead.c
FLAG:660:563:564:jhead.c
FLAG:661:564:564:jhead.c
FLAG:662:564:565:jhead.c
FLAG:663:564:565:jhead.c
FLAG:664:565:553:jhead.c
FLAG:665:553:567:jhead.c
FLAG:666:567:568:jhead.c
FLAG:667:571:574:jhead.c
FLAG:668:567:574:jhead.c
FLAG:669:576:578:jhead.c
FLAG:670:586:587:jhead.c
FLAG:671:586:592:jhead.c
FLAG:672:596:594:jhead.c
FLAG:673:594:594:jhead.c
FLAG:674:594:594:jhead.c
FLAG:675:594:594:jhead.c
FLAG:676:594:594:jhead.c
FLAG:677:594:595:jhead.c
FLAG:678:594:602:jhead.c
FLAG:679:603:603:jhead.c
FLAG:680:603:603:jhead.c
FLAG:681:603:604:jhead.c
FLAG:682:604:605:jhead.c
FLAG:683:604:606:jhead.c
FLAG:684:606:607:jhead.c
FLAG:685:607:607:jhead.c
FLAG:686:607:609:jhead.c
FLAG:687:617:617:jhead.c
FLAG:688:617:618:jhead.c
FLAG:689:617:618:jhead.c
FLAG:690:607:622:jhead.c
FLAG:691:607:622:jhead.c
FLAG:692:606:622:jhead.c
FLAG:693:622:623:jhead.c
FLAG:694:624:0:jhead.c
FLAG:695:622:0:jhead.c
FLAG:696:0:0:jhead.c
FLAG:697:622:0:jhead.c
FLAG:698:0:625:jhead.c
FLAG:699:606:625:jhead.c
FLAG:700:625:603:jhead.c
FLAG:701:620:627:jhead.c
FLAG:702:603:627:jhead.c
FLAG:703:576:630:jhead.c
FLAG:704:631:634:jhead.c
FLAG:705:628:634:jhead.c
FLAG:706:638:639:jhead.c
FLAG:707:638:639:jhead.c
FLAG:708:643:649:jhead.c
FLAG:709:649:650:jhead.c
FLAG:710:649:652:jhead.c
FLAG:711:652:654:jhead.c
FLAG:712:651:654:jhead.c
FLAG:713:643:656:jhead.c
FLAG:714:656:659:jhead.c
FLAG:715:655:659:jhead.c
FLAG:716:661:661:jhead.c
FLAG:717:661:663:jhead.c
FLAG:718:663:664:jhead.c
FLAG:719:663:668:jhead.c
FLAG:720:668:670:jhead.c
FLAG:721:670:671:jhead.c
FLAG:722:670:679:jhead.c
FLAG:723:679:681:jhead.c
FLAG:724:678:681:jhead.c
FLAG:725:668:685:jhead.c
FLAG:726:685:685:jhead.c
FLAG:727:685:685:jhead.c
FLAG:728:685:686:jhead.c
FLAG:729:685:686:jhead.c
FLAG:730:685:689:jhead.c
FLAG:731:685:689:jhead.c
FLAG:732:689:638:jhead.c
FLAG:733:588:690:jhead.c
FLAG:734:687:690:jhead.c
FLAG:735:681:690:jhead.c
FLAG:736:664:690:jhead.c
FLAG:737:661:690:jhead.c
FLAG:738:319:319:jhead.c
FLAG:739:319:319:jhead.c
FLAG:740:319:327:jhead.c
FLAG:741:327:332:jhead.c
FLAG:742:327:332:jhead.c
FLAG:743:327:332:jhead.c
FLAG:744:327:332:jhead.c
FLAG:745:327:335:jhead.c
FLAG:746:332:335:jhead.c
FLAG:747:336:338:jhead.c
FLAG:748:338:338:jhead.c
FLAG:749:338:319:jhead.c
FLAG:750:338:319:jhead.c
FLAG:751:319:340:jhead.c
FLAG:752:126:126:jpgfile.c
FLAG:753:126:127:jpgfile.c
FLAG:754:126:127:jpgfile.c
FLAG:755:126:130:jpgfile.c
FLAG:756:133:134:jpgfile.c
FLAG:757:133:134:jpgfile.c
FLAG:758:143:144:jpgfile.c
FLAG:759:143:144:jpgfile.c
FLAG:760:145:145:jpgfile.c
FLAG:761:145:145:jpgfile.c
FLAG:762:145:146:jpgfile.c
FLAG:763:145:146:jpgfile.c
FLAG:764:146:147:jpgfile.c
FLAG:765:148:149:jpgfile.c
FLAG:766:146:149:jpgfile.c
FLAG:767:150:143:jpgfile.c
FLAG:768:145:152:jpgfile.c
FLAG:769:152:153:jpgfile.c
FLAG:770:154:156:jpgfile.c
FLAG:771:152:156:jpgfile.c
FLAG:772:161:161:jpgfile.c
FLAG:773:161:162:jpgfile.c
FLAG:774:161:162:jpgfile.c
FLAG:775:163:165:jpgfile.c
FLAG:776:161:165:jpgfile.c
FLAG:777:167:168:jpgfile.c
FLAG:778:169:171:jpgfile.c
FLAG:779:167:171:jpgfile.c
FLAG:780:174:175:jpgfile.c
FLAG:781:176:177:jpgfile.c
FLAG:782:174:177:jpgfile.c
FLAG:783:184:185:jpgfile.c
FLAG:784:186:187:jpgfile.c
FLAG:785:184:187:jpgfile.c
FLAG:786:189:193:jpgfile.c
FLAG:787:193:194:jpgfile.c
FLAG:788:203:204:jpgfile.c
FLAG:789:205:207:jpgfile.c
FLAG:790:203:207:jpgfile.c
FLAG:791:208:209:jpgfile.c
FLAG:792:210:212:jpgfile.c
FLAG:793:208:212:jpgfile.c
FLAG:794:218:219:jpgfile.c
FLAG:795:193:219:jpgfile.c
FLAG:796:189:223:jpgfile.c
FLAG:797:189:228:jpgfile.c
FLAG:798:189:233:jpgfile.c
FLAG:799:189:237:jpgfile.c
FLAG:800:237:237:jpgfile.c
FLAG:801:237:239:jpgfile.c
FLAG:802:237:239:jpgfile.c
FLAG:803:237:241:jpgfile.c
FLAG:804:242:244:jpgfile.c
FLAG:805:240:244:jpgfile.c
FLAG:806:189:251:jpgfile.c
FLAG:807:251:252:jpgfile.c
FLAG:808:253:254:jpgfile.c
FLAG:809:251:254:jpgfile.c
FLAG:810:254:255:jpgfile.c
FLAG:811:254:259:jpgfile.c
FLAG:812:263:264:jpgfile.c
FLAG:813:265:266:jpgfile.c
FLAG:814:265:267:jpgfile.c
FLAG:815:265:268:jpgfile.c
FLAG:816:265:269:jpgfile.c
FLAG:817:269:271:jpgfile.c
FLAG:818:268:271:jpgfile.c
FLAG:819:267:271:jpgfile.c
FLAG:820:266:271:jpgfile.c
FLAG:821:273:273:jpgfile.c
FLAG:822:273:274:jpgfile.c
FLAG:823:273:274:jpgfile.c
FLAG:824:275:276:jpgfile.c
FLAG:825:273:276:jpgfile.c
FLAG:826:276:263:jpgfile.c
FLAG:827:263:263:jpgfile.c
FLAG:828:263:278:jpgfile.c
FLAG:829:256:278:jpgfile.c
FLAG:830:189:285:jpgfile.c
FLAG:831:285:286:jpgfile.c
FLAG:832:286:287:jpgfile.c
FLAG:833:286:289:jpgfile.c
FLAG:834:289:290:jpgfile.c
FLAG:835:291:292:jpgfile.c
FLAG:836:293:294:jpgfile.c
FLAG:837:295:296:jpgfile.c
FLAG:838:293:296:jpgfile.c
FLAG:839:296:297:jpgfile.c
FLAG:840:291:297:jpgfile.c
FLAG:841:289:0:jpgfile.c
FLAG:842:0:299:jpgfile.c
FLAG:843:299:301:jpgfile.c
FLAG:844:285:301:jpgfile.c
FLAG:845:189:305:jpgfile.c
FLAG:846:305:306:jpgfile.c
FLAG:847:306:307:jpgfile.c
FLAG:848:308:311:jpgfile.c
FLAG:849:306:311:jpgfile.c
FLAG:850:305:312:jpgfile.c
FLAG:851:312:314:jpgfile.c
FLAG:852:311:314:jpgfile.c
FLAG:853:189:329:jpgfile.c
FLAG:854:189:329:jpgfile.c
FLAG:855:189:329:jpgfile.c
FLAG:856:189:329:jpgfile.c
FLAG:857:189:329:jpgfile.c
FLAG:858:189:329:jpgfile.c
FLAG:859:189:329:jpgfile.c
FLAG:860:189:329:jpgfile.c
FLAG:861:189:329:jpgfile.c
FLAG:862:189:329:jpgfile.c
FLAG:863:189:329:jpgfile.c
FLAG:864:189:329:jpgfile.c
FLAG:865:189:329:jpgfile.c
FLAG:866:189:333:jpgfile.c
FLAG:867:333:334:jpgfile.c
FLAG:868:335:336:jpgfile.c
FLAG:869:333:336:jpgfile.c
FLAG:870:336:133:jpgfile.c
FLAG:871:330:133:jpgfile.c
FLAG:872:314:133:jpgfile.c
FLAG:873:302:133:jpgfile.c
FLAG:874:297:133:jpgfile.c
FLAG:875:288:133:jpgfile.c
FLAG:876:281:133:jpgfile.c
FLAG:877:244:133:jpgfile.c
FLAG:878:229:133:jpgfile.c
FLAG:879:224:133:jpgfile.c
FLAG:880:234:340:jpgfile.c
FLAG:881:219:340:jpgfile.c
FLAG:882:127:340:jpgfile.c
FLAG:883:103:104:jpgfile.c
FLAG:884:105:106:jpgfile.c
FLAG:885:103:106:jpgfile.c
FLAG:886:106:107:jpgfile.c
FLAG:887:109:110:jpgfile.c
FLAG:888:111:112:jpgfile.c
FLAG:889:109:112:jpgfile.c
FLAG:890:112:113:jpgfile.c
FLAG:891:106:113:jpgfile.c
FLAG:892:46:46:jpgfile.c
FLAG:893:46:48:jpgfile.c
FLAG:894:46:48:jpgfile.c
FLAG:895:48:48:jpgfile.c
FLAG:896:48:48:jpgfile.c
FLAG:897:48:49:jpgfile.c
FLAG:898:51:51:jpgfile.c
FLAG:899:51:51:jpgfile.c
FLAG:900:51:53:jpgfile.c
FLAG:901:51:53:jpgfile.c
FLAG:902:53:53:jpgfile.c
FLAG:903:53:53:jpgfile.c
FLAG:904:53:54:jpgfile.c
FLAG:905:53:54:jpgfile.c
FLAG:906:53:54:jpgfile.c
FLAG:907:53:56:jpgfile.c
FLAG:908:56:58:jpgfile.c
FLAG:909:55:58:jpgfile.c
FLAG:910:58:48:jpgfile.c
FLAG:911:51:48:jpgfile.c
FLAG:912:48:60:jpgfile.c
FLAG:913:62:63:jpgfile.c
FLAG:914:64:66:jpgfile.c
FLAG:915:62:66:jpgfile.c
FLAG:916:83:84:jpgfile.c
FLAG:917:83:86:jpgfile.c
FLAG:918:86:89:jpgfile.c
FLAG:919:85:89:jpgfile.c
FLAG:920:91:93:jpgfile.c
FLAG:921:94:95:jpgfile.c
FLAG:922:91:95:jpgfile.c
FLAG:923:349:349:jpgfile.c
FLAG:924:349:349:jpgfile.c
FLAG:925:349:350:jpgfile.c
FLAG:926:351:349:jpgfile.c
FLAG:927:349:353:jpgfile.c
FLAG:928:368:369:jpgfile.c
FLAG:929:368:375:jpgfile.c
FLAG:930:376:377:jpgfile.c
FLAG:931:377:380:jpgfile.c
FLAG:932:377:382:jpgfile.c
FLAG:933:382:384:jpgfile.c
FLAG:934:381:384:jpgfile.c
FLAG:935:384:386:jpgfile.c
FLAG:936:376:386:jpgfile.c
FLAG:937:388:389:jpgfile.c
FLAG:938:390:391:jpgfile.c
FLAG:939:388:391:jpgfile.c
FLAG:940:391:392:jpgfile.c
FLAG:941:370:392:jpgfile.c
FLAG:942:402:402:jpgfile.c
FLAG:943:402:403:jpgfile.c
FLAG:944:402:403:jpgfile.c
FLAG:945:402:407:jpgfile.c
FLAG:946:407:410:jpgfile.c
FLAG:947:407:412:jpgfile.c
FLAG:948:412:415:jpgfile.c
FLAG:949:411:415:jpgfile.c
FLAG:950:415:416:jpgfile.c
FLAG:951:415:425:jpgfile.c
FLAG:952:426:428:jpgfile.c
FLAG:953:423:428:jpgfile.c
FLAG:954:404:428:jpgfile.c
FLAG:955:637:637:jpgfile.c
FLAG:956:637:637:jpgfile.c
FLAG:957:637:638:jpgfile.c
FLAG:958:638:639:jpgfile.c
FLAG:959:638:641:jpgfile.c
FLAG:960:641:637:jpgfile.c
FLAG:961:637:643:jpgfile.c
FLAG:962:643:644:jpgfile.c
FLAG:963:639:644:jpgfile.c
FLAG:964:440:440:jpgfile.c
FLAG:965:440:441:jpgfile.c
FLAG:966:440:441:jpgfile.c
FLAG:967:441:444:jpgfile.c
FLAG:968:441:449:jpgfile.c
FLAG:969:440:453:jpgfile.c
FLAG:970:453:454:jpgfile.c
FLAG:971:456:457:jpgfile.c
FLAG:972:456:462:jpgfile.c
FLAG:973:467:468:jpgfile.c
FLAG:974:469:470:jpgfile.c
FLAG:975:467:470:jpgfile.c
FLAG:976:453:471:jpgfile.c
FLAG:977:471:472:jpgfile.c
FLAG:978:471:475:jpgfile.c
FLAG:979:476:479:jpgfile.c
FLAG:980:470:479:jpgfile.c
FLAG:981:486:487:jpgfile.c
FLAG:982:489:491:jpgfile.c
FLAG:983:486:491:jpgfile.c
FLAG:984:499:500:jpgfile.c
FLAG:985:472:500:jpgfile.c
FLAG:986:458:500:jpgfile.c
FLAG:987:450:500:jpgfile.c
FLAG:988:444:500:jpgfile.c
FLAG:989:519:519:jpgfile.c
FLAG:990:519:519:jpgfile.c
FLAG:991:519:520:jpgfile.c
FLAG:992:520:520:jpgfile.c
FLAG:993:520:521:jpgfile.c
FLAG:994:520:522:jpgfile.c
FLAG:995:520:522:jpgfile.c
FLAG:996:522:522:jpgfile.c
FLAG:997:522:523:jpgfile.c
FLAG:998:522:524:jpgfile.c
FLAG:999:522:524:jpgfile.c
FLAG:1000:524:524:jpgfile.c
FLAG:1001:524:525:jpgfile.c
FLAG:1002:524:526:jpgfile.c
FLAG:1003:524:526:jpgfile.c
FLAG:1004:526:526:jpgfile.c
FLAG:1005:526:527:jpgfile.c
FLAG:1006:526:529:jpgfile.c
FLAG:1007:526:529:jpgfile.c
FLAG:1008:529:0:jpgfile.c
FLAG:1009:528:0:jpgfile.c
FLAG:1010:0:0:jpgfile.c
FLAG:1011:526:0:jpgfile.c
FLAG:1012:0:0:jpgfile.c
FLAG:1013:524:0:jpgfile.c
FLAG:1014:0:531:jpgfile.c
FLAG:1015:522:531:jpgfile.c
FLAG:1016:531:519:jpgfile.c
FLAG:1017:519:532:jpgfile.c
FLAG:1018:533:534:jpgfile.c
FLAG:1019:536:537:jpgfile.c
FLAG:1020:533:537:jpgfile.c
FLAG:1021:537:538:jpgfile.c
FLAG:1022:540:541:jpgfile.c
FLAG:1023:537:541:jpgfile.c
FLAG:1024:541:542:jpgfile.c
FLAG:1025:544:546:jpgfile.c
FLAG:1026:541:546:jpgfile.c
FLAG:1027:546:547:jpgfile.c
FLAG:1028:549:550:jpgfile.c
FLAG:1029:546:550:jpgfile.c
FLAG:1030:560:561:jpgfile.c
FLAG:1031:562:564:jpgfile.c
FLAG:1032:560:564:jpgfile.c
FLAG:1033:565:566:jpgfile.c
FLAG:1034:567:570:jpgfile.c
FLAG:1035:565:570:jpgfile.c
FLAG:1036:573:573:jpgfile.c
FLAG:1037:573:581:jpgfile.c
FLAG:1038:581:581:jpgfile.c
FLAG:1039:581:586:jpgfile.c
FLAG:1040:581:586:jpgfile.c
FLAG:1041:590:592:jpgfile.c
FLAG:1042:581:592:jpgfile.c
FLAG:1043:602:604:jpgfile.c
FLAG:1044:605:606:jpgfile.c
FLAG:1045:602:606:jpgfile.c
FLAG:1046:606:606:jpgfile.c
FLAG:1047:606:607:jpgfile.c
FLAG:1048:612:613:jpgfile.c
FLAG:1049:606:613:jpgfile.c
FLAG:1050:606:613:jpgfile.c
FLAG:1051:613:617:jpgfile.c
FLAG:1052:573:617:jpgfile.c
FLAG:1053:573:617:jpgfile.c
FLAG:1054:617:617:jpgfile.c
FLAG:1055:617:617:jpgfile.c
FLAG:1056:617:618:jpgfile.c
FLAG:1057:621:617:jpgfile.c
FLAG:1058:617:624:jpgfile.c
FLAG:1059:652:652:jpgfile.c
FLAG:1060:652:652:jpgfile.c
FLAG:1061:652:653:jpgfile.c
FLAG:1062:653:655:jpgfile.c
FLAG:1063:653:661:jpgfile.c
FLAG:1064:661:652:jpgfile.c
FLAG:1065:652:662:jpgfile.c
FLAG:1066:662:663:jpgfile.c
FLAG:1067:659:663:jpgfile.c
FLAG:1068:672:672:jpgfile.c
FLAG:1069:672:672:jpgfile.c
FLAG:1070:672:673:jpgfile.c
FLAG:1071:673:699:jpgfile.c
FLAG:1072:673:699:jpgfile.c
FLAG:1073:673:699:jpgfile.c
FLAG:1074:673:699:jpgfile.c
FLAG:1075:673:699:jpgfile.c
FLAG:1076:673:699:jpgfile.c
FLAG:1077:673:699:jpgfile.c
FLAG:1078:673:699:jpgfile.c
FLAG:1079:673:699:jpgfile.c
FLAG:1080:673:699:jpgfile.c
FLAG:1081:673:699:jpgfile.c
FLAG:1082:673:699:jpgfile.c
FLAG:1083:673:699:jpgfile.c
FLAG:1084:673:699:jpgfile.c
FLAG:1085:673:699:jpgfile.c
FLAG:1086:673:699:jpgfile.c
FLAG:1087:673:699:jpgfile.c
FLAG:1088:673:699:jpgfile.c
FLAG:1089:673:699:jpgfile.c
FLAG:1090:673:699:jpgfile.c
FLAG:1091:673:699:jpgfile.c
FLAG:1092:673:699:jpgfile.c
FLAG:1093:673:699:jpgfile.c
FLAG:1094:673:699:jpgfile.c
FLAG:1095:673:703:jpgfile.c
FLAG:1096:708:672:jpgfile.c
FLAG:1097:700:672:jpgfile.c
FLAG:1098:672:710:jpgfile.c
FLAG:1099:724:726:jpgfile.c
FLAG:1100:724:727:jpgfile.c
FLAG:1101:727:727:jpgfile.c
FLAG:1102:727:727:jpgfile.c
FLAG:1103:727:728:jpgfile.c
FLAG:1104:728:728:jpgfile.c
FLAG:1105:728:729:jpgfile.c
FLAG:1106:729:729:jpgfile.c
FLAG:1107:729:730:jpgfile.c
FLAG:1108:729:727:jpgfile.c
FLAG:1109:728:727:jpgfile.c
FLAG:1110:730:0:jpgfile.c
FLAG:1111:727:0:jpgfile.c
FLAG:1112:0:734:jpgfile.c
FLAG:1113:726:734:jpgfile.c
FLAG:1114:734:735:jpgfile.c
FLAG:1115:736:738:jpgfile.c
FLAG:1116:734:738:jpgfile.c
FLAG:1117:739:739:jpgfile.c
FLAG:1118:739:739:jpgfile.c
FLAG:1119:739:740:jpgfile.c
FLAG:1120:741:739:jpgfile.c
FLAG:1121:739:742:jpgfile.c
FLAG:1122:759:760:jpgfile.c
FLAG:1123:762:764:jpgfile.c
FLAG:1124:759:764:jpgfile.c
FLAG:1127:92:92:jpgqguess.c
FLAG:1128:92:92:jpgqguess.c
FLAG:1129:92:94:jpgqguess.c
FLAG:1130:96:97:jpgqguess.c
FLAG:1131:98:99:jpgqguess.c
FLAG:1132:96:99:jpgqguess.c
FLAG:1133:99:100:jpgqguess.c
FLAG:1134:101:104:jpgqguess.c
FLAG:1135:99:104:jpgqguess.c
FLAG:1136:104:104:jpgqguess.c
FLAG:1137:104:104:jpgqguess.c
FLAG:1138:104:105:jpgqguess.c
FLAG:1139:106:107:jpgqguess.c
FLAG:1140:106:112:jpgqguess.c
FLAG:1141:112:114:jpgqguess.c
FLAG:1142:111:114:jpgqguess.c
FLAG:1143:115:116:jpgqguess.c
FLAG:1144:122:122:jpgqguess.c
FLAG:1145:122:123:jpgqguess.c
FLAG:1146:122:123:jpgqguess.c
FLAG:1147:123:124:jpgqguess.c
FLAG:1148:115:124:jpgqguess.c
FLAG:1149:124:104:jpgqguess.c
FLAG:1150:104:126:jpgqguess.c
FLAG:1151:126:127:jpgqguess.c
FLAG:1152:127:127:jpgqguess.c
FLAG:1153:127:127:jpgqguess.c
FLAG:1154:127:128:jpgqguess.c
FLAG:1155:129:129:jpgqguess.c
FLAG:1156:129:129:jpgqguess.c
FLAG:1157:129:130:jpgqguess.c
FLAG:1158:131:129:jpgqguess.c
FLAG:1159:129:132:jpgqguess.c
FLAG:1160:133:127:jpgqguess.c
FLAG:1161:127:134:jpgqguess.c
FLAG:1162:134:136:jpgqguess.c
FLAG:1163:126:136:jpgqguess.c
FLAG:1164:136:137:jpgqguess.c
FLAG:1165:141:142:jpgqguess.c
FLAG:1166:141:143:jpgqguess.c
FLAG:1167:143:144:jpgqguess.c
FLAG:1168:143:146:jpgqguess.c
FLAG:1169:146:0:jpgqguess.c
FLAG:1170:145:0:jpgqguess.c
FLAG:1171:0:148:jpgqguess.c
FLAG:1172:143:148:jpgqguess.c
FLAG:1173:148:148:jpgqguess.c
FLAG:1174:148:150:jpgqguess.c
FLAG:1175:148:150:jpgqguess.c
FLAG:1176:150:152:jpgqguess.c
FLAG:1177:150:154:jpgqguess.c
FLAG:1178:154:155:jpgqguess.c
FLAG:1179:156:0:jpgqguess.c
FLAG:1180:154:0:jpgqguess.c
FLAG:1181:0:158:jpgqguess.c
FLAG:1182:153:158:jpgqguess.c
FLAG:1183:158:92:jpgqguess.c
FLAG:1184:136:92:jpgqguess.c
FLAG:1185:92:160:jpgqguess.c
FLAG:1186:176:177:jpgqguess.c
FLAG:1187:178:180:jpgqguess.c
FLAG:1188:176:180:jpgqguess.c
FLAG:1189:181:181:jpgqguess.c
FLAG:1190:181:181:jpgqguess.c
FLAG:1191:181:183:jpgqguess.c
FLAG:1192:184:185:jpgqguess.c
FLAG:1193:186:187:jpgqguess.c
FLAG:1194:184:187:jpgqguess.c
FLAG:1195:187:187:jpgqguess.c
FLAG:1196:187:187:jpgqguess.c
FLAG:1197:187:188:jpgqguess.c
FLAG:1198:189:187:jpgqguess.c
FLAG:1199:187:190:jpgqguess.c
FLAG:1200:190:190:jpgqguess.c
FLAG:1201:190:190:jpgqguess.c
FLAG:1202:190:191:jpgqguess.c
FLAG:1203:191:192:jpgqguess.c
FLAG:1204:193:194:jpgqguess.c
FLAG:1205:191:194:jpgqguess.c
FLAG:1206:194:194:jpgqguess.c
FLAG:1207:194:194:jpgqguess.c
FLAG:1208:194:195:jpgqguess.c
FLAG:1209:196:197:jpgqguess.c
FLAG:1210:198:194:jpgqguess.c
FLAG:1211:196:194:jpgqguess.c
FLAG:1212:194:200:jpgqguess.c
FLAG:1213:200:201:jpgqguess.c
FLAG:1214:202:203:jpgqguess.c
FLAG:1215:200:203:jpgqguess.c
FLAG:1216:203:190:jpgqguess.c
FLAG:1217:190:181:jpgqguess.c
FLAG:1218:181:205:jpgqguess.c
FLAG:1219:35:36:paths.c
FLAG:1220:35:36:paths.c
FLAG:1221:37:38:paths.c
FLAG:1222:37:41:paths.c
FLAG:1223:41:42:paths.c
FLAG:1224:44:45:paths.c
FLAG:1225:45:48:paths.c
FLAG:1226:48:50:paths.c
FLAG:1227:48:52:paths.c
FLAG:1228:45:55:paths.c
FLAG:1229:44:59:paths.c
FLAG:1230:59:59:paths.c
FLAG:1231:59:60:paths.c
FLAG:1232:59:60:paths.c
FLAG:1233:60:35:paths.c
FLAG:1234:41:35:paths.c
FLAG:1235:52:66:paths.c
FLAG:1236:39:66:paths.c
FLAG:1237:66:66:paths.c
FLAG:1238:66:66:paths.c
FLAG:1239:66:67:paths.c
FLAG:1240:67:67:paths.c
FLAG:1241:67:68:paths.c
FLAG:1242:67:68:paths.c
FLAG:1243:68:68:paths.c
FLAG:1244:68:69:paths.c
FLAG:1245:74:75:paths.c
FLAG:1246:74:79:paths.c
FLAG:1247:79:80:paths.c
FLAG:1248:67:80:paths.c
FLAG:1249:80:66:paths.c
FLAG:1250:68:81:paths.c
FLAG:1251:66:81:paths.c
FLAG:1252:81:82:paths.c
FLAG:1253:77:82:paths.c
FLAG:1254:56:82:paths.c
FLAG:1255:50:82:paths.c
FLAG:1256:93:95:paths.c
FLAG:1257:96:98:paths.c
FLAG:1258:93:98:paths.c
FLAG:1259:98:98:paths.c
FLAG:1260:98:98:paths.c
FLAG:1261:98:100:paths.c
FLAG:1262:98:100:paths.c
FLAG:1263:98:100:paths.c
FLAG:1264:98:104:paths.c
FLAG:1265:104:105:paths.c
FLAG:1266:107:109:paths.c
FLAG:1267:104:109:paths.c
FLAG:1268:113:113:paths.c
FLAG:1269:101:113:paths.c
FLAG:1272:320:321:exif.c
FLAG:1273:320:323:exif.c
FLAG:1274:323:325:exif.c
FLAG:1275:321:325:exif.c
FLAG:1276:332:333:exif.c
FLAG:1277:332:336:exif.c
FLAG:1278:337:339:exif.c
FLAG:1279:334:339:exif.c
FLAG:1280:346:347:exif.c
FLAG:1281:346:352:exif.c
FLAG:1282:355:357:exif.c
FLAG:1283:351:357:exif.c
FLAG:1284:374:374:exif.c
FLAG:1285:374:374:exif.c
FLAG:1286:374:375:exif.c
FLAG:1287:375:377:exif.c
FLAG:1288:375:377:exif.c
FLAG:1289:375:378:exif.c
FLAG:1290:375:380:exif.c
FLAG:1291:375:380:exif.c
FLAG:1292:375:381:exif.c
FLAG:1293:375:383:exif.c
FLAG:1294:375:388:exif.c
FLAG:1295:375:392:exif.c
FLAG:1296:375:393:exif.c
FLAG:1297:375:395:exif.c
FLAG:1298:393:398:exif.c
FLAG:1299:392:398:exif.c
FLAG:1300:390:398:exif.c
FLAG:1301:385:398:exif.c
FLAG:1302:381:398:exif.c
FLAG:1303:380:398:exif.c
FLAG:1304:378:398:exif.c
FLAG:1305:377:398:exif.c
FLAG:1306:399:399:exif.c
FLAG:1307:399:400:exif.c
FLAG:1308:403:374:exif.c
FLAG:1309:399:404:exif.c
FLAG:1310:374:404:exif.c
FLAG:1311:404:404:exif.c
FLAG:1312:396:405:exif.c
FLAG:1313:404:405:exif.c
FLAG:1314:404:405:exif.c
FLAG:1315:416:417:exif.c
FLAG:1316:416:418:exif.c
FLAG:1317:416:420:exif.c
FLAG:1318:416:421:exif.c
FLAG:1319:416:426:exif.c
FLAG:1320:416:426:exif.c
FLAG:1321:429:430:exif.c
FLAG:1322:429:432:exif.c
FLAG:1323:432:433:exif.c
FLAG:1324:432:435:exif.c
FLAG:1325:435:0:exif.c
FLAG:1326:434:0:exif.c
FLAG:1327:0:438:exif.c
FLAG:1328:431:438:exif.c
FLAG:1329:416:441:exif.c
FLAG:1330:416:442:exif.c
FLAG:1331:416:445:exif.c
FLAG:1332:416:446:exif.c
FLAG:1333:416:449:exif.c
FLAG:1334:450:451:exif.c
FLAG:1335:446:451:exif.c
FLAG:1336:445:451:exif.c
FLAG:1337:442:451:exif.c
FLAG:1338:441:451:exif.c
FLAG:1339:438:451:exif.c
FLAG:1340:421:451:exif.c
FLAG:1341:420:451:exif.c
FLAG:1342:418:451:exif.c
FLAG:1343:417:451:exif.c
FLAG:1344:990:991:exif.c
FLAG:1345:992:996:exif.c
FLAG:1346:990:996:exif.c
FLAG:1347:996:997:exif.c
FLAG:1348:996:1002:exif.c
FLAG:1349:1002:1003:exif.c
FLAG:1350:1003:1003:exif.c
FLAG:1351:1003:1004:exif.c
FLAG:1352:1003:1004:exif.c
FLAG:1353:1002:1006:exif.c
FLAG:1354:1006:1007:exif.c
FLAG:1355:1007:1007:exif.c
FLAG:1356:1007:1008:exif.c
FLAG:1357:1007:1008:exif.c
FLAG:1358:1006:1010:exif.c
FLAG:1359:1009:0:exif.c
FLAG:1360:0:1016:exif.c
FLAG:1361:1005:1016:exif.c
FLAG:1362:1016:1017:exif.c
FLAG:1363:1016:1021:exif.c
FLAG:1364:1022:1022:exif.c
FLAG:1365:1022:1023:exif.c
FLAG:1366:1022:1023:exif.c
FLAG:1367:1023:1023:exif.c
FLAG:1368:1023:1024:exif.c
FLAG:1369:1023:1024:exif.c
FLAG:1370:1023:1028:exif.c
FLAG:1371:1029:1031:exif.c
FLAG:1372:1022:1031:exif.c
FLAG:1373:1039:1040:exif.c
FLAG:1374:1042:1042:exif.c
FLAG:1375:1042:1042:exif.c
FLAG:1376:1042:1043:exif.c
FLAG:1377:1044:1044:exif.c
FLAG:1378:1044:1044:exif.c
FLAG:1379:1044:1044:exif.c
FLAG:1380:1044:1044:exif.c
FLAG:1381:1044:1045:exif.c
FLAG:1382:1046:1042:exif.c
FLAG:1383:1042:1047:exif.c
FLAG:1384:1047:1051:exif.c
FLAG:1385:1039:1051:exif.c
FLAG:1386:1051:1051:exif.c
FLAG:1387:1051:1056:exif.c
FLAG:1388:1058:1058:exif.c
FLAG:1389:1058:1061:exif.c
FLAG:1390:1062:1063:exif.c
FLAG:1391:1058:1063:exif.c
FLAG:1392:1058:1063:exif.c
FLAG:1393:998:1064:exif.c
FLAG:1394:1011:1064:exif.c
FLAG:1395:1018:1064:exif.c
FLAG:1396:1025:1064:exif.c
FLAG:1397:1063:1064:exif.c
FLAG:1398:1051:1064:exif.c
FLAG:1399:1051:1064:exif.c
FLAG:1400:467:468:exif.c
FLAG:1401:467:472:exif.c
FLAG:1402:482:483:exif.c
FLAG:1403:483:483:exif.c
FLAG:1404:483:486:exif.c
FLAG:1405:483:486:exif.c
FLAG:1406:483:487:exif.c
FLAG:1407:486:490:exif.c
FLAG:1408:490:491:exif.c
FLAG:1409:482:491:exif.c
FLAG:1410:491:492:exif.c
FLAG:1411:493:498:exif.c
FLAG:1412:491:498:exif.c
FLAG:1413:498:499:exif.c
FLAG:1414:500:502:exif.c
FLAG:1415:498:502:exif.c
FLAG:1416:502:502:exif.c
FLAG:1417:502:502:exif.c
FLAG:1418:502:503:exif.c
FLAG:1419:513:515:exif.c
FLAG:1420:513:519:exif.c
FLAG:1421:519:520:exif.c
FLAG:1422:519:524:exif.c
FLAG:1423:526:527:exif.c
FLAG:1424:530:532:exif.c
FLAG:1425:530:535:exif.c
FLAG:1426:537:538:exif.c
FLAG:1427:539:541:exif.c
FLAG:1428:537:541:exif.c
FLAG:1429:541:542:exif.c
FLAG:1430:543:544:exif.c
FLAG:1431:541:544:exif.c
FLAG:1432:526:546:exif.c
FLAG:1433:546:549:exif.c
FLAG:1434:544:549:exif.c
FLAG:1435:549:550:exif.c
FLAG:1436:550:551:exif.c
FLAG:1437:552:553:exif.c
FLAG:1438:550:553:exif.c
FLAG:1439:549:557:exif.c
FLAG:1440:557:559:exif.c
FLAG:1441:559:560:exif.c
FLAG:1442:559:560:exif.c
FLAG:1443:560:561:exif.c
FLAG:1444:560:564:exif.c
FLAG:1445:564:565:exif.c
FLAG:1446:564:568:exif.c
FLAG:1447:568:559:exif.c
FLAG:1448:566:571:exif.c
FLAG:1449:562:571:exif.c
FLAG:1450:571:573:exif.c
FLAG:1451:573:574:exif.c
FLAG:1452:573:576:exif.c
FLAG:1453:577:579:exif.c
FLAG:1454:575:579:exif.c
FLAG:1455:571:587:exif.c
FLAG:1456:571:587:exif.c
FLAG:1457:589:589:exif.c
FLAG:1458:589:589:exif.c
FLAG:1459:589:590:exif.c
FLAG:1460:590:591:exif.c
FLAG:1461:590:596:exif.c
FLAG:1462:596:596:exif.c
FLAG:1463:596:597:exif.c
FLAG:1464:599:0:exif.c
FLAG:1465:596:0:exif.c
FLAG:1466:596:0:exif.c
FLAG:1467:0:601:exif.c
FLAG:1468:593:601:exif.c
FLAG:1469:601:589:exif.c
FLAG:1470:589:602:exif.c
FLAG:1471:571:608:exif.c
FLAG:1472:610:611:exif.c
FLAG:1473:604:611:exif.c
FLAG:1474:579:611:exif.c
FLAG:1475:611:614:exif.c
FLAG:1476:557:614:exif.c
FLAG:1477:614:617:exif.c
FLAG:1478:617:617:exif.c
FLAG:1479:617:617:exif.c
FLAG:1480:617:617:exif.c
FLAG:1481:617:617:exif.c
FLAG:1482:614:621:exif.c
FLAG:1483:621:621:exif.c
FLAG:1484:621:621:exif.c
FLAG:1485:621:621:exif.c
FLAG:1486:621:621:exif.c
FLAG:1487:614:626:exif.c
FLAG:1488:614:631:exif.c
FLAG:1489:614:631:exif.c
FLAG:1490:626:631:exif.c
FLAG:1491:631:634:exif.c
FLAG:1492:635:637:exif.c
FLAG:1493:631:637:exif.c
FLAG:1494:637:638:exif.c
FLAG:1495:637:642:exif.c
FLAG:1496:614:646:exif.c
FLAG:1497:646:648:exif.c
FLAG:1498:648:648:exif.c
FLAG:1499:648:649:exif.c
FLAG:1500:648:649:exif.c
FLAG:1501:646:652:exif.c
FLAG:1502:652:653:exif.c
FLAG:1503:653:653:exif.c
FLAG:1504:653:654:exif.c
FLAG:1505:653:654:exif.c
FLAG:1506:656:657:exif.c
FLAG:1507:652:657:exif.c
FLAG:1508:614:660:exif.c
FLAG:1509:660:662:exif.c
FLAG:1510:662:662:exif.c
FLAG:1511:662:663:exif.c
FLAG:1512:662:663:exif.c
FLAG:1513:660:667:exif.c
FLAG:1514:667:668:exif.c
FLAG:1515:667:668:exif.c
FLAG:1516:669:670:exif.c
FLAG:1517:669:672:exif.c
FLAG:1518:671:674:exif.c
FLAG:1519:674:674:exif.c
FLAG:1520:674:667:exif.c
FLAG:1521:674:679:exif.c
FLAG:1522:672:679:exif.c
FLAG:1523:680:680:exif.c
FLAG:1524:680:681:exif.c
FLAG:1525:680:681:exif.c
FLAG:1526:681:681:exif.c
FLAG:1527:681:682:exif.c
FLAG:1528:681:682:exif.c
FLAG:1529:682:682:exif.c
FLAG:1530:682:683:exif.c
FLAG:1531:683:683:exif.c
FLAG:1532:683:683:exif.c
FLAG:1533:683:683:exif.c
FLAG:1534:683:683:exif.c
FLAG:1535:683:683:exif.c
FLAG:1536:683:684:exif.c
FLAG:1537:685:685:exif.c
FLAG:1538:685:686:exif.c
FLAG:1539:685:689:exif.c
FLAG:1540:685:689:exif.c
FLAG:1541:689:683:exif.c
FLAG:1542:687:690:exif.c
FLAG:1543:683:690:exif.c
FLAG:1544:682:691:exif.c
FLAG:1545:682:691:exif.c
FLAG:1546:691:694:exif.c
FLAG:1547:690:694:exif.c
FLAG:1548:614:699:exif.c
FLAG:1549:614:706:exif.c
FLAG:1550:614:706:exif.c
FLAG:1551:706:708:exif.c
FLAG:1552:709:710:exif.c
FLAG:1553:706:710:exif.c
FLAG:1554:614:715:exif.c
FLAG:1555:614:721:exif.c
FLAG:1556:614:727:exif.c
FLAG:1557:614:733:exif.c
FLAG:1558:733:735:exif.c
FLAG:1559:736:737:exif.c
FLAG:1560:733:737:exif.c
FLAG:1561:614:741:exif.c
FLAG:1562:614:745:exif.c
FLAG:1563:745:748:exif.c
FLAG:1564:745:751:exif.c
FLAG:1565:753:754:exif.c
FLAG:1566:755:756:exif.c
FLAG:1567:753:756:exif.c
FLAG:1568:756:756:exif.c
FLAG:1569:756:757:exif.c
FLAG:1570:756:757:exif.c
FLAG:1571:759:760:exif.c
FLAG:1572:756:760:exif.c
FLAG:1573:614:767:exif.c
FLAG:1574:614:767:exif.c
FLAG:1575:768:768:exif.c
FLAG:1576:768:769:exif.c
FLAG:1577:768:769:exif.c
FLAG:1578:614:772:exif.c
FLAG:1579:614:776:exif.c
FLAG:1580:776:777:exif.c
FLAG:1581:776:782:exif.c
FLAG:1582:776:785:exif.c
FLAG:1583:776:786:exif.c
FLAG:1584:776:787:exif.c
FLAG:1585:776:789:exif.c
FLAG:1586:787:789:exif.c
FLAG:1587:786:789:exif.c
FLAG:1588:785:789:exif.c
FLAG:1589:783:789:exif.c
FLAG:1590:777:789:exif.c
FLAG:1591:614:792:exif.c
FLAG:1592:614:796:exif.c
FLAG:1593:614:800:exif.c
FLAG:1594:614:804:exif.c
FLAG:1595:614:808:exif.c
FLAG:1596:614:812:exif.c
FLAG:1597:812:816:exif.c
FLAG:1598:817:818:exif.c
FLAG:1599:812:818:exif.c
FLAG:1600:614:821:exif.c
FLAG:1601:614:825:exif.c
FLAG:1602:614:829:exif.c
FLAG:1603:614:833:exif.c
FLAG:1604:614:838:exif.c
FLAG:1605:614:843:exif.c
FLAG:1606:843:843:exif.c
FLAG:1607:843:843:exif.c
FLAG:1608:843:843:exif.c
FLAG:1609:614:846:exif.c
FLAG:1610:843:846:exif.c
FLAG:1611:846:846:exif.c
FLAG:1612:846:846:exif.c
FLAG:1613:846:848:exif.c
FLAG:1614:846:848:exif.c
FLAG:1615:846:848:exif.c
FLAG:1616:850:850:exif.c
FLAG:1617:850:851:exif.c
FLAG:1618:850:851:exif.c
FLAG:1619:850:853:exif.c
FLAG:1620:853:855:exif.c
FLAG:1621:852:855:exif.c
FLAG:1622:614:860:exif.c
FLAG:1623:860:860:exif.c
FLAG:1624:860:862:exif.c
FLAG:1625:860:862:exif.c
FLAG:1626:864:864:exif.c
FLAG:1627:864:865:exif.c
FLAG:1628:864:865:exif.c
FLAG:1629:864:867:exif.c
FLAG:1630:867:869:exif.c
FLAG:1631:866:869:exif.c
FLAG:1632:614:877:exif.c
FLAG:1633:614:883:exif.c
FLAG:1634:614:889:exif.c
FLAG:1635:889:890:exif.c
FLAG:1636:892:892:exif.c
FLAG:1637:892:893:exif.c
FLAG:1638:892:893:exif.c
FLAG:1639:893:894:exif.c
FLAG:1640:889:894:exif.c
FLAG:1641:614:897:exif.c
FLAG:1642:897:898:exif.c
FLAG:1643:900:900:exif.c
FLAG:1644:900:901:exif.c
FLAG:1645:900:901:exif.c
FLAG:1646:901:902:exif.c
FLAG:1647:897:902:exif.c
FLAG:1648:614:905:exif.c
FLAG:1649:905:906:exif.c
FLAG:1650:907:908:exif.c
FLAG:1651:905:908:exif.c
FLAG:1652:614:911:exif.c
FLAG:1653:908:911:exif.c
FLAG:1654:902:911:exif.c
FLAG:1655:894:911:exif.c
FLAG:1656:884:911:exif.c
FLAG:1657:878:911:exif.c
FLAG:1658:840:911:exif.c
FLAG:1659:835:911:exif.c
FLAG:1660:830:911:exif.c
FLAG:1661:826:911:exif.c
FLAG:1662:822:911:exif.c
FLAG:1663:818:911:exif.c
FLAG:1664:809:911:exif.c
FLAG:1665:805:911:exif.c
FLAG:1666:801:911:exif.c
FLAG:1667:797:911:exif.c
FLAG:1668:793:911:exif.c
FLAG:1669:789:911:exif.c
FLAG:1670:773:911:exif.c
FLAG:1671:769:911:exif.c
FLAG:1672:761:911:exif.c
FLAG:1673:749:911:exif.c
FLAG:1674:742:911:exif.c
FLAG:1675:737:911:exif.c
FLAG:1676:728:911:exif.c
FLAG:1677:722:911:exif.c
FLAG:1678:716:911:exif.c
FLAG:1679:710:911:exif.c
FLAG:1680:700:911:exif.c
FLAG:1681:694:911:exif.c
FLAG:1682:663:911:exif.c
FLAG:1683:657:911:exif.c
FLAG:1684:649:911:exif.c
FLAG:1685:643:911:exif.c
FLAG:1686:639:911:exif.c
FLAG:1687:622:911:exif.c
FLAG:1688:618:911:exif.c
FLAG:1689:911:502:exif.c
FLAG:1690:869:502:exif.c
FLAG:1691:855:502:exif.c
FLAG:1692:554:502:exif.c
FLAG:1693:533:502:exif.c
FLAG:1694:521:502:exif.c
FLAG:1695:516:502:exif.c
FLAG:1696:502:918:exif.c
FLAG:1697:921:922:exif.c
FLAG:1698:923:924:exif.c
FLAG:1699:925:925:exif.c
FLAG:1700:925:926:exif.c
FLAG:1701:925:926:exif.c
FLAG:1702:926:926:exif.c
FLAG:1703:926:930:exif.c
FLAG:1704:930:930:exif.c
FLAG:1705:930:931:exif.c
FLAG:1706:930:931:exif.c
FLAG:1707:926:932:exif.c
FLAG:1708:926:932:exif.c
FLAG:1709:932:934:exif.c
FLAG:1710:931:934:exif.c
FLAG:1711:925:935:exif.c
FLAG:1712:935:936:exif.c
FLAG:1713:936:936:exif.c
FLAG:1714:936:937:exif.c
FLAG:1715:936:937:exif.c
FLAG:1716:938:0:exif.c
FLAG:1717:935:0:exif.c
FLAG:1718:0:940:exif.c
FLAG:1719:934:940:exif.c
FLAG:1720:940:941:exif.c
FLAG:1721:942:943:exif.c
FLAG:1722:940:943:exif.c
FLAG:1723:943:944:exif.c
FLAG:1724:923:944:exif.c
FLAG:1725:921:0:exif.c
FLAG:1726:0:949:exif.c
FLAG:1727:944:949:exif.c
FLAG:1728:949:950:exif.c
FLAG:1729:952:953:exif.c
FLAG:1730:954:956:exif.c
FLAG:1731:952:956:exif.c
FLAG:1732:956:957:exif.c
FLAG:1733:957:961:exif.c
FLAG:1734:962:962:exif.c
FLAG:1735:962:964:exif.c
FLAG:1736:962:964:exif.c
FLAG:1737:964:966:exif.c
FLAG:1738:957:966:exif.c
FLAG:1739:969:970:exif.c
FLAG:1740:971:972:exif.c
FLAG:1741:969:972:exif.c
FLAG:1742:972:973:exif.c
FLAG:1743:956:973:exif.c
FLAG:1744:469:974:exif.c
FLAG:1745:488:974:exif.c
FLAG:1746:973:974:exif.c
FLAG:1747:949:974:exif.c
FLAG:1748:1107:1109:exif.c
FLAG:1749:1107:1113:exif.c
FLAG:1750:1113:1115:exif.c
FLAG:1751:1111:1115:exif.c
FLAG:1752:1193:1194:exif.c
FLAG:1753:1195:1196:exif.c
FLAG:1754:1193:1196:exif.c
FLAG:1755:306:307:exif.c
FLAG:1756:306:310:exif.c
FLAG:1757:311:313:exif.c
FLAG:1758:309:313:exif.c
FLAG:1759:1212:1212:exif.c
FLAG:1760:1212:1214:exif.c
FLAG:1761:1214:1214:exif.c
FLAG:1762:1214:1214:exif.c
FLAG:1763:1214:1215:exif.c
FLAG:1764:1215:1218:exif.c
FLAG:1765:1215:1218:exif.c
FLAG:1766:1215:1222:exif.c
FLAG:1767:1215:1227:exif.c
FLAG:1768:1215:1227:exif.c
FLAG:1769:1229:1230:exif.c
FLAG:1770:1229:1232:exif.c
FLAG:1771:1232:1234:exif.c
FLAG:1772:1231:1234:exif.c
FLAG:1773:1215:1237:exif.c
FLAG:1774:1234:1239:exif.c
FLAG:1775:1223:1239:exif.c
FLAG:1776:1219:1239:exif.c
FLAG:1777:1239:1214:exif.c
FLAG:1778:1214:1241:exif.c
FLAG:1779:1241:1242:exif.c
FLAG:1780:1237:1242:exif.c
FLAG:1781:1212:1242:exif.c
FLAG:1782:1261:1262:exif.c
FLAG:1783:1262:1262:exif.c
FLAG:1784:1262:1262:exif.c
FLAG:1785:1262:1266:exif.c
FLAG:1786:1271:1274:exif.c
FLAG:1787:1262:1274:exif.c
FLAG:1788:1262:1274:exif.c
FLAG:1789:1262:1274:exif.c
FLAG:1790:1261:1280:exif.c
FLAG:1791:1280:1281:exif.c
FLAG:1792:1277:1281:exif.c
FLAG:1793:1290:1291:exif.c
FLAG:1794:1299:1301:exif.c
FLAG:1795:1290:1301:exif.c
FLAG:1796:1301:1302:exif.c
FLAG:1797:1304:1305:exif.c
FLAG:1798:1301:1305:exif.c
FLAG:1799:1305:1306:exif.c
FLAG:1800:1307:1308:exif.c
FLAG:1801:1305:1308:exif.c
FLAG:1802:1310:1312:exif.c
FLAG:1803:1313:1315:exif.c
FLAG:1804:1310:1315:exif.c
FLAG:1805:1315:1316:exif.c
FLAG:1806:1317:1319:exif.c
FLAG:1807:1315:1319:exif.c
FLAG:1808:1319:1320:exif.c
FLAG:1809:1320:1321:exif.c
FLAG:1810:1322:1323:exif.c
FLAG:1811:1322:1324:exif.c
FLAG:1812:1322:1325:exif.c
FLAG:1813:1322:1326:exif.c
FLAG:1814:1322:1327:exif.c
FLAG:1815:1322:1328:exif.c
FLAG:1816:1322:1329:exif.c
FLAG:1817:1322:1330:exif.c
FLAG:1818:1322:1331:exif.c
FLAG:1819:1322:1332:exif.c
FLAG:1820:1322:1333:exif.c
FLAG:1821:1322:1334:exif.c
FLAG:1822:1322:1335:exif.c
FLAG:1823:1322:1336:exif.c
FLAG:1824:1322:1337:exif.c
FLAG:1825:1322:1338:exif.c
FLAG:1826:1322:1339:exif.c
FLAG:1827:1322:1341:exif.c
FLAG:1828:1339:1341:exif.c
FLAG:1829:1338:1341:exif.c
FLAG:1830:1337:1341:exif.c
FLAG:1831:1336:1341:exif.c
FLAG:1832:1335:1341:exif.c
FLAG:1833:1334:1341:exif.c
FLAG:1834:1333:1341:exif.c
FLAG:1835:1332:1341:exif.c
FLAG:1836:1331:1341:exif.c
FLAG:1837:1330:1341:exif.c
FLAG:1838:1329:1341:exif.c
FLAG:1839:1328:1341:exif.c
FLAG:1840:1327:1341:exif.c
FLAG:1841:1326:1341:exif.c
FLAG:1842:1325:1341:exif.c
FLAG:1843:1324:1341:exif.c
FLAG:1844:1323:1341:exif.c
FLAG:1845:1320:1342:exif.c
FLAG:1846:1343:1344:exif.c
FLAG:1847:1343:0:exif.c
FLAG:1848:1344:0:exif.c
FLAG:1849:0:1347:exif.c
FLAG:1850:1341:1347:exif.c
FLAG:1851:1348:1351:exif.c
FLAG:1852:1319:1351:exif.c
FLAG:1853:1351:1352:exif.c
FLAG:1854:1353:1354:exif.c
FLAG:1855:1355:1356:exif.c
FLAG:1856:1353:1356:exif.c
FLAG:1857:1357:1359:exif.c
FLAG:1858:1351:1359:exif.c
FLAG:1859:1359:1361:exif.c
FLAG:1860:1362:1364:exif.c
FLAG:1861:1359:1364:exif.c
FLAG:1862:1364:1365:exif.c
FLAG:1863:1366:1368:exif.c
FLAG:1864:1364:1368:exif.c
FLAG:1865:1368:1369:exif.c
FLAG:1866:1369:1370:exif.c
FLAG:1867:1369:1372:exif.c
FLAG:1868:1372:1374:exif.c
FLAG:1869:1371:1374:exif.c
FLAG:1870:1374:1375:exif.c
FLAG:1871:1376:1377:exif.c
FLAG:1872:1374:1377:exif.c
FLAG:1873:1378:1379:exif.c
FLAG:1874:1368:1379:exif.c
FLAG:1875:1379:1380:exif.c
FLAG:1876:1381:1382:exif.c
FLAG:1877:1379:1382:exif.c
FLAG:1878:1382:1383:exif.c
FLAG:1879:1383:1384:exif.c
FLAG:1880:1383:1386:exif.c
FLAG:1881:1386:1388:exif.c
FLAG:1882:1385:1388:exif.c
FLAG:1883:1388:1390:exif.c
FLAG:1884:1382:1390:exif.c
FLAG:1885:1390:1391:exif.c
FLAG:1886:1392:1394:exif.c
FLAG:1887:1390:1394:exif.c
FLAG:1888:1394:1397:exif.c
FLAG:1889:1398:1400:exif.c
FLAG:1890:1394:1400:exif.c
FLAG:1891:1400:1402:exif.c
FLAG:1892:1400:1405:exif.c
FLAG:1893:1400:1410:exif.c
FLAG:1894:1406:1410:exif.c
FLAG:1895:1403:1410:exif.c
FLAG:1896:1410:1412:exif.c
FLAG:1897:1410:1415:exif.c
FLAG:1898:1410:1418:exif.c
FLAG:1899:1410:1421:exif.c
FLAG:1900:1410:1424:exif.c
FLAG:1901:1410:1427:exif.c
FLAG:1902:1410:1432:exif.c
FLAG:1903:1432:1434:exif.c
FLAG:1904:1428:1434:exif.c
FLAG:1905:1425:1434:exif.c
FLAG:1906:1422:1434:exif.c
FLAG:1907:1419:1434:exif.c
FLAG:1908:1416:1434:exif.c
FLAG:1909:1413:1434:exif.c
FLAG:1910:1434:1435:exif.c
FLAG:1911:1436:1437:exif.c
FLAG:1912:1436:1438:exif.c
FLAG:1913:1436:1439:exif.c
FLAG:1914:1436:1440:exif.c
FLAG:1915:1436:1441:exif.c
FLAG:1916:1436:1442:exif.c
FLAG:1917:1436:1443:exif.c
FLAG:1918:1436:1444:exif.c
FLAG:1919:1444:1446:exif.c
FLAG:1920:1443:1446:exif.c
FLAG:1921:1442:1446:exif.c
FLAG:1922:1441:1446:exif.c
FLAG:1923:1440:1446:exif.c
FLAG:1924:1439:1446:exif.c
FLAG:1925:1438:1446:exif.c
FLAG:1926:1437:1446:exif.c
FLAG:1927:1446:1448:exif.c
FLAG:1928:1434:1448:exif.c
FLAG:1929:1448:1449:exif.c
FLAG:1930:1449:1451:exif.c
FLAG:1931:1449:1454:exif.c
FLAG:1932:1449:1457:exif.c
FLAG:1933:1449:1460:exif.c
FLAG:1934:1449:1463:exif.c
FLAG:1935:1449:1466:exif.c
FLAG:1936:1449:1469:exif.c
FLAG:1937:1449:1472:exif.c
FLAG:1938:1449:1475:exif.c
FLAG:1939:1475:1477:exif.c
FLAG:1940:1473:1477:exif.c
FLAG:1941:1470:1477:exif.c
FLAG:1942:1467:1477:exif.c
FLAG:1943:1464:1477:exif.c
FLAG:1944:1461:1477:exif.c
FLAG:1945:1458:1477:exif.c
FLAG:1946:1455:1477:exif.c
FLAG:1947:1452:1477:exif.c
FLAG:1948:1477:1478:exif.c
FLAG:1949:1448:1478:exif.c
FLAG:1950:1478:1480:exif.c
FLAG:1951:1478:1481:exif.c
FLAG:1952:1478:1483:exif.c
FLAG:1953:1478:1487:exif.c
FLAG:1954:1484:1487:exif.c
FLAG:1955:1482:1487:exif.c
FLAG:1956:1480:1487:exif.c
FLAG:1957:1487:1488:exif.c
FLAG:1958:1489:1491:exif.c
FLAG:1959:1489:1494:exif.c
FLAG:1960:1489:1497:exif.c
FLAG:1961:1489:1500:exif.c
FLAG:1962:1498:1500:exif.c
FLAG:1963:1495:1500:exif.c
FLAG:1964:1492:1500:exif.c
FLAG:1965:1501:1505:exif.c
FLAG:1966:1487:1505:exif.c
FLAG:1967:1505:1508:exif.c
FLAG:1968:1509:1510:exif.c
FLAG:1969:1509:1510:exif.c
FLAG:1970:1510:1512:exif.c
FLAG:1971:1510:1515:exif.c
FLAG:1972:1515:1516:exif.c
FLAG:1973:1515:1519:exif.c
FLAG:1974:1519:1509:exif.c
FLAG:1975:1517:1520:exif.c
FLAG:1976:1513:1520:exif.c
FLAG:1977:1520:1522:exif.c
FLAG:1978:1505:1522:exif.c
FLAG:1979:1522:1523:exif.c
FLAG:1980:1525:1525:exif.c
FLAG:1981:1525:1526:exif.c
FLAG:1982:1525:1526:exif.c
FLAG:1983:1526:1528:exif.c
FLAG:1984:1522:1528:exif.c
FLAG:1985:1528:1529:exif.c
FLAG:1986:1530:1533:exif.c
FLAG:1987:1528:1533:exif.c
FLAG:1988:1533:1534:exif.c
FLAG:1989:1536:1537:exif.c
FLAG:1990:1537:1537:exif.c
FLAG:1991:1537:1537:exif.c
FLAG:1992:1537:1538:exif.c
FLAG:1993:1539:1539:exif.c
FLAG:1994:1539:1540:exif.c
FLAG:1995:1540:1542:exif.c
FLAG:1996:1542:1543:exif.c
FLAG:1997:1542:1545:exif.c
FLAG:1998:1545:1547:exif.c
FLAG:1999:1544:1547:exif.c
FLAG:2000:1540:1548:exif.c
FLAG:2001:1548:1550:exif.c
FLAG:2002:1547:1550:exif.c
FLAG:2003:1550:1537:exif.c
FLAG:2004:1539:1551:exif.c
FLAG:2005:1537:1551:exif.c
FLAG:2006:1536:1553:exif.c
FLAG:2007:1553:1555:exif.c
FLAG:2008:1552:1555:exif.c
FLAG:2009:1555:1556:exif.c
FLAG:2010:1533:1556:exif.c
FLAG:2011:1568:1569:exif.c
FLAG:2012:1569:1570:exif.c
FLAG:2013:1569:1572:exif.c
FLAG:2014:1572:1574:exif.c
FLAG:2015:1571:1574:exif.c
FLAG:2016:1574:1576:exif.c
FLAG:2017:1568:1576:exif.c
FLAG:2018:1576:1577:exif.c
FLAG:2019:1578:1580:exif.c
FLAG:2020:1576:1580:exif.c
FLAG:2021:1580:1581:exif.c
FLAG:2022:1582:1584:exif.c
FLAG:2023:1580:1584:exif.c
FLAG:2024:1584:1584:exif.c
FLAG:2025:1584:1585:exif.c
FLAG:2026:1586:1588:exif.c
FLAG:2027:1584:1588:exif.c
FLAG:2028:1584:1588:exif.c
FLAG:2029:1588:1589:exif.c
FLAG:2030:1590:1592:exif.c
FLAG:2031:1588:1592:exif.c
FLAG:2032:63:63:iptc.c
FLAG:2033:63:66:iptc.c
FLAG:2034:66:66:iptc.c
FLAG:2035:66:67:iptc.c
FLAG:2036:69:69:iptc.c
FLAG:2037:69:70:iptc.c
FLAG:2038:91:73:iptc.c
FLAG:2039:73:73:iptc.c
FLAG:2040:73:75:iptc.c
FLAG:2041:85:85:iptc.c
FLAG:2042:85:86:iptc.c
FLAG:2043:69:86:iptc.c
FLAG:2044:66:86:iptc.c
FLAG:2045:86:87:iptc.c
FLAG:2046:88:89:iptc.c
FLAG:2047:86:89:iptc.c
FLAG:2048:85:91:iptc.c
FLAG:2049:73:94:iptc.c
FLAG:2050:96:96:iptc.c
FLAG:2051:96:101:iptc.c
FLAG:2052:104:104:iptc.c
FLAG:2053:104:109:iptc.c
FLAG:2054:177:114:iptc.c
FLAG:2055:114:114:iptc.c
FLAG:2056:114:115:iptc.c
FLAG:2057:120:120:iptc.c
FLAG:2058:120:122:iptc.c
FLAG:2059:125:125:iptc.c
FLAG:2060:125:125:iptc.c
FLAG:2061:125:127:iptc.c
FLAG:2062:125:127:iptc.c
FLAG:2063:131:131:iptc.c
FLAG:2064:131:133:iptc.c
FLAG:2065:133:135:iptc.c
FLAG:2066:133:138:iptc.c
FLAG:2067:133:139:iptc.c
FLAG:2068:133:140:iptc.c
FLAG:2069:133:141:iptc.c
FLAG:2070:133:142:iptc.c
FLAG:2071:133:143:iptc.c
FLAG:2072:133:144:iptc.c
FLAG:2073:133:145:iptc.c
FLAG:2074:133:146:iptc.c
FLAG:2075:133:147:iptc.c
FLAG:2076:133:148:iptc.c
FLAG:2077:133:149:iptc.c
FLAG:2078:133:150:iptc.c
FLAG:2079:133:151:iptc.c
FLAG:2080:133:152:iptc.c
FLAG:2081:133:153:iptc.c
FLAG:2082:133:154:iptc.c
FLAG:2083:133:155:iptc.c
FLAG:2084:133:156:iptc.c
FLAG:2085:133:157:iptc.c
FLAG:2086:133:158:iptc.c
FLAG:2087:133:159:iptc.c
FLAG:2088:133:160:iptc.c
FLAG:2089:133:161:iptc.c
FLAG:2090:133:164:iptc.c
FLAG:2091:164:165:iptc.c
FLAG:2092:166:167:iptc.c
FLAG:2093:164:167:iptc.c
FLAG:2094:167:169:iptc.c
FLAG:2095:161:169:iptc.c
FLAG:2096:160:169:iptc.c
FLAG:2097:159:169:iptc.c
FLAG:2098:158:169:iptc.c
FLAG:2099:157:169:iptc.c
FLAG:2100:156:169:iptc.c
FLAG:2101:155:169:iptc.c
FLAG:2102:154:169:iptc.c
FLAG:2103:153:169:iptc.c
FLAG:2104:152:169:iptc.c
FLAG:2105:151:169:iptc.c
FLAG:2106:150:169:iptc.c
FLAG:2107:149:169:iptc.c
FLAG:2108:148:169:iptc.c
FLAG:2109:147:169:iptc.c
FLAG:2110:146:169:iptc.c
FLAG:2111:145:169:iptc.c
FLAG:2112:144:169:iptc.c
FLAG:2113:143:169:iptc.c
FLAG:2114:142:169:iptc.c
FLAG:2115:141:169:iptc.c
FLAG:2116:140:169:iptc.c
FLAG:2117:139:169:iptc.c
FLAG:2118:138:169:iptc.c
FLAG:2119:136:169:iptc.c
FLAG:2120:169:170:iptc.c
FLAG:2121:176:177:iptc.c
FLAG:2122:169:177:iptc.c
FLAG:2123:125:179:iptc.c
FLAG:2124:114:179:iptc.c
FLAG:2125:131:180:iptc.c
FLAG:2126:120:180:iptc.c
FLAG:2127:104:180:iptc.c
FLAG:2128:96:180:iptc.c
FLAG:2129:63:180:iptc.c
FLAG:2130:182:182:iptc.c
FLAG:2131:179:182:iptc.c
FLAG:2132:89:182:iptc.c
FLAG:2133:201:201:iptc.c
FLAG:2134:201:201:iptc.c
FLAG:2135:201:202:iptc.c
FLAG:2136:202:202:iptc.c
FLAG:2137:202:203:iptc.c
FLAG:2138:204:204:iptc.c
FLAG:2139:204:205:iptc.c
FLAG:2140:204:205:iptc.c
FLAG:2141:202:206:iptc.c
FLAG:2142:202:206:iptc.c
FLAG:2143:206:207:iptc.c
FLAG:2144:208:0:iptc.c
FLAG:2145:206:0:iptc.c
FLAG:2146:0:210:iptc.c
FLAG:2147:205:210:iptc.c
FLAG:2148:210:210:iptc.c
FLAG:2149:210:211:iptc.c
FLAG:2150:210:211:iptc.c
FLAG:2151:212:213:iptc.c
FLAG:2152:214:215:iptc.c
FLAG:2153:212:215:iptc.c
FLAG:2154:217:218:iptc.c
FLAG:2155:210:218:iptc.c
FLAG:2156:218:201:iptc.c
FLAG:2157:201:219:iptc.c
FLAG:2162:65:66:gpsinfo.c
FLAG:2163:67:69:gpsinfo.c
FLAG:2164:65:69:gpsinfo.c
FLAG:2165:74:74:gpsinfo.c
FLAG:2166:74:74:gpsinfo.c
FLAG:2167:74:75:gpsinfo.c
FLAG:2168:82:83:gpsinfo.c
FLAG:2169:82:87:gpsinfo.c
FLAG:2170:91:93:gpsinfo.c
FLAG:2171:91:97:gpsinfo.c
FLAG:2172:100:101:gpsinfo.c
FLAG:2173:104:106:gpsinfo.c
FLAG:2174:104:109:gpsinfo.c
FLAG:2175:100:112:gpsinfo.c
FLAG:2176:112:115:gpsinfo.c
FLAG:2177:110:115:gpsinfo.c
FLAG:2178:115:121:gpsinfo.c
FLAG:2179:115:125:gpsinfo.c
FLAG:2180:115:130:gpsinfo.c
FLAG:2181:115:130:gpsinfo.c
FLAG:2182:130:131:gpsinfo.c
FLAG:2183:132:133:gpsinfo.c
FLAG:2184:130:133:gpsinfo.c
FLAG:2185:134:134:gpsinfo.c
FLAG:2186:134:134:gpsinfo.c
FLAG:2187:134:135:gpsinfo.c
FLAG:2188:141:139:gpsinfo.c
FLAG:2189:139:139:gpsinfo.c
FLAG:2190:139:139:gpsinfo.c
FLAG:2191:139:139:gpsinfo.c
FLAG:2192:139:139:gpsinfo.c
FLAG:2193:139:140:gpsinfo.c
FLAG:2194:139:143:gpsinfo.c
FLAG:2195:143:143:gpsinfo.c
FLAG:2196:143:144:gpsinfo.c
FLAG:2197:143:144:gpsinfo.c
FLAG:2198:148:134:gpsinfo.c
FLAG:2199:134:150:gpsinfo.c
FLAG:2200:152:153:gpsinfo.c
FLAG:2201:152:155:gpsinfo.c
FLAG:2202:155:157:gpsinfo.c
FLAG:2203:154:157:gpsinfo.c
FLAG:2204:115:160:gpsinfo.c
FLAG:2205:115:165:gpsinfo.c
FLAG:2206:115:169:gpsinfo.c
FLAG:2207:166:169:gpsinfo.c
FLAG:2208:161:169:gpsinfo.c
FLAG:2209:157:169:gpsinfo.c
FLAG:2210:126:169:gpsinfo.c
FLAG:2211:122:169:gpsinfo.c
FLAG:2212:169:171:gpsinfo.c
FLAG:2213:171:172:gpsinfo.c
FLAG:2214:171:175:gpsinfo.c
FLAG:2215:175:178:gpsinfo.c
FLAG:2216:173:178:gpsinfo.c
FLAG:2217:178:185:gpsinfo.c
FLAG:2218:178:185:gpsinfo.c
FLAG:2219:186:186:gpsinfo.c
FLAG:2220:186:186:gpsinfo.c
FLAG:2221:186:187:gpsinfo.c
FLAG:2222:188:189:gpsinfo.c
FLAG:2223:189:190:gpsinfo.c
FLAG:2224:192:193:gpsinfo.c
FLAG:2225:189:193:gpsinfo.c
FLAG:2226:188:195:gpsinfo.c
FLAG:2227:195:196:gpsinfo.c
FLAG:2228:197:0:gpsinfo.c
FLAG:2229:195:0:gpsinfo.c
FLAG:2230:0:199:gpsinfo.c
FLAG:2231:194:199:gpsinfo.c
FLAG:2232:199:186:gpsinfo.c
FLAG:2233:186:200:gpsinfo.c
FLAG:2234:178:206:gpsinfo.c
FLAG:2235:209:207:gpsinfo.c
FLAG:2236:206:207:gpsinfo.c
FLAG:2237:208:208:gpsinfo.c
FLAG:2238:208:209:gpsinfo.c
FLAG:2239:208:211:gpsinfo.c
FLAG:2240:212:213:gpsinfo.c
FLAG:2241:202:213:gpsinfo.c
FLAG:2242:213:214:gpsinfo.c
FLAG:2243:169:214:gpsinfo.c
FLAG:2244:214:74:gpsinfo.c
FLAG:2245:107:74:gpsinfo.c
FLAG:2246:94:74:gpsinfo.c
FLAG:2247:84:215:gpsinfo.c
FLAG:2248:74:215:gpsinfo.c
FLAG:2249:177:181:makernote.c
FLAG:2250:177:186:makernote.c
FLAG:2251:186:187:makernote.c
FLAG:2252:188:0:makernote.c
FLAG:2253:186:0:makernote.c
FLAG:2254:0:190:makernote.c
FLAG:2255:185:190:makernote.c
FLAG:2256:25:26:makernote.c
FLAG:2257:25:30:makernote.c
FLAG:2258:30:31:makernote.c
FLAG:2259:32:35:makernote.c
FLAG:2260:30:35:makernote.c
FLAG:2261:35:36:makernote.c
FLAG:2262:37:39:makernote.c
FLAG:2263:35:39:makernote.c
FLAG:2264:39:39:makernote.c
FLAG:2265:39:39:makernote.c
FLAG:2266:39:40:makernote.c
FLAG:2267:50:52:makernote.c
FLAG:2268:50:56:makernote.c
FLAG:2269:56:57:makernote.c
FLAG:2270:56:61:makernote.c
FLAG:2271:63:64:makernote.c
FLAG:2272:67:69:makernote.c
FLAG:2273:67:72:makernote.c
FLAG:2274:74:75:makernote.c
FLAG:2275:76:77:makernote.c
FLAG:2276:74:77:makernote.c
FLAG:2277:63:79:makernote.c
FLAG:2278:79:82:makernote.c
FLAG:2279:77:82:makernote.c
FLAG:2280:82:84:makernote.c
FLAG:2281:85:88:makernote.c
FLAG:2282:82:88:makernote.c
FLAG:2283:88:95:makernote.c
FLAG:2284:88:95:makernote.c
FLAG:2285:95:96:makernote.c
FLAG:2286:97:97:makernote.c
FLAG:2287:97:97:makernote.c
FLAG:2288:97:98:makernote.c
FLAG:2289:99:100:makernote.c
FLAG:2290:100:101:makernote.c
FLAG:2291:103:104:makernote.c
FLAG:2292:100:104:makernote.c
FLAG:2293:99:106:makernote.c
FLAG:2294:106:107:makernote.c
FLAG:2295:108:0:makernote.c
FLAG:2296:106:0:makernote.c
FLAG:2297:0:110:makernote.c
FLAG:2298:105:110:makernote.c
FLAG:2299:110:97:makernote.c
FLAG:2300:97:111:makernote.c
FLAG:2301:112:113:makernote.c
FLAG:2302:95:113:makernote.c
FLAG:2303:88:116:makernote.c
FLAG:2304:116:117:makernote.c
FLAG:2305:119:120:makernote.c
FLAG:2306:116:120:makernote.c
FLAG:2307:120:121:makernote.c
FLAG:2308:113:121:makernote.c
FLAG:2309:121:121:makernote.c
FLAG:2310:121:122:makernote.c
FLAG:2311:123:123:makernote.c
FLAG:2312:123:124:makernote.c
FLAG:2313:125:126:makernote.c
FLAG:2314:123:126:makernote.c
FLAG:2315:123:126:makernote.c
FLAG:2316:126:128:makernote.c
FLAG:2317:121:128:makernote.c
FLAG:2318:121:128:makernote.c
FLAG:2319:128:128:makernote.c
FLAG:2320:128:129:makernote.c
FLAG:2321:129:130:makernote.c
FLAG:2322:131:133:makernote.c
FLAG:2323:131:134:makernote.c
FLAG:2324:131:135:makernote.c
FLAG:2325:131:136:makernote.c
FLAG:2326:131:137:makernote.c
FLAG:2327:131:139:makernote.c
FLAG:2328:137:139:makernote.c
FLAG:2329:136:139:makernote.c
FLAG:2330:135:139:makernote.c
FLAG:2331:134:139:makernote.c
FLAG:2332:133:139:makernote.c
FLAG:2333:139:140:makernote.c
FLAG:2334:129:140:makernote.c
FLAG:2335:140:140:makernote.c
FLAG:2336:140:143:makernote.c
FLAG:2337:144:145:makernote.c
FLAG:2338:144:147:makernote.c
FLAG:2339:147:149:makernote.c
FLAG:2340:146:149:makernote.c
FLAG:2341:149:150:makernote.c
FLAG:2342:140:150:makernote.c
FLAG:2343:140:150:makernote.c
FLAG:2344:150:151:makernote.c
FLAG:2345:128:151:makernote.c
FLAG:2346:128:151:makernote.c
FLAG:2347:151:39:makernote.c
FLAG:2348:70:39:makernote.c
FLAG:2349:58:39:makernote.c
FLAG:2350:53:39:makernote.c
FLAG:2351:27:152:makernote.c
FLAG:2352:39:152:makernote.c
FLAG:2353:160:160:makernote.c
FLAG:2354:160:160:makernote.c
FLAG:2355:160:161:makernote.c
FLAG:2356:161:162:makernote.c
FLAG:2357:161:165:makernote.c
FLAG:2358:166:160:makernote.c
FLAG:2359:163:167:makernote.c
FLAG:2360:160:167:makernote.c
