FLAG:0:636:372:src/chmod.c
FLAG:1:636:375:src/chmod.c
FLAG:2:650:649:src/system.h
FLAG:3:649:649:src/system.h
FLAG:4:649:650:src/system.h
FLAG:5:650:652:src/system.h
FLAG:6:649:652:src/system.h
FLAG:7:660:660:src/system.h
FLAG:8:660:666:src/system.h
FLAG:9:660:669:src/system.h
FLAG:10:660:669:src/system.h
FLAG:11:668:669:src/system.h
FLAG:12:673:409:src/chmod.c
FLAG:13:372:409:src/chmod.c
FLAG:14:0:423:src/chmod.c
FLAG:15:436:423:src/chmod.c
FLAG:16:436:0:src/chmod.c
FLAG:17:505:0:src/chmod.c
FLAG:18:502:0:src/chmod.c
FLAG:19:499:0:src/chmod.c
FLAG:20:496:0:src/chmod.c
FLAG:21:493:0:src/chmod.c
FLAG:22:490:0:src/chmod.c
FLAG:23:484:0:src/chmod.c
FLAG:24:436:469:src/chmod.c
FLAG:25:436:469:src/chmod.c
FLAG:26:436:469:src/chmod.c
FLAG:27:436:469:src/chmod.c
FLAG:28:436:469:src/chmod.c
FLAG:29:436:469:src/chmod.c
FLAG:30:436:469:src/chmod.c
FLAG:31:436:469:src/chmod.c
FLAG:32:436:469:src/chmod.c
FLAG:33:436:469:src/chmod.c
FLAG:34:436:469:src/chmod.c
FLAG:35:436:469:src/chmod.c
FLAG:36:436:469:src/chmod.c
FLAG:37:436:469:src/chmod.c
FLAG:38:436:469:src/chmod.c
FLAG:39:436:469:src/chmod.c
FLAG:40:436:469:src/chmod.c
FLAG:41:436:469:src/chmod.c
FLAG:42:436:469:src/chmod.c
FLAG:43:436:469:src/chmod.c
FLAG:44:436:469:src/chmod.c
FLAG:45:473:475:src/chmod.c
FLAG:46:473:478:src/chmod.c
FLAG:47:477:478:src/chmod.c
FLAG:48:436:490:src/chmod.c
FLAG:49:436:492:src/chmod.c
FLAG:50:436:495:src/chmod.c
FLAG:51:436:498:src/chmod.c
FLAG:52:436:501:src/chmod.c
FLAG:53:436:504:src/chmod.c
FLAG:54:436:506:src/chmod.c
FLAG:55:436:507:src/chmod.c
FLAG:56:436:509:src/chmod.c
FLAG:57:436:513:src/chmod.c
FLAG:58:513:515:src/chmod.c
FLAG:59:515:517:src/chmod.c
FLAG:60:513:523:src/chmod.c
FLAG:61:523:524:src/chmod.c
FLAG:62:523:527:src/chmod.c
FLAG:63:524:527:src/chmod.c
FLAG:64:515:527:src/chmod.c
FLAG:65:527:529:src/chmod.c
FLAG:66:529:529:src/chmod.c
FLAG:67:529:530:src/chmod.c
FLAG:68:529:530:src/chmod.c
FLAG:69:529:532:src/chmod.c
FLAG:70:532:533:src/chmod.c
FLAG:71:530:533:src/chmod.c
FLAG:72:527:536:src/chmod.c
FLAG:73:536:538:src/chmod.c
FLAG:74:539:540:src/chmod.c
FLAG:75:536:545:src/chmod.c
FLAG:76:546:548:src/chmod.c
FLAG:77:546:551:src/chmod.c
FLAG:78:539:554:src/chmod.c
FLAG:79:551:554:src/chmod.c
FLAG:80:554:557:src/chmod.c
FLAG:81:558:559:src/chmod.c
FLAG:82:554:564:src/chmod.c
FLAG:83:558:567:src/chmod.c
FLAG:84:564:567:src/chmod.c
FLAG:85:567:344:src/chmod.c
FLAG:86:356:346:src/chmod.c
FLAG:87:567:346:src/chmod.c
FLAG:88:346:349:src/chmod.c
FLAG:89:349:350:src/chmod.c
FLAG:90:356:206:src/chmod.c
FLAG:91:344:206:src/chmod.c
FLAG:92:212:225:src/chmod.c
FLAG:93:225:225:src/chmod.c
FLAG:94:225:227:src/chmod.c
FLAG:95:225:231:src/chmod.c
FLAG:96:225:231:src/chmod.c
FLAG:97:231:232:src/chmod.c
FLAG:98:212:237:src/chmod.c
FLAG:99:237:238:src/chmod.c
FLAG:100:212:242:src/chmod.c
FLAG:101:242:243:src/chmod.c
FLAG:102:212:248:src/chmod.c
FLAG:103:248:249:src/chmod.c
FLAG:104:212:254:src/chmod.c
FLAG:105:254:256:src/chmod.c
FLAG:106:254:266:src/chmod.c
FLAG:107:212:266:src/chmod.c
FLAG:108:266:266:src/chmod.c
FLAG:109:266:266:src/chmod.c
FLAG:110:266:268:src/chmod.c
FLAG:111:268:268:src/chmod.c
FLAG:112:268:268:src/chmod.c
FLAG:113:268:268:src/chmod.c
FLAG:114:268:268:src/chmod.c
FLAG:115:266:276:src/chmod.c
FLAG:116:266:276:src/chmod.c
FLAG:117:266:276:src/chmod.c
FLAG:118:276:279:src/chmod.c
FLAG:119:281:285:src/chmod.c
FLAG:120:285:286:src/chmod.c
FLAG:121:287:292:src/chmod.c
FLAG:122:285:292:src/chmod.c
FLAG:123:281:292:src/chmod.c
FLAG:124:276:292:src/chmod.c
FLAG:125:250:292:src/chmod.c
FLAG:126:248:292:src/chmod.c
FLAG:127:244:292:src/chmod.c
FLAG:128:242:292:src/chmod.c
FLAG:129:238:292:src/chmod.c
FLAG:130:237:292:src/chmod.c
FLAG:131:233:292:src/chmod.c
FLAG:132:231:292:src/chmod.c
FLAG:133:292:294:src/chmod.c
FLAG:134:295:124:src/chmod.c
FLAG:135:124:295:src/chmod.c
FLAG:136:477:133:src/chmod.c
FLAG:137:133:134:src/chmod.c
FLAG:138:135:140:src/chmod.c
FLAG:139:133:140:src/chmod.c
FLAG:140:477:139:src/chmod.c
FLAG:141:140:142:src/chmod.c
FLAG:142:124:142:src/chmod.c
FLAG:143:294:151:src/chmod.c
FLAG:144:294:299:src/chmod.c
FLAG:145:294:299:src/chmod.c
FLAG:146:295:299:src/chmod.c
FLAG:147:299:151:src/chmod.c
FLAG:148:156:159:src/chmod.c
FLAG:149:156:164:src/chmod.c
FLAG:150:156:172:src/chmod.c
FLAG:151:156:172:src/chmod.c
FLAG:152:181:188:src/chmod.c
FLAG:153:181:190:src/chmod.c
FLAG:154:181:194:src/chmod.c
FLAG:155:181:196:src/chmod.c
FLAG:156:188:196:src/chmod.c
FLAG:157:197:197:src/chmod.c
FLAG:158:192:197:src/chmod.c
FLAG:159:165:197:src/chmod.c
FLAG:160:161:197:src/chmod.c
FLAG:161:300:261:src/chmod.c
FLAG:162:299:261:src/chmod.c
FLAG:163:292:261:src/chmod.c
FLAG:164:303:303:src/chmod.c
FLAG:165:303:306:src/chmod.c
FLAG:166:307:309:src/chmod.c
FLAG:167:319:322:src/chmod.c
FLAG:168:307:322:src/chmod.c
FLAG:169:303:322:src/chmod.c
FLAG:170:303:322:src/chmod.c
FLAG:171:322:323:src/chmod.c
FLAG:172:323:325:src/chmod.c
FLAG:173:322:325:src/chmod.c
FLAG:174:325:356:src/chmod.c
FLAG:175:273:356:src/chmod.c
FLAG:176:257:356:src/chmod.c
FLAG:177:229:356:src/chmod.c
FLAG:178:212:356:src/chmod.c
FLAG:179:350:359:src/chmod.c
FLAG:180:349:359:src/chmod.c
FLAG:181:346:359:src/chmod.c
FLAG:182:359:361:src/chmod.c
FLAG:183:359:365:src/chmod.c
FLAG:184:363:365:src/chmod.c
FLAG:185:120:120:lib/closeout.c
FLAG:186:120:120:lib/closeout.c
FLAG:187:120:122:lib/closeout.c
FLAG:188:120:122:lib/closeout.c
FLAG:189:123:124:lib/closeout.c
FLAG:190:123:127:lib/closeout.c
FLAG:191:127:129:lib/closeout.c
FLAG:192:124:129:lib/closeout.c
FLAG:193:120:134:lib/closeout.c
FLAG:194:120:134:lib/closeout.c
FLAG:195:134:135:lib/closeout.c
FLAG:196:134:136:lib/closeout.c
FLAG:197:46:46:lib/filemode.c
FLAG:198:46:87:lib/filemode.c
FLAG:199:46:87:lib/filemode.c
FLAG:200:141:150:lib/modechange.c
FLAG:201:154:150:lib/modechange.c
FLAG:202:151:154:lib/modechange.c
FLAG:203:154:156:lib/modechange.c
FLAG:204:156:160:lib/modechange.c
FLAG:205:141:169:lib/modechange.c
FLAG:206:170:169:lib/modechange.c
FLAG:207:169:170:lib/modechange.c
FLAG:208:169:170:lib/modechange.c
FLAG:209:169:170:lib/modechange.c
FLAG:210:169:170:lib/modechange.c
FLAG:211:170:170:lib/modechange.c
FLAG:212:169:171:lib/modechange.c
FLAG:213:176:138:lib/modechange.c
FLAG:214:176:138:lib/modechange.c
FLAG:215:182:183:lib/modechange.c
FLAG:216:182:183:lib/modechange.c
FLAG:217:183:212:lib/modechange.c
FLAG:218:183:212:lib/modechange.c
FLAG:219:183:212:lib/modechange.c
FLAG:220:183:192:lib/modechange.c
FLAG:221:183:195:lib/modechange.c
FLAG:222:183:198:lib/modechange.c
FLAG:223:183:182:lib/modechange.c
FLAG:224:192:182:lib/modechange.c
FLAG:225:195:182:lib/modechange.c
FLAG:226:198:182:lib/modechange.c
FLAG:227:0:206:lib/modechange.c
FLAG:228:212:206:lib/modechange.c
FLAG:229:212:219:lib/modechange.c
FLAG:230:212:219:lib/modechange.c
FLAG:231:212:219:lib/modechange.c
FLAG:232:212:219:lib/modechange.c
FLAG:233:212:219:lib/modechange.c
FLAG:234:212:219:lib/modechange.c
FLAG:235:212:219:lib/modechange.c
FLAG:236:212:219:lib/modechange.c
FLAG:237:219:221:lib/modechange.c
FLAG:238:225:221:lib/modechange.c
FLAG:239:222:225:lib/modechange.c
FLAG:240:225:227:lib/modechange.c
FLAG:241:227:227:lib/modechange.c
FLAG:242:212:239:lib/modechange.c
FLAG:243:212:245:lib/modechange.c
FLAG:244:212:251:lib/modechange.c
FLAG:245:212:259:lib/modechange.c
FLAG:246:259:259:lib/modechange.c
FLAG:247:259:262:lib/modechange.c
FLAG:248:259:265:lib/modechange.c
FLAG:249:259:268:lib/modechange.c
FLAG:250:259:275:lib/modechange.c
FLAG:251:259:279:lib/modechange.c
FLAG:252:259:258:lib/modechange.c
FLAG:253:263:258:lib/modechange.c
FLAG:254:266:258:lib/modechange.c
FLAG:255:269:258:lib/modechange.c
FLAG:256:276:258:lib/modechange.c
FLAG:257:280:258:lib/modechange.c
FLAG:258:259:179:lib/modechange.c
FLAG:259:227:179:lib/modechange.c
FLAG:260:227:179:lib/modechange.c
FLAG:261:252:179:lib/modechange.c
FLAG:262:246:179:lib/modechange.c
FLAG:263:240:179:lib/modechange.c
FLAG:264:295:0:lib/modechange.c
FLAG:265:295:0:lib/modechange.c
FLAG:266:295:0:lib/modechange.c
FLAG:267:295:176:lib/modechange.c
FLAG:268:295:303:lib/modechange.c
FLAG:269:183:307:lib/modechange.c
FLAG:270:227:307:lib/modechange.c
FLAG:271:227:307:lib/modechange.c
FLAG:272:295:307:lib/modechange.c
FLAG:273:222:307:lib/modechange.c
FLAG:274:151:310:lib/modechange.c
FLAG:275:163:310:lib/modechange.c
FLAG:276:156:310:lib/modechange.c
FLAG:277:309:310:lib/modechange.c
FLAG:278:304:310:lib/modechange.c
FLAG:279:455:322:lib/modechange.c
FLAG:280:455:323:lib/modechange.c
FLAG:281:322:323:lib/modechange.c
FLAG:282:348:348:lib/modechange.c
FLAG:283:348:348:lib/modechange.c
FLAG:284:348:348:lib/modechange.c
FLAG:285:355:362:lib/modechange.c
FLAG:286:355:376:lib/modechange.c
FLAG:287:377:384:lib/modechange.c
FLAG:288:355:384:lib/modechange.c
FLAG:289:371:384:lib/modechange.c
FLAG:290:386:393:lib/modechange.c
FLAG:291:386:400:lib/modechange.c
FLAG:292:386:405:lib/modechange.c
FLAG:293:386:348:lib/modechange.c
FLAG:294:407:348:lib/modechange.c
FLAG:295:402:348:lib/modechange.c
FLAG:296:395:348:lib/modechange.c
FLAG:297:348:346:lib/modechange.c
FLAG:298:348:346:lib/modechange.c
FLAG:299:411:412:lib/modechange.c
FLAG:300:411:413:lib/modechange.c
FLAG:301:412:413:lib/modechange.c
FLAG:302:51:55:lib/progname.c
FLAG:303:51:59:lib/progname.c
FLAG:304:61:61:lib/progname.c
FLAG:305:61:64:lib/progname.c
FLAG:306:64:66:lib/progname.c
FLAG:307:64:84:lib/progname.c
FLAG:308:72:84:lib/progname.c
FLAG:309:61:84:lib/progname.c
FLAG:310:61:84:lib/progname.c
FLAG:311:178:179:lib/quotearg.c
FLAG:312:178:180:lib/quotearg.c
FLAG:313:739:258:lib/quotearg.c
FLAG:314:266:258:lib/quotearg.c
FLAG:315:309:316:lib/quotearg.c
FLAG:316:309:316:lib/quotearg.c
FLAG:317:316:317:lib/quotearg.c
FLAG:318:317:317:lib/quotearg.c
FLAG:319:309:202:lib/quotearg.c
FLAG:320:309:202:lib/quotearg.c
FLAG:321:205:226:lib/quotearg.c
FLAG:322:226:148:./lib/c-strcaseeq.h
FLAG:323:148:134:./lib/c-strcaseeq.h
FLAG:324:134:120:./lib/c-strcaseeq.h
FLAG:325:120:106:./lib/c-strcaseeq.h
FLAG:326:106:92:./lib/c-strcaseeq.h
FLAG:327:226:148:./lib/c-strcaseeq.h
FLAG:328:148:134:./lib/c-strcaseeq.h
FLAG:329:134:120:./lib/c-strcaseeq.h
FLAG:330:120:106:./lib/c-strcaseeq.h
FLAG:331:106:92:./lib/c-strcaseeq.h
FLAG:332:92:78:./lib/c-strcaseeq.h
FLAG:333:78:83:./lib/c-strcaseeq.h
FLAG:334:229:232:lib/quotearg.c
FLAG:335:226:232:lib/quotearg.c
FLAG:336:92:232:lib/quotearg.c
FLAG:337:106:232:lib/quotearg.c
FLAG:338:120:232:lib/quotearg.c
FLAG:339:134:232:lib/quotearg.c
FLAG:340:148:232:lib/quotearg.c
FLAG:341:78:232:lib/quotearg.c
FLAG:342:92:232:lib/quotearg.c
FLAG:343:106:232:lib/quotearg.c
FLAG:344:120:232:lib/quotearg.c
FLAG:345:134:232:lib/quotearg.c
FLAG:346:148:232:lib/quotearg.c
FLAG:347:229:202:lib/quotearg.c
FLAG:348:92:202:lib/quotearg.c
FLAG:349:205:202:lib/quotearg.c
FLAG:350:232:202:lib/quotearg.c
FLAG:351:205:226:lib/quotearg.c
FLAG:352:226:148:./lib/c-strcaseeq.h
FLAG:353:148:134:./lib/c-strcaseeq.h
FLAG:354:134:120:./lib/c-strcaseeq.h
FLAG:355:120:106:./lib/c-strcaseeq.h
FLAG:356:106:92:./lib/c-strcaseeq.h
FLAG:357:226:148:./lib/c-strcaseeq.h
FLAG:358:148:134:./lib/c-strcaseeq.h
FLAG:359:134:120:./lib/c-strcaseeq.h
FLAG:360:120:106:./lib/c-strcaseeq.h
FLAG:361:106:92:./lib/c-strcaseeq.h
FLAG:362:92:78:./lib/c-strcaseeq.h
FLAG:363:78:83:./lib/c-strcaseeq.h
FLAG:364:229:232:lib/quotearg.c
FLAG:365:226:232:lib/quotearg.c
FLAG:366:92:232:lib/quotearg.c
FLAG:367:106:232:lib/quotearg.c
FLAG:368:120:232:lib/quotearg.c
FLAG:369:134:232:lib/quotearg.c
FLAG:370:148:232:lib/quotearg.c
FLAG:371:78:232:lib/quotearg.c
FLAG:372:92:232:lib/quotearg.c
FLAG:373:106:232:lib/quotearg.c
FLAG:374:120:232:lib/quotearg.c
FLAG:375:134:232:lib/quotearg.c
FLAG:376:148:232:lib/quotearg.c
FLAG:377:229:358:lib/quotearg.c
FLAG:378:232:358:lib/quotearg.c
FLAG:379:205:358:lib/quotearg.c
FLAG:380:92:358:lib/quotearg.c
FLAG:381:309:358:lib/quotearg.c
FLAG:382:358:359:lib/quotearg.c
FLAG:383:359:360:lib/quotearg.c
FLAG:384:360:360:lib/quotearg.c
FLAG:385:360:360:lib/quotearg.c
FLAG:386:360:360:lib/quotearg.c
FLAG:387:360:360:lib/quotearg.c
FLAG:388:360:257:lib/quotearg.c
FLAG:389:359:257:lib/quotearg.c
FLAG:390:358:257:lib/quotearg.c
FLAG:391:309:368:lib/quotearg.c
FLAG:392:309:371:lib/quotearg.c
FLAG:393:368:371:lib/quotearg.c
FLAG:394:309:261:lib/quotearg.c
FLAG:395:371:261:lib/quotearg.c
FLAG:396:374:263:lib/quotearg.c
FLAG:397:309:263:lib/quotearg.c
FLAG:398:379:380:lib/quotearg.c
FLAG:399:380:380:lib/quotearg.c
FLAG:400:309:387:lib/quotearg.c
FLAG:401:309:390:lib/quotearg.c
FLAG:402:316:257:lib/quotearg.c
FLAG:403:379:257:lib/quotearg.c
FLAG:404:380:257:lib/quotearg.c
FLAG:405:380:257:lib/quotearg.c
FLAG:406:309:257:lib/quotearg.c
FLAG:407:316:257:lib/quotearg.c
FLAG:408:317:257:lib/quotearg.c
FLAG:409:317:257:lib/quotearg.c
FLAG:410:387:257:lib/quotearg.c
FLAG:411:365:257:lib/quotearg.c
FLAG:412:409:257:lib/quotearg.c
FLAG:413:393:257:lib/quotearg.c
FLAG:414:393:393:lib/quotearg.c
FLAG:415:393:393:lib/quotearg.c
FLAG:416:393:402:lib/quotearg.c
FLAG:417:393:402:lib/quotearg.c
FLAG:418:402:404:lib/quotearg.c
FLAG:419:405:409:lib/quotearg.c
FLAG:420:405:405:lib/quotearg.c
FLAG:421:409:405:lib/quotearg.c
FLAG:422:410:410:lib/quotearg.c
FLAG:423:410:417:lib/quotearg.c
FLAG:424:410:417:lib/quotearg.c
FLAG:425:402:417:lib/quotearg.c
FLAG:426:418:421:lib/quotearg.c
FLAG:427:421:423:lib/quotearg.c
FLAG:428:423:423:lib/quotearg.c
FLAG:429:423:423:lib/quotearg.c
FLAG:430:423:423:lib/quotearg.c
FLAG:431:423:423:lib/quotearg.c
FLAG:432:423:423:lib/quotearg.c
FLAG:433:423:423:lib/quotearg.c
FLAG:434:423:423:lib/quotearg.c
FLAG:435:423:423:lib/quotearg.c
FLAG:436:423:423:lib/quotearg.c
FLAG:437:423:423:lib/quotearg.c
FLAG:438:423:423:lib/quotearg.c
FLAG:439:423:423:lib/quotearg.c
FLAG:440:423:423:lib/quotearg.c
FLAG:441:423:423:lib/quotearg.c
FLAG:442:423:423:lib/quotearg.c
FLAG:443:423:423:lib/quotearg.c
FLAG:444:431:431:lib/quotearg.c
FLAG:445:431:431:lib/quotearg.c
FLAG:446:431:433:lib/quotearg.c
FLAG:447:433:433:lib/quotearg.c
FLAG:448:433:433:lib/quotearg.c
FLAG:449:433:433:lib/quotearg.c
FLAG:450:434:434:lib/quotearg.c
FLAG:451:434:434:lib/quotearg.c
FLAG:452:434:434:lib/quotearg.c
FLAG:453:421:442:lib/quotearg.c
FLAG:454:418:447:lib/quotearg.c
FLAG:455:447:450:lib/quotearg.c
FLAG:456:447:456:lib/quotearg.c
FLAG:457:456:456:lib/quotearg.c
FLAG:458:456:456:lib/quotearg.c
FLAG:459:456:457:lib/quotearg.c
FLAG:460:457:464:lib/quotearg.c
FLAG:461:457:464:lib/quotearg.c
FLAG:462:457:464:lib/quotearg.c
FLAG:463:457:464:lib/quotearg.c
FLAG:464:457:464:lib/quotearg.c
FLAG:465:457:464:lib/quotearg.c
FLAG:466:457:464:lib/quotearg.c
FLAG:467:457:464:lib/quotearg.c
FLAG:468:457:464:lib/quotearg.c
FLAG:469:464:468:lib/quotearg.c
FLAG:470:468:468:lib/quotearg.c
FLAG:471:468:468:lib/quotearg.c
FLAG:472:468:468:lib/quotearg.c
FLAG:473:469:469:lib/quotearg.c
FLAG:474:469:469:lib/quotearg.c
FLAG:475:469:469:lib/quotearg.c
FLAG:476:470:470:lib/quotearg.c
FLAG:477:470:470:lib/quotearg.c
FLAG:478:470:470:lib/quotearg.c
FLAG:479:471:471:lib/quotearg.c
FLAG:480:471:471:lib/quotearg.c
FLAG:481:471:471:lib/quotearg.c
FLAG:482:418:485:lib/quotearg.c
FLAG:483:418:486:lib/quotearg.c
FLAG:484:418:488:lib/quotearg.c
FLAG:485:418:489:lib/quotearg.c
FLAG:486:418:490:lib/quotearg.c
FLAG:487:418:493:lib/quotearg.c
FLAG:488:493:495:lib/quotearg.c
FLAG:489:493:502:lib/quotearg.c
FLAG:490:502:505:lib/quotearg.c
FLAG:491:418:505:lib/quotearg.c
FLAG:492:489:505:lib/quotearg.c
FLAG:493:488:505:lib/quotearg.c
FLAG:494:507:510:lib/quotearg.c
FLAG:495:418:510:lib/quotearg.c
FLAG:496:490:510:lib/quotearg.c
FLAG:497:486:510:lib/quotearg.c
FLAG:498:485:510:lib/quotearg.c
FLAG:499:418:519:lib/quotearg.c
FLAG:500:418:519:lib/quotearg.c
FLAG:501:519:519:lib/quotearg.c
FLAG:502:519:523:lib/quotearg.c
FLAG:503:519:523:lib/quotearg.c
FLAG:504:418:523:lib/quotearg.c
FLAG:505:418:523:lib/quotearg.c
FLAG:506:523:527:lib/quotearg.c
FLAG:507:418:527:lib/quotearg.c
FLAG:508:418:542:lib/quotearg.c
FLAG:509:418:542:lib/quotearg.c
FLAG:510:418:542:lib/quotearg.c
FLAG:511:418:542:lib/quotearg.c
FLAG:512:418:542:lib/quotearg.c
FLAG:513:418:542:lib/quotearg.c
FLAG:514:418:542:lib/quotearg.c
FLAG:515:418:542:lib/quotearg.c
FLAG:516:418:542:lib/quotearg.c
FLAG:517:418:542:lib/quotearg.c
FLAG:518:418:542:lib/quotearg.c
FLAG:519:418:542:lib/quotearg.c
FLAG:520:418:542:lib/quotearg.c
FLAG:521:418:542:lib/quotearg.c
FLAG:522:418:542:lib/quotearg.c
FLAG:523:527:542:lib/quotearg.c
FLAG:524:418:549:lib/quotearg.c
FLAG:525:549:551:lib/quotearg.c
FLAG:526:551:554:lib/quotearg.c
FLAG:527:563:563:lib/quotearg.c
FLAG:528:563:563:lib/quotearg.c
FLAG:529:563:563:lib/quotearg.c
FLAG:530:564:564:lib/quotearg.c
FLAG:531:564:564:lib/quotearg.c
FLAG:532:564:564:lib/quotearg.c
FLAG:533:565:565:lib/quotearg.c
FLAG:534:565:565:lib/quotearg.c
FLAG:535:565:565:lib/quotearg.c
FLAG:536:418:607:lib/quotearg.c
FLAG:537:607:610:lib/quotearg.c
FLAG:538:607:614:lib/quotearg.c
FLAG:539:619:620:lib/quotearg.c
FLAG:540:620:622:lib/quotearg.c
FLAG:541:619:622:lib/quotearg.c
FLAG:542:622:617:lib/quotearg.c
FLAG:543:668:617:lib/quotearg.c
FLAG:544:651:652:lib/quotearg.c
FLAG:545:651:652:lib/quotearg.c
FLAG:546:652:651:lib/quotearg.c
FLAG:547:627:651:lib/quotearg.c
FLAG:548:651:663:lib/quotearg.c
FLAG:549:651:663:lib/quotearg.c
FLAG:550:652:667:lib/quotearg.c
FLAG:551:652:667:lib/quotearg.c
FLAG:552:652:667:lib/quotearg.c
FLAG:553:652:667:lib/quotearg.c
FLAG:554:652:667:lib/quotearg.c
FLAG:555:622:617:lib/quotearg.c
FLAG:556:668:617:lib/quotearg.c
FLAG:557:627:637:lib/quotearg.c
FLAG:558:627:637:lib/quotearg.c
FLAG:559:637:637:lib/quotearg.c
FLAG:560:637:637:lib/quotearg.c
FLAG:561:638:637:lib/quotearg.c
FLAG:562:637:638:lib/quotearg.c
FLAG:563:627:667:lib/quotearg.c
FLAG:564:627:667:lib/quotearg.c
FLAG:565:638:667:lib/quotearg.c
FLAG:566:637:667:lib/quotearg.c
FLAG:567:627:667:lib/quotearg.c
FLAG:568:627:667:lib/quotearg.c
FLAG:569:667:667:lib/quotearg.c
FLAG:570:667:667:lib/quotearg.c
FLAG:571:637:667:lib/quotearg.c
FLAG:572:627:663:lib/quotearg.c
FLAG:573:668:669:lib/quotearg.c
FLAG:574:668:669:lib/quotearg.c
FLAG:575:667:669:lib/quotearg.c
FLAG:576:669:671:lib/quotearg.c
FLAG:577:611:671:lib/quotearg.c
FLAG:578:673:677:lib/quotearg.c
FLAG:579:697:264:lib/quotearg.c
FLAG:580:679:264:lib/quotearg.c
FLAG:581:681:683:lib/quotearg.c
FLAG:582:683:683:lib/quotearg.c
FLAG:583:683:683:lib/quotearg.c
FLAG:584:683:683:lib/quotearg.c
FLAG:585:683:683:lib/quotearg.c
FLAG:586:683:683:lib/quotearg.c
FLAG:587:683:683:lib/quotearg.c
FLAG:588:683:683:lib/quotearg.c
FLAG:589:683:683:lib/quotearg.c
FLAG:590:683:683:lib/quotearg.c
FLAG:591:683:683:lib/quotearg.c
FLAG:592:683:683:lib/quotearg.c
FLAG:593:683:683:lib/quotearg.c
FLAG:594:683:683:lib/quotearg.c
FLAG:595:683:683:lib/quotearg.c
FLAG:596:683:683:lib/quotearg.c
FLAG:597:683:683:lib/quotearg.c
FLAG:598:684:684:lib/quotearg.c
FLAG:599:684:684:lib/quotearg.c
FLAG:600:684:684:lib/quotearg.c
FLAG:601:685:685:lib/quotearg.c
FLAG:602:685:685:lib/quotearg.c
FLAG:603:685:685:lib/quotearg.c
FLAG:604:681:688:lib/quotearg.c
FLAG:605:688:690:lib/quotearg.c
FLAG:606:690:690:lib/quotearg.c
FLAG:607:690:690:lib/quotearg.c
FLAG:608:690:690:lib/quotearg.c
FLAG:609:688:264:lib/quotearg.c
FLAG:610:692:264:lib/quotearg.c
FLAG:611:687:264:lib/quotearg.c
FLAG:612:693:695:lib/quotearg.c
FLAG:613:695:695:lib/quotearg.c
FLAG:614:695:695:lib/quotearg.c
FLAG:615:695:695:lib/quotearg.c
FLAG:616:695:695:lib/quotearg.c
FLAG:617:695:695:lib/quotearg.c
FLAG:618:695:695:lib/quotearg.c
FLAG:619:695:695:lib/quotearg.c
FLAG:620:695:696:lib/quotearg.c
FLAG:621:695:696:lib/quotearg.c
FLAG:622:696:696:lib/quotearg.c
FLAG:623:696:696:lib/quotearg.c
FLAG:624:696:696:lib/quotearg.c
FLAG:625:673:258:lib/quotearg.c
FLAG:626:418:258:lib/quotearg.c
FLAG:627:418:258:lib/quotearg.c
FLAG:628:418:258:lib/quotearg.c
FLAG:629:418:258:lib/quotearg.c
FLAG:630:418:258:lib/quotearg.c
FLAG:631:418:258:lib/quotearg.c
FLAG:632:418:258:lib/quotearg.c
FLAG:633:418:258:lib/quotearg.c
FLAG:634:418:258:lib/quotearg.c
FLAG:635:418:258:lib/quotearg.c
FLAG:636:418:258:lib/quotearg.c
FLAG:637:418:258:lib/quotearg.c
FLAG:638:418:258:lib/quotearg.c
FLAG:639:418:258:lib/quotearg.c
FLAG:640:418:258:lib/quotearg.c
FLAG:641:418:258:lib/quotearg.c
FLAG:642:418:258:lib/quotearg.c
FLAG:643:418:258:lib/quotearg.c
FLAG:644:418:258:lib/quotearg.c
FLAG:645:418:258:lib/quotearg.c
FLAG:646:418:258:lib/quotearg.c
FLAG:647:418:258:lib/quotearg.c
FLAG:648:418:258:lib/quotearg.c
FLAG:649:418:258:lib/quotearg.c
FLAG:650:418:258:lib/quotearg.c
FLAG:651:418:258:lib/quotearg.c
FLAG:652:418:258:lib/quotearg.c
FLAG:653:418:258:lib/quotearg.c
FLAG:654:418:258:lib/quotearg.c
FLAG:655:418:258:lib/quotearg.c
FLAG:656:418:258:lib/quotearg.c
FLAG:657:418:258:lib/quotearg.c
FLAG:658:418:258:lib/quotearg.c
FLAG:659:418:258:lib/quotearg.c
FLAG:660:418:258:lib/quotearg.c
FLAG:661:418:258:lib/quotearg.c
FLAG:662:418:258:lib/quotearg.c
FLAG:663:418:258:lib/quotearg.c
FLAG:664:418:258:lib/quotearg.c
FLAG:665:418:258:lib/quotearg.c
FLAG:666:418:258:lib/quotearg.c
FLAG:667:418:258:lib/quotearg.c
FLAG:668:418:258:lib/quotearg.c
FLAG:669:418:258:lib/quotearg.c
FLAG:670:418:258:lib/quotearg.c
FLAG:671:418:258:lib/quotearg.c
FLAG:672:418:258:lib/quotearg.c
FLAG:673:418:258:lib/quotearg.c
FLAG:674:418:258:lib/quotearg.c
FLAG:675:418:258:lib/quotearg.c
FLAG:676:418:258:lib/quotearg.c
FLAG:677:418:258:lib/quotearg.c
FLAG:678:418:258:lib/quotearg.c
FLAG:679:418:258:lib/quotearg.c
FLAG:680:418:258:lib/quotearg.c
FLAG:681:418:258:lib/quotearg.c
FLAG:682:418:258:lib/quotearg.c
FLAG:683:418:258:lib/quotearg.c
FLAG:684:418:258:lib/quotearg.c
FLAG:685:418:258:lib/quotearg.c
FLAG:686:418:258:lib/quotearg.c
FLAG:687:418:258:lib/quotearg.c
FLAG:688:418:258:lib/quotearg.c
FLAG:689:418:258:lib/quotearg.c
FLAG:690:418:258:lib/quotearg.c
FLAG:691:418:258:lib/quotearg.c
FLAG:692:418:258:lib/quotearg.c
FLAG:693:418:258:lib/quotearg.c
FLAG:694:418:258:lib/quotearg.c
FLAG:695:418:258:lib/quotearg.c
FLAG:696:418:258:lib/quotearg.c
FLAG:697:542:258:lib/quotearg.c
FLAG:698:519:258:lib/quotearg.c
FLAG:699:431:258:lib/quotearg.c
FLAG:700:431:258:lib/quotearg.c
FLAG:701:431:258:lib/quotearg.c
FLAG:702:435:258:lib/quotearg.c
FLAG:703:442:258:lib/quotearg.c
FLAG:704:450:258:lib/quotearg.c
FLAG:705:456:258:lib/quotearg.c
FLAG:706:523:258:lib/quotearg.c
FLAG:707:549:258:lib/quotearg.c
FLAG:708:567:258:lib/quotearg.c
FLAG:709:519:258:lib/quotearg.c
FLAG:710:511:258:lib/quotearg.c
FLAG:711:472:258:lib/quotearg.c
FLAG:712:457:258:lib/quotearg.c
FLAG:713:456:258:lib/quotearg.c
FLAG:714:456:258:lib/quotearg.c
FLAG:715:447:258:lib/quotearg.c
FLAG:716:705:708:lib/quotearg.c
FLAG:717:705:709:lib/quotearg.c
FLAG:718:511:393:lib/quotearg.c
FLAG:719:709:393:lib/quotearg.c
FLAG:720:709:393:lib/quotearg.c
FLAG:721:713:713:lib/quotearg.c
FLAG:722:713:713:lib/quotearg.c
FLAG:723:713:713:lib/quotearg.c
FLAG:724:713:713:lib/quotearg.c
FLAG:725:713:713:lib/quotearg.c
FLAG:726:713:713:lib/quotearg.c
FLAG:727:713:713:lib/quotearg.c
FLAG:728:713:713:lib/quotearg.c
FLAG:729:713:713:lib/quotearg.c
FLAG:730:713:713:lib/quotearg.c
FLAG:731:713:713:lib/quotearg.c
FLAG:732:713:713:lib/quotearg.c
FLAG:733:713:713:lib/quotearg.c
FLAG:734:713:713:lib/quotearg.c
FLAG:735:713:713:lib/quotearg.c
FLAG:736:713:713:lib/quotearg.c
FLAG:737:693:393:lib/quotearg.c
FLAG:738:502:393:lib/quotearg.c
FLAG:739:709:393:lib/quotearg.c
FLAG:740:495:393:lib/quotearg.c
FLAG:741:709:393:lib/quotearg.c
FLAG:742:716:716:lib/quotearg.c
FLAG:743:716:716:lib/quotearg.c
FLAG:744:716:716:lib/quotearg.c
FLAG:745:716:716:lib/quotearg.c
FLAG:746:716:716:lib/quotearg.c
FLAG:747:716:716:lib/quotearg.c
FLAG:748:716:716:lib/quotearg.c
FLAG:749:716:717:lib/quotearg.c
FLAG:750:716:717:lib/quotearg.c
FLAG:751:716:717:lib/quotearg.c
FLAG:752:717:717:lib/quotearg.c
FLAG:753:717:717:lib/quotearg.c
FLAG:754:717:717:lib/quotearg.c
FLAG:755:721:393:lib/quotearg.c
FLAG:756:442:393:lib/quotearg.c
FLAG:757:393:723:lib/quotearg.c
FLAG:758:393:723:lib/quotearg.c
FLAG:759:723:731:lib/quotearg.c
FLAG:760:732:734:lib/quotearg.c
FLAG:761:734:735:lib/quotearg.c
FLAG:762:734:739:lib/quotearg.c
FLAG:763:732:748:lib/quotearg.c
FLAG:764:739:748:lib/quotearg.c
FLAG:765:748:749:lib/quotearg.c
FLAG:766:749:750:lib/quotearg.c
FLAG:767:750:750:lib/quotearg.c
FLAG:768:750:750:lib/quotearg.c
FLAG:769:750:750:lib/quotearg.c
FLAG:770:750:750:lib/quotearg.c
FLAG:771:750:257:lib/quotearg.c
FLAG:772:749:257:lib/quotearg.c
FLAG:773:748:257:lib/quotearg.c
FLAG:774:752:753:lib/quotearg.c
FLAG:775:450:756:lib/quotearg.c
FLAG:776:495:756:lib/quotearg.c
FLAG:777:507:756:lib/quotearg.c
FLAG:778:542:756:lib/quotearg.c
FLAG:779:551:756:lib/quotearg.c
FLAG:780:669:756:lib/quotearg.c
FLAG:781:723:756:lib/quotearg.c
FLAG:782:713:756:lib/quotearg.c
FLAG:783:423:756:lib/quotearg.c
FLAG:784:683:756:lib/quotearg.c
FLAG:785:759:759:lib/quotearg.c
FLAG:786:759:759:lib/quotearg.c
FLAG:787:464:763:lib/quotearg.c
FLAG:788:410:763:lib/quotearg.c
FLAG:789:759:763:lib/quotearg.c
FLAG:790:759:763:lib/quotearg.c
FLAG:791:752:765:lib/quotearg.c
FLAG:792:753:765:lib/quotearg.c
FLAG:793:763:765:lib/quotearg.c
FLAG:794:735:765:lib/quotearg.c
FLAG:795:820:821:lib/quotearg.c
FLAG:796:821:822:lib/quotearg.c
FLAG:797:820:822:lib/quotearg.c
FLAG:798:844:845:lib/quotearg.c
FLAG:799:845:845:lib/quotearg.c
FLAG:800:845:846:lib/quotearg.c
FLAG:801:844:846:lib/quotearg.c
FLAG:802:846:848:lib/quotearg.c
FLAG:803:846:852:lib/quotearg.c
FLAG:804:851:852:lib/quotearg.c
FLAG:805:852:854:lib/quotearg.c
FLAG:806:852:857:lib/quotearg.c
FLAG:807:856:857:lib/quotearg.c
FLAG:808:878:879:lib/quotearg.c
FLAG:809:878:881:lib/quotearg.c
FLAG:810:881:883:lib/quotearg.c
FLAG:811:888:889:lib/quotearg.c
FLAG:812:889:890:lib/quotearg.c
FLAG:813:888:890:lib/quotearg.c
FLAG:814:881:895:lib/quotearg.c
FLAG:815:892:895:lib/quotearg.c
FLAG:816:905:907:lib/quotearg.c
FLAG:817:908:909:lib/quotearg.c
FLAG:818:908:910:lib/quotearg.c
FLAG:819:909:910:lib/quotearg.c
FLAG:820:905:917:lib/quotearg.c
FLAG:821:915:917:lib/quotearg.c
FLAG:822:949:190:lib/quotearg.c
FLAG:823:949:191:lib/quotearg.c
FLAG:824:957:190:lib/quotearg.c
FLAG:825:957:191:lib/quotearg.c
FLAG:826:949:190:lib/quotearg.c
FLAG:827:949:191:lib/quotearg.c
FLAG:828:957:190:lib/quotearg.c
FLAG:829:957:191:lib/quotearg.c
FLAG:830:1004:190:lib/quotearg.c
FLAG:831:1004:1004:lib/quotearg.c
FLAG:832:1022:179:lib/quotearg.c
FLAG:833:1022:180:lib/quotearg.c
FLAG:834:1022:179:lib/quotearg.c
FLAG:835:1022:180:lib/quotearg.c
FLAG:836:1022:179:lib/quotearg.c
FLAG:837:1022:180:lib/quotearg.c
FLAG:838:1022:179:lib/quotearg.c
FLAG:839:1022:180:lib/quotearg.c
FLAG:840:462:35:lib/root-dev-ino.c
FLAG:841:462:37:lib/root-dev-ino.c
FLAG:842:36:37:lib/root-dev-ino.c
FLAG:843:66:67:lib/version-etc.c
FLAG:844:66:69:lib/version-etc.c
FLAG:845:69:83:lib/version-etc.c
FLAG:846:67:83:lib/version-etc.c
FLAG:847:97:105:lib/version-etc.c
FLAG:848:97:109:lib/version-etc.c
FLAG:849:97:113:lib/version-etc.c
FLAG:850:97:120:lib/version-etc.c
FLAG:851:97:127:lib/version-etc.c
FLAG:852:97:134:lib/version-etc.c
FLAG:853:97:142:lib/version-etc.c
FLAG:854:97:150:lib/version-etc.c
FLAG:855:97:159:lib/version-etc.c
FLAG:856:97:170:lib/version-etc.c
FLAG:857:174:176:lib/version-etc.c
FLAG:858:163:176:lib/version-etc.c
FLAG:859:154:176:lib/version-etc.c
FLAG:860:145:176:lib/version-etc.c
FLAG:861:137:176:lib/version-etc.c
FLAG:862:129:176:lib/version-etc.c
FLAG:863:122:176:lib/version-etc.c
FLAG:864:115:176:lib/version-etc.c
FLAG:865:110:176:lib/version-etc.c
FLAG:866:106:176:lib/version-etc.c
FLAG:867:97:176:lib/version-etc.c
FLAG:868:189:189:lib/version-etc.c
FLAG:869:189:189:lib/version-etc.c
FLAG:870:189:191:lib/version-etc.c
FLAG:871:208:208:lib/version-etc.c
FLAG:872:208:208:lib/version-etc.c
FLAG:873:208:208:lib/version-etc.c
FLAG:874:208:208:lib/version-etc.c
FLAG:875:208:208:lib/version-etc.c
FLAG:876:208:211:lib/version-etc.c
FLAG:877:208:211:lib/version-etc.c
FLAG:878:208:211:lib/version-etc.c
FLAG:879:208:211:lib/version-etc.c
FLAG:880:208:211:lib/version-etc.c
FLAG:881:208:211:lib/version-etc.c
FLAG:882:208:211:lib/version-etc.c
FLAG:883:208:211:lib/version-etc.c
FLAG:884:208:211:lib/version-etc.c
FLAG:885:208:211:lib/version-etc.c
FLAG:886:208:208:lib/version-etc.c
FLAG:887:208:208:lib/version-etc.c
FLAG:888:208:208:lib/version-etc.c
FLAG:889:208:208:lib/version-etc.c
FLAG:890:208:208:lib/version-etc.c
FLAG:891:208:208:lib/version-etc.c
FLAG:892:208:208:lib/version-etc.c
FLAG:893:208:208:lib/version-etc.c
FLAG:894:208:208:lib/version-etc.c
FLAG:895:208:208:lib/version-etc.c
FLAG:896:208:208:lib/version-etc.c
FLAG:897:208:208:lib/version-etc.c
FLAG:898:208:208:lib/version-etc.c
FLAG:899:208:208:lib/version-etc.c
FLAG:900:208:208:lib/version-etc.c
FLAG:901:208:208:lib/version-etc.c
FLAG:902:208:208:lib/version-etc.c
FLAG:903:208:208:lib/version-etc.c
FLAG:904:208:208:lib/version-etc.c
FLAG:905:208:208:lib/version-etc.c
FLAG:906:208:208:lib/version-etc.c
FLAG:907:208:208:lib/version-etc.c
FLAG:908:208:208:lib/version-etc.c
FLAG:909:208:208:lib/version-etc.c
FLAG:910:208:208:lib/version-etc.c
FLAG:911:208:208:lib/version-etc.c
FLAG:912:208:208:lib/version-etc.c
FLAG:913:208:208:lib/version-etc.c
FLAG:914:84:84:lib/xmalloc.c
FLAG:915:84:84:lib/xmalloc.c
FLAG:916:84:85:lib/xmalloc.c
FLAG:917:84:85:lib/xmalloc.c
FLAG:918:84:144:./lib/xalloc.h
FLAG:919:84:144:./lib/xalloc.h
FLAG:920:84:84:lib/xmalloc.c
FLAG:921:84:84:lib/xmalloc.c
FLAG:922:84:85:lib/xmalloc.c
FLAG:923:84:85:lib/xmalloc.c
FLAG:924:84:86:lib/xmalloc.c
FLAG:925:84:86:lib/xmalloc.c
FLAG:926:44:35:lib/xmalloc.c
FLAG:927:44:44:lib/xmalloc.c
FLAG:928:51:35:lib/xmalloc.c
FLAG:929:51:50:lib/xmalloc.c
FLAG:930:44:35:lib/xmalloc.c
FLAG:931:44:56:lib/xmalloc.c
FLAG:932:66:66:lib/xmalloc.c
FLAG:933:66:67:lib/xmalloc.c
FLAG:934:66:68:lib/xmalloc.c
FLAG:935:66:68:lib/xmalloc.c
FLAG:936:61:35:lib/xmalloc.c
FLAG:937:61:74:lib/xmalloc.c
FLAG:938:92:35:lib/xmalloc.c
FLAG:939:92:92:lib/xmalloc.c
FLAG:940:84:85:lib/xmalloc.c
FLAG:941:84:101:lib/xmalloc.c
FLAG:942:175:177:lib/xmalloc.c
FLAG:943:175:192:lib/xmalloc.c
FLAG:944:192:193:lib/xmalloc.c
FLAG:945:177:83:lib/xmalloc.c
FLAG:946:192:83:lib/xmalloc.c
FLAG:947:84:85:lib/xmalloc.c
FLAG:948:84:197:lib/xmalloc.c
FLAG:949:175:177:lib/xmalloc.c
FLAG:950:177:185:lib/xmalloc.c
FLAG:951:175:192:lib/xmalloc.c
FLAG:952:192:193:lib/xmalloc.c
FLAG:953:177:83:lib/xmalloc.c
FLAG:954:192:83:lib/xmalloc.c
FLAG:955:187:83:lib/xmalloc.c
FLAG:956:84:84:lib/xmalloc.c
FLAG:957:84:84:lib/xmalloc.c
FLAG:958:84:85:lib/xmalloc.c
FLAG:959:84:85:lib/xmalloc.c
FLAG:960:84:197:lib/xmalloc.c
FLAG:961:84:197:lib/xmalloc.c
FLAG:962:248:248:lib/xmalloc.c
FLAG:963:248:248:lib/xmalloc.c
FLAG:964:248:248:lib/xmalloc.c
FLAG:965:248:248:lib/xmalloc.c
FLAG:966:248:248:lib/xmalloc.c
FLAG:967:248:248:lib/xmalloc.c
FLAG:968:248:248:lib/xmalloc.c
FLAG:969:248:248:lib/xmalloc.c
FLAG:970:248:248:lib/xmalloc.c
FLAG:971:248:248:lib/xmalloc.c
FLAG:972:248:248:lib/xmalloc.c
FLAG:973:248:248:lib/xmalloc.c
FLAG:974:248:248:lib/xmalloc.c
FLAG:975:248:248:lib/xmalloc.c
FLAG:976:248:248:lib/xmalloc.c
FLAG:977:248:248:lib/xmalloc.c
FLAG:978:250:253:lib/xmalloc.c
FLAG:979:248:253:lib/xmalloc.c
FLAG:980:248:253:lib/xmalloc.c
FLAG:981:248:253:lib/xmalloc.c
FLAG:982:248:253:lib/xmalloc.c
FLAG:983:250:257:lib/xmalloc.c
FLAG:984:255:257:lib/xmalloc.c
FLAG:985:257:258:lib/xmalloc.c
FLAG:986:257:259:lib/xmalloc.c
FLAG:987:258:259:lib/xmalloc.c
FLAG:988:260:260:lib/xmalloc.c
FLAG:989:261:262:lib/xmalloc.c
FLAG:990:262:262:lib/xmalloc.c
FLAG:991:262:262:lib/xmalloc.c
FLAG:992:262:262:lib/xmalloc.c
FLAG:993:262:262:lib/xmalloc.c
FLAG:994:262:262:lib/xmalloc.c
FLAG:995:262:262:lib/xmalloc.c
FLAG:996:262:262:lib/xmalloc.c
FLAG:997:262:262:lib/xmalloc.c
FLAG:998:262:262:lib/xmalloc.c
FLAG:999:262:262:lib/xmalloc.c
FLAG:1000:262:262:lib/xmalloc.c
FLAG:1001:262:262:lib/xmalloc.c
FLAG:1002:262:262:lib/xmalloc.c
FLAG:1003:262:262:lib/xmalloc.c
FLAG:1004:262:262:lib/xmalloc.c
FLAG:1005:262:262:lib/xmalloc.c
FLAG:1006:262:263:lib/xmalloc.c
FLAG:1007:262:263:lib/xmalloc.c
FLAG:1008:262:263:lib/xmalloc.c
FLAG:1009:262:263:lib/xmalloc.c
FLAG:1010:261:263:lib/xmalloc.c
FLAG:1011:262:65:lib/xmalloc.c
FLAG:1012:260:65:lib/xmalloc.c
FLAG:1013:66:67:lib/xmalloc.c
FLAG:1014:66:265:lib/xmalloc.c
FLAG:1015:291:35:lib/xmalloc.c
FLAG:1016:291:276:lib/xmalloc.c
FLAG:1017:291:35:lib/xmalloc.c
FLAG:1018:291:291:lib/xmalloc.c
FLAG:1019:81:35:lib/xmalloc.c
FLAG:1020:81:282:lib/xmalloc.c
FLAG:1021:81:35:lib/xmalloc.c
FLAG:1022:81:297:lib/xmalloc.c
FLAG:1023:44:35:lib/xmalloc.c
FLAG:1024:44:34:/usr/include/x86_64-linux-gnu/bits/string_fortified.h
FLAG:1025:51:35:lib/xmalloc.c
FLAG:1026:51:34:/usr/include/x86_64-linux-gnu/bits/string_fortified.h
FLAG:1027:322:35:lib/xmalloc.c
FLAG:1028:322:323:lib/xmalloc.c
FLAG:1029:332:35:lib/xmalloc.c
FLAG:1030:332:34:/usr/include/x86_64-linux-gnu/bits/string_fortified.h
FLAG:1031:37:41:lib/xfts.c
FLAG:1032:41:41:lib/xfts.c
FLAG:1033:41:42:lib/xfts.c
FLAG:1034:37:45:lib/xfts.c
FLAG:1035:62:64:lib/xfts.c
FLAG:1036:62:62:lib/xfts.c
FLAG:1037:62:62:lib/xfts.c
FLAG:1038:62:62:lib/xfts.c
FLAG:1039:64:62:lib/xfts.c
FLAG:1040:84:86:lib/fchmodat.c
FLAG:1041:94:477:/usr/include/x86_64-linux-gnu/sys/stat.h
FLAG:1042:477:106:lib/fchmodat.c
FLAG:1043:477:111:lib/fchmodat.c
FLAG:1044:111:113:lib/fchmodat.c
FLAG:1045:111:120:lib/fchmodat.c
FLAG:1046:125:127:lib/fchmodat.c
FLAG:1047:127:129:lib/fchmodat.c
FLAG:1048:108:148:lib/fchmodat.c
FLAG:1049:115:148:lib/fchmodat.c
FLAG:1050:94:148:lib/fchmodat.c
FLAG:1051:130:148:lib/fchmodat.c
FLAG:1052:125:148:lib/fchmodat.c
FLAG:1053:127:148:lib/fchmodat.c
FLAG:1054:148:33:lib/fchmodat.c
FLAG:1055:84:33:lib/fchmodat.c
FLAG:1056:148:152:lib/fchmodat.c
FLAG:1057:148:152:lib/fchmodat.c
FLAG:1058:151:152:lib/fchmodat.c
FLAG:1059:371:372:lib/fts.c
FLAG:1060:371:375:lib/fts.c
FLAG:1061:375:376:lib/fts.c
FLAG:1062:375:379:lib/fts.c
FLAG:1063:379:380:lib/fts.c
FLAG:1064:379:385:lib/fts.c
FLAG:1065:386:388:lib/fts.c
FLAG:1066:1987:1988:lib/fts.c
FLAG:1067:1988:1988:lib/fts.c
FLAG:1068:1988:1990:lib/fts.c
FLAG:1069:1987:1930:lib/fts.c
FLAG:1070:1990:1930:lib/fts.c
FLAG:1071:1943:1944:lib/fts.c
FLAG:1072:1943:1948:lib/fts.c
FLAG:1073:1948:1884:lib/fts.c
FLAG:1074:1884:1888:lib/fts.c
FLAG:1075:1948:462:lib/fts.c
FLAG:1076:1899:462:lib/fts.c
FLAG:1077:462:462:lib/fts.c
FLAG:1078:462:465:lib/fts.c
FLAG:1079:462:465:lib/fts.c
FLAG:1080:465:465:lib/fts.c
FLAG:1081:465:467:lib/fts.c
FLAG:1082:465:467:lib/fts.c
FLAG:1083:474:474:lib/fts.c
FLAG:1084:474:475:lib/fts.c
FLAG:1085:476:475:lib/fts.c
FLAG:1086:476:467:lib/fts.c
FLAG:1087:475:467:lib/fts.c
FLAG:1088:474:467:lib/fts.c
FLAG:1089:474:467:lib/fts.c
FLAG:1090:1884:1884:lib/fts.c
FLAG:1091:1899:491:lib/fts.c
FLAG:1092:1899:488:lib/fts.c
FLAG:1093:490:498:lib/fts.c
FLAG:1094:491:498:lib/fts.c
FLAG:1095:498:499:lib/fts.c
FLAG:1096:498:502:lib/fts.c
FLAG:1097:503:506:lib/fts.c
FLAG:1098:506:465:lib/fts.c
FLAG:1099:503:465:lib/fts.c
FLAG:1100:501:465:lib/fts.c
FLAG:1101:475:476:lib/fts.c
FLAG:1102:465:467:lib/fts.c
FLAG:1103:465:467:lib/fts.c
FLAG:1104:1884:1884:lib/fts.c
FLAG:1105:1899:488:lib/fts.c
FLAG:1106:1899:491:lib/fts.c
FLAG:1107:491:498:lib/fts.c
FLAG:1108:490:498:lib/fts.c
FLAG:1109:498:499:lib/fts.c
FLAG:1110:498:502:lib/fts.c
FLAG:1111:503:506:lib/fts.c
FLAG:1112:503:465:lib/fts.c
FLAG:1113:506:465:lib/fts.c
FLAG:1114:501:465:lib/fts.c
FLAG:1115:465:465:lib/fts.c
FLAG:1116:465:465:lib/fts.c
FLAG:1117:511:512:lib/fts.c
FLAG:1118:465:1884:lib/fts.c
FLAG:1119:512:1884:lib/fts.c
FLAG:1120:511:1884:lib/fts.c
FLAG:1121:1884:519:lib/fts.c
FLAG:1122:1884:1888:lib/fts.c
FLAG:1123:1899:55:./lib/fts-cycle.c
FLAG:1124:1899:62:./lib/fts-cycle.c
FLAG:1125:63:62:./lib/fts-cycle.c
FLAG:1126:65:534:lib/fts.c
FLAG:1127:57:534:lib/fts.c
FLAG:1128:534:350:lib/fts.c
FLAG:1129:352:353:lib/fts.c
FLAG:1130:352:354:lib/fts.c
FLAG:1131:353:352:lib/fts.c
FLAG:1132:354:352:lib/fts.c
FLAG:1133:535:536:lib/fts.c
FLAG:1134:534:538:lib/fts.c
FLAG:1135:536:538:lib/fts.c
FLAG:1136:535:538:lib/fts.c
FLAG:1137:1884:541:lib/fts.c
FLAG:1138:1884:541:lib/fts.c
FLAG:1139:63:541:lib/fts.c
FLAG:1140:57:541:lib/fts.c
FLAG:1141:519:541:lib/fts.c
FLAG:1142:1910:1911:lib/fts.c
FLAG:1143:1914:1911:lib/fts.c
FLAG:1144:1912:1913:lib/fts.c
FLAG:1145:1913:1914:lib/fts.c
FLAG:1146:1912:1914:lib/fts.c
FLAG:1147:1914:542:lib/fts.c
FLAG:1148:1910:542:lib/fts.c
FLAG:1149:1884:543:lib/fts.c
FLAG:1150:543:543:lib/fts.c
FLAG:1151:1946:544:lib/fts.c
FLAG:1152:543:544:lib/fts.c
FLAG:1153:386:546:lib/fts.c
FLAG:1154:545:546:lib/fts.c
FLAG:1155:539:546:lib/fts.c
FLAG:1156:381:546:lib/fts.c
FLAG:1157:377:546:lib/fts.c
FLAG:1158:373:546:lib/fts.c
FLAG:1159:1769:1769:lib/fts.c
FLAG:1160:1769:1777:lib/fts.c
FLAG:1161:1769:1777:lib/fts.c
FLAG:1162:1777:1778:lib/fts.c
FLAG:1163:1778:1779:lib/fts.c
FLAG:1164:1780:1780:lib/fts.c
FLAG:1165:1780:1781:lib/fts.c
FLAG:1166:1777:1787:lib/fts.c
FLAG:1167:1787:1789:lib/fts.c
FLAG:1168:1780:0:lib/fts.c
FLAG:1169:1789:0:lib/fts.c
FLAG:1170:0:1790:lib/fts.c
FLAG:1171:1780:1790:lib/fts.c
FLAG:1172:1778:1794:lib/fts.c
FLAG:1173:1787:1794:lib/fts.c
FLAG:1174:1794:1795:lib/fts.c
FLAG:1175:1795:1795:lib/fts.c
FLAG:1176:1795:1795:lib/fts.c
FLAG:1177:1795:1797:lib/fts.c
FLAG:1178:1795:1797:lib/fts.c
FLAG:1179:1794:1805:lib/fts.c
FLAG:1180:1794:1806:lib/fts.c
FLAG:1181:1794:1807:lib/fts.c
FLAG:1182:1795:1807:lib/fts.c
FLAG:1183:1795:1807:lib/fts.c
FLAG:1184:1795:1807:lib/fts.c
FLAG:1185:1806:1807:lib/fts.c
FLAG:1186:1805:1807:lib/fts.c
FLAG:1187:1797:1807:lib/fts.c
FLAG:1188:1791:1807:lib/fts.c
FLAG:1189:1782:1807:lib/fts.c
FLAG:1190:1849:1863:lib/fts.c
FLAG:1191:1849:1852:lib/fts.c
FLAG:1192:1854:1854:lib/fts.c
FLAG:1193:1854:1856:lib/fts.c
FLAG:1194:1855:1856:lib/fts.c
FLAG:1195:1855:1861:lib/fts.c
FLAG:1196:1863:1863:lib/fts.c
FLAG:1197:1861:1863:lib/fts.c
FLAG:1198:1863:1864:lib/fts.c
FLAG:1199:1864:1864:lib/fts.c
FLAG:1200:1864:1865:lib/fts.c
FLAG:1201:1863:1865:lib/fts.c
FLAG:1202:1865:1865:lib/fts.c
FLAG:1203:1866:1867:lib/fts.c
FLAG:1204:1867:1866:lib/fts.c
FLAG:1205:1866:1867:lib/fts.c
FLAG:1206:1867:1867:lib/fts.c
FLAG:1207:1867:1866:lib/fts.c
FLAG:1208:1866:1866:lib/fts.c
FLAG:1209:1866:1867:lib/fts.c
FLAG:1210:1867:1867:lib/fts.c
FLAG:1211:1866:1867:lib/fts.c
FLAG:1212:1867:1867:lib/fts.c
FLAG:1213:1867:1867:lib/fts.c
FLAG:1214:1868:1868:lib/fts.c
FLAG:1215:1866:1868:lib/fts.c
FLAG:1216:1858:1870:lib/fts.c
FLAG:1217:1869:1870:lib/fts.c
FLAG:1218:37:37:./lib/fts-cycle.c
FLAG:1219:37:36:./lib/fts-cycle.c
FLAG:1220:37:36:./lib/fts-cycle.c
FLAG:1221:583:584:lib/fts.c
FLAG:1222:584:586:lib/fts.c
FLAG:1223:587:586:lib/fts.c
FLAG:1224:586:586:lib/fts.c
FLAG:1225:586:586:lib/fts.c
FLAG:1226:586:586:lib/fts.c
FLAG:1227:587:589:lib/fts.c
FLAG:1228:584:589:lib/fts.c
FLAG:1229:583:593:lib/fts.c
FLAG:1230:590:593:lib/fts.c
FLAG:1231:593:1911:lib/fts.c
FLAG:1232:1914:1911:lib/fts.c
FLAG:1233:1912:1913:lib/fts.c
FLAG:1234:1913:1914:lib/fts.c
FLAG:1235:1912:1914:lib/fts.c
FLAG:1236:1914:595:lib/fts.c
FLAG:1237:593:595:lib/fts.c
FLAG:1238:598:600:lib/fts.c
FLAG:1239:600:601:lib/fts.c
FLAG:1240:601:602:lib/fts.c
FLAG:1241:598:604:lib/fts.c
FLAG:1242:604:607:lib/fts.c
FLAG:1243:607:608:lib/fts.c
FLAG:1244:607:612:lib/fts.c
FLAG:1245:608:612:lib/fts.c
FLAG:1246:613:614:lib/fts.c
FLAG:1247:601:617:lib/fts.c
FLAG:1248:604:617:lib/fts.c
FLAG:1249:614:617:lib/fts.c
FLAG:1250:613:617:lib/fts.c
FLAG:1251:600:617:lib/fts.c
FLAG:1252:602:617:lib/fts.c
FLAG:1253:617:281:lib/fts.c
FLAG:1254:279:281:lib/fts.c
FLAG:1255:282:283:lib/fts.c
FLAG:1256:283:279:lib/fts.c
FLAG:1257:282:279:lib/fts.c
FLAG:1258:279:619:lib/fts.c
FLAG:1259:617:619:lib/fts.c
FLAG:1260:619:620:lib/fts.c
FLAG:1261:619:153:./lib/fts-cycle.c
FLAG:1262:620:153:./lib/fts-cycle.c
FLAG:1263:153:155:./lib/fts-cycle.c
FLAG:1264:155:156:./lib/fts-cycle.c
FLAG:1265:153:159:./lib/fts-cycle.c
FLAG:1266:155:625:lib/fts.c
FLAG:1267:156:625:lib/fts.c
FLAG:1268:159:625:lib/fts.c
FLAG:1269:628:629:lib/fts.c
FLAG:1270:628:634:lib/fts.c
FLAG:1271:630:634:lib/fts.c
FLAG:1272:844:844:lib/fts.c
FLAG:1273:844:851:lib/fts.c
FLAG:1274:855:882:lib/fts.c
FLAG:1275:855:856:lib/fts.c
FLAG:1276:855:869:lib/fts.c
FLAG:1277:869:870:lib/fts.c
FLAG:1278:871:871:lib/fts.c
FLAG:1279:871:350:lib/fts.c
FLAG:1280:352:353:lib/fts.c
FLAG:1281:352:354:lib/fts.c
FLAG:1282:353:352:lib/fts.c
FLAG:1283:354:352:lib/fts.c
FLAG:1284:872:873:lib/fts.c
FLAG:1285:872:876:lib/fts.c
FLAG:1286:882:882:lib/fts.c
FLAG:1287:869:882:lib/fts.c
FLAG:1288:882:884:lib/fts.c
FLAG:1289:884:885:lib/fts.c
FLAG:1290:885:885:lib/fts.c
FLAG:1291:885:886:lib/fts.c
FLAG:1292:884:886:lib/fts.c
FLAG:1293:886:887:lib/fts.c
FLAG:1294:886:888:lib/fts.c
FLAG:1295:887:888:lib/fts.c
FLAG:1296:888:1911:lib/fts.c
FLAG:1297:1914:1911:lib/fts.c
FLAG:1298:1912:1913:lib/fts.c
FLAG:1299:1913:1914:lib/fts.c
FLAG:1300:1912:1914:lib/fts.c
FLAG:1301:1914:890:lib/fts.c
FLAG:1302:888:892:lib/fts.c
FLAG:1303:891:892:lib/fts.c
FLAG:1304:885:898:lib/fts.c
FLAG:1305:885:898:lib/fts.c
FLAG:1306:898:898:lib/fts.c
FLAG:1307:898:899:lib/fts.c
FLAG:1308:1910:1911:lib/fts.c
FLAG:1309:1914:1911:lib/fts.c
FLAG:1310:1912:1913:lib/fts.c
FLAG:1311:1913:1914:lib/fts.c
FLAG:1312:1912:1914:lib/fts.c
FLAG:1313:1914:901:lib/fts.c
FLAG:1314:898:917:lib/fts.c
FLAG:1315:917:918:lib/fts.c
FLAG:1316:920:923:lib/fts.c
FLAG:1317:923:923:lib/fts.c
FLAG:1318:898:925:lib/fts.c
FLAG:1319:902:925:lib/fts.c
FLAG:1320:925:926:lib/fts.c
FLAG:1321:926:931:lib/fts.c
FLAG:1322:931:931:lib/fts.c
FLAG:1323:931:932:lib/fts.c
FLAG:1324:931:933:lib/fts.c
FLAG:1325:931:933:lib/fts.c
FLAG:1326:932:933:lib/fts.c
FLAG:1327:923:936:lib/fts.c
FLAG:1328:920:936:lib/fts.c
FLAG:1329:917:936:lib/fts.c
FLAG:1330:925:936:lib/fts.c
FLAG:1331:882:942:lib/fts.c
FLAG:1332:989:942:lib/fts.c
FLAG:1333:947:947:lib/fts.c
FLAG:1334:947:950:lib/fts.c
FLAG:1335:953:955:lib/fts.c
FLAG:1336:955:1035:lib/fts.c
FLAG:1337:953:960:lib/fts.c
FLAG:1338:947:965:lib/fts.c
FLAG:1339:973:974:lib/fts.c
FLAG:1340:974:975:lib/fts.c
FLAG:1341:974:153:./lib/fts-cycle.c
FLAG:1342:153:155:./lib/fts-cycle.c
FLAG:1343:155:156:./lib/fts-cycle.c
FLAG:1344:153:159:./lib/fts-cycle.c
FLAG:1345:155:562:lib/fts.c
FLAG:1346:156:562:lib/fts.c
FLAG:1347:159:562:lib/fts.c
FLAG:1348:564:564:lib/fts.c
FLAG:1349:564:564:lib/fts.c
FLAG:1350:564:565:lib/fts.c
FLAG:1351:564:565:lib/fts.c
FLAG:1352:564:569:lib/fts.c
FLAG:1353:564:569:lib/fts.c
FLAG:1354:568:569:lib/fts.c
FLAG:1355:569:55:./lib/fts-cycle.c
FLAG:1356:569:62:./lib/fts-cycle.c
FLAG:1357:63:62:./lib/fts-cycle.c
FLAG:1358:973:989:lib/fts.c
FLAG:1359:989:992:lib/fts.c
FLAG:1360:993:993:lib/fts.c
FLAG:1361:993:350:lib/fts.c
FLAG:1362:352:353:lib/fts.c
FLAG:1363:352:354:lib/fts.c
FLAG:1364:353:352:lib/fts.c
FLAG:1365:354:352:lib/fts.c
FLAG:1366:994:995:lib/fts.c
FLAG:1367:994:998:lib/fts.c
FLAG:1368:993:1000:lib/fts.c
FLAG:1369:997:1000:lib/fts.c
FLAG:1370:998:1000:lib/fts.c
FLAG:1371:993:1000:lib/fts.c
FLAG:1372:989:1003:lib/fts.c
FLAG:1373:1001:1003:lib/fts.c
FLAG:1374:961:1003:lib/fts.c
FLAG:1375:938:1003:lib/fts.c
FLAG:1376:57:1006:lib/fts.c
FLAG:1377:63:1006:lib/fts.c
FLAG:1378:65:1006:lib/fts.c
FLAG:1379:871:1006:lib/fts.c
FLAG:1380:871:1006:lib/fts.c
FLAG:1381:876:1006:lib/fts.c
FLAG:1382:875:1006:lib/fts.c
FLAG:1383:1005:1006:lib/fts.c
FLAG:1384:1008:1010:lib/fts.c
FLAG:1385:1010:1011:lib/fts.c
FLAG:1386:1010:1013:lib/fts.c
FLAG:1387:1011:1016:lib/fts.c
FLAG:1388:1008:1016:lib/fts.c
FLAG:1389:1016:1021:lib/fts.c
FLAG:1390:1021:1022:lib/fts.c
FLAG:1391:1022:76:./lib/fts-cycle.c
FLAG:1392:1021:76:./lib/fts-cycle.c
FLAG:1393:76:79:./lib/fts-cycle.c
FLAG:1394:82:85:./lib/fts-cycle.c
FLAG:1395:94:96:./lib/fts-cycle.c
FLAG:1396:97:102:./lib/fts-cycle.c
FLAG:1397:76:108:./lib/fts-cycle.c
FLAG:1398:108:114:./lib/fts-cycle.c
FLAG:1399:97:1026:lib/fts.c
FLAG:1400:82:1026:lib/fts.c
FLAG:1401:1035:1035:lib/fts.c
FLAG:1402:947:1035:lib/fts.c
FLAG:1403:1039:1044:lib/fts.c
FLAG:1404:1039:1049:lib/fts.c
FLAG:1405:1049:1049:lib/fts.c
FLAG:1406:1049:1052:lib/fts.c
FLAG:1407:1060:1061:lib/fts.c
FLAG:1408:1061:1062:lib/fts.c
FLAG:1409:1060:1065:lib/fts.c
FLAG:1410:1065:1066:lib/fts.c
FLAG:1411:1066:1066:lib/fts.c
FLAG:1412:1066:308:lib/fts.c
FLAG:1413:309:309:lib/fts.c
FLAG:1414:309:315:lib/fts.c
FLAG:1415:317:318:lib/fts.c
FLAG:1416:317:326:lib/fts.c
FLAG:1417:318:326:lib/fts.c
FLAG:1418:1066:1066:lib/fts.c
FLAG:1419:1066:1067:lib/fts.c
FLAG:1420:1066:1070:lib/fts.c
FLAG:1421:1066:1070:lib/fts.c
FLAG:1422:1066:1070:lib/fts.c
FLAG:1423:1069:1070:lib/fts.c
FLAG:1424:1065:1071:lib/fts.c
FLAG:1425:1071:1072:lib/fts.c
FLAG:1426:1072:1073:lib/fts.c
FLAG:1427:1061:1080:lib/fts.c
FLAG:1428:1072:1080:lib/fts.c
FLAG:1429:1071:1080:lib/fts.c
FLAG:1430:1071:1080:lib/fts.c
FLAG:1431:1075:1080:lib/fts.c
FLAG:1432:1064:1080:lib/fts.c
FLAG:1433:1080:1081:lib/fts.c
FLAG:1434:1082:1083:lib/fts.c
FLAG:1435:1080:1085:lib/fts.c
FLAG:1436:1082:1085:lib/fts.c
FLAG:1437:1083:1085:lib/fts.c
FLAG:1438:116:1086:lib/fts.c
FLAG:1439:108:1086:lib/fts.c
FLAG:1440:104:1086:lib/fts.c
FLAG:1441:94:1086:lib/fts.c
FLAG:1442:1010:1086:lib/fts.c
FLAG:1443:1016:1086:lib/fts.c
FLAG:1444:955:1086:lib/fts.c
FLAG:1445:926:1086:lib/fts.c
FLAG:1446:844:1086:lib/fts.c
FLAG:1447:844:1086:lib/fts.c
FLAG:1448:1085:1086:lib/fts.c
FLAG:1449:1046:1086:lib/fts.c
FLAG:1450:1027:1086:lib/fts.c
FLAG:1451:976:1086:lib/fts.c
FLAG:1452:934:1086:lib/fts.c
FLAG:1453:894:1086:lib/fts.c
FLAG:1454:857:1086:lib/fts.c
FLAG:1455:128:130:./lib/fts-cycle.c
FLAG:1456:135:136:./lib/fts-cycle.c
FLAG:1457:135:137:./lib/fts-cycle.c
FLAG:1458:128:141:./lib/fts-cycle.c
FLAG:1459:142:142:./lib/fts-cycle.c
FLAG:1460:142:143:./lib/fts-cycle.c
FLAG:1461:143:143:./lib/fts-cycle.c
FLAG:1462:143:143:./lib/fts-cycle.c
FLAG:1463:143:143:./lib/fts-cycle.c
FLAG:1464:143:143:./lib/fts-cycle.c
FLAG:1465:142:146:./lib/fts-cycle.c
FLAG:1466:143:146:./lib/fts-cycle.c
FLAG:1467:143:146:./lib/fts-cycle.c
FLAG:1468:143:146:./lib/fts-cycle.c
FLAG:1469:142:146:./lib/fts-cycle.c
FLAG:1470:138:146:./lib/fts-cycle.c
FLAG:1471:2007:2007:lib/fts.c
FLAG:1472:2007:2014:lib/fts.c
FLAG:1473:2007:2014:lib/fts.c
FLAG:1474:2014:2016:lib/fts.c
FLAG:1475:2016:2017:lib/fts.c
FLAG:1476:2014:2021:lib/fts.c
FLAG:1477:2021:2028:lib/fts.c
FLAG:1478:2028:2032:lib/fts.c
FLAG:1479:2021:2042:lib/fts.c
FLAG:1480:2033:350:lib/fts.c
FLAG:1481:2028:350:lib/fts.c
FLAG:1482:2042:350:lib/fts.c
FLAG:1483:352:353:lib/fts.c
FLAG:1484:352:354:lib/fts.c
FLAG:1485:353:352:lib/fts.c
FLAG:1486:354:352:lib/fts.c
FLAG:1487:2033:2052:lib/fts.c
FLAG:1488:2042:2052:lib/fts.c
FLAG:1489:2042:2052:lib/fts.c
FLAG:1490:2053:2053:lib/fts.c
FLAG:1491:2053:2053:lib/fts.c
FLAG:1492:2053:2055:lib/fts.c
FLAG:1493:2053:2055:lib/fts.c
FLAG:1494:2056:2061:lib/fts.c
FLAG:1495:2062:2062:lib/fts.c
FLAG:1496:2062:2064:lib/fts.c
FLAG:1497:2062:2064:lib/fts.c
FLAG:1498:2066:2068:lib/fts.c
FLAG:1499:2056:2068:lib/fts.c
FLAG:1500:2062:2068:lib/fts.c
FLAG:1501:2070:2070:lib/fts.c
FLAG:1502:2053:2070:lib/fts.c
FLAG:1503:2053:2070:lib/fts.c
FLAG:1504:2070:308:lib/fts.c
FLAG:1505:309:309:lib/fts.c
FLAG:1506:309:311:lib/fts.c
FLAG:1507:311:315:lib/fts.c
FLAG:1508:317:318:lib/fts.c
FLAG:1509:311:320:lib/fts.c
FLAG:1510:322:323:lib/fts.c
FLAG:1511:317:326:lib/fts.c
FLAG:1512:318:326:lib/fts.c
FLAG:1513:322:326:lib/fts.c
FLAG:1514:323:326:lib/fts.c
FLAG:1515:2070:2076:lib/fts.c
FLAG:1516:2068:2077:lib/fts.c
FLAG:1517:2076:2077:lib/fts.c
FLAG:1518:2078:2080:lib/fts.c
FLAG:1519:2078:2085:lib/fts.c
FLAG:1520:2083:2085:lib/fts.c
FLAG:1521:2042:2085:lib/fts.c
FLAG:1522:2016:2085:lib/fts.c
FLAG:1523:2017:2085:lib/fts.c
FLAG:1524:2073:2085:lib/fts.c
FLAG:1525:1286:1289:lib/fts.c
FLAG:1526:1290:1292:lib/fts.c
FLAG:1527:1293:1295:lib/fts.c
FLAG:1528:1286:1305:lib/fts.c
FLAG:1529:1305:1305:lib/fts.c
FLAG:1530:1305:1305:lib/fts.c
FLAG:1531:1305:1305:lib/fts.c
FLAG:1532:1305:1305:lib/fts.c
FLAG:1533:1305:1305:lib/fts.c
FLAG:1534:1305:1305:lib/fts.c
FLAG:1535:1305:1305:lib/fts.c
FLAG:1536:1305:1305:lib/fts.c
FLAG:1537:1305:1305:lib/fts.c
FLAG:1538:1305:1305:lib/fts.c
FLAG:1539:1305:1307:lib/fts.c
FLAG:1540:1307:1309:lib/fts.c
FLAG:1541:1305:1317:lib/fts.c
FLAG:1542:1317:1318:lib/fts.c
FLAG:1543:1317:1319:lib/fts.c
FLAG:1544:1319:1326:lib/fts.c
FLAG:1545:1327:79:./lib/fts-cycle.c
FLAG:1546:82:85:./lib/fts-cycle.c
FLAG:1547:94:96:./lib/fts-cycle.c
FLAG:1548:97:102:./lib/fts-cycle.c
FLAG:1549:1327:108:./lib/fts-cycle.c
FLAG:1550:108:114:./lib/fts-cycle.c
FLAG:1551:97:1330:lib/fts.c
FLAG:1552:82:1330:lib/fts.c
FLAG:1553:1290:1343:lib/fts.c
FLAG:1554:116:1343:lib/fts.c
FLAG:1555:108:1343:lib/fts.c
FLAG:1556:104:1343:lib/fts.c
FLAG:1557:94:1343:lib/fts.c
FLAG:1558:1319:1343:lib/fts.c
FLAG:1559:1318:1343:lib/fts.c
FLAG:1560:1371:1371:lib/fts.c
FLAG:1561:1371:1373:lib/fts.c
FLAG:1562:1374:1374:lib/fts.c
FLAG:1563:1374:1376:lib/fts.c
FLAG:1564:1371:1376:lib/fts.c
FLAG:1565:1374:1376:lib/fts.c
FLAG:1566:1374:1376:lib/fts.c
FLAG:1567:1374:1376:lib/fts.c
FLAG:1568:1374:1376:lib/fts.c
FLAG:1569:1374:1376:lib/fts.c
FLAG:1570:1374:1376:lib/fts.c
FLAG:1571:1371:1376:lib/fts.c
FLAG:1572:1376:1378:lib/fts.c
FLAG:1573:1376:1378:lib/fts.c
FLAG:1574:1378:1379:lib/fts.c
FLAG:1575:1378:1380:lib/fts.c
FLAG:1576:1379:1380:lib/fts.c
FLAG:1577:1380:1380:lib/fts.c
FLAG:1578:1380:1381:lib/fts.c
FLAG:1579:1380:1381:lib/fts.c
FLAG:1580:1381:1382:lib/fts.c
FLAG:1581:1382:1383:lib/fts.c
FLAG:1582:1381:1383:lib/fts.c
FLAG:1583:1386:1387:lib/fts.c
FLAG:1584:1387:1388:lib/fts.c
FLAG:1585:1386:1388:lib/fts.c
FLAG:1586:1360:1404:lib/fts.c
FLAG:1587:1380:1404:lib/fts.c
FLAG:1588:1376:1404:lib/fts.c
FLAG:1589:1389:1404:lib/fts.c
FLAG:1590:1405:1406:lib/fts.c
FLAG:1591:1405:1412:lib/fts.c
FLAG:1592:1408:1412:lib/fts.c
FLAG:1593:1422:1413:lib/fts.c
FLAG:1594:1422:1424:lib/fts.c
FLAG:1595:1422:1424:lib/fts.c
FLAG:1596:1426:1427:lib/fts.c
FLAG:1597:1427:1428:lib/fts.c
FLAG:1598:1426:1436:lib/fts.c
FLAG:1599:1436:1436:lib/fts.c
FLAG:1600:1436:1436:lib/fts.c
FLAG:1601:1436:1436:lib/fts.c
FLAG:1602:1436:1439:lib/fts.c
FLAG:1603:1436:1439:lib/fts.c
FLAG:1604:1436:1439:lib/fts.c
FLAG:1605:1436:1439:lib/fts.c
FLAG:1606:1884:1884:lib/fts.c
FLAG:1607:1899:1930:lib/fts.c
FLAG:1608:1935:1936:lib/fts.c
FLAG:1609:1935:1941:lib/fts.c
FLAG:1610:1943:1944:lib/fts.c
FLAG:1611:1884:1452:lib/fts.c
FLAG:1612:1946:1452:lib/fts.c
FLAG:1613:1939:1452:lib/fts.c
FLAG:1614:1910:1911:lib/fts.c
FLAG:1615:1914:1911:lib/fts.c
FLAG:1616:1912:1913:lib/fts.c
FLAG:1617:1913:1914:lib/fts.c
FLAG:1618:1912:1914:lib/fts.c
FLAG:1619:1914:1455:lib/fts.c
FLAG:1620:1910:1455:lib/fts.c
FLAG:1621:1943:1948:lib/fts.c
FLAG:1622:1948:1464:lib/fts.c
FLAG:1623:1465:1467:lib/fts.c
FLAG:1624:1948:1467:lib/fts.c
FLAG:1625:1899:1471:lib/fts.c
FLAG:1626:1468:1471:lib/fts.c
FLAG:1627:1471:1478:lib/fts.c
FLAG:1628:1910:1911:lib/fts.c
FLAG:1629:1914:1911:lib/fts.c
FLAG:1630:1912:1913:lib/fts.c
FLAG:1631:1913:1914:lib/fts.c
FLAG:1632:1912:1914:lib/fts.c
FLAG:1633:1914:1480:lib/fts.c
FLAG:1634:1910:1480:lib/fts.c
FLAG:1635:1471:1486:lib/fts.c
FLAG:1636:1495:1496:lib/fts.c
FLAG:1637:1495:1499:lib/fts.c
FLAG:1638:1499:1501:lib/fts.c
FLAG:1639:1498:1501:lib/fts.c
FLAG:1640:1501:1514:lib/fts.c
FLAG:1641:1515:1516:lib/fts.c
FLAG:1642:1516:1517:lib/fts.c
FLAG:1643:1515:1519:lib/fts.c
FLAG:1644:1518:1519:lib/fts.c
FLAG:1645:1516:1519:lib/fts.c
FLAG:1646:1516:1519:lib/fts.c
FLAG:1647:1519:1202:lib/fts.c
FLAG:1648:1519:1228:lib/fts.c
FLAG:1649:1202:1228:lib/fts.c
FLAG:1650:1501:1525:lib/fts.c
FLAG:1651:1525:1529:lib/fts.c
FLAG:1652:1524:1529:lib/fts.c
FLAG:1653:1530:1533:lib/fts.c
FLAG:1654:1530:1545:lib/fts.c
FLAG:1655:1533:1545:lib/fts.c
FLAG:1656:1546:1546:lib/fts.c
FLAG:1657:1546:1547:lib/fts.c
FLAG:1658:1547:773:lib/fts.c
FLAG:1659:773:1549:lib/fts.c
FLAG:1660:1547:1549:lib/fts.c
FLAG:1661:1547:1549:lib/fts.c
FLAG:1662:1547:1549:lib/fts.c
FLAG:1663:1546:1549:lib/fts.c
FLAG:1664:1546:1549:lib/fts.c
FLAG:1665:1550:1280:lib/fts.c
FLAG:1666:1436:1280:lib/fts.c
FLAG:1667:1436:1280:lib/fts.c
FLAG:1668:1427:1558:lib/fts.c
FLAG:1669:1433:1558:lib/fts.c
FLAG:1670:1558:1559:lib/fts.c
FLAG:1671:1422:1407:lib/fts.c
FLAG:1672:1550:1407:lib/fts.c
FLAG:1673:1558:1407:lib/fts.c
FLAG:1674:1559:1407:lib/fts.c
FLAG:1675:1567:1961:lib/fts.c
FLAG:1676:1972:1975:lib/fts.c
FLAG:1677:1971:1975:lib/fts.c
FLAG:1678:1971:1972:lib/fts.c
FLAG:1679:1972:1972:lib/fts.c
FLAG:1680:1972:1972:lib/fts.c
FLAG:1681:1972:1972:lib/fts.c
FLAG:1682:1972:1972:lib/fts.c
FLAG:1683:1975:1976:lib/fts.c
FLAG:1684:1977:1976:lib/fts.c
FLAG:1685:1976:1976:lib/fts.c
FLAG:1686:1976:1976:lib/fts.c
FLAG:1687:1976:1976:lib/fts.c
FLAG:1688:1977:1977:lib/fts.c
FLAG:1689:1977:1977:lib/fts.c
FLAG:1690:1977:1977:lib/fts.c
FLAG:1691:1977:1574:lib/fts.c
FLAG:1692:1422:1574:lib/fts.c
FLAG:1693:1975:1574:lib/fts.c
FLAG:1694:1567:1574:lib/fts.c
FLAG:1695:1574:1575:lib/fts.c
FLAG:1696:1574:1587:lib/fts.c
FLAG:1697:1578:1587:lib/fts.c
FLAG:1698:1587:1587:lib/fts.c
FLAG:1699:1587:1588:lib/fts.c
FLAG:1700:1588:1589:lib/fts.c
FLAG:1701:1588:1590:lib/fts.c
FLAG:1702:1589:1591:lib/fts.c
FLAG:1703:1590:1591:lib/fts.c
FLAG:1704:1910:1911:lib/fts.c
FLAG:1705:1914:1911:lib/fts.c
FLAG:1706:1912:1913:lib/fts.c
FLAG:1707:1913:1914:lib/fts.c
FLAG:1708:1912:1914:lib/fts.c
FLAG:1709:1587:1598:lib/fts.c
FLAG:1710:1589:1598:lib/fts.c
FLAG:1711:1590:1598:lib/fts.c
FLAG:1712:1598:1599:lib/fts.c
FLAG:1713:1600:1600:lib/fts.c
FLAG:1714:1600:1601:lib/fts.c
FLAG:1715:1600:1910:lib/fts.c
FLAG:1716:1600:1910:lib/fts.c
FLAG:1717:1601:1910:lib/fts.c
FLAG:1718:1600:1910:lib/fts.c
FLAG:1719:1910:1911:lib/fts.c
FLAG:1720:1914:1911:lib/fts.c
FLAG:1721:1912:1913:lib/fts.c
FLAG:1722:1913:1914:lib/fts.c
FLAG:1723:1912:1914:lib/fts.c
FLAG:1724:1587:1606:lib/fts.c
FLAG:1725:1598:1606:lib/fts.c
FLAG:1726:1606:1607:lib/fts.c
FLAG:1727:1606:1613:lib/fts.c
FLAG:1728:1613:1614:lib/fts.c
FLAG:1729:1914:1616:lib/fts.c
FLAG:1730:1914:1616:lib/fts.c
FLAG:1731:1613:1616:lib/fts.c
FLAG:1732:1459:1616:lib/fts.c
FLAG:1733:1484:1616:lib/fts.c
FLAG:1734:1910:1616:lib/fts.c
FLAG:1735:1910:1616:lib/fts.c
FLAG:1736:1293:1616:lib/fts.c
FLAG:1737:1613:1616:lib/fts.c
FLAG:1738:1614:1616:lib/fts.c
FLAG:1739:1307:1616:lib/fts.c
FLAG:1740:1311:1616:lib/fts.c
FLAG:1741:1296:1616:lib/fts.c
FLAG:1742:1331:1616:lib/fts.c
FLAG:1743:336:336:lib/fts.c
FLAG:1744:336:308:lib/fts.c
FLAG:1745:317:318:lib/fts.c
FLAG:1746:317:326:lib/fts.c
FLAG:1747:318:326:lib/fts.c
FLAG:1748:336:336:lib/fts.c
FLAG:1749:336:337:lib/fts.c
FLAG:1750:336:337:lib/fts.c
FLAG:1751:336:337:lib/fts.c
FLAG:1752:337:281:lib/fts.c
FLAG:1753:279:281:lib/fts.c
FLAG:1754:282:283:lib/fts.c
FLAG:1755:283:279:lib/fts.c
FLAG:1756:282:279:lib/fts.c
FLAG:1757:279:338:lib/fts.c
FLAG:1758:337:338:lib/fts.c
FLAG:1759:711:714:lib/fts.c
FLAG:1760:714:716:lib/fts.c
FLAG:1761:718:720:lib/fts.c
FLAG:1762:714:720:lib/fts.c
FLAG:1763:723:725:lib/fts.c
FLAG:1764:723:724:lib/fts.c
FLAG:1765:718:728:lib/fts.c
FLAG:1766:725:728:lib/fts.c
FLAG:1767:728:728:lib/fts.c
FLAG:1768:728:731:lib/fts.c
FLAG:1769:731:733:lib/fts.c
FLAG:1770:734:736:lib/fts.c
FLAG:1771:740:741:lib/fts.c
FLAG:1772:741:741:lib/fts.c
FLAG:1773:740:743:lib/fts.c
FLAG:1774:741:747:lib/fts.c
FLAG:1775:743:747:lib/fts.c
FLAG:1776:734:747:lib/fts.c
FLAG:1777:731:747:lib/fts.c
FLAG:1778:725:748:lib/fts.c
FLAG:1779:728:748:lib/fts.c
FLAG:1780:728:748:lib/fts.c
FLAG:1781:711:748:lib/fts.c
FLAG:1782:747:748:lib/fts.c
FLAG:1783:1098:1100:lib/fts.c
FLAG:1784:1098:1103:lib/fts.c
FLAG:1785:1104:1105:lib/fts.c
FLAG:1786:1101:1105:lib/fts.c
FLAG:1787:1113:1114:lib/fts.c
FLAG:1788:1113:1119:lib/fts.c
FLAG:1789:1128:1132:lib/fts.c
FLAG:1790:1132:1133:lib/fts.c
FLAG:1791:1132:1144:lib/fts.c
FLAG:1792:1144:1911:lib/fts.c
FLAG:1793:1914:1911:lib/fts.c
FLAG:1794:1912:1913:lib/fts.c
FLAG:1795:1913:1914:lib/fts.c
FLAG:1796:1912:1914:lib/fts.c
FLAG:1797:1914:1147:lib/fts.c
FLAG:1798:1144:1147:lib/fts.c
FLAG:1799:1147:1148:lib/fts.c
FLAG:1800:1147:1160:lib/fts.c
FLAG:1801:1150:1160:lib/fts.c
FLAG:1802:1160:1160:lib/fts.c
FLAG:1803:1160:1161:lib/fts.c
FLAG:1804:1161:1162:lib/fts.c
FLAG:1805:1160:1162:lib/fts.c
FLAG:1806:1160:1162:lib/fts.c
FLAG:1807:1161:350:lib/fts.c
FLAG:1808:352:353:lib/fts.c
FLAG:1809:352:354:lib/fts.c
FLAG:1810:353:352:lib/fts.c
FLAG:1811:354:352:lib/fts.c
FLAG:1812:1164:1165:lib/fts.c
FLAG:1813:1164:1166:lib/fts.c
FLAG:1814:1167:308:lib/fts.c
FLAG:1815:309:309:lib/fts.c
FLAG:1816:309:315:lib/fts.c
FLAG:1817:317:318:lib/fts.c
FLAG:1818:317:326:lib/fts.c
FLAG:1819:318:326:lib/fts.c
FLAG:1820:1167:1173:lib/fts.c
FLAG:1821:1173:1175:lib/fts.c
FLAG:1822:1173:1180:lib/fts.c
FLAG:1823:1180:1182:lib/fts.c
FLAG:1824:1170:1182:lib/fts.c
FLAG:1825:1132:1183:lib/fts.c
FLAG:1826:1128:1183:lib/fts.c
FLAG:1827:1182:1183:lib/fts.c
FLAG:1828:1177:1183:lib/fts.c
FLAG:1829:1165:1183:lib/fts.c
FLAG:1830:1162:1183:lib/fts.c
FLAG:1831:1133:1183:lib/fts.c
FLAG:1832:1115:1183:lib/fts.c
FLAG:1833:147:147:lib/mbrtowc.c
FLAG:1834:147:149:lib/mbrtowc.c
FLAG:1835:147:156:lib/mbrtowc.c
FLAG:1836:147:156:lib/mbrtowc.c
FLAG:1837:150:156:lib/mbrtowc.c
FLAG:1838:33:38:lib/c-strcasecmp.c
FLAG:1839:47:38:lib/c-strcasecmp.c
FLAG:1840:339:50:lib/c-strcasecmp.c
FLAG:1841:339:44:lib/c-strcasecmp.c
FLAG:1842:47:50:lib/c-strcasecmp.c
FLAG:1843:50:50:lib/c-strcasecmp.c
FLAG:1844:33:56:lib/c-strcasecmp.c
FLAG:1845:50:56:lib/c-strcasecmp.c
FLAG:1846:137:58:lib/close-stream.c
FLAG:1847:70:70:lib/close-stream.c
FLAG:1848:137:72:lib/close-stream.c
FLAG:1849:72:73:lib/close-stream.c
FLAG:1850:70:78:lib/close-stream.c
FLAG:1851:70:78:lib/close-stream.c
FLAG:1852:72:78:lib/close-stream.c
FLAG:1853:73:78:lib/close-stream.c
FLAG:1854:60:60:lib/cycle-check.c
FLAG:1855:60:65:lib/cycle-check.c
FLAG:1856:65:65:lib/cycle-check.c
FLAG:1857:65:65:lib/cycle-check.c
FLAG:1858:65:70:lib/cycle-check.c
FLAG:1859:65:70:lib/cycle-check.c
FLAG:1860:65:70:lib/cycle-check.c
FLAG:1861:70:77:lib/cycle-check.c
FLAG:1862:77:80:lib/cycle-check.c
FLAG:1863:70:85:lib/cycle-check.c
FLAG:1864:82:85:lib/cycle-check.c
FLAG:1865:77:85:lib/cycle-check.c
FLAG:1866:65:85:lib/cycle-check.c
FLAG:1867:33:35:lib/open-safer.c
FLAG:1868:40:40:lib/open-safer.c
FLAG:1869:40:40:lib/open-safer.c
FLAG:1870:40:40:lib/open-safer.c
FLAG:1871:40:40:lib/open-safer.c
FLAG:1872:33:45:lib/open-safer.c
FLAG:1873:43:45:lib/open-safer.c
FLAG:1874:31:34:lib/hard-locale.c
FLAG:1875:34:34:lib/hard-locale.c
FLAG:1876:34:35:lib/hard-locale.c
FLAG:1877:34:35:lib/hard-locale.c
FLAG:1878:31:35:lib/hard-locale.c
FLAG:1879:165:165:lib/hash.c
FLAG:1880:165:165:lib/hash.c
FLAG:1881:165:167:lib/hash.c
FLAG:1882:165:167:lib/hash.c
FLAG:1883:167:172:lib/hash.c
FLAG:1884:173:172:lib/hash.c
FLAG:1885:173:175:lib/hash.c
FLAG:1886:167:165:lib/hash.c
FLAG:1887:177:165:lib/hash.c
FLAG:1888:165:167:lib/hash.c
FLAG:1889:165:167:lib/hash.c
FLAG:1890:167:167:lib/hash.c
FLAG:1891:167:172:lib/hash.c
FLAG:1892:173:172:lib/hash.c
FLAG:1893:173:175:lib/hash.c
FLAG:1894:167:180:lib/hash.c
FLAG:1895:167:180:lib/hash.c
FLAG:1896:177:180:lib/hash.c
FLAG:1897:165:180:lib/hash.c
FLAG:1898:167:172:lib/hash.c
FLAG:1899:173:172:lib/hash.c
FLAG:1900:173:175:lib/hash.c
FLAG:1901:177:165:lib/hash.c
FLAG:1902:167:165:lib/hash.c
FLAG:1903:190:190:lib/hash.c
FLAG:1904:190:190:lib/hash.c
FLAG:1905:190:192:lib/hash.c
FLAG:1906:190:192:lib/hash.c
FLAG:1907:192:201:lib/hash.c
FLAG:1908:201:201:lib/hash.c
FLAG:1909:201:197:lib/hash.c
FLAG:1910:197:190:lib/hash.c
FLAG:1911:192:190:lib/hash.c
FLAG:1912:190:192:lib/hash.c
FLAG:1913:190:192:lib/hash.c
FLAG:1914:192:192:lib/hash.c
FLAG:1915:192:201:lib/hash.c
FLAG:1916:201:201:lib/hash.c
FLAG:1917:201:197:lib/hash.c
FLAG:1918:192:206:lib/hash.c
FLAG:1919:192:206:lib/hash.c
FLAG:1920:197:206:lib/hash.c
FLAG:1921:190:206:lib/hash.c
FLAG:1922:206:206:lib/hash.c
FLAG:1923:206:209:lib/hash.c
FLAG:1924:206:209:lib/hash.c
FLAG:1925:206:210:lib/hash.c
FLAG:1926:209:210:lib/hash.c
FLAG:1927:192:201:lib/hash.c
FLAG:1928:201:201:lib/hash.c
FLAG:1929:201:197:lib/hash.c
FLAG:1930:197:190:lib/hash.c
FLAG:1931:192:190:lib/hash.c
FLAG:1932:165:165:lib/hash.c
FLAG:1933:165:165:lib/hash.c
FLAG:1934:165:167:lib/hash.c
FLAG:1935:165:167:lib/hash.c
FLAG:1936:167:172:lib/hash.c
FLAG:1937:173:172:lib/hash.c
FLAG:1938:173:175:lib/hash.c
FLAG:1939:177:165:lib/hash.c
FLAG:1940:167:165:lib/hash.c
FLAG:1941:165:167:lib/hash.c
FLAG:1942:165:167:lib/hash.c
FLAG:1943:167:167:lib/hash.c
FLAG:1944:167:172:lib/hash.c
FLAG:1945:173:172:lib/hash.c
FLAG:1946:173:175:lib/hash.c
FLAG:1947:167:220:lib/hash.c
FLAG:1948:167:220:lib/hash.c
FLAG:1949:177:220:lib/hash.c
FLAG:1950:165:220:lib/hash.c
FLAG:1951:167:172:lib/hash.c
FLAG:1952:173:172:lib/hash.c
FLAG:1953:173:175:lib/hash.c
FLAG:1954:177:165:lib/hash.c
FLAG:1955:167:165:lib/hash.c
FLAG:1956:235:236:lib/hash.c
FLAG:1957:235:237:lib/hash.c
FLAG:1958:249:250:lib/hash.c
FLAG:1959:250:250:lib/hash.c
FLAG:1960:250:250:lib/hash.c
FLAG:1961:250:250:lib/hash.c
FLAG:1962:250:249:lib/hash.c
FLAG:1963:249:250:lib/hash.c
FLAG:1964:250:254:lib/hash.c
FLAG:1965:249:254:lib/hash.c
FLAG:1966:250:254:lib/hash.c
FLAG:1967:251:254:lib/hash.c
FLAG:1968:249:254:lib/hash.c
FLAG:1969:263:266:lib/hash.c
FLAG:1970:269:267:lib/hash.c
FLAG:1971:267:268:lib/hash.c
FLAG:1972:267:268:lib/hash.c
FLAG:1973:267:269:lib/hash.c
FLAG:1974:267:269:lib/hash.c
FLAG:1975:269:271:lib/hash.c
FLAG:1976:263:271:lib/hash.c
FLAG:1977:235:236:lib/hash.c
FLAG:1978:235:237:lib/hash.c
FLAG:1979:286:283:lib/hash.c
FLAG:1980:281:283:lib/hash.c
FLAG:1981:283:283:lib/hash.c
FLAG:1982:283:284:lib/hash.c
FLAG:1983:283:286:lib/hash.c
FLAG:1984:286:290:lib/hash.c
FLAG:1985:283:290:lib/hash.c
FLAG:1986:290:290:lib/hash.c
FLAG:1987:291:290:lib/hash.c
FLAG:1988:290:291:lib/hash.c
FLAG:1989:290:296:lib/hash.c
FLAG:1990:291:296:lib/hash.c
FLAG:1991:284:296:lib/hash.c
FLAG:1992:306:308:lib/hash.c
FLAG:1993:306:308:lib/hash.c
FLAG:1994:310:312:lib/hash.c
FLAG:1995:314:312:lib/hash.c
FLAG:1996:312:314:lib/hash.c
FLAG:1997:314:306:lib/hash.c
FLAG:1998:306:306:lib/hash.c
FLAG:1999:310:306:lib/hash.c
FLAG:2000:306:320:lib/hash.c
FLAG:2001:312:320:lib/hash.c
FLAG:2002:306:320:lib/hash.c
FLAG:2003:330:332:lib/hash.c
FLAG:2004:330:332:lib/hash.c
FLAG:2005:334:336:lib/hash.c
FLAG:2006:336:338:lib/hash.c
FLAG:2007:336:338:lib/hash.c
FLAG:2008:338:336:lib/hash.c
FLAG:2009:338:330:lib/hash.c
FLAG:2010:330:330:lib/hash.c
FLAG:2011:334:330:lib/hash.c
FLAG:2012:330:344:lib/hash.c
FLAG:2013:336:344:lib/hash.c
FLAG:2014:336:344:lib/hash.c
FLAG:2015:330:344:lib/hash.c
FLAG:2016:385:386:lib/hash.c
FLAG:2017:386:386:lib/hash.c
FLAG:2018:386:387:lib/hash.c
FLAG:2019:385:387:lib/hash.c
FLAG:2020:524:527:lib/hash.c
FLAG:2021:529:478:lib/hash.c
FLAG:2022:479:480:lib/hash.c
FLAG:2023:481:481:lib/hash.c
FLAG:2024:482:482:lib/hash.c
FLAG:2025:479:487:lib/hash.c
FLAG:2026:481:487:lib/hash.c
FLAG:2027:482:487:lib/hash.c
FLAG:2028:484:487:lib/hash.c
FLAG:2029:529:498:lib/hash.c
FLAG:2030:484:498:lib/hash.c
FLAG:2031:498:500:lib/hash.c
FLAG:2032:501:418:lib/hash.c
FLAG:2033:498:418:lib/hash.c
FLAG:2034:424:401:lib/hash.c
FLAG:2035:425:401:lib/hash.c
FLAG:2036:401:401:lib/hash.c
FLAG:2037:405:401:lib/hash.c
FLAG:2038:401:404:lib/hash.c
FLAG:2039:405:408:lib/hash.c
FLAG:2040:401:408:lib/hash.c
FLAG:2041:401:408:lib/hash.c
FLAG:2042:424:425:lib/hash.c
FLAG:2043:424:506:lib/hash.c
FLAG:2044:425:540:lib/hash.c
FLAG:2045:501:540:lib/hash.c
FLAG:2046:506:540:lib/hash.c
FLAG:2047:424:540:lib/hash.c
FLAG:2048:506:540:lib/hash.c
FLAG:2049:541:544:lib/hash.c
FLAG:2050:545:544:lib/hash.c
FLAG:2051:541:561:lib/hash.c
FLAG:2052:530:561:lib/hash.c
FLAG:2053:541:561:lib/hash.c
FLAG:2054:545:561:lib/hash.c
FLAG:2055:524:564:lib/hash.c
FLAG:2056:563:564:lib/hash.c
FLAG:2057:559:564:lib/hash.c
FLAG:2058:571:571:lib/hash.c
FLAG:2059:571:573:lib/hash.c
FLAG:2060:571:573:lib/hash.c
FLAG:2061:573:579:lib/hash.c
FLAG:2062:579:581:lib/hash.c
FLAG:2063:589:581:lib/hash.c
FLAG:2064:581:582:lib/hash.c
FLAG:2065:582:583:lib/hash.c
FLAG:2066:581:583:lib/hash.c
FLAG:2067:589:593:lib/hash.c
FLAG:2068:579:593:lib/hash.c
FLAG:2069:593:594:lib/hash.c
FLAG:2070:594:571:lib/hash.c
FLAG:2071:593:571:lib/hash.c
FLAG:2072:573:571:lib/hash.c
FLAG:2073:597:571:lib/hash.c
FLAG:2074:571:600:lib/hash.c
FLAG:2075:571:600:lib/hash.c
FLAG:2076:612:612:lib/hash.c
FLAG:2077:612:614:lib/hash.c
FLAG:2078:614:616:lib/hash.c
FLAG:2079:614:616:lib/hash.c
FLAG:2080:618:619:lib/hash.c
FLAG:2081:619:619:lib/hash.c
FLAG:2082:619:619:lib/hash.c
FLAG:2083:619:614:lib/hash.c
FLAG:2084:619:614:lib/hash.c
FLAG:2085:614:614:lib/hash.c
FLAG:2086:618:614:lib/hash.c
FLAG:2087:614:631:lib/hash.c
FLAG:2088:614:631:lib/hash.c
FLAG:2089:612:631:lib/hash.c
FLAG:2090:612:631:lib/hash.c
FLAG:2091:631:633:lib/hash.c
FLAG:2092:631:633:lib/hash.c
FLAG:2093:633:635:lib/hash.c
FLAG:2094:636:635:lib/hash.c
FLAG:2095:636:631:lib/hash.c
FLAG:2096:631:631:lib/hash.c
FLAG:2097:633:631:lib/hash.c
FLAG:2098:631:641:lib/hash.c
FLAG:2099:631:641:lib/hash.c
FLAG:2100:641:643:lib/hash.c
FLAG:2101:644:643:lib/hash.c
FLAG:2102:644:650:lib/hash.c
FLAG:2103:641:650:lib/hash.c
FLAG:2104:848:500:lib/hash.c
FLAG:2105:501:418:lib/hash.c
FLAG:2106:848:418:lib/hash.c
FLAG:2107:424:401:lib/hash.c
FLAG:2108:425:401:lib/hash.c
FLAG:2109:401:401:lib/hash.c
FLAG:2110:405:401:lib/hash.c
FLAG:2111:401:404:lib/hash.c
FLAG:2112:405:408:lib/hash.c
FLAG:2113:401:408:lib/hash.c
FLAG:2114:401:408:lib/hash.c
FLAG:2115:424:425:lib/hash.c
FLAG:2116:424:0:lib/hash.c
FLAG:2117:0:852:lib/hash.c
FLAG:2118:852:855:lib/hash.c
FLAG:2119:856:856:lib/hash.c
FLAG:2120:887:890:lib/hash.c
FLAG:2121:887:855:lib/hash.c
FLAG:2122:913:0:lib/hash.c
FLAG:2123:774:775:lib/hash.c
FLAG:2124:0:775:lib/hash.c
FLAG:2125:775:786:lib/hash.c
FLAG:2126:786:234:lib/hash.c
FLAG:2127:786:234:lib/hash.c
FLAG:2128:786:234:lib/hash.c
FLAG:2129:788:237:lib/hash.c
FLAG:2130:793:797:lib/hash.c
FLAG:2131:793:804:lib/hash.c
FLAG:2132:805:786:lib/hash.c
FLAG:2133:799:786:lib/hash.c
FLAG:2134:786:813:lib/hash.c
FLAG:2135:786:813:lib/hash.c
FLAG:2136:814:774:lib/hash.c
FLAG:2137:775:774:lib/hash.c
FLAG:2138:788:236:lib/hash.c
FLAG:2139:774:915:lib/hash.c
FLAG:2140:913:915:lib/hash.c
FLAG:2141:915:916:lib/hash.c
FLAG:2142:915:918:lib/hash.c
FLAG:2143:425:920:lib/hash.c
FLAG:2144:424:920:lib/hash.c
FLAG:2145:0:920:lib/hash.c
FLAG:2146:501:920:lib/hash.c
FLAG:2147:856:920:lib/hash.c
FLAG:2148:852:920:lib/hash.c
FLAG:2149:919:920:lib/hash.c
FLAG:2150:897:920:lib/hash.c
FLAG:2151:774:774:lib/hash.c
FLAG:2152:774:775:lib/hash.c
FLAG:2153:774:775:lib/hash.c
FLAG:2154:775:786:lib/hash.c
FLAG:2155:786:234:lib/hash.c
FLAG:2156:786:234:lib/hash.c
FLAG:2157:786:234:lib/hash.c
FLAG:2158:788:237:lib/hash.c
FLAG:2159:793:797:lib/hash.c
FLAG:2160:793:804:lib/hash.c
FLAG:2161:805:786:lib/hash.c
FLAG:2162:799:786:lib/hash.c
FLAG:2163:786:774:lib/hash.c
FLAG:2164:813:774:lib/hash.c
FLAG:2165:786:774:lib/hash.c
FLAG:2166:814:774:lib/hash.c
FLAG:2167:775:774:lib/hash.c
FLAG:2168:774:775:lib/hash.c
FLAG:2169:774:775:lib/hash.c
FLAG:2170:775:786:lib/hash.c
FLAG:2171:786:234:lib/hash.c
FLAG:2172:786:234:lib/hash.c
FLAG:2173:788:236:lib/hash.c
FLAG:2174:788:236:lib/hash.c
FLAG:2175:788:237:lib/hash.c
FLAG:2176:793:797:lib/hash.c
FLAG:2177:793:804:lib/hash.c
FLAG:2178:799:786:lib/hash.c
FLAG:2179:805:786:lib/hash.c
FLAG:2180:786:812:lib/hash.c
FLAG:2181:786:234:lib/hash.c
FLAG:2182:812:234:lib/hash.c
FLAG:2183:813:236:lib/hash.c
FLAG:2184:813:237:lib/hash.c
FLAG:2185:818:664:lib/hash.c
FLAG:2186:664:667:lib/hash.c
FLAG:2187:664:674:lib/hash.c
FLAG:2188:824:674:lib/hash.c
FLAG:2189:824:827:lib/hash.c
FLAG:2190:824:827:lib/hash.c
FLAG:2191:818:834:lib/hash.c
FLAG:2192:829:837:lib/hash.c
FLAG:2193:835:837:lib/hash.c
FLAG:2194:839:774:lib/hash.c
FLAG:2195:775:774:lib/hash.c
FLAG:2196:774:841:lib/hash.c
FLAG:2197:824:841:lib/hash.c
FLAG:2198:774:841:lib/hash.c
FLAG:2199:774:841:lib/hash.c
FLAG:2200:932:933:lib/hash.c
FLAG:2201:932:234:lib/hash.c
FLAG:2202:235:236:lib/hash.c
FLAG:2203:235:237:lib/hash.c
FLAG:2204:708:712:lib/hash.c
FLAG:2205:712:712:lib/hash.c
FLAG:2206:712:737:lib/hash.c
FLAG:2207:737:739:lib/hash.c
FLAG:2208:737:739:lib/hash.c
FLAG:2209:740:740:lib/hash.c
FLAG:2210:740:739:lib/hash.c
FLAG:2211:740:737:lib/hash.c
FLAG:2212:712:936:lib/hash.c
FLAG:2213:739:936:lib/hash.c
FLAG:2214:740:936:lib/hash.c
FLAG:2215:936:936:lib/hash.c
FLAG:2216:712:938:lib/hash.c
FLAG:2217:936:938:lib/hash.c
FLAG:2218:938:939:lib/hash.c
FLAG:2219:737:948:lib/hash.c
FLAG:2220:737:948:lib/hash.c
FLAG:2221:708:948:lib/hash.c
FLAG:2222:936:948:lib/hash.c
FLAG:2223:949:468:lib/hash.c
FLAG:2224:468:478:lib/hash.c
FLAG:2225:479:480:lib/hash.c
FLAG:2226:481:481:lib/hash.c
FLAG:2227:482:482:lib/hash.c
FLAG:2228:484:487:lib/hash.c
FLAG:2229:482:487:lib/hash.c
FLAG:2230:481:487:lib/hash.c
FLAG:2231:479:487:lib/hash.c
FLAG:2232:468:955:lib/hash.c
FLAG:2233:484:955:lib/hash.c
FLAG:2234:488:955:lib/hash.c
FLAG:2235:955:959:lib/hash.c
FLAG:2236:964:968:lib/hash.c
FLAG:2237:968:234:lib/hash.c
FLAG:2238:235:236:lib/hash.c
FLAG:2239:235:237:lib/hash.c
FLAG:2240:708:712:lib/hash.c
FLAG:2241:712:712:lib/hash.c
FLAG:2242:712:714:lib/hash.c
FLAG:2243:712:737:lib/hash.c
FLAG:2244:737:739:lib/hash.c
FLAG:2245:737:739:lib/hash.c
FLAG:2246:740:740:lib/hash.c
FLAG:2247:740:742:lib/hash.c
FLAG:2248:740:737:lib/hash.c
FLAG:2249:740:972:lib/hash.c
FLAG:2250:742:972:lib/hash.c
FLAG:2251:712:972:lib/hash.c
FLAG:2252:714:972:lib/hash.c
FLAG:2253:972:973:lib/hash.c
FLAG:2254:737:979:lib/hash.c
FLAG:2255:737:979:lib/hash.c
FLAG:2256:708:979:lib/hash.c
FLAG:2257:972:979:lib/hash.c
FLAG:2258:955:979:lib/hash.c
FLAG:2259:949:979:lib/hash.c
FLAG:2260:979:664:lib/hash.c
FLAG:2261:664:667:lib/hash.c
FLAG:2262:664:674:lib/hash.c
FLAG:2263:983:674:lib/hash.c
FLAG:2264:983:988:lib/hash.c
FLAG:2265:983:988:lib/hash.c
FLAG:2266:979:997:lib/hash.c
FLAG:2267:968:1002:lib/hash.c
FLAG:2268:964:1002:lib/hash.c
FLAG:2269:992:1002:lib/hash.c
FLAG:2270:983:1002:lib/hash.c
FLAG:2271:939:1002:lib/hash.c
FLAG:2272:938:1002:lib/hash.c
FLAG:2273:1001:1002:lib/hash.c
FLAG:2274:235:236:lib/hash.c
FLAG:2275:235:237:lib/hash.c
FLAG:2276:708:712:lib/hash.c
FLAG:2277:712:712:lib/hash.c
FLAG:2278:712:714:lib/hash.c
FLAG:2279:712:737:lib/hash.c
FLAG:2280:714:714:lib/hash.c
FLAG:2281:712:714:lib/hash.c
FLAG:2282:718:724:lib/hash.c
FLAG:2283:718:729:lib/hash.c
FLAG:2284:737:739:lib/hash.c
FLAG:2285:737:739:lib/hash.c
FLAG:2286:740:740:lib/hash.c
FLAG:2287:740:742:lib/hash.c
FLAG:2288:740:742:lib/hash.c
FLAG:2289:742:742:lib/hash.c
FLAG:2290:740:737:lib/hash.c
FLAG:2291:726:1021:lib/hash.c
FLAG:2292:729:1021:lib/hash.c
FLAG:2293:752:1021:lib/hash.c
FLAG:2294:1021:1024:lib/hash.c
FLAG:2295:1025:1027:lib/hash.c
FLAG:2296:1033:468:lib/hash.c
FLAG:2297:468:478:lib/hash.c
FLAG:2298:479:480:lib/hash.c
FLAG:2299:481:482:lib/hash.c
FLAG:2300:481:487:lib/hash.c
FLAG:2301:484:487:lib/hash.c
FLAG:2302:479:487:lib/hash.c
FLAG:2303:468:1039:lib/hash.c
FLAG:2304:484:1039:lib/hash.c
FLAG:2305:488:1039:lib/hash.c
FLAG:2306:1039:1043:lib/hash.c
FLAG:2307:1043:1046:lib/hash.c
FLAG:2308:1043:1043:lib/hash.c
FLAG:2309:1046:1043:lib/hash.c
FLAG:2310:1048:1056:lib/hash.c
FLAG:2311:1058:1060:lib/hash.c
FLAG:2312:1061:1060:lib/hash.c
FLAG:2313:1061:1064:lib/hash.c
FLAG:2314:1058:1064:lib/hash.c
FLAG:2315:737:1072:lib/hash.c
FLAG:2316:737:1072:lib/hash.c
FLAG:2317:708:1072:lib/hash.c
FLAG:2318:1039:1072:lib/hash.c
FLAG:2319:1033:1072:lib/hash.c
FLAG:2320:1025:1072:lib/hash.c
FLAG:2321:1066:1072:lib/hash.c
FLAG:2322:1048:1072:lib/hash.c
FLAG:2323:1021:1072:lib/hash.c
FLAG:2324:49:50:lib/i-ring.c
FLAG:2325:50:51:lib/i-ring.c
FLAG:2326:49:51:lib/i-ring.c
FLAG:2327:59:60:lib/i-ring.c
FLAG:2328:59:61:lib/i-ring.c
FLAG:2329:63:64:lib/i-ring.c
FLAG:2330:63:66:lib/i-ring.c
FLAG:2331:66:67:lib/i-ring.c
FLAG:2332:64:67:lib/i-ring.c
FLAG:2333:33:35:lib/openat-safer.c
FLAG:2334:40:40:lib/openat-safer.c
FLAG:2335:40:40:lib/openat-safer.c
FLAG:2336:40:40:lib/openat-safer.c
FLAG:2337:40:40:lib/openat-safer.c
FLAG:2338:33:45:lib/openat-safer.c
FLAG:2339:43:45:lib/openat-safer.c
FLAG:2340:42:44:lib/opendirat.c
FLAG:2341:45:46:lib/opendirat.c
FLAG:2342:45:49:lib/opendirat.c
FLAG:2343:46:54:lib/opendirat.c
FLAG:2344:51:54:lib/opendirat.c
FLAG:2345:42:54:lib/opendirat.c
FLAG:2346:142:145:lib/setlocale_null.c
FLAG:2347:145:149:lib/setlocale_null.c
FLAG:2348:142:154:lib/setlocale_null.c
FLAG:2349:155:157:lib/setlocale_null.c
FLAG:2350:155:162:lib/setlocale_null.c
FLAG:2351:162:167:lib/setlocale_null.c
FLAG:2352:145:274:lib/setlocale_null.c
FLAG:2353:149:274:lib/setlocale_null.c
FLAG:2354:158:274:lib/setlocale_null.c
FLAG:2355:162:274:lib/setlocale_null.c
FLAG:2356:169:274:lib/setlocale_null.c
FLAG:2357:39:41:lib/fd-safer.c
FLAG:2358:46:48:lib/fd-safer.c
FLAG:2359:39:48:lib/fd-safer.c
FLAG:2360:66:67:lib/fclose.c
FLAG:2361:66:72:lib/fclose.c
FLAG:2362:72:72:lib/fclose.c
FLAG:2363:73:73:lib/fclose.c
FLAG:2364:72:73:lib/fclose.c
FLAG:2365:73:100:lib/fclose.c
FLAG:2366:73:100:lib/fclose.c
FLAG:2367:73:74:lib/fclose.c
FLAG:2368:105:107:lib/fclose.c
FLAG:2369:105:112:lib/fclose.c
FLAG:2370:109:112:lib/fclose.c
FLAG:2371:105:112:lib/fclose.c
FLAG:2372:67:112:lib/fclose.c
FLAG:2373:211:215:lib/fcntl.c
FLAG:2374:215:215:lib/fcntl.c
FLAG:2375:215:215:lib/fcntl.c
FLAG:2376:215:215:lib/fcntl.c
FLAG:2377:215:215:lib/fcntl.c
FLAG:2378:211:222:lib/fcntl.c
FLAG:2379:222:222:lib/fcntl.c
FLAG:2380:222:222:lib/fcntl.c
FLAG:2381:222:222:lib/fcntl.c
FLAG:2382:222:222:lib/fcntl.c
FLAG:2383:510:512:lib/fcntl.c
FLAG:2384:513:513:lib/fcntl.c
FLAG:2385:513:515:lib/fcntl.c
FLAG:2386:513:515:lib/fcntl.c
FLAG:2387:513:482:lib/fcntl.c
FLAG:2388:524:525:lib/fcntl.c
FLAG:2389:510:482:lib/fcntl.c
FLAG:2390:531:531:lib/fcntl.c
FLAG:2391:525:531:lib/fcntl.c
FLAG:2392:531:533:lib/fcntl.c
FLAG:2393:534:534:lib/fcntl.c
FLAG:2394:534:536:lib/fcntl.c
FLAG:2395:534:536:lib/fcntl.c
FLAG:2396:211:328:lib/fcntl.c
FLAG:2397:211:328:lib/fcntl.c
FLAG:2398:211:328:lib/fcntl.c
FLAG:2399:211:328:lib/fcntl.c
FLAG:2400:211:328:lib/fcntl.c
FLAG:2401:211:328:lib/fcntl.c
FLAG:2402:211:328:lib/fcntl.c
FLAG:2403:211:423:lib/fcntl.c
FLAG:2404:211:423:lib/fcntl.c
FLAG:2405:211:423:lib/fcntl.c
FLAG:2406:211:423:lib/fcntl.c
FLAG:2407:211:423:lib/fcntl.c
FLAG:2408:211:423:lib/fcntl.c
FLAG:2409:211:423:lib/fcntl.c
FLAG:2410:211:423:lib/fcntl.c
FLAG:2411:423:423:lib/fcntl.c
FLAG:2412:423:423:lib/fcntl.c
FLAG:2413:423:423:lib/fcntl.c
FLAG:2414:423:423:lib/fcntl.c
FLAG:2415:211:431:lib/fcntl.c
FLAG:2416:431:431:lib/fcntl.c
FLAG:2417:431:431:lib/fcntl.c
FLAG:2418:431:431:lib/fcntl.c
FLAG:2419:431:431:lib/fcntl.c
FLAG:2420:540:442:lib/fcntl.c
FLAG:2421:534:442:lib/fcntl.c
FLAG:2422:531:442:lib/fcntl.c
FLAG:2423:524:442:lib/fcntl.c
FLAG:2424:531:442:lib/fcntl.c
FLAG:2425:329:442:lib/fcntl.c
FLAG:2426:426:442:lib/fcntl.c
FLAG:2427:434:442:lib/fcntl.c
FLAG:2428:482:442:lib/fcntl.c
FLAG:2429:148:148:lib/fflush.c
FLAG:2430:148:149:lib/fflush.c
FLAG:2431:148:149:lib/fflush.c
FLAG:2432:148:41:lib/fflush.c
FLAG:2433:41:43:lib/fflush.c
FLAG:2434:41:156:lib/fflush.c
FLAG:2435:43:156:lib/fflush.c
FLAG:2436:156:233:lib/fflush.c
FLAG:2437:149:233:lib/fflush.c
FLAG:2438:53:53:lib/fseeko.c
FLAG:2439:54:54:lib/fseeko.c
FLAG:2440:54:117:lib/fseeko.c
FLAG:2441:118:129:lib/fseeko.c
FLAG:2442:54:163:lib/fseeko.c
FLAG:2443:54:163:lib/fseeko.c
FLAG:2444:53:163:lib/fseeko.c
FLAG:2445:161:164:lib/fseeko.c
FLAG:2446:118:164:lib/fseeko.c
FLAG:2447:163:164:lib/fseeko.c
FLAG:2448:171:178:./lib/c-ctype.h
FLAG:2449:171:180:./lib/c-ctype.h
FLAG:2450:171:180:./lib/c-ctype.h
FLAG:2451:171:180:./lib/c-ctype.h
FLAG:2452:171:180:./lib/c-ctype.h
FLAG:2453:171:180:./lib/c-ctype.h
FLAG:2454:171:180:./lib/c-ctype.h
FLAG:2455:171:180:./lib/c-ctype.h
FLAG:2456:171:180:./lib/c-ctype.h
FLAG:2457:171:180:./lib/c-ctype.h
FLAG:2458:171:180:./lib/c-ctype.h
FLAG:2459:171:180:./lib/c-ctype.h
FLAG:2460:171:180:./lib/c-ctype.h
FLAG:2461:171:180:./lib/c-ctype.h
FLAG:2462:171:180:./lib/c-ctype.h
FLAG:2463:171:180:./lib/c-ctype.h
FLAG:2464:171:180:./lib/c-ctype.h
FLAG:2465:171:180:./lib/c-ctype.h
FLAG:2466:171:180:./lib/c-ctype.h
FLAG:2467:171:180:./lib/c-ctype.h
FLAG:2468:171:180:./lib/c-ctype.h
FLAG:2469:171:180:./lib/c-ctype.h
FLAG:2470:171:180:./lib/c-ctype.h
FLAG:2471:171:180:./lib/c-ctype.h
FLAG:2472:171:180:./lib/c-ctype.h
FLAG:2473:171:180:./lib/c-ctype.h
FLAG:2474:171:180:./lib/c-ctype.h
FLAG:2475:171:180:./lib/c-ctype.h
FLAG:2476:171:180:./lib/c-ctype.h
FLAG:2477:171:180:./lib/c-ctype.h
FLAG:2478:171:180:./lib/c-ctype.h
FLAG:2479:171:180:./lib/c-ctype.h
FLAG:2480:171:180:./lib/c-ctype.h
FLAG:2481:171:180:./lib/c-ctype.h
FLAG:2482:171:180:./lib/c-ctype.h
FLAG:2483:171:180:./lib/c-ctype.h
FLAG:2484:171:180:./lib/c-ctype.h
FLAG:2485:171:180:./lib/c-ctype.h
FLAG:2486:171:180:./lib/c-ctype.h
FLAG:2487:171:180:./lib/c-ctype.h
FLAG:2488:171:180:./lib/c-ctype.h
FLAG:2489:171:180:./lib/c-ctype.h
FLAG:2490:171:180:./lib/c-ctype.h
FLAG:2491:171:180:./lib/c-ctype.h
FLAG:2492:171:180:./lib/c-ctype.h
FLAG:2493:171:180:./lib/c-ctype.h
FLAG:2494:171:180:./lib/c-ctype.h
FLAG:2495:171:180:./lib/c-ctype.h
FLAG:2496:171:180:./lib/c-ctype.h
FLAG:2497:171:180:./lib/c-ctype.h
FLAG:2498:171:180:./lib/c-ctype.h
FLAG:2499:171:180:./lib/c-ctype.h
FLAG:2500:171:180:./lib/c-ctype.h
FLAG:2501:171:180:./lib/c-ctype.h
FLAG:2502:171:180:./lib/c-ctype.h
FLAG:2503:171:180:./lib/c-ctype.h
FLAG:2504:171:180:./lib/c-ctype.h
FLAG:2505:171:180:./lib/c-ctype.h
FLAG:2506:171:180:./lib/c-ctype.h
FLAG:2507:171:180:./lib/c-ctype.h
FLAG:2508:171:180:./lib/c-ctype.h
FLAG:2509:171:180:./lib/c-ctype.h
FLAG:2510:171:180:./lib/c-ctype.h
FLAG:2511:178:180:./lib/c-ctype.h
FLAG:2512:185:185:./lib/c-ctype.h
FLAG:2513:185:193:./lib/c-ctype.h
FLAG:2514:223:228:./lib/c-ctype.h
FLAG:2515:223:230:./lib/c-ctype.h
FLAG:2516:223:230:./lib/c-ctype.h
FLAG:2517:223:230:./lib/c-ctype.h
FLAG:2518:223:230:./lib/c-ctype.h
FLAG:2519:223:230:./lib/c-ctype.h
FLAG:2520:223:230:./lib/c-ctype.h
FLAG:2521:223:230:./lib/c-ctype.h
FLAG:2522:223:230:./lib/c-ctype.h
FLAG:2523:223:230:./lib/c-ctype.h
FLAG:2524:223:230:./lib/c-ctype.h
FLAG:2525:223:230:./lib/c-ctype.h
FLAG:2526:223:230:./lib/c-ctype.h
FLAG:2527:223:230:./lib/c-ctype.h
FLAG:2528:223:230:./lib/c-ctype.h
FLAG:2529:223:230:./lib/c-ctype.h
FLAG:2530:223:230:./lib/c-ctype.h
FLAG:2531:223:230:./lib/c-ctype.h
FLAG:2532:223:230:./lib/c-ctype.h
FLAG:2533:223:230:./lib/c-ctype.h
FLAG:2534:223:230:./lib/c-ctype.h
FLAG:2535:223:230:./lib/c-ctype.h
FLAG:2536:223:230:./lib/c-ctype.h
FLAG:2537:223:230:./lib/c-ctype.h
FLAG:2538:223:230:./lib/c-ctype.h
FLAG:2539:223:230:./lib/c-ctype.h
FLAG:2540:223:230:./lib/c-ctype.h
FLAG:2541:223:230:./lib/c-ctype.h
FLAG:2542:223:230:./lib/c-ctype.h
FLAG:2543:223:230:./lib/c-ctype.h
FLAG:2544:223:230:./lib/c-ctype.h
FLAG:2545:223:230:./lib/c-ctype.h
FLAG:2546:223:230:./lib/c-ctype.h
FLAG:2547:223:230:./lib/c-ctype.h
FLAG:2548:228:230:./lib/c-ctype.h
FLAG:2549:290:295:./lib/c-ctype.h
FLAG:2550:290:297:./lib/c-ctype.h
FLAG:2551:290:297:./lib/c-ctype.h
FLAG:2552:290:297:./lib/c-ctype.h
FLAG:2553:290:297:./lib/c-ctype.h
FLAG:2554:290:297:./lib/c-ctype.h
FLAG:2555:290:297:./lib/c-ctype.h
FLAG:2556:290:297:./lib/c-ctype.h
FLAG:2557:290:297:./lib/c-ctype.h
FLAG:2558:290:297:./lib/c-ctype.h
FLAG:2559:290:297:./lib/c-ctype.h
FLAG:2560:290:297:./lib/c-ctype.h
FLAG:2561:290:297:./lib/c-ctype.h
FLAG:2562:290:297:./lib/c-ctype.h
FLAG:2563:290:297:./lib/c-ctype.h
FLAG:2564:290:297:./lib/c-ctype.h
FLAG:2565:290:297:./lib/c-ctype.h
FLAG:2566:290:297:./lib/c-ctype.h
FLAG:2567:290:297:./lib/c-ctype.h
FLAG:2568:290:297:./lib/c-ctype.h
FLAG:2569:290:297:./lib/c-ctype.h
FLAG:2570:290:297:./lib/c-ctype.h
FLAG:2571:290:297:./lib/c-ctype.h
FLAG:2572:290:297:./lib/c-ctype.h
FLAG:2573:290:297:./lib/c-ctype.h
FLAG:2574:290:297:./lib/c-ctype.h
FLAG:2575:290:297:./lib/c-ctype.h
FLAG:2576:290:297:./lib/c-ctype.h
FLAG:2577:290:297:./lib/c-ctype.h
FLAG:2578:290:297:./lib/c-ctype.h
FLAG:2579:290:297:./lib/c-ctype.h
FLAG:2580:290:297:./lib/c-ctype.h
FLAG:2581:290:297:./lib/c-ctype.h
FLAG:2582:295:297:./lib/c-ctype.h
FLAG:2583:302:302:./lib/c-ctype.h
FLAG:2584:302:309:./lib/c-ctype.h
FLAG:2585:326:326:./lib/c-ctype.h
FLAG:2586:326:334:./lib/c-ctype.h
