FLAG:0:971:971:elfedit.c
FLAG:1:971:971:elfedit.c
FLAG:2:971:977:elfedit.c
FLAG:3:978:293:elfedit.c
FLAG:4:293:300:elfedit.c
FLAG:5:293:300:elfedit.c
FLAG:6:293:303:elfedit.c
FLAG:7:293:303:elfedit.c
FLAG:8:293:305:elfedit.c
FLAG:9:293:980:elfedit.c
FLAG:10:293:980:elfedit.c
FLAG:11:300:980:elfedit.c
FLAG:12:303:980:elfedit.c
FLAG:13:305:980:elfedit.c
FLAG:14:971:986:elfedit.c
FLAG:15:987:293:elfedit.c
FLAG:16:293:300:elfedit.c
FLAG:17:293:300:elfedit.c
FLAG:18:293:303:elfedit.c
FLAG:19:293:303:elfedit.c
FLAG:20:293:305:elfedit.c
FLAG:21:293:989:elfedit.c
FLAG:22:293:989:elfedit.c
FLAG:23:300:989:elfedit.c
FLAG:24:303:989:elfedit.c
FLAG:25:305:989:elfedit.c
FLAG:26:990:971:elfedit.c
FLAG:27:981:971:elfedit.c
FLAG:28:1025:971:elfedit.c
FLAG:29:1020:971:elfedit.c
FLAG:30:1014:971:elfedit.c
FLAG:31:1008:971:elfedit.c
FLAG:32:1002:971:elfedit.c
FLAG:33:996:971:elfedit.c
FLAG:34:971:995:elfedit.c
FLAG:35:971:1001:elfedit.c
FLAG:36:971:1007:elfedit.c
FLAG:37:971:1013:elfedit.c
FLAG:38:971:1020:elfedit.c
FLAG:39:971:1025:elfedit.c
FLAG:40:971:1031:elfedit.c
FLAG:41:971:1034:elfedit.c
FLAG:42:971:1038:elfedit.c
FLAG:43:971:1042:elfedit.c
FLAG:44:1043:1043:elfedit.c
FLAG:45:1049:1053:elfedit.c
FLAG:46:1053:1053:elfedit.c
FLAG:47:1049:1050:elfedit.c
FLAG:48:1043:1050:elfedit.c
FLAG:49:1053:1054:elfedit.c
FLAG:50:1054:1054:elfedit.c
FLAG:51:1054:716:elfedit.c
FLAG:52:716:717:elfedit.c
FLAG:53:716:719:elfedit.c
FLAG:54:1054:738:elfedit.c
FLAG:55:738:740:elfedit.c
FLAG:56:741:745:elfedit.c
FLAG:57:720:745:elfedit.c
FLAG:58:717:745:elfedit.c
FLAG:59:738:745:elfedit.c
FLAG:60:758:760:elfedit.c
FLAG:61:758:764:elfedit.c
FLAG:62:764:766:elfedit.c
FLAG:63:764:772:elfedit.c
FLAG:64:772:773:elfedit.c
FLAG:65:772:774:elfedit.c
FLAG:66:774:775:elfedit.c
FLAG:67:774:778:elfedit.c
FLAG:68:783:783:elfedit.c
FLAG:69:784:81:elfedit.c
FLAG:70:85:88:elfedit.c
FLAG:71:89:91:elfedit.c
FLAG:72:89:95:elfedit.c
FLAG:73:89:95:elfedit.c
FLAG:74:469:97:elfedit.c
FLAG:75:469:101:elfedit.c
FLAG:76:103:105:elfedit.c
FLAG:77:103:109:elfedit.c
FLAG:78:111:114:elfedit.c
FLAG:79:115:117:elfedit.c
FLAG:80:124:117:elfedit.c
FLAG:81:111:130:elfedit.c
FLAG:82:131:133:elfedit.c
FLAG:83:140:133:elfedit.c
FLAG:84:140:145:elfedit.c
FLAG:85:124:145:elfedit.c
FLAG:86:145:146:elfedit.c
FLAG:87:145:146:elfedit.c
FLAG:88:146:148:elfedit.c
FLAG:89:154:154:elfedit.c
FLAG:90:238:159:elfedit.c
FLAG:91:154:159:elfedit.c
FLAG:92:159:165:elfedit.c
FLAG:93:168:174:elfedit.c
FLAG:94:178:176:elfedit.c
FLAG:95:179:185:elfedit.c
FLAG:96:178:185:elfedit.c
FLAG:97:186:186:elfedit.c
FLAG:98:187:192:elfedit.c
FLAG:99:192:192:elfedit.c
FLAG:100:192:199:elfedit.c
FLAG:101:235:203:elfedit.c
FLAG:102:201:203:elfedit.c
FLAG:103:208:203:elfedit.c
FLAG:104:214:204:elfedit.c
FLAG:105:216:222:elfedit.c
FLAG:106:228:229:elfedit.c
FLAG:107:214:233:elfedit.c
FLAG:108:235:238:elfedit.c
FLAG:109:187:238:elfedit.c
FLAG:110:186:238:elfedit.c
FLAG:111:238:145:elfedit.c
FLAG:112:145:145:elfedit.c
FLAG:113:154:145:elfedit.c
FLAG:114:146:145:elfedit.c
FLAG:115:192:244:elfedit.c
FLAG:116:192:244:elfedit.c
FLAG:117:179:244:elfedit.c
FLAG:118:168:244:elfedit.c
FLAG:119:159:244:elfedit.c
FLAG:120:208:244:elfedit.c
FLAG:121:216:244:elfedit.c
FLAG:122:145:246:elfedit.c
FLAG:123:244:246:elfedit.c
FLAG:124:229:246:elfedit.c
FLAG:125:228:246:elfedit.c
FLAG:126:145:246:elfedit.c
FLAG:127:131:246:elfedit.c
FLAG:128:115:246:elfedit.c
FLAG:129:249:250:elfedit.c
FLAG:130:106:250:elfedit.c
FLAG:131:98:250:elfedit.c
FLAG:132:92:250:elfedit.c
FLAG:133:85:250:elfedit.c
FLAG:134:785:789:elfedit.c
FLAG:135:784:789:elfedit.c
FLAG:136:783:789:elfedit.c
FLAG:137:775:789:elfedit.c
FLAG:138:773:789:elfedit.c
FLAG:139:754:792:elfedit.c
FLAG:140:761:792:elfedit.c
FLAG:141:769:792:elfedit.c
FLAG:142:791:792:elfedit.c
FLAG:143:1025:1057:elfedit.c
FLAG:144:1020:1057:elfedit.c
FLAG:145:1014:1057:elfedit.c
FLAG:146:1008:1057:elfedit.c
FLAG:147:1002:1057:elfedit.c
FLAG:148:996:1057:elfedit.c
FLAG:149:987:1057:elfedit.c
FLAG:150:978:1057:elfedit.c
FLAG:151:1054:1057:elfedit.c
FLAG:152:1053:1057:elfedit.c
FLAG:153:840:842:elfedit.c
FLAG:154:842:844:elfedit.c
FLAG:155:844:846:elfedit.c
FLAG:156:846:848:elfedit.c
FLAG:157:848:850:elfedit.c
FLAG:158:850:852:elfedit.c
FLAG:159:852:855:elfedit.c
FLAG:160:852:858:elfedit.c
FLAG:161:850:858:elfedit.c
FLAG:162:848:858:elfedit.c
FLAG:163:846:858:elfedit.c
FLAG:164:844:858:elfedit.c
FLAG:165:842:858:elfedit.c
FLAG:166:840:858:elfedit.c
FLAG:167:857:858:elfedit.c
FLAG:168:865:867:elfedit.c
FLAG:169:867:869:elfedit.c
FLAG:170:869:871:elfedit.c
FLAG:171:871:874:elfedit.c
FLAG:172:871:877:elfedit.c
FLAG:173:869:877:elfedit.c
FLAG:174:867:877:elfedit.c
FLAG:175:865:877:elfedit.c
FLAG:176:876:877:elfedit.c
FLAG:177:827:827:elfedit.c
FLAG:178:827:828:elfedit.c
FLAG:179:827:828:elfedit.c
FLAG:180:827:828:elfedit.c
FLAG:181:827:828:elfedit.c
FLAG:182:827:828:elfedit.c
FLAG:183:827:828:elfedit.c
FLAG:184:827:828:elfedit.c
FLAG:185:827:828:elfedit.c
FLAG:186:827:828:elfedit.c
FLAG:187:827:828:elfedit.c
FLAG:188:827:828:elfedit.c
FLAG:189:827:828:elfedit.c
FLAG:190:827:828:elfedit.c
FLAG:191:827:828:elfedit.c
FLAG:192:827:828:elfedit.c
FLAG:193:827:828:elfedit.c
FLAG:194:832:833:elfedit.c
FLAG:195:828:833:elfedit.c
FLAG:196:827:827:elfedit.c
FLAG:197:827:827:elfedit.c
FLAG:198:827:827:elfedit.c
FLAG:199:827:827:elfedit.c
FLAG:200:827:827:elfedit.c
FLAG:201:827:827:elfedit.c
FLAG:202:827:827:elfedit.c
FLAG:203:827:827:elfedit.c
FLAG:204:827:827:elfedit.c
FLAG:205:827:827:elfedit.c
FLAG:206:827:827:elfedit.c
FLAG:207:827:827:elfedit.c
FLAG:208:827:827:elfedit.c
FLAG:209:827:827:elfedit.c
FLAG:210:827:830:elfedit.c
FLAG:211:259:261:elfedit.c
FLAG:212:261:263:elfedit.c
FLAG:213:263:265:elfedit.c
FLAG:214:265:269:elfedit.c
FLAG:215:265:273:elfedit.c
FLAG:216:263:273:elfedit.c
FLAG:217:261:273:elfedit.c
FLAG:218:259:273:elfedit.c
FLAG:219:273:275:elfedit.c
FLAG:220:273:280:elfedit.c
FLAG:221:277:285:elfedit.c
FLAG:222:281:285:elfedit.c
FLAG:223:270:285:elfedit.c
FLAG:224:951:952:elfedit.c
FLAG:225:952:953:elfedit.c
FLAG:226:951:953:elfedit.c
FLAG:227:568:568:elfedit.c
FLAG:228:569:584:elfedit.c
FLAG:229:584:584:elfedit.c
FLAG:230:584:590:elfedit.c
FLAG:231:694:590:elfedit.c
FLAG:232:591:600:elfedit.c
FLAG:233:600:608:elfedit.c
FLAG:234:615:621:elfedit.c
FLAG:235:624:632:elfedit.c
FLAG:236:632:669:elfedit.c
FLAG:237:674:683:elfedit.c
FLAG:238:632:636:elfedit.c
FLAG:239:639:646:elfedit.c
FLAG:240:647:659:elfedit.c
FLAG:241:662:694:elfedit.c
FLAG:242:684:694:elfedit.c
FLAG:243:694:586:elfedit.c
FLAG:244:694:586:elfedit.c
FLAG:245:584:586:elfedit.c
FLAG:246:584:590:elfedit.c
FLAG:247:694:590:elfedit.c
FLAG:248:591:595:elfedit.c
FLAG:249:591:595:elfedit.c
FLAG:250:591:600:elfedit.c
FLAG:251:600:602:elfedit.c
FLAG:252:600:602:elfedit.c
FLAG:253:600:608:elfedit.c
FLAG:254:615:617:elfedit.c
FLAG:255:615:617:elfedit.c
FLAG:256:615:623:elfedit.c
FLAG:257:624:614:elfedit.c
FLAG:258:624:614:elfedit.c
FLAG:259:639:641:elfedit.c
FLAG:260:647:649:elfedit.c
FLAG:261:674:676:elfedit.c
FLAG:262:624:689:elfedit.c
FLAG:263:591:697:elfedit.c
FLAG:264:591:697:elfedit.c
FLAG:265:654:697:elfedit.c
FLAG:266:643:697:elfedit.c
FLAG:267:680:697:elfedit.c
FLAG:268:629:697:elfedit.c
FLAG:269:619:697:elfedit.c
FLAG:270:605:697:elfedit.c
FLAG:271:598:697:elfedit.c
FLAG:272:568:697:elfedit.c
FLAG:273:569:697:elfedit.c
FLAG:274:698:699:elfedit.c
FLAG:275:698:700:elfedit.c
FLAG:276:699:700:elfedit.c
FLAG:277:586:704:elfedit.c
FLAG:278:703:704:elfedit.c
FLAG:279:518:424:elfedit.c
FLAG:280:425:431:elfedit.c
FLAG:281:447:453:elfedit.c
FLAG:282:454:457:elfedit.c
FLAG:283:447:486:elfedit.c
FLAG:284:487:490:elfedit.c
FLAG:285:518:522:elfedit.c
FLAG:286:425:522:elfedit.c
FLAG:287:447:522:elfedit.c
FLAG:288:454:522:elfedit.c
FLAG:289:487:522:elfedit.c
FLAG:290:505:527:elfedit.c
FLAG:291:472:527:elfedit.c
FLAG:292:527:529:elfedit.c
FLAG:293:527:314:elfedit.c
FLAG:294:530:314:elfedit.c
FLAG:295:314:317:elfedit.c
FLAG:296:314:324:elfedit.c
FLAG:297:324:327:elfedit.c
FLAG:298:331:293:elfedit.c
FLAG:299:293:300:elfedit.c
FLAG:300:293:300:elfedit.c
FLAG:301:293:303:elfedit.c
FLAG:302:293:303:elfedit.c
FLAG:303:293:305:elfedit.c
FLAG:304:305:332:elfedit.c
FLAG:305:303:332:elfedit.c
FLAG:306:300:332:elfedit.c
FLAG:307:293:332:elfedit.c
FLAG:308:293:332:elfedit.c
FLAG:309:332:334:elfedit.c
FLAG:310:331:334:elfedit.c
FLAG:311:335:338:elfedit.c
FLAG:312:335:343:elfedit.c
FLAG:313:344:347:elfedit.c
FLAG:314:344:353:elfedit.c
FLAG:315:353:356:elfedit.c
FLAG:316:353:361:elfedit.c
FLAG:317:364:367:elfedit.c
FLAG:318:364:372:elfedit.c
FLAG:319:375:378:elfedit.c
FLAG:320:375:384:elfedit.c
FLAG:321:384:388:elfedit.c
FLAG:322:384:391:elfedit.c
FLAG:323:391:392:elfedit.c
FLAG:324:392:393:elfedit.c
FLAG:325:391:393:elfedit.c
FLAG:326:393:394:elfedit.c
FLAG:327:394:395:elfedit.c
FLAG:328:393:395:elfedit.c
FLAG:329:395:396:elfedit.c
FLAG:330:396:397:elfedit.c
FLAG:331:395:397:elfedit.c
FLAG:332:384:400:elfedit.c
FLAG:333:400:401:elfedit.c
FLAG:334:401:402:elfedit.c
FLAG:335:400:402:elfedit.c
FLAG:336:402:403:elfedit.c
FLAG:337:403:404:elfedit.c
FLAG:338:402:404:elfedit.c
FLAG:339:404:405:elfedit.c
FLAG:340:405:406:elfedit.c
FLAG:341:404:406:elfedit.c
FLAG:342:407:410:elfedit.c
FLAG:343:398:410:elfedit.c
FLAG:344:410:411:elfedit.c
FLAG:345:324:536:elfedit.c
FLAG:346:410:536:elfedit.c
FLAG:347:320:536:elfedit.c
FLAG:348:340:536:elfedit.c
FLAG:349:349:536:elfedit.c
FLAG:350:358:536:elfedit.c
FLAG:351:369:536:elfedit.c
FLAG:352:380:536:elfedit.c
FLAG:353:412:536:elfedit.c
FLAG:354:523:536:elfedit.c
FLAG:355:71:76:elfcomm.c
FLAG:356:76:76:elfcomm.c
FLAG:357:76:76:elfcomm.c
FLAG:358:79:76:elfcomm.c
FLAG:359:79:76:elfcomm.c
FLAG:360:76:76:elfcomm.c
FLAG:361:71:73:elfcomm.c
FLAG:362:76:78:elfcomm.c
FLAG:363:79:78:elfcomm.c
FLAG:364:76:81:elfcomm.c
FLAG:365:79:81:elfcomm.c
FLAG:366:76:81:elfcomm.c
FLAG:367:86:91:elfcomm.c
FLAG:368:91:91:elfcomm.c
FLAG:369:91:91:elfcomm.c
FLAG:370:94:91:elfcomm.c
FLAG:371:94:91:elfcomm.c
FLAG:372:91:91:elfcomm.c
FLAG:373:86:88:elfcomm.c
FLAG:374:91:91:elfcomm.c
FLAG:375:94:91:elfcomm.c
FLAG:376:91:96:elfcomm.c
FLAG:377:94:96:elfcomm.c
FLAG:378:91:96:elfcomm.c
FLAG:379:103:106:elfcomm.c
FLAG:380:103:109:elfcomm.c
FLAG:381:103:113:elfcomm.c
FLAG:382:103:118:elfcomm.c
FLAG:383:103:125:elfcomm.c
FLAG:384:103:134:elfcomm.c
FLAG:385:103:144:elfcomm.c
FLAG:386:103:155:elfcomm.c
FLAG:387:103:166:elfcomm.c
FLAG:388:162:169:elfcomm.c
FLAG:389:150:169:elfcomm.c
FLAG:390:139:169:elfcomm.c
FLAG:391:129:169:elfcomm.c
FLAG:392:121:169:elfcomm.c
FLAG:393:115:169:elfcomm.c
FLAG:394:110:169:elfcomm.c
FLAG:395:106:169:elfcomm.c
FLAG:396:174:177:elfcomm.c
FLAG:397:174:180:elfcomm.c
FLAG:398:174:183:elfcomm.c
FLAG:399:174:188:elfcomm.c
FLAG:400:174:195:elfcomm.c
FLAG:401:174:204:elfcomm.c
FLAG:402:174:214:elfcomm.c
FLAG:403:174:225:elfcomm.c
FLAG:404:174:236:elfcomm.c
FLAG:405:232:239:elfcomm.c
FLAG:406:220:239:elfcomm.c
FLAG:407:209:239:elfcomm.c
FLAG:408:199:239:elfcomm.c
FLAG:409:191:239:elfcomm.c
FLAG:410:185:239:elfcomm.c
FLAG:411:180:239:elfcomm.c
FLAG:412:177:239:elfcomm.c
FLAG:413:246:249:elfcomm.c
FLAG:414:246:251:elfcomm.c
FLAG:415:246:253:elfcomm.c
FLAG:416:246:255:elfcomm.c
FLAG:417:246:266:elfcomm.c
FLAG:418:246:268:elfcomm.c
FLAG:419:246:268:elfcomm.c
FLAG:420:246:268:elfcomm.c
FLAG:421:246:268:elfcomm.c
FLAG:422:255:268:elfcomm.c
FLAG:423:253:268:elfcomm.c
FLAG:424:251:268:elfcomm.c
FLAG:425:249:268:elfcomm.c
FLAG:426:288:290:elfcomm.c
FLAG:427:291:293:elfcomm.c
FLAG:428:294:296:elfcomm.c
FLAG:429:294:299:elfcomm.c
FLAG:430:288:306:elfcomm.c
FLAG:431:311:313:elfcomm.c
FLAG:432:311:318:elfcomm.c
FLAG:433:319:321:elfcomm.c
FLAG:434:319:324:elfcomm.c
FLAG:435:322:329:elfcomm.c
FLAG:436:315:329:elfcomm.c
FLAG:437:301:329:elfcomm.c
FLAG:438:326:329:elfcomm.c
FLAG:439:291:329:elfcomm.c
FLAG:440:297:329:elfcomm.c
FLAG:441:508:510:elfcomm.c
FLAG:442:508:513:elfcomm.c
FLAG:443:514:519:elfcomm.c
FLAG:444:514:547:../bfd/bfd.h
FLAG:445:547:526:elfcomm.c
FLAG:446:547:547:../bfd/bfd.h
FLAG:447:547:531:elfcomm.c
FLAG:448:547:535:elfcomm.c
FLAG:449:535:536:elfcomm.c
FLAG:450:526:547:../bfd/bfd.h
FLAG:451:532:547:../bfd/bfd.h
FLAG:452:535:547:../bfd/bfd.h
FLAG:453:536:547:../bfd/bfd.h
FLAG:454:547:541:elfcomm.c
FLAG:455:546:548:elfcomm.c
FLAG:456:546:553:elfcomm.c
FLAG:457:554:556:elfcomm.c
FLAG:458:554:561:elfcomm.c
FLAG:459:565:567:elfcomm.c
FLAG:460:565:571:elfcomm.c
FLAG:461:571:573:elfcomm.c
FLAG:462:571:580:elfcomm.c
FLAG:463:580:581:elfcomm.c
FLAG:464:580:583:elfcomm.c
FLAG:465:583:583:elfcomm.c
FLAG:466:547:587:elfcomm.c
FLAG:467:583:587:elfcomm.c
FLAG:468:575:587:elfcomm.c
FLAG:469:567:587:elfcomm.c
FLAG:470:557:587:elfcomm.c
FLAG:471:549:587:elfcomm.c
FLAG:472:532:587:elfcomm.c
FLAG:473:526:587:elfcomm.c
FLAG:474:514:587:elfcomm.c
FLAG:475:520:587:elfcomm.c
FLAG:476:511:587:elfcomm.c
FLAG:477:355:357:elfcomm.c
FLAG:478:355:362:elfcomm.c
FLAG:479:366:368:elfcomm.c
FLAG:480:368:370:elfcomm.c
FLAG:481:366:381:elfcomm.c
FLAG:482:384:384:elfcomm.c
FLAG:483:384:387:elfcomm.c
FLAG:484:387:389:elfcomm.c
FLAG:485:387:394:elfcomm.c
FLAG:486:395:397:elfcomm.c
FLAG:487:395:401:elfcomm.c
FLAG:488:406:408:elfcomm.c
FLAG:489:406:415:elfcomm.c
FLAG:490:416:418:elfcomm.c
FLAG:491:416:422:elfcomm.c
FLAG:492:423:425:elfcomm.c
FLAG:493:423:430:elfcomm.c
FLAG:494:435:442:elfcomm.c
FLAG:495:435:437:elfcomm.c
FLAG:496:442:444:elfcomm.c
FLAG:497:444:444:elfcomm.c
FLAG:498:444:446:elfcomm.c
FLAG:499:442:446:elfcomm.c
FLAG:500:449:451:elfcomm.c
FLAG:501:449:456:elfcomm.c
FLAG:502:457:459:elfcomm.c
FLAG:503:457:463:elfcomm.c
FLAG:504:465:467:elfcomm.c
FLAG:505:465:471:elfcomm.c
FLAG:506:471:474:elfcomm.c
FLAG:507:368:474:elfcomm.c
FLAG:508:475:477:elfcomm.c
FLAG:509:475:483:elfcomm.c
FLAG:510:475:483:elfcomm.c
FLAG:511:471:483:elfcomm.c
FLAG:512:471:483:elfcomm.c
FLAG:513:471:483:elfcomm.c
FLAG:514:471:483:elfcomm.c
FLAG:515:471:483:elfcomm.c
FLAG:516:471:483:elfcomm.c
FLAG:517:471:483:elfcomm.c
FLAG:518:471:483:elfcomm.c
FLAG:519:471:483:elfcomm.c
FLAG:520:479:483:elfcomm.c
FLAG:521:372:483:elfcomm.c
FLAG:522:359:483:elfcomm.c
FLAG:523:600:600:elfcomm.c
FLAG:524:600:604:elfcomm.c
FLAG:525:600:604:elfcomm.c
FLAG:526:604:606:elfcomm.c
FLAG:527:604:625:elfcomm.c
FLAG:528:625:625:elfcomm.c
FLAG:529:633:614:elfcomm.c
FLAG:530:614:617:elfcomm.c
FLAG:531:614:618:elfcomm.c
FLAG:532:633:618:elfcomm.c
FLAG:533:600:618:elfcomm.c
FLAG:534:617:618:elfcomm.c
FLAG:535:648:651:elfcomm.c
FLAG:536:656:656:elfcomm.c
FLAG:537:656:658:elfcomm.c
FLAG:538:656:658:elfcomm.c
FLAG:539:656:662:elfcomm.c
FLAG:540:666:666:elfcomm.c
FLAG:541:666:667:elfcomm.c
FLAG:542:667:668:elfcomm.c
FLAG:543:666:668:elfcomm.c
FLAG:544:666:668:elfcomm.c
FLAG:545:670:675:elfcomm.c
FLAG:546:676:676:elfcomm.c
FLAG:547:670:672:elfcomm.c
FLAG:548:678:676:elfcomm.c
FLAG:549:676:676:elfcomm.c
FLAG:550:676:678:elfcomm.c
FLAG:551:676:679:elfcomm.c
FLAG:552:676:679:elfcomm.c
FLAG:553:678:679:elfcomm.c
FLAG:554:676:679:elfcomm.c
FLAG:555:679:679:elfcomm.c
FLAG:556:679:681:elfcomm.c
FLAG:557:679:681:elfcomm.c
FLAG:558:685:685:elfcomm.c
FLAG:559:685:686:elfcomm.c
FLAG:560:685:686:elfcomm.c
FLAG:561:685:689:elfcomm.c
FLAG:562:689:691:elfcomm.c
FLAG:563:689:697:elfcomm.c
FLAG:564:700:700:elfcomm.c
FLAG:565:700:703:elfcomm.c
FLAG:566:705:707:elfcomm.c
FLAG:567:705:711:elfcomm.c
FLAG:568:700:711:elfcomm.c
FLAG:569:700:711:elfcomm.c
FLAG:570:714:715:elfcomm.c
FLAG:571:708:715:elfcomm.c
FLAG:572:692:715:elfcomm.c
FLAG:573:686:715:elfcomm.c
FLAG:574:673:715:elfcomm.c
FLAG:575:659:715:elfcomm.c
FLAG:576:648:719:elfcomm.c
FLAG:577:719:719:elfcomm.c
FLAG:578:719:719:elfcomm.c
FLAG:579:719:719:elfcomm.c
FLAG:580:719:719:elfcomm.c
FLAG:581:719:719:elfcomm.c
FLAG:582:719:719:elfcomm.c
FLAG:583:719:719:elfcomm.c
FLAG:584:719:719:elfcomm.c
FLAG:585:719:719:elfcomm.c
FLAG:586:719:719:elfcomm.c
FLAG:587:719:719:elfcomm.c
FLAG:588:719:719:elfcomm.c
FLAG:589:719:719:elfcomm.c
FLAG:590:719:719:elfcomm.c
FLAG:591:719:719:elfcomm.c
FLAG:592:730:733:elfcomm.c
FLAG:593:722:733:elfcomm.c
FLAG:594:715:733:elfcomm.c
FLAG:595:719:719:elfcomm.c
FLAG:596:719:719:elfcomm.c
FLAG:597:719:719:elfcomm.c
FLAG:598:719:719:elfcomm.c
FLAG:599:719:719:elfcomm.c
FLAG:600:719:719:elfcomm.c
FLAG:601:719:719:elfcomm.c
FLAG:602:719:719:elfcomm.c
FLAG:603:719:719:elfcomm.c
FLAG:604:719:719:elfcomm.c
FLAG:605:719:719:elfcomm.c
FLAG:606:719:719:elfcomm.c
FLAG:607:719:719:elfcomm.c
FLAG:608:719:719:elfcomm.c
FLAG:609:719:728:elfcomm.c
FLAG:610:745:747:elfcomm.c
FLAG:611:745:750:elfcomm.c
FLAG:612:751:753:elfcomm.c
FLAG:613:751:756:elfcomm.c
FLAG:614:756:758:elfcomm.c
FLAG:615:756:763:elfcomm.c
FLAG:616:763:764:elfcomm.c
FLAG:617:760:764:elfcomm.c
FLAG:618:754:764:elfcomm.c
FLAG:619:748:764:elfcomm.c
FLAG:620:783:783:elfcomm.c
FLAG:621:783:786:elfcomm.c
FLAG:622:786:787:elfcomm.c
FLAG:623:786:789:elfcomm.c
FLAG:624:783:792:elfcomm.c
FLAG:625:783:792:elfcomm.c
FLAG:626:787:792:elfcomm.c
FLAG:627:789:792:elfcomm.c
FLAG:628:793:795:elfcomm.c
FLAG:629:793:800:elfcomm.c
FLAG:630:800:800:elfcomm.c
FLAG:631:800:802:elfcomm.c
FLAG:632:802:803:elfcomm.c
FLAG:633:802:806:elfcomm.c
FLAG:634:800:810:elfcomm.c
FLAG:635:800:812:elfcomm.c
FLAG:636:806:815:elfcomm.c
FLAG:637:803:815:elfcomm.c
FLAG:638:812:815:elfcomm.c
FLAG:639:810:815:elfcomm.c
FLAG:640:796:815:elfcomm.c
FLAG:641:77:81:./argv.c
FLAG:642:81:81:./argv.c
FLAG:643:81:82:./argv.c
FLAG:644:85:86:./argv.c
FLAG:645:86:86:./argv.c
FLAG:646:86:85:./argv.c
FLAG:647:85:85:./argv.c
FLAG:648:85:85:./argv.c
FLAG:649:77:89:./argv.c
FLAG:650:88:89:./argv.c
FLAG:651:108:110:./argv.c
FLAG:652:110:112:./argv.c
FLAG:653:112:112:./argv.c
FLAG:654:112:114:./argv.c
FLAG:655:110:114:./argv.c
FLAG:656:108:116:./argv.c
FLAG:657:115:116:./argv.c
FLAG:658:188:190:./argv.c
FLAG:659:280:121:./argv.c
FLAG:660:193:121:./argv.c
FLAG:661:182:123:./argv.c
FLAG:662:123:123:./argv.c
FLAG:663:123:198:./argv.c
FLAG:664:182:198:./argv.c
FLAG:665:198:201:./argv.c
FLAG:666:201:204:./argv.c
FLAG:667:201:208:./argv.c
FLAG:668:209:212:./argv.c
FLAG:669:205:212:./argv.c
FLAG:670:198:216:./argv.c
FLAG:671:216:216:./argv.c
FLAG:672:216:218:./argv.c
FLAG:673:270:218:./argv.c
FLAG:674:218:218:./argv.c
FLAG:675:224:227:./argv.c
FLAG:676:224:229:./argv.c
FLAG:677:229:233:./argv.c
FLAG:678:233:235:./argv.c
FLAG:679:235:241:./argv.c
FLAG:680:233:244:./argv.c
FLAG:681:244:246:./argv.c
FLAG:682:246:252:./argv.c
FLAG:683:244:257:./argv.c
FLAG:684:257:264:./argv.c
FLAG:685:257:267:./argv.c
FLAG:686:257:270:./argv.c
FLAG:687:246:270:./argv.c
FLAG:688:235:270:./argv.c
FLAG:689:229:270:./argv.c
FLAG:690:252:270:./argv.c
FLAG:691:264:270:./argv.c
FLAG:692:267:270:./argv.c
FLAG:693:241:270:./argv.c
FLAG:694:228:270:./argv.c
FLAG:695:218:180:./argv.c
FLAG:696:270:180:./argv.c
FLAG:697:216:180:./argv.c
FLAG:698:276:123:./argv.c
FLAG:699:123:123:./argv.c
FLAG:700:123:280:./argv.c
FLAG:701:276:280:./argv.c
FLAG:702:280:282:./argv.c
FLAG:703:188:284:./argv.c
FLAG:704:283:284:./argv.c
FLAG:705:304:307:./argv.c
FLAG:706:343:307:./argv.c
FLAG:707:307:309:./argv.c
FLAG:708:327:309:./argv.c
FLAG:709:311:315:./argv.c
FLAG:710:315:315:./argv.c
FLAG:711:315:316:./argv.c
FLAG:712:315:316:./argv.c
FLAG:713:315:316:./argv.c
FLAG:714:315:316:./argv.c
FLAG:715:315:322:./argv.c
FLAG:716:316:322:./argv.c
FLAG:717:311:331:./argv.c
FLAG:718:331:332:./argv.c
FLAG:719:332:338:./argv.c
FLAG:720:331:338:./argv.c
FLAG:721:343:348:./argv.c
FLAG:722:332:348:./argv.c
FLAG:723:307:348:./argv.c
FLAG:724:327:348:./argv.c
FLAG:725:316:348:./argv.c
FLAG:726:304:348:./argv.c
FLAG:727:385:385:./argv.c
FLAG:728:409:409:./argv.c
FLAG:729:385:409:./argv.c
FLAG:730:410:413:./argv.c
FLAG:731:413:415:./argv.c
FLAG:732:413:419:./argv.c
FLAG:733:455:421:./argv.c
FLAG:734:421:423:./argv.c
FLAG:735:421:428:./argv.c
FLAG:736:429:431:./argv.c
FLAG:737:431:433:./argv.c
FLAG:738:434:436:./argv.c
FLAG:739:436:438:./argv.c
FLAG:740:444:444:./argv.c
FLAG:741:444:446:./argv.c
FLAG:742:444:450:./argv.c
FLAG:743:444:450:./argv.c
FLAG:744:131:130:./argv.c
FLAG:745:450:130:./argv.c
FLAG:746:130:130:./argv.c
FLAG:747:130:456:./argv.c
FLAG:748:450:456:./argv.c
FLAG:749:131:461:./argv.c
FLAG:750:461:463:./argv.c
FLAG:751:458:463:./argv.c
FLAG:752:463:77:./argv.c
FLAG:753:77:81:./argv.c
FLAG:754:81:81:./argv.c
FLAG:755:81:82:./argv.c
FLAG:756:85:86:./argv.c
FLAG:757:86:86:./argv.c
FLAG:758:86:85:./argv.c
FLAG:759:85:85:./argv.c
FLAG:760:85:85:./argv.c
FLAG:761:77:464:./argv.c
FLAG:762:88:464:./argv.c
FLAG:763:464:467:./argv.c
FLAG:764:463:467:./argv.c
FLAG:765:468:467:./argv.c
FLAG:766:467:467:./argv.c
FLAG:767:468:470:./argv.c
FLAG:768:436:490:./argv.c
FLAG:769:434:490:./argv.c
FLAG:770:431:490:./argv.c
FLAG:771:489:490:./argv.c
FLAG:772:447:490:./argv.c
FLAG:773:429:385:./argv.c
FLAG:774:455:385:./argv.c
FLAG:775:410:385:./argv.c
FLAG:776:493:385:./argv.c
FLAG:777:493:409:./argv.c
FLAG:778:493:494:./argv.c
FLAG:779:385:494:./argv.c
FLAG:780:512:514:./argv.c
FLAG:781:514:514:./argv.c
FLAG:782:514:517:./argv.c
FLAG:783:517:517:./argv.c
FLAG:784:512:517:./argv.c
FLAG:785:95:64:./concat.c
FLAG:786:64:64:./concat.c
FLAG:787:64:64:./concat.c
FLAG:788:65:64:./concat.c
FLAG:789:65:64:./concat.c
FLAG:790:64:64:./concat.c
FLAG:791:64:64:./concat.c
FLAG:792:64:97:./concat.c
FLAG:793:95:97:./concat.c
FLAG:794:110:76:./concat.c
FLAG:795:76:78:./concat.c
FLAG:796:76:78:./concat.c
FLAG:797:80:76:./concat.c
FLAG:798:80:76:./concat.c
FLAG:799:76:76:./concat.c
FLAG:800:76:76:./concat.c
FLAG:801:76:82:./concat.c
FLAG:802:110:82:./concat.c
FLAG:803:133:76:./concat.c
FLAG:804:76:78:./concat.c
FLAG:805:76:78:./concat.c
FLAG:806:80:76:./concat.c
FLAG:807:80:76:./concat.c
FLAG:808:76:76:./concat.c
FLAG:809:76:76:./concat.c
FLAG:810:76:82:./concat.c
FLAG:811:133:82:./concat.c
FLAG:812:146:64:./concat.c
FLAG:813:64:64:./concat.c
FLAG:814:64:64:./concat.c
FLAG:815:65:64:./concat.c
FLAG:816:65:64:./concat.c
FLAG:817:64:64:./concat.c
FLAG:818:64:64:./concat.c
FLAG:819:64:147:./concat.c
FLAG:820:147:147:./concat.c
FLAG:821:146:147:./concat.c
FLAG:822:151:76:./concat.c
FLAG:823:76:78:./concat.c
FLAG:824:76:78:./concat.c
FLAG:825:80:76:./concat.c
FLAG:826:80:76:./concat.c
FLAG:827:76:76:./concat.c
FLAG:828:76:76:./concat.c
FLAG:829:76:82:./concat.c
FLAG:830:151:82:./concat.c
FLAG:831:183:64:./concat.c
FLAG:832:64:64:./concat.c
FLAG:833:64:64:./concat.c
FLAG:834:65:64:./concat.c
FLAG:835:65:64:./concat.c
FLAG:836:64:64:./concat.c
FLAG:837:64:64:./concat.c
FLAG:838:64:184:./concat.c
FLAG:839:184:184:./concat.c
FLAG:840:183:184:./concat.c
FLAG:841:188:76:./concat.c
FLAG:842:76:78:./concat.c
FLAG:843:76:78:./concat.c
FLAG:844:80:76:./concat.c
FLAG:845:80:76:./concat.c
FLAG:846:76:76:./concat.c
FLAG:847:76:76:./concat.c
FLAG:848:76:82:./concat.c
FLAG:849:188:82:./concat.c
FLAG:850:190:191:./concat.c
FLAG:851:190:192:./concat.c
FLAG:852:191:192:./concat.c
FLAG:853:53:53:./lbasename.c
FLAG:854:53:53:./lbasename.c
FLAG:855:53:55:./lbasename.c
FLAG:856:53:53:./lbasename.c
FLAG:857:55:53:./lbasename.c
FLAG:858:53:57:./lbasename.c
FLAG:859:66:66:./lbasename.c
FLAG:860:67:69:./lbasename.c
FLAG:861:66:69:./lbasename.c
FLAG:862:69:69:./lbasename.c
FLAG:863:69:69:./lbasename.c
FLAG:864:69:71:./lbasename.c
FLAG:865:69:71:./lbasename.c
FLAG:866:69:69:./lbasename.c
FLAG:867:71:69:./lbasename.c
FLAG:868:69:73:./lbasename.c
FLAG:869:53:53:./lbasename.c
FLAG:870:53:53:./lbasename.c
FLAG:871:53:55:./lbasename.c
FLAG:872:55:53:./lbasename.c
FLAG:873:53:53:./lbasename.c
FLAG:874:53:82:./lbasename.c
FLAG:875:49:50:./xexit.c
FLAG:876:49:51:./xexit.c
FLAG:877:50:51:./xexit.c
FLAG:878:112:113:./xmalloc.c
FLAG:879:113:115:./xmalloc.c
FLAG:880:112:115:./xmalloc.c
FLAG:881:148:149:./xmalloc.c
FLAG:882:148:151:./xmalloc.c
FLAG:883:163:164:./xmalloc.c
FLAG:884:163:166:./xmalloc.c
FLAG:885:176:177:./xmalloc.c
FLAG:886:176:179:./xmalloc.c
FLAG:887:179:180:./xmalloc.c
FLAG:888:177:180:./xmalloc.c
FLAG:889:180:181:./xmalloc.c
FLAG:890:180:183:./xmalloc.c
