FLAG:0:971:971:elfedit.c
FLAG:1:971:971:elfedit.c
FLAG:2:972:974:elfedit.c
FLAG:3:974:977:elfedit.c
FLAG:4:978:979:elfedit.c
FLAG:5:978:980:elfedit.c
FLAG:6:981:982:elfedit.c
FLAG:7:981:983:elfedit.c
FLAG:8:974:986:elfedit.c
FLAG:9:987:988:elfedit.c
FLAG:10:987:989:elfedit.c
FLAG:11:990:991:elfedit.c
FLAG:12:990:992:elfedit.c
FLAG:13:974:995:elfedit.c
FLAG:14:996:997:elfedit.c
FLAG:15:996:998:elfedit.c
FLAG:16:974:1001:elfedit.c
FLAG:17:1002:1003:elfedit.c
FLAG:18:1002:1004:elfedit.c
FLAG:19:974:1007:elfedit.c
FLAG:20:1008:1009:elfedit.c
FLAG:21:1008:1010:elfedit.c
FLAG:22:974:1013:elfedit.c
FLAG:23:1014:1015:elfedit.c
FLAG:24:1014:1016:elfedit.c
FLAG:25:974:1020:elfedit.c
FLAG:26:1020:1021:elfedit.c
FLAG:27:1020:1022:elfedit.c
FLAG:28:974:1025:elfedit.c
FLAG:29:1025:1026:elfedit.c
FLAG:30:1025:1027:elfedit.c
FLAG:31:974:1031:elfedit.c
FLAG:32:974:1034:elfedit.c
FLAG:33:974:1038:elfedit.c
FLAG:34:1035:971:elfedit.c
FLAG:35:1027:971:elfedit.c
FLAG:36:1022:971:elfedit.c
FLAG:37:1016:971:elfedit.c
FLAG:38:1010:971:elfedit.c
FLAG:39:1004:971:elfedit.c
FLAG:40:998:971:elfedit.c
FLAG:41:992:971:elfedit.c
FLAG:42:983:971:elfedit.c
FLAG:43:972:1042:elfedit.c
FLAG:44:1043:1043:elfedit.c
FLAG:45:1045:1045:elfedit.c
FLAG:46:1046:1046:elfedit.c
FLAG:47:1048:1048:elfedit.c
FLAG:48:1049:1049:elfedit.c
FLAG:49:1049:1050:elfedit.c
FLAG:50:1043:1050:elfedit.c
FLAG:51:1049:1052:elfedit.c
FLAG:52:1049:1052:elfedit.c
FLAG:53:1048:1052:elfedit.c
FLAG:54:1046:1052:elfedit.c
FLAG:55:1045:1052:elfedit.c
FLAG:56:1054:1053:elfedit.c
FLAG:57:1053:1053:elfedit.c
FLAG:58:1053:1054:elfedit.c
FLAG:59:1053:1056:elfedit.c
FLAG:60:1056:1057:elfedit.c
FLAG:61:1026:1057:elfedit.c
FLAG:62:1021:1057:elfedit.c
FLAG:63:1015:1057:elfedit.c
FLAG:64:1009:1057:elfedit.c
FLAG:65:1003:1057:elfedit.c
FLAG:66:997:1057:elfedit.c
FLAG:67:991:1057:elfedit.c
FLAG:68:988:1057:elfedit.c
FLAG:69:982:1057:elfedit.c
FLAG:70:979:1057:elfedit.c
FLAG:71:840:841:elfedit.c
FLAG:72:840:842:elfedit.c
FLAG:73:842:843:elfedit.c
FLAG:74:842:844:elfedit.c
FLAG:75:844:845:elfedit.c
FLAG:76:844:846:elfedit.c
FLAG:77:846:847:elfedit.c
FLAG:78:846:848:elfedit.c
FLAG:79:848:849:elfedit.c
FLAG:80:848:850:elfedit.c
FLAG:81:850:851:elfedit.c
FLAG:82:850:852:elfedit.c
FLAG:83:852:853:elfedit.c
FLAG:84:852:855:elfedit.c
FLAG:85:857:858:elfedit.c
FLAG:86:853:858:elfedit.c
FLAG:87:851:858:elfedit.c
FLAG:88:849:858:elfedit.c
FLAG:89:847:858:elfedit.c
FLAG:90:845:858:elfedit.c
FLAG:91:843:858:elfedit.c
FLAG:92:841:858:elfedit.c
FLAG:93:293:297:elfedit.c
FLAG:94:293:297:elfedit.c
FLAG:95:293:300:elfedit.c
FLAG:96:293:300:elfedit.c
FLAG:97:293:303:elfedit.c
FLAG:98:293:303:elfedit.c
FLAG:99:293:305:elfedit.c
FLAG:100:305:307:elfedit.c
FLAG:101:303:307:elfedit.c
FLAG:102:300:307:elfedit.c
FLAG:103:297:307:elfedit.c
FLAG:104:865:866:elfedit.c
FLAG:105:865:867:elfedit.c
FLAG:106:867:868:elfedit.c
FLAG:107:867:869:elfedit.c
FLAG:108:869:870:elfedit.c
FLAG:109:869:871:elfedit.c
FLAG:110:871:872:elfedit.c
FLAG:111:871:874:elfedit.c
FLAG:112:876:877:elfedit.c
FLAG:113:872:877:elfedit.c
FLAG:114:870:877:elfedit.c
FLAG:115:868:877:elfedit.c
FLAG:116:866:877:elfedit.c
FLAG:117:826:826:elfedit.c
FLAG:118:826:826:elfedit.c
FLAG:119:826:827:elfedit.c
FLAG:120:827:828:elfedit.c
FLAG:121:827:827:elfedit.c
FLAG:122:827:826:elfedit.c
FLAG:123:826:830:elfedit.c
FLAG:124:832:833:elfedit.c
FLAG:125:828:833:elfedit.c
FLAG:126:259:260:elfedit.c
FLAG:127:259:261:elfedit.c
FLAG:128:261:262:elfedit.c
FLAG:129:261:263:elfedit.c
FLAG:130:263:264:elfedit.c
FLAG:131:263:265:elfedit.c
FLAG:132:265:266:elfedit.c
FLAG:133:265:269:elfedit.c
FLAG:134:266:0:
FLAG:135:0:0:
FLAG:136:264:0:
FLAG:137:0:0:
FLAG:138:262:0:
FLAG:139:0:273:elfedit.c
FLAG:140:260:273:elfedit.c
FLAG:141:273:275:elfedit.c
FLAG:142:273:280:elfedit.c
FLAG:143:281:284:elfedit.c
FLAG:144:277:284:elfedit.c
FLAG:145:284:285:elfedit.c
FLAG:146:270:285:elfedit.c
FLAG:147:918:918:elfedit.c
FLAG:148:918:918:elfedit.c
FLAG:149:918:919:elfedit.c
FLAG:150:919:918:elfedit.c
FLAG:151:918:921:elfedit.c
FLAG:152:951:952:elfedit.c
FLAG:153:952:953:elfedit.c
FLAG:154:951:953:elfedit.c
FLAG:155:754:755:elfedit.c
FLAG:156:754:757:elfedit.c
FLAG:157:758:760:elfedit.c
FLAG:158:758:764:elfedit.c
FLAG:159:764:766:elfedit.c
FLAG:160:764:772:elfedit.c
FLAG:161:772:773:elfedit.c
FLAG:162:772:774:elfedit.c
FLAG:163:774:775:elfedit.c
FLAG:164:774:778:elfedit.c
FLAG:165:783:783:elfedit.c
FLAG:166:784:784:elfedit.c
FLAG:167:784:785:elfedit.c
FLAG:168:784:785:elfedit.c
FLAG:169:785:0:
FLAG:170:784:0:
FLAG:171:783:0:
FLAG:172:0:0:
FLAG:173:775:0:
FLAG:174:0:789:elfedit.c
FLAG:175:773:789:elfedit.c
FLAG:176:791:792:elfedit.c
FLAG:177:769:792:elfedit.c
FLAG:178:761:792:elfedit.c
FLAG:179:755:792:elfedit.c
FLAG:180:711:712:elfedit.c
FLAG:181:712:714:elfedit.c
FLAG:182:711:714:elfedit.c
FLAG:183:714:716:elfedit.c
FLAG:184:716:717:elfedit.c
FLAG:185:716:719:elfedit.c
FLAG:186:720:721:elfedit.c
FLAG:187:717:721:elfedit.c
FLAG:188:714:738:elfedit.c
FLAG:189:738:740:elfedit.c
FLAG:190:738:744:elfedit.c
FLAG:191:744:745:elfedit.c
FLAG:192:741:745:elfedit.c
FLAG:193:721:745:elfedit.c
FLAG:194:568:568:elfedit.c
FLAG:195:569:571:elfedit.c
FLAG:196:568:571:elfedit.c
FLAG:197:569:575:elfedit.c
FLAG:198:577:579:elfedit.c
FLAG:199:694:579:elfedit.c
FLAG:200:584:586:elfedit.c
FLAG:201:584:590:elfedit.c
FLAG:202:591:593:elfedit.c
FLAG:203:593:594:elfedit.c
FLAG:204:593:595:elfedit.c
FLAG:205:591:600:elfedit.c
FLAG:206:600:602:elfedit.c
FLAG:207:600:608:elfedit.c
FLAG:208:611:612:elfedit.c
FLAG:209:612:614:elfedit.c
FLAG:210:611:614:elfedit.c
FLAG:211:615:617:elfedit.c
FLAG:212:615:621:elfedit.c
FLAG:213:624:626:elfedit.c
FLAG:214:624:632:elfedit.c
FLAG:215:632:632:elfedit.c
FLAG:216:632:635:elfedit.c
FLAG:217:639:641:elfedit.c
FLAG:218:639:646:elfedit.c
FLAG:219:647:649:elfedit.c
FLAG:220:647:657:elfedit.c
FLAG:221:632:664:elfedit.c
FLAG:222:632:664:elfedit.c
FLAG:223:664:666:elfedit.c
FLAG:224:674:676:elfedit.c
FLAG:225:674:683:elfedit.c
FLAG:226:664:687:elfedit.c
FLAG:227:691:0:
FLAG:228:684:0:
FLAG:229:0:694:elfedit.c
FLAG:230:663:694:elfedit.c
FLAG:231:680:577:elfedit.c
FLAG:232:654:577:elfedit.c
FLAG:233:643:577:elfedit.c
FLAG:234:629:577:elfedit.c
FLAG:235:619:577:elfedit.c
FLAG:236:605:577:elfedit.c
FLAG:237:598:577:elfedit.c
FLAG:238:594:577:elfedit.c
FLAG:239:577:697:elfedit.c
FLAG:240:572:697:elfedit.c
FLAG:241:698:699:elfedit.c
FLAG:242:699:700:elfedit.c
FLAG:243:698:700:elfedit.c
FLAG:244:703:704:elfedit.c
FLAG:245:588:704:elfedit.c
FLAG:246:520:522:elfedit.c
FLAG:247:520:527:elfedit.c
FLAG:248:527:529:elfedit.c
FLAG:249:530:532:elfedit.c
FLAG:250:527:532:elfedit.c
FLAG:251:532:533:elfedit.c
FLAG:252:532:535:elfedit.c
FLAG:253:535:536:elfedit.c
FLAG:254:533:536:elfedit.c
FLAG:255:523:536:elfedit.c
FLAG:256:85:85:elfedit.c
FLAG:257:85:86:elfedit.c
FLAG:258:85:88:elfedit.c
FLAG:259:85:88:elfedit.c
FLAG:260:89:89:elfedit.c
FLAG:261:89:91:elfedit.c
FLAG:262:89:95:elfedit.c
FLAG:263:89:95:elfedit.c
FLAG:264:95:97:elfedit.c
FLAG:265:95:101:elfedit.c
FLAG:266:103:105:elfedit.c
FLAG:267:103:109:elfedit.c
FLAG:268:111:113:elfedit.c
FLAG:269:115:115:elfedit.c
FLAG:270:115:115:elfedit.c
FLAG:271:115:117:elfedit.c
FLAG:272:125:115:elfedit.c
FLAG:273:115:126:elfedit.c
FLAG:274:111:129:elfedit.c
FLAG:275:131:131:elfedit.c
FLAG:276:131:131:elfedit.c
FLAG:277:131:133:elfedit.c
FLAG:278:141:131:elfedit.c
FLAG:279:131:0:
FLAG:280:0:144:elfedit.c
FLAG:281:126:144:elfedit.c
FLAG:282:145:145:elfedit.c
FLAG:283:145:145:elfedit.c
FLAG:284:145:146:elfedit.c
FLAG:285:146:148:elfedit.c
FLAG:286:238:154:elfedit.c
FLAG:287:154:154:elfedit.c
FLAG:288:154:156:elfedit.c
FLAG:289:159:161:elfedit.c
FLAG:290:159:165:elfedit.c
FLAG:291:168:170:elfedit.c
FLAG:292:168:174:elfedit.c
FLAG:293:178:178:elfedit.c
FLAG:294:179:179:elfedit.c
FLAG:295:179:181:elfedit.c
FLAG:296:179:181:elfedit.c
FLAG:297:179:185:elfedit.c
FLAG:298:178:185:elfedit.c
FLAG:299:186:186:elfedit.c
FLAG:300:187:187:elfedit.c
FLAG:301:187:189:elfedit.c
FLAG:302:192:192:elfedit.c
FLAG:303:192:194:elfedit.c
FLAG:304:192:194:elfedit.c
FLAG:305:192:198:elfedit.c
FLAG:306:235:203:elfedit.c
FLAG:307:201:203:elfedit.c
FLAG:308:208:210:elfedit.c
FLAG:309:208:214:elfedit.c
FLAG:310:214:216:elfedit.c
FLAG:311:216:218:elfedit.c
FLAG:312:216:222:elfedit.c
FLAG:313:224:225:elfedit.c
FLAG:314:225:226:elfedit.c
FLAG:315:224:226:elfedit.c
FLAG:316:226:227:elfedit.c
FLAG:317:227:228:elfedit.c
FLAG:318:226:228:elfedit.c
FLAG:319:228:229:elfedit.c
FLAG:320:229:230:elfedit.c
FLAG:321:228:230:elfedit.c
FLAG:322:214:233:elfedit.c
FLAG:323:234:235:elfedit.c
FLAG:324:235:236:elfedit.c
FLAG:325:236:238:elfedit.c
FLAG:326:187:238:elfedit.c
FLAG:327:187:238:elfedit.c
FLAG:328:186:238:elfedit.c
FLAG:329:154:240:elfedit.c
FLAG:330:240:146:elfedit.c
FLAG:331:146:146:elfedit.c
FLAG:332:146:145:elfedit.c
FLAG:333:145:240:elfedit.c
FLAG:334:240:242:elfedit.c
FLAG:335:230:242:elfedit.c
FLAG:336:219:242:elfedit.c
FLAG:337:211:242:elfedit.c
FLAG:338:195:242:elfedit.c
FLAG:339:182:242:elfedit.c
FLAG:340:171:242:elfedit.c
FLAG:341:162:242:elfedit.c
FLAG:342:243:244:elfedit.c
FLAG:343:244:246:elfedit.c
FLAG:344:243:246:elfedit.c
FLAG:345:249:250:elfedit.c
FLAG:346:106:250:elfedit.c
FLAG:347:98:250:elfedit.c
FLAG:348:92:250:elfedit.c
FLAG:349:86:250:elfedit.c
FLAG:350:421:422:elfedit.c
FLAG:351:421:424:elfedit.c
FLAG:352:425:425:elfedit.c
FLAG:353:426:426:elfedit.c
FLAG:354:427:427:elfedit.c
FLAG:355:427:428:elfedit.c
FLAG:356:427:428:elfedit.c
FLAG:357:426:428:elfedit.c
FLAG:358:425:428:elfedit.c
FLAG:359:427:431:elfedit.c
FLAG:360:431:432:elfedit.c
FLAG:361:431:436:elfedit.c
FLAG:362:431:436:elfedit.c
FLAG:363:432:436:elfedit.c
FLAG:364:431:440:elfedit.c
FLAG:365:442:447:elfedit.c
FLAG:366:438:447:elfedit.c
FLAG:367:447:450:elfedit.c
FLAG:368:447:454:elfedit.c
FLAG:369:454:455:elfedit.c
FLAG:370:454:457:elfedit.c
FLAG:371:447:487:elfedit.c
FLAG:372:487:488:elfedit.c
FLAG:373:487:490:elfedit.c
FLAG:374:505:507:elfedit.c
FLAG:375:472:507:elfedit.c
FLAG:376:507:508:elfedit.c
FLAG:377:488:508:elfedit.c
FLAG:378:455:508:elfedit.c
FLAG:379:450:508:elfedit.c
FLAG:380:428:508:elfedit.c
FLAG:381:422:508:elfedit.c
FLAG:382:314:317:elfedit.c
FLAG:383:314:324:elfedit.c
FLAG:384:324:325:elfedit.c
FLAG:385:324:327:elfedit.c
FLAG:386:331:332:elfedit.c
FLAG:387:332:334:elfedit.c
FLAG:388:331:334:elfedit.c
FLAG:389:335:335:elfedit.c
FLAG:390:335:338:elfedit.c
FLAG:391:335:343:elfedit.c
FLAG:392:335:343:elfedit.c
FLAG:393:344:344:elfedit.c
FLAG:394:344:347:elfedit.c
FLAG:395:344:353:elfedit.c
FLAG:396:344:353:elfedit.c
FLAG:397:353:353:elfedit.c
FLAG:398:353:356:elfedit.c
FLAG:399:353:361:elfedit.c
FLAG:400:353:361:elfedit.c
FLAG:401:364:364:elfedit.c
FLAG:402:364:367:elfedit.c
FLAG:403:364:372:elfedit.c
FLAG:404:364:372:elfedit.c
FLAG:405:375:375:elfedit.c
FLAG:406:375:378:elfedit.c
FLAG:407:375:384:elfedit.c
FLAG:408:375:384:elfedit.c
FLAG:409:384:388:elfedit.c
FLAG:410:384:391:elfedit.c
FLAG:411:391:392:elfedit.c
FLAG:412:392:393:elfedit.c
FLAG:413:391:393:elfedit.c
FLAG:414:393:394:elfedit.c
FLAG:415:394:395:elfedit.c
FLAG:416:393:395:elfedit.c
FLAG:417:395:396:elfedit.c
FLAG:418:396:397:elfedit.c
FLAG:419:395:397:elfedit.c
FLAG:420:384:400:elfedit.c
FLAG:421:400:401:elfedit.c
FLAG:422:401:402:elfedit.c
FLAG:423:400:402:elfedit.c
FLAG:424:402:403:elfedit.c
FLAG:425:403:404:elfedit.c
FLAG:426:402:404:elfedit.c
FLAG:427:404:405:elfedit.c
FLAG:428:405:406:elfedit.c
FLAG:429:404:406:elfedit.c
FLAG:430:407:410:elfedit.c
FLAG:431:398:410:elfedit.c
FLAG:432:410:411:elfedit.c
FLAG:433:412:414:elfedit.c
FLAG:434:410:414:elfedit.c
FLAG:435:414:415:elfedit.c
FLAG:436:380:415:elfedit.c
FLAG:437:369:415:elfedit.c
FLAG:438:358:415:elfedit.c
FLAG:439:349:415:elfedit.c
FLAG:440:340:415:elfedit.c
FLAG:441:325:415:elfedit.c
FLAG:442:320:415:elfedit.c
FLAG:443:71:73:elfcomm.c
FLAG:444:71:76:elfcomm.c
FLAG:445:79:76:elfcomm.c
FLAG:446:76:76:elfcomm.c
FLAG:447:76:78:elfcomm.c
FLAG:448:76:81:elfcomm.c
FLAG:449:86:88:elfcomm.c
FLAG:450:86:91:elfcomm.c
FLAG:451:94:91:elfcomm.c
FLAG:452:91:91:elfcomm.c
FLAG:453:91:93:elfcomm.c
FLAG:454:91:96:elfcomm.c
FLAG:455:103:106:elfcomm.c
FLAG:456:103:109:elfcomm.c
FLAG:457:103:113:elfcomm.c
FLAG:458:103:118:elfcomm.c
FLAG:459:103:125:elfcomm.c
FLAG:460:103:134:elfcomm.c
FLAG:461:103:144:elfcomm.c
FLAG:462:103:155:elfcomm.c
FLAG:463:103:166:elfcomm.c
FLAG:464:162:169:elfcomm.c
FLAG:465:150:169:elfcomm.c
FLAG:466:139:169:elfcomm.c
FLAG:467:129:169:elfcomm.c
FLAG:468:121:169:elfcomm.c
FLAG:469:115:169:elfcomm.c
FLAG:470:110:169:elfcomm.c
FLAG:471:106:169:elfcomm.c
FLAG:472:174:177:elfcomm.c
FLAG:473:174:180:elfcomm.c
FLAG:474:174:183:elfcomm.c
FLAG:475:174:188:elfcomm.c
FLAG:476:174:195:elfcomm.c
FLAG:477:174:204:elfcomm.c
FLAG:478:174:214:elfcomm.c
FLAG:479:174:225:elfcomm.c
FLAG:480:174:236:elfcomm.c
FLAG:481:232:239:elfcomm.c
FLAG:482:220:239:elfcomm.c
FLAG:483:209:239:elfcomm.c
FLAG:484:199:239:elfcomm.c
FLAG:485:191:239:elfcomm.c
FLAG:486:185:239:elfcomm.c
FLAG:487:180:239:elfcomm.c
FLAG:488:177:239:elfcomm.c
FLAG:489:246:249:elfcomm.c
FLAG:490:246:251:elfcomm.c
FLAG:491:246:253:elfcomm.c
FLAG:492:246:255:elfcomm.c
FLAG:493:246:264:elfcomm.c
FLAG:494:246:264:elfcomm.c
FLAG:495:246:264:elfcomm.c
FLAG:496:246:264:elfcomm.c
FLAG:497:246:266:elfcomm.c
FLAG:498:264:268:elfcomm.c
FLAG:499:255:268:elfcomm.c
FLAG:500:253:268:elfcomm.c
FLAG:501:251:268:elfcomm.c
FLAG:502:249:268:elfcomm.c
FLAG:503:288:288:elfcomm.c
FLAG:504:288:288:elfcomm.c
FLAG:505:288:288:elfcomm.c
FLAG:506:288:288:elfcomm.c
FLAG:507:288:288:elfcomm.c
FLAG:508:288:288:elfcomm.c
FLAG:509:288:288:elfcomm.c
FLAG:510:288:288:elfcomm.c
FLAG:511:288:288:elfcomm.c
FLAG:512:288:290:elfcomm.c
FLAG:513:288:290:elfcomm.c
FLAG:514:288:290:elfcomm.c
FLAG:515:288:290:elfcomm.c
FLAG:516:291:292:elfcomm.c
FLAG:517:291:293:elfcomm.c
FLAG:518:294:296:elfcomm.c
FLAG:519:294:299:elfcomm.c
FLAG:520:288:306:elfcomm.c
FLAG:521:311:311:elfcomm.c
FLAG:522:311:313:elfcomm.c
FLAG:523:311:313:elfcomm.c
FLAG:524:311:318:elfcomm.c
FLAG:525:319:321:elfcomm.c
FLAG:526:319:324:elfcomm.c
FLAG:527:326:328:elfcomm.c
FLAG:528:301:328:elfcomm.c
FLAG:529:328:329:elfcomm.c
FLAG:530:322:329:elfcomm.c
FLAG:531:315:329:elfcomm.c
FLAG:532:297:329:elfcomm.c
FLAG:533:292:329:elfcomm.c
FLAG:534:508:510:elfcomm.c
FLAG:535:508:513:elfcomm.c
FLAG:536:514:516:elfcomm.c
FLAG:537:516:517:elfcomm.c
FLAG:538:516:519:elfcomm.c
FLAG:539:514:524:elfcomm.c
FLAG:540:524:526:elfcomm.c
FLAG:541:526:527:elfcomm.c
FLAG:542:526:528:elfcomm.c
FLAG:543:524:529:elfcomm.c
FLAG:544:529:531:elfcomm.c
FLAG:545:532:533:elfcomm.c
FLAG:546:532:534:elfcomm.c
FLAG:547:529:535:elfcomm.c
FLAG:548:535:536:elfcomm.c
FLAG:549:536:0:
FLAG:550:535:0:
FLAG:551:0:0:
FLAG:552:534:0:
FLAG:553:0:538:elfcomm.c
FLAG:554:528:538:elfcomm.c
FLAG:555:538:541:elfcomm.c
FLAG:556:546:548:elfcomm.c
FLAG:557:546:553:elfcomm.c
FLAG:558:554:554:elfcomm.c
FLAG:559:554:556:elfcomm.c
FLAG:560:554:556:elfcomm.c
FLAG:561:554:561:elfcomm.c
FLAG:562:565:567:elfcomm.c
FLAG:563:565:571:elfcomm.c
FLAG:564:571:573:elfcomm.c
FLAG:565:571:580:elfcomm.c
FLAG:566:580:581:elfcomm.c
FLAG:567:581:583:elfcomm.c
FLAG:568:580:583:elfcomm.c
FLAG:569:584:586:elfcomm.c
FLAG:570:538:586:elfcomm.c
FLAG:571:586:587:elfcomm.c
FLAG:572:577:587:elfcomm.c
FLAG:573:568:587:elfcomm.c
FLAG:574:558:587:elfcomm.c
FLAG:575:550:587:elfcomm.c
FLAG:576:533:587:elfcomm.c
FLAG:577:527:587:elfcomm.c
FLAG:578:520:587:elfcomm.c
FLAG:579:517:587:elfcomm.c
FLAG:580:511:587:elfcomm.c
FLAG:581:355:357:elfcomm.c
FLAG:582:355:362:elfcomm.c
FLAG:583:366:368:elfcomm.c
FLAG:584:368:370:elfcomm.c
FLAG:585:368:374:elfcomm.c
FLAG:586:366:377:elfcomm.c
FLAG:587:384:384:elfcomm.c
FLAG:588:384:384:elfcomm.c
FLAG:589:384:387:elfcomm.c
FLAG:590:387:389:elfcomm.c
FLAG:591:387:394:elfcomm.c
FLAG:592:395:397:elfcomm.c
FLAG:593:395:401:elfcomm.c
FLAG:594:406:406:elfcomm.c
FLAG:595:406:408:elfcomm.c
FLAG:596:406:408:elfcomm.c
FLAG:597:406:415:elfcomm.c
FLAG:598:416:418:elfcomm.c
FLAG:599:416:422:elfcomm.c
FLAG:600:423:425:elfcomm.c
FLAG:601:423:430:elfcomm.c
FLAG:602:435:437:elfcomm.c
FLAG:603:435:442:elfcomm.c
FLAG:604:442:442:elfcomm.c
FLAG:605:442:442:elfcomm.c
FLAG:606:442:444:elfcomm.c
FLAG:607:445:442:elfcomm.c
FLAG:608:442:446:elfcomm.c
FLAG:609:449:451:elfcomm.c
FLAG:610:449:456:elfcomm.c
FLAG:611:457:459:elfcomm.c
FLAG:612:457:463:elfcomm.c
FLAG:613:465:467:elfcomm.c
FLAG:614:465:0:
FLAG:615:0:474:elfcomm.c
FLAG:616:374:474:elfcomm.c
FLAG:617:475:475:elfcomm.c
FLAG:618:475:477:elfcomm.c
FLAG:619:475:482:elfcomm.c
FLAG:620:475:482:elfcomm.c
FLAG:621:482:483:elfcomm.c
FLAG:622:479:483:elfcomm.c
FLAG:623:469:483:elfcomm.c
FLAG:624:460:483:elfcomm.c
FLAG:625:453:483:elfcomm.c
FLAG:626:439:483:elfcomm.c
FLAG:627:427:483:elfcomm.c
FLAG:628:419:483:elfcomm.c
FLAG:629:410:483:elfcomm.c
FLAG:630:398:483:elfcomm.c
FLAG:631:390:483:elfcomm.c
FLAG:632:372:483:elfcomm.c
FLAG:633:359:483:elfcomm.c
FLAG:634:600:600:elfcomm.c
FLAG:635:600:601:elfcomm.c
FLAG:636:600:604:elfcomm.c
FLAG:637:600:604:elfcomm.c
FLAG:638:604:606:elfcomm.c
FLAG:639:608:609:elfcomm.c
FLAG:640:604:609:elfcomm.c
FLAG:641:612:613:elfcomm.c
FLAG:642:612:614:elfcomm.c
FLAG:643:614:615:elfcomm.c
FLAG:644:614:616:elfcomm.c
FLAG:645:617:618:elfcomm.c
FLAG:646:615:618:elfcomm.c
FLAG:647:613:618:elfcomm.c
FLAG:648:601:618:elfcomm.c
FLAG:649:648:651:elfcomm.c
FLAG:650:656:656:elfcomm.c
FLAG:651:656:658:elfcomm.c
FLAG:652:656:658:elfcomm.c
FLAG:653:656:662:elfcomm.c
FLAG:654:666:666:elfcomm.c
FLAG:655:666:666:elfcomm.c
FLAG:656:666:667:elfcomm.c
FLAG:657:667:668:elfcomm.c
FLAG:658:666:668:elfcomm.c
FLAG:659:666:668:elfcomm.c
FLAG:660:666:668:elfcomm.c
FLAG:661:670:672:elfcomm.c
FLAG:662:670:675:elfcomm.c
FLAG:663:678:675:elfcomm.c
FLAG:664:675:675:elfcomm.c
FLAG:665:676:676:elfcomm.c
FLAG:666:677:677:elfcomm.c
FLAG:667:677:675:elfcomm.c
FLAG:668:677:675:elfcomm.c
FLAG:669:676:675:elfcomm.c
FLAG:670:675:678:elfcomm.c
FLAG:671:675:679:elfcomm.c
FLAG:672:679:679:elfcomm.c
FLAG:673:679:680:elfcomm.c
FLAG:674:680:681:elfcomm.c
FLAG:675:679:681:elfcomm.c
FLAG:676:679:681:elfcomm.c
FLAG:677:681:682:elfcomm.c
FLAG:678:682:683:elfcomm.c
FLAG:679:681:683:elfcomm.c
FLAG:680:685:685:elfcomm.c
FLAG:681:685:686:elfcomm.c
FLAG:682:685:686:elfcomm.c
FLAG:683:685:689:elfcomm.c
FLAG:684:689:691:elfcomm.c
FLAG:685:689:697:elfcomm.c
FLAG:686:700:700:elfcomm.c
FLAG:687:700:702:elfcomm.c
FLAG:688:705:707:elfcomm.c
FLAG:689:705:710:elfcomm.c
FLAG:690:710:711:elfcomm.c
FLAG:691:700:711:elfcomm.c
FLAG:692:700:711:elfcomm.c
FLAG:693:648:718:elfcomm.c
FLAG:694:718:718:elfcomm.c
FLAG:695:718:718:elfcomm.c
FLAG:696:718:719:elfcomm.c
FLAG:697:719:721:elfcomm.c
FLAG:698:719:719:elfcomm.c
FLAG:699:719:718:elfcomm.c
FLAG:700:718:728:elfcomm.c
FLAG:701:731:733:elfcomm.c
FLAG:702:722:733:elfcomm.c
FLAG:703:714:733:elfcomm.c
FLAG:704:708:733:elfcomm.c
FLAG:705:692:733:elfcomm.c
FLAG:706:686:733:elfcomm.c
FLAG:707:673:733:elfcomm.c
FLAG:708:659:733:elfcomm.c
FLAG:709:745:747:elfcomm.c
FLAG:710:745:750:elfcomm.c
FLAG:711:751:753:elfcomm.c
FLAG:712:751:756:elfcomm.c
FLAG:713:756:758:elfcomm.c
FLAG:714:756:763:elfcomm.c
FLAG:715:763:764:elfcomm.c
FLAG:716:760:764:elfcomm.c
FLAG:717:754:764:elfcomm.c
FLAG:718:748:764:elfcomm.c
FLAG:719:783:783:elfcomm.c
FLAG:720:783:786:elfcomm.c
FLAG:721:786:787:elfcomm.c
FLAG:722:786:789:elfcomm.c
FLAG:723:789:790:elfcomm.c
FLAG:724:787:790:elfcomm.c
FLAG:725:790:792:elfcomm.c
FLAG:726:783:792:elfcomm.c
FLAG:727:783:792:elfcomm.c
FLAG:728:793:795:elfcomm.c
FLAG:729:793:799:elfcomm.c
FLAG:730:800:800:elfcomm.c
FLAG:731:800:802:elfcomm.c
FLAG:732:802:803:elfcomm.c
FLAG:733:802:806:elfcomm.c
FLAG:734:807:808:elfcomm.c
FLAG:735:804:808:elfcomm.c
FLAG:736:800:809:elfcomm.c
FLAG:737:800:809:elfcomm.c
FLAG:738:809:810:elfcomm.c
FLAG:739:809:812:elfcomm.c
FLAG:740:812:0:
FLAG:741:810:0:
FLAG:742:0:814:elfcomm.c
FLAG:743:808:814:elfcomm.c
FLAG:744:814:815:elfcomm.c
FLAG:745:796:815:elfcomm.c
FLAG:746:77:78:./argv.c
FLAG:747:77:81:./argv.c
FLAG:748:81:81:./argv.c
FLAG:749:81:81:./argv.c
FLAG:750:81:81:./argv.c
FLAG:751:81:81:./argv.c
FLAG:752:81:82:./argv.c
FLAG:753:85:85:./argv.c
FLAG:754:85:85:./argv.c
FLAG:755:85:86:./argv.c
FLAG:756:86:85:./argv.c
FLAG:757:85:87:./argv.c
FLAG:758:88:89:./argv.c
FLAG:759:78:89:./argv.c
FLAG:760:108:110:./argv.c
FLAG:761:110:110:./argv.c
FLAG:762:110:110:./argv.c
FLAG:763:110:112:./argv.c
FLAG:764:113:110:./argv.c
FLAG:765:110:114:./argv.c
FLAG:766:115:116:./argv.c
FLAG:767:108:116:./argv.c
FLAG:768:188:190:./argv.c
FLAG:769:280:196:./argv.c
FLAG:770:193:196:./argv.c
FLAG:771:198:198:./argv.c
FLAG:772:198:201:./argv.c
FLAG:773:198:201:./argv.c
FLAG:774:201:203:./argv.c
FLAG:775:201:208:./argv.c
FLAG:776:209:211:./argv.c
FLAG:777:205:211:./argv.c
FLAG:778:213:215:./argv.c
FLAG:779:198:215:./argv.c
FLAG:780:216:216:./argv.c
FLAG:781:216:216:./argv.c
FLAG:782:216:218:./argv.c
FLAG:783:218:218:./argv.c
FLAG:784:218:218:./argv.c
FLAG:785:218:218:./argv.c
FLAG:786:218:220:./argv.c
FLAG:787:218:224:./argv.c
FLAG:788:218:224:./argv.c
FLAG:789:218:224:./argv.c
FLAG:790:218:224:./argv.c
FLAG:791:224:226:./argv.c
FLAG:792:224:229:./argv.c
FLAG:793:229:231:./argv.c
FLAG:794:229:233:./argv.c
FLAG:795:233:235:./argv.c
FLAG:796:235:237:./argv.c
FLAG:797:235:241:./argv.c
FLAG:798:241:243:./argv.c
FLAG:799:238:243:./argv.c
FLAG:800:233:244:./argv.c
FLAG:801:244:246:./argv.c
FLAG:802:246:248:./argv.c
FLAG:803:246:252:./argv.c
FLAG:804:252:254:./argv.c
FLAG:805:249:254:./argv.c
FLAG:806:244:257:./argv.c
FLAG:807:257:259:./argv.c
FLAG:808:257:261:./argv.c
FLAG:809:261:263:./argv.c
FLAG:810:261:267:./argv.c
FLAG:811:267:0:
FLAG:812:264:0:
FLAG:813:0:0:
FLAG:814:260:0:
FLAG:815:0:0:
FLAG:816:254:0:
FLAG:817:0:0:
FLAG:818:243:0:
FLAG:819:0:0:
FLAG:820:232:0:
FLAG:821:0:270:./argv.c
FLAG:822:228:270:./argv.c
FLAG:823:270:216:./argv.c
FLAG:824:220:273:./argv.c
FLAG:825:216:273:./argv.c
FLAG:826:279:280:./argv.c
FLAG:827:280:282:./argv.c
FLAG:828:283:284:./argv.c
FLAG:829:188:284:./argv.c
FLAG:830:123:121:./argv.c
FLAG:831:121:121:./argv.c
FLAG:832:121:123:./argv.c
FLAG:833:121:125:./argv.c
FLAG:834:304:305:./argv.c
FLAG:835:304:307:./argv.c
FLAG:836:343:307:./argv.c
FLAG:837:307:307:./argv.c
FLAG:838:307:309:./argv.c
FLAG:839:327:311:./argv.c
FLAG:840:311:311:./argv.c
FLAG:841:311:313:./argv.c
FLAG:842:315:315:./argv.c
FLAG:843:315:315:./argv.c
FLAG:844:315:315:./argv.c
FLAG:845:315:316:./argv.c
FLAG:846:315:316:./argv.c
FLAG:847:315:316:./argv.c
FLAG:848:315:316:./argv.c
FLAG:849:316:318:./argv.c
FLAG:850:316:316:./argv.c
FLAG:851:316:322:./argv.c
FLAG:852:315:322:./argv.c
FLAG:853:322:324:./argv.c
FLAG:854:322:327:./argv.c
FLAG:855:311:331:./argv.c
FLAG:856:331:332:./argv.c
FLAG:857:332:334:./argv.c
FLAG:858:332:332:./argv.c
FLAG:859:332:338:./argv.c
FLAG:860:331:338:./argv.c
FLAG:861:338:340:./argv.c
FLAG:862:338:343:./argv.c
FLAG:863:307:307:./argv.c
FLAG:864:307:346:./argv.c
FLAG:865:341:346:./argv.c
FLAG:866:335:346:./argv.c
FLAG:867:325:346:./argv.c
FLAG:868:319:346:./argv.c
FLAG:869:347:348:./argv.c
FLAG:870:305:348:./argv.c
FLAG:871:492:385:./argv.c
FLAG:872:430:385:./argv.c
FLAG:873:420:385:./argv.c
FLAG:874:411:385:./argv.c
FLAG:875:385:385:./argv.c
FLAG:876:385:388:./argv.c
FLAG:877:410:411:./argv.c
FLAG:878:410:413:./argv.c
FLAG:879:413:415:./argv.c
FLAG:880:413:419:./argv.c
FLAG:881:419:420:./argv.c
FLAG:882:419:421:./argv.c
FLAG:883:421:423:./argv.c
FLAG:884:421:428:./argv.c
FLAG:885:429:430:./argv.c
FLAG:886:429:431:./argv.c
FLAG:887:431:432:./argv.c
FLAG:888:431:433:./argv.c
FLAG:889:434:435:./argv.c
FLAG:890:434:436:./argv.c
FLAG:891:436:437:./argv.c
FLAG:892:436:438:./argv.c
FLAG:893:444:444:./argv.c
FLAG:894:444:446:./argv.c
FLAG:895:444:450:./argv.c
FLAG:896:444:450:./argv.c
FLAG:897:454:456:./argv.c
FLAG:898:454:461:./argv.c
FLAG:899:461:463:./argv.c
FLAG:900:458:463:./argv.c
FLAG:901:463:464:./argv.c
FLAG:902:464:466:./argv.c
FLAG:903:463:466:./argv.c
FLAG:904:468:467:./argv.c
FLAG:905:467:467:./argv.c
FLAG:906:467:468:./argv.c
FLAG:907:467:470:./argv.c
FLAG:908:489:490:./argv.c
FLAG:909:447:490:./argv.c
FLAG:910:437:490:./argv.c
FLAG:911:435:490:./argv.c
FLAG:912:432:490:./argv.c
FLAG:913:385:494:./argv.c
FLAG:914:131:130:./argv.c
FLAG:915:130:130:./argv.c
FLAG:916:130:130:./argv.c
FLAG:917:130:130:./argv.c
FLAG:918:130:130:./argv.c
FLAG:919:130:131:./argv.c
FLAG:920:130:133:./argv.c
FLAG:921:512:513:./argv.c
FLAG:922:512:514:./argv.c
FLAG:923:514:514:./argv.c
FLAG:924:514:514:./argv.c
FLAG:925:514:515:./argv.c
FLAG:926:515:514:./argv.c
FLAG:927:514:516:./argv.c
FLAG:928:516:517:./argv.c
FLAG:929:513:517:./argv.c
FLAG:930:64:64:./concat.c
FLAG:931:64:64:./concat.c
FLAG:932:64:65:./concat.c
FLAG:933:65:64:./concat.c
FLAG:934:64:64:./concat.c
FLAG:935:64:64:./concat.c
FLAG:936:64:64:./concat.c
FLAG:937:64:64:./concat.c
FLAG:938:64:67:./concat.c
FLAG:939:76:76:./concat.c
FLAG:940:76:76:./concat.c
FLAG:941:76:78:./concat.c
FLAG:942:81:76:./concat.c
FLAG:943:76:76:./concat.c
FLAG:944:76:76:./concat.c
FLAG:945:76:76:./concat.c
FLAG:946:76:76:./concat.c
FLAG:947:76:82:./concat.c
FLAG:948:190:191:./concat.c
FLAG:949:191:192:./concat.c
FLAG:950:190:192:./concat.c
FLAG:951:53:53:./lbasename.c
FLAG:952:53:53:./lbasename.c
FLAG:953:53:54:./lbasename.c
FLAG:954:54:54:./lbasename.c
FLAG:955:54:54:./lbasename.c
FLAG:956:54:55:./lbasename.c
FLAG:957:54:55:./lbasename.c
FLAG:958:55:54:./lbasename.c
FLAG:959:54:54:./lbasename.c
FLAG:960:54:54:./lbasename.c
FLAG:961:54:53:./lbasename.c
FLAG:962:53:57:./lbasename.c
FLAG:963:66:66:./lbasename.c
FLAG:964:66:67:./lbasename.c
FLAG:965:67:69:./lbasename.c
FLAG:966:66:69:./lbasename.c
FLAG:967:66:69:./lbasename.c
FLAG:968:69:69:./lbasename.c
FLAG:969:69:69:./lbasename.c
FLAG:970:69:70:./lbasename.c
FLAG:971:70:70:./lbasename.c
FLAG:972:70:71:./lbasename.c
FLAG:973:70:71:./lbasename.c
FLAG:974:71:70:./lbasename.c
FLAG:975:70:70:./lbasename.c
FLAG:976:70:69:./lbasename.c
FLAG:977:69:73:./lbasename.c
FLAG:978:49:50:./xexit.c
FLAG:979:50:51:./xexit.c
FLAG:980:49:51:./xexit.c
FLAG:981:112:113:./xmalloc.c
FLAG:982:113:115:./xmalloc.c
FLAG:983:112:115:./xmalloc.c
FLAG:984:123:124:./xmalloc.c
FLAG:985:123:126:./xmalloc.c
FLAG:986:126:127:./xmalloc.c
FLAG:987:124:127:./xmalloc.c
FLAG:988:145:146:./xmalloc.c
FLAG:989:146:147:./xmalloc.c
FLAG:990:145:147:./xmalloc.c
FLAG:991:148:149:./xmalloc.c
FLAG:992:148:151:./xmalloc.c
FLAG:993:159:159:./xmalloc.c
FLAG:994:159:160:./xmalloc.c
FLAG:995:159:160:./xmalloc.c
FLAG:996:160:162:./xmalloc.c
FLAG:997:159:162:./xmalloc.c
FLAG:998:163:164:./xmalloc.c
FLAG:999:163:166:./xmalloc.c
FLAG:1000:174:175:./xmalloc.c
FLAG:1001:175:176:./xmalloc.c
FLAG:1002:174:176:./xmalloc.c
FLAG:1003:176:177:./xmalloc.c
FLAG:1004:176:179:./xmalloc.c
FLAG:1005:179:180:./xmalloc.c
FLAG:1006:177:180:./xmalloc.c
FLAG:1007:180:181:./xmalloc.c
FLAG:1008:180:183:./xmalloc.c
