FLAG:0:636:226:src/md5sum.c
FLAG:1:636:229:src/md5sum.c
FLAG:2:650:649:src/system.h
FLAG:3:649:649:src/system.h
FLAG:4:649:650:src/system.h
FLAG:5:650:652:src/system.h
FLAG:6:649:652:src/system.h
FLAG:7:660:660:src/system.h
FLAG:8:660:666:src/system.h
FLAG:9:660:669:src/system.h
FLAG:10:660:669:src/system.h
FLAG:11:668:669:src/system.h
FLAG:12:673:298:src/md5sum.c
FLAG:13:226:298:src/md5sum.c
FLAG:14:0:868:src/md5sum.c
FLAG:15:891:868:src/md5sum.c
FLAG:16:891:0:src/md5sum.c
FLAG:17:942:0:src/md5sum.c
FLAG:18:939:0:src/md5sum.c
FLAG:19:935:0:src/md5sum.c
FLAG:20:932:0:src/md5sum.c
FLAG:21:927:0:src/md5sum.c
FLAG:22:924:0:src/md5sum.c
FLAG:23:919:0:src/md5sum.c
FLAG:24:916:0:src/md5sum.c
FLAG:25:911:0:src/md5sum.c
FLAG:26:891:911:src/md5sum.c
FLAG:27:891:913:src/md5sum.c
FLAG:28:891:919:src/md5sum.c
FLAG:29:891:921:src/md5sum.c
FLAG:30:891:926:src/md5sum.c
FLAG:31:891:929:src/md5sum.c
FLAG:32:891:934:src/md5sum.c
FLAG:33:891:939:src/md5sum.c
FLAG:34:891:941:src/md5sum.c
FLAG:35:891:943:src/md5sum.c
FLAG:36:891:944:src/md5sum.c
FLAG:37:891:946:src/md5sum.c
FLAG:38:891:949:src/md5sum.c
FLAG:39:966:973:src/md5sum.c
FLAG:40:966:977:src/md5sum.c
FLAG:41:977:979:src/md5sum.c
FLAG:42:977:984:src/md5sum.c
FLAG:43:984:986:src/md5sum.c
FLAG:44:984:991:src/md5sum.c
FLAG:45:991:993:src/md5sum.c
FLAG:46:991:998:src/md5sum.c
FLAG:47:998:1001:src/md5sum.c
FLAG:48:998:1006:src/md5sum.c
FLAG:49:1006:1009:src/md5sum.c
FLAG:50:1006:1013:src/md5sum.c
FLAG:51:1013:1016:src/md5sum.c
FLAG:52:1013:1020:src/md5sum.c
FLAG:53:1020:1023:src/md5sum.c
FLAG:54:1020:1027:src/md5sum.c
FLAG:55:1027:1030:src/md5sum.c
FLAG:56:1027:1034:src/md5sum.c
FLAG:57:1038:1039:src/md5sum.c
FLAG:58:1039:1041:src/md5sum.c
FLAG:59:1038:1041:src/md5sum.c
FLAG:60:1041:1041:src/md5sum.c
FLAG:61:1041:1105:src/md5sum.c
FLAG:62:1041:1105:src/md5sum.c
FLAG:63:1041:1043:src/md5sum.c
FLAG:64:1041:1043:src/md5sum.c
FLAG:65:1045:659:src/md5sum.c
FLAG:66:667:669:src/md5sum.c
FLAG:67:667:675:src/md5sum.c
FLAG:68:676:678:src/md5sum.c
FLAG:69:676:684:src/md5sum.c
FLAG:70:672:684:src/md5sum.c
FLAG:71:795:658:src/md5sum.c
FLAG:72:686:658:src/md5sum.c
FLAG:73:694:695:src/md5sum.c
FLAG:74:694:120:src/md5sum.c
FLAG:75:699:703:src/md5sum.c
FLAG:76:703:707:src/md5sum.c
FLAG:77:707:708:src/md5sum.c
FLAG:78:710:710:src/md5sum.c
FLAG:79:707:710:src/md5sum.c
FLAG:80:427:426:src/md5sum.c
FLAG:81:710:426:src/md5sum.c
FLAG:82:426:427:src/md5sum.c
FLAG:83:426:427:src/md5sum.c
FLAG:84:426:431:src/md5sum.c
FLAG:85:426:438:src/md5sum.c
FLAG:86:433:438:src/md5sum.c
FLAG:87:438:440:src/md5sum.c
FLAG:88:475:477:src/md5sum.c
FLAG:89:479:385:src/md5sum.c
FLAG:90:385:385:src/md5sum.c
FLAG:91:385:385:src/md5sum.c
FLAG:92:385:388:src/md5sum.c
FLAG:93:385:393:src/md5sum.c
FLAG:94:393:393:src/md5sum.c
FLAG:95:388:393:src/md5sum.c
FLAG:96:393:316:src/md5sum.c
FLAG:97:316:316:src/md5sum.c
FLAG:98:316:318:src/md5sum.c
FLAG:99:316:318:src/md5sum.c
FLAG:100:318:321:src/md5sum.c
FLAG:101:321:326:src/md5sum.c
FLAG:102:327:334:src/md5sum.c
FLAG:103:318:316:src/md5sum.c
FLAG:104:327:316:src/md5sum.c
FLAG:105:334:316:src/md5sum.c
FLAG:106:316:350:src/md5sum.c
FLAG:107:316:350:src/md5sum.c
FLAG:108:350:351:src/md5sum.c
FLAG:109:351:396:src/md5sum.c
FLAG:110:350:396:src/md5sum.c
FLAG:111:393:396:src/md5sum.c
FLAG:112:399:398:src/md5sum.c
FLAG:113:398:398:src/md5sum.c
FLAG:114:398:399:src/md5sum.c
FLAG:115:398:399:src/md5sum.c
FLAG:116:398:406:src/md5sum.c
FLAG:117:0:406:src/md5sum.c
FLAG:118:406:0:src/md5sum.c
FLAG:119:406:0:src/md5sum.c
FLAG:120:406:361:src/md5sum.c
FLAG:121:361:361:src/md5sum.c
FLAG:122:363:365:src/md5sum.c
FLAG:123:363:365:src/md5sum.c
FLAG:124:365:363:src/md5sum.c
FLAG:125:438:489:src/md5sum.c
FLAG:126:489:509:src/md5sum.c
FLAG:127:510:513:src/md5sum.c
FLAG:128:510:513:src/md5sum.c
FLAG:129:513:361:src/md5sum.c
FLAG:130:365:363:src/md5sum.c
FLAG:131:361:363:src/md5sum.c
FLAG:132:363:365:src/md5sum.c
FLAG:133:365:367:src/md5sum.c
FLAG:134:513:367:src/md5sum.c
FLAG:135:515:519:src/md5sum.c
FLAG:136:519:519:src/md5sum.c
FLAG:137:519:527:src/md5sum.c
FLAG:138:519:527:src/md5sum.c
FLAG:139:527:529:src/md5sum.c
FLAG:140:519:531:src/md5sum.c
FLAG:141:519:531:src/md5sum.c
FLAG:142:531:533:src/md5sum.c
FLAG:143:535:539:src/md5sum.c
FLAG:144:531:539:src/md5sum.c
FLAG:145:530:539:src/md5sum.c
FLAG:146:541:542:src/md5sum.c
FLAG:147:542:316:src/md5sum.c
FLAG:148:316:318:src/md5sum.c
FLAG:149:316:318:src/md5sum.c
FLAG:150:318:321:src/md5sum.c
FLAG:151:321:326:src/md5sum.c
FLAG:152:327:334:src/md5sum.c
FLAG:153:318:316:src/md5sum.c
FLAG:154:327:316:src/md5sum.c
FLAG:155:334:316:src/md5sum.c
FLAG:156:316:350:src/md5sum.c
FLAG:157:542:350:src/md5sum.c
FLAG:158:350:351:src/md5sum.c
FLAG:159:351:542:src/md5sum.c
FLAG:160:350:542:src/md5sum.c
FLAG:161:365:367:src/md5sum.c
FLAG:162:367:367:src/md5sum.c
FLAG:163:361:367:src/md5sum.c
FLAG:164:711:711:src/md5sum.c
FLAG:165:711:711:src/md5sum.c
FLAG:166:541:711:src/md5sum.c
FLAG:167:711:711:src/md5sum.c
FLAG:168:363:713:src/md5sum.c
FLAG:169:365:713:src/md5sum.c
FLAG:170:365:713:src/md5sum.c
FLAG:171:365:713:src/md5sum.c
FLAG:172:327:713:src/md5sum.c
FLAG:173:321:713:src/md5sum.c
FLAG:174:318:713:src/md5sum.c
FLAG:175:327:713:src/md5sum.c
FLAG:176:321:713:src/md5sum.c
FLAG:177:318:713:src/md5sum.c
FLAG:178:398:713:src/md5sum.c
FLAG:179:363:713:src/md5sum.c
FLAG:180:363:713:src/md5sum.c
FLAG:181:711:713:src/md5sum.c
FLAG:182:711:713:src/md5sum.c
FLAG:183:711:713:src/md5sum.c
FLAG:184:527:713:src/md5sum.c
FLAG:185:515:713:src/md5sum.c
FLAG:186:510:713:src/md5sum.c
FLAG:187:489:713:src/md5sum.c
FLAG:188:388:713:src/md5sum.c
FLAG:189:479:713:src/md5sum.c
FLAG:190:475:713:src/md5sum.c
FLAG:191:715:718:src/md5sum.c
FLAG:192:722:724:src/md5sum.c
FLAG:193:715:724:src/md5sum.c
FLAG:194:711:733:src/md5sum.c
FLAG:195:711:733:src/md5sum.c
FLAG:196:736:736:src/md5sum.c
FLAG:197:736:740:src/md5sum.c
FLAG:198:736:740:src/md5sum.c
FLAG:199:742:744:src/md5sum.c
FLAG:200:745:747:src/md5sum.c
FLAG:201:747:110:/usr/include/x86_64-linux-gnu/bits/stdio.h
FLAG:202:110:110:/usr/include/x86_64-linux-gnu/bits/stdio.h
FLAG:203:110:110:/usr/include/x86_64-linux-gnu/bits/stdio.h
FLAG:204:110:558:src/md5sum.c
FLAG:205:110:558:src/md5sum.c
FLAG:206:747:554:src/md5sum.c
FLAG:207:558:560:src/md5sum.c
FLAG:208:574:560:src/md5sum.c
FLAG:209:560:563:src/md5sum.c
FLAG:210:560:567:src/md5sum.c
FLAG:211:560:110:/usr/include/x86_64-linux-gnu/bits/stdio.h
FLAG:212:110:110:/usr/include/x86_64-linux-gnu/bits/stdio.h
FLAG:213:110:110:/usr/include/x86_64-linux-gnu/bits/stdio.h
FLAG:214:110:574:src/md5sum.c
FLAG:215:110:574:src/md5sum.c
FLAG:216:568:574:src/md5sum.c
FLAG:217:564:574:src/md5sum.c
FLAG:218:574:750:src/md5sum.c
FLAG:219:555:750:src/md5sum.c
FLAG:220:558:750:src/md5sum.c
FLAG:221:742:753:src/md5sum.c
FLAG:222:753:760:src/md5sum.c
FLAG:223:765:765:src/md5sum.c
FLAG:224:765:767:src/md5sum.c
FLAG:225:765:767:src/md5sum.c
FLAG:226:769:769:src/md5sum.c
FLAG:227:770:765:src/md5sum.c
FLAG:228:765:773:src/md5sum.c
FLAG:229:770:773:src/md5sum.c
FLAG:230:769:773:src/md5sum.c
FLAG:231:765:773:src/md5sum.c
FLAG:232:778:780:src/md5sum.c
FLAG:233:780:780:src/md5sum.c
FLAG:234:780:782:src/md5sum.c
FLAG:235:780:782:src/md5sum.c
FLAG:236:782:110:/usr/include/x86_64-linux-gnu/bits/stdio.h
FLAG:237:110:110:/usr/include/x86_64-linux-gnu/bits/stdio.h
FLAG:238:110:110:/usr/include/x86_64-linux-gnu/bits/stdio.h
FLAG:239:110:558:src/md5sum.c
FLAG:240:110:558:src/md5sum.c
FLAG:241:782:554:src/md5sum.c
FLAG:242:558:560:src/md5sum.c
FLAG:243:574:560:src/md5sum.c
FLAG:244:560:563:src/md5sum.c
FLAG:245:560:567:src/md5sum.c
FLAG:246:560:110:/usr/include/x86_64-linux-gnu/bits/stdio.h
FLAG:247:110:110:/usr/include/x86_64-linux-gnu/bits/stdio.h
FLAG:248:110:110:/usr/include/x86_64-linux-gnu/bits/stdio.h
FLAG:249:110:574:src/md5sum.c
FLAG:250:110:574:src/md5sum.c
FLAG:251:568:574:src/md5sum.c
FLAG:252:564:574:src/md5sum.c
FLAG:253:574:787:src/md5sum.c
FLAG:254:555:787:src/md5sum.c
FLAG:255:558:787:src/md5sum.c
FLAG:256:787:788:src/md5sum.c
FLAG:257:787:789:src/md5sum.c
FLAG:258:789:790:src/md5sum.c
FLAG:259:790:658:src/md5sum.c
FLAG:260:789:658:src/md5sum.c
FLAG:261:788:658:src/md5sum.c
FLAG:262:780:658:src/md5sum.c
FLAG:263:778:658:src/md5sum.c
FLAG:264:753:658:src/md5sum.c
FLAG:265:751:658:src/md5sum.c
FLAG:266:745:658:src/md5sum.c
FLAG:267:793:130:/usr/include/x86_64-linux-gnu/bits/stdio.h
FLAG:268:725:130:/usr/include/x86_64-linux-gnu/bits/stdio.h
FLAG:269:703:130:/usr/include/x86_64-linux-gnu/bits/stdio.h
FLAG:270:795:797:src/md5sum.c
FLAG:271:699:797:src/md5sum.c
FLAG:272:800:801:src/md5sum.c
FLAG:273:800:802:src/md5sum.c
FLAG:274:802:803:src/md5sum.c
FLAG:275:803:805:src/md5sum.c
FLAG:276:802:805:src/md5sum.c
FLAG:277:801:805:src/md5sum.c
FLAG:278:805:807:src/md5sum.c
FLAG:279:807:807:src/md5sum.c
FLAG:280:807:807:src/md5sum.c
FLAG:281:807:807:src/md5sum.c
FLAG:282:805:812:src/md5sum.c
FLAG:283:812:820:src/md5sum.c
FLAG:284:820:853:src/md5sum.c
FLAG:285:820:822:src/md5sum.c
FLAG:286:822:824:src/md5sum.c
FLAG:287:824:830:src/md5sum.c
FLAG:288:822:830:src/md5sum.c
FLAG:289:830:832:src/md5sum.c
FLAG:290:832:838:src/md5sum.c
FLAG:291:830:838:src/md5sum.c
FLAG:292:838:840:src/md5sum.c
FLAG:293:840:846:src/md5sum.c
FLAG:294:838:846:src/md5sum.c
FLAG:295:846:847:src/md5sum.c
FLAG:296:812:815:src/md5sum.c
FLAG:297:846:853:src/md5sum.c
FLAG:298:853:853:src/md5sum.c
FLAG:299:854:856:src/md5sum.c
FLAG:300:679:857:src/md5sum.c
FLAG:301:809:857:src/md5sum.c
FLAG:302:854:857:src/md5sum.c
FLAG:303:853:857:src/md5sum.c
FLAG:304:854:857:src/md5sum.c
FLAG:305:856:857:src/md5sum.c
FLAG:306:1045:1050:src/md5sum.c
FLAG:307:1052:1063:src/md5sum.c
FLAG:308:1063:1063:src/md5sum.c
FLAG:309:1064:1064:src/md5sum.c
FLAG:310:1063:1064:src/md5sum.c
FLAG:311:1064:1066:src/md5sum.c
FLAG:312:1064:1066:src/md5sum.c
FLAG:313:1066:1068:src/md5sum.c
FLAG:314:1068:110:/usr/include/x86_64-linux-gnu/bits/stdio.h
FLAG:315:110:110:/usr/include/x86_64-linux-gnu/bits/stdio.h
FLAG:316:110:110:/usr/include/x86_64-linux-gnu/bits/stdio.h
FLAG:317:110:1076:src/md5sum.c
FLAG:318:110:1076:src/md5sum.c
FLAG:319:1068:1076:src/md5sum.c
FLAG:320:1078:560:src/md5sum.c
FLAG:321:574:560:src/md5sum.c
FLAG:322:560:563:src/md5sum.c
FLAG:323:560:567:src/md5sum.c
FLAG:324:560:110:/usr/include/x86_64-linux-gnu/bits/stdio.h
FLAG:325:110:110:/usr/include/x86_64-linux-gnu/bits/stdio.h
FLAG:326:110:110:/usr/include/x86_64-linux-gnu/bits/stdio.h
FLAG:327:110:574:src/md5sum.c
FLAG:328:110:574:src/md5sum.c
FLAG:329:568:574:src/md5sum.c
FLAG:330:564:574:src/md5sum.c
FLAG:331:574:1080:src/md5sum.c
FLAG:332:1078:1080:src/md5sum.c
FLAG:333:1078:1080:src/md5sum.c
FLAG:334:1066:1085:src/md5sum.c
FLAG:335:1085:110:/usr/include/x86_64-linux-gnu/bits/stdio.h
FLAG:336:110:110:/usr/include/x86_64-linux-gnu/bits/stdio.h
FLAG:337:110:110:/usr/include/x86_64-linux-gnu/bits/stdio.h
FLAG:338:110:1088:src/md5sum.c
FLAG:339:110:1088:src/md5sum.c
FLAG:340:1085:1088:src/md5sum.c
FLAG:341:1085:1088:src/md5sum.c
FLAG:342:1089:1091:src/md5sum.c
FLAG:343:1088:1091:src/md5sum.c
FLAG:344:1088:1089:src/md5sum.c
FLAG:345:1089:1089:src/md5sum.c
FLAG:346:1091:110:/usr/include/x86_64-linux-gnu/bits/stdio.h
FLAG:347:110:110:/usr/include/x86_64-linux-gnu/bits/stdio.h
FLAG:348:110:110:/usr/include/x86_64-linux-gnu/bits/stdio.h
FLAG:349:110:110:src/md5sum.c
FLAG:350:110:110:src/md5sum.c
FLAG:351:110:110:/usr/include/x86_64-linux-gnu/bits/stdio.h
FLAG:352:110:110:/usr/include/x86_64-linux-gnu/bits/stdio.h
FLAG:353:110:552:src/md5sum.c
FLAG:354:110:552:src/md5sum.c
FLAG:355:552:558:src/md5sum.c
FLAG:356:552:554:src/md5sum.c
FLAG:357:558:560:src/md5sum.c
FLAG:358:574:560:src/md5sum.c
FLAG:359:560:563:src/md5sum.c
FLAG:360:560:567:src/md5sum.c
FLAG:361:560:110:/usr/include/x86_64-linux-gnu/bits/stdio.h
FLAG:362:110:110:/usr/include/x86_64-linux-gnu/bits/stdio.h
FLAG:363:110:110:/usr/include/x86_64-linux-gnu/bits/stdio.h
FLAG:364:110:574:src/md5sum.c
FLAG:365:110:574:src/md5sum.c
FLAG:366:568:574:src/md5sum.c
FLAG:367:564:574:src/md5sum.c
FLAG:368:574:1100:src/md5sum.c
FLAG:369:555:1100:src/md5sum.c
FLAG:370:558:1100:src/md5sum.c
FLAG:371:1091:1100:src/md5sum.c
FLAG:372:1100:110:/usr/include/x86_64-linux-gnu/bits/stdio.h
FLAG:373:1100:110:/usr/include/x86_64-linux-gnu/bits/stdio.h
FLAG:374:110:1102:src/md5sum.c
FLAG:375:110:1102:src/md5sum.c
FLAG:376:1052:1102:src/md5sum.c
FLAG:377:1102:1041:src/md5sum.c
FLAG:378:1046:1041:src/md5sum.c
FLAG:379:1105:1105:src/md5sum.c
FLAG:380:1105:1106:src/md5sum.c
FLAG:381:1105:1108:src/md5sum.c
FLAG:382:1105:1108:src/md5sum.c
FLAG:383:365:365:src/md5sum.c
FLAG:384:365:365:src/md5sum.c
FLAG:385:365:365:src/md5sum.c
FLAG:386:600:602:src/md5sum.c
FLAG:387:600:614:src/md5sum.c
FLAG:388:615:617:src/md5sum.c
FLAG:389:617:617:src/md5sum.c
FLAG:390:617:619:src/md5sum.c
FLAG:391:617:622:src/md5sum.c
FLAG:392:617:622:src/md5sum.c
FLAG:393:615:627:src/md5sum.c
FLAG:394:611:627:src/md5sum.c
FLAG:395:634:634:src/md5sum.c
FLAG:396:634:634:src/md5sum.c
FLAG:397:634:634:src/md5sum.c
FLAG:398:635:636:src/md5sum.c
FLAG:399:635:637:src/md5sum.c
FLAG:400:637:638:src/md5sum.c
FLAG:401:638:640:src/md5sum.c
FLAG:402:637:640:src/md5sum.c
FLAG:403:636:640:src/md5sum.c
FLAG:404:640:642:src/md5sum.c
FLAG:405:640:647:src/md5sum.c
FLAG:406:643:647:src/md5sum.c
FLAG:407:623:647:src/md5sum.c
FLAG:408:620:647:src/md5sum.c
FLAG:409:120:120:lib/closeout.c
FLAG:410:120:120:lib/closeout.c
FLAG:411:120:122:lib/closeout.c
FLAG:412:120:122:lib/closeout.c
FLAG:413:123:124:lib/closeout.c
FLAG:414:123:127:lib/closeout.c
FLAG:415:127:129:lib/closeout.c
FLAG:416:124:129:lib/closeout.c
FLAG:417:120:134:lib/closeout.c
FLAG:418:120:134:lib/closeout.c
FLAG:419:134:135:lib/closeout.c
FLAG:420:134:136:lib/closeout.c
FLAG:421:140:141:lib/sha512.c
FLAG:422:140:147:lib/sha512.c
FLAG:423:141:147:lib/sha512.c
FLAG:424:480:480:lib/sha512.c
FLAG:425:480:486:lib/sha512.c
FLAG:426:578:486:lib/sha512.c
FLAG:427:578:580:lib/sha512.c
FLAG:428:580:580:lib/sha512.c
FLAG:429:480:580:lib/sha512.c
FLAG:430:196:196:lib/sha512.c
FLAG:431:0:130:lib/sha512.c
FLAG:432:201:130:lib/sha512.c
FLAG:433:217:220:lib/sha512.c
FLAG:434:224:227:lib/sha512.c
FLAG:435:227:0:lib/sha512.c
FLAG:436:244:0:lib/sha512.c
FLAG:437:227:137:/usr/include/x86_64-linux-gnu/bits/stdio.h
FLAG:438:232:234:lib/sha512.c
FLAG:439:224:244:lib/sha512.c
FLAG:440:217:247:lib/sha512.c
FLAG:441:232:247:lib/sha512.c
FLAG:442:250:251:lib/sha512.c
FLAG:443:251:161:lib/sha512.c
FLAG:444:250:161:lib/sha512.c
FLAG:445:256:257:lib/sha512.c
FLAG:446:234:257:lib/sha512.c
FLAG:447:196:262:lib/sha512.c
FLAG:448:257:262:lib/sha512.c
FLAG:449:314:317:lib/sha512.c
FLAG:450:322:324:lib/sha512.c
FLAG:451:332:334:lib/sha512.c
FLAG:452:322:334:lib/sha512.c
FLAG:453:314:339:lib/sha512.c
FLAG:454:336:339:lib/sha512.c
FLAG:455:339:343:lib/sha512.c
FLAG:456:343:344:lib/sha512.c
FLAG:457:344:344:lib/sha512.c
FLAG:458:344:34:lib/sha512.c
FLAG:459:348:34:lib/sha512.c
FLAG:460:343:353:lib/sha512.c
FLAG:461:355:360:lib/sha512.c
FLAG:462:339:360:lib/sha512.c
FLAG:463:348:344:lib/sha512.c
FLAG:464:362:362:lib/sha512.c
FLAG:465:344:362:lib/sha512.c
FLAG:466:360:362:lib/sha512.c
FLAG:467:366:368:lib/sha512.c
FLAG:468:373:374:lib/sha512.c
FLAG:469:366:374:lib/sha512.c
FLAG:470:360:376:lib/sha512.c
FLAG:471:375:376:lib/sha512.c
FLAG:472:196:196:lib/sha512.c
FLAG:473:0:130:lib/sha512.c
FLAG:474:201:130:lib/sha512.c
FLAG:475:217:220:lib/sha512.c
FLAG:476:224:227:lib/sha512.c
FLAG:477:227:0:lib/sha512.c
FLAG:478:244:0:lib/sha512.c
FLAG:479:227:137:/usr/include/x86_64-linux-gnu/bits/stdio.h
FLAG:480:232:234:lib/sha512.c
FLAG:481:224:244:lib/sha512.c
FLAG:482:217:247:lib/sha512.c
FLAG:483:232:247:lib/sha512.c
FLAG:484:250:251:lib/sha512.c
FLAG:485:251:254:lib/sha512.c
FLAG:486:250:254:lib/sha512.c
FLAG:487:256:257:lib/sha512.c
FLAG:488:234:257:lib/sha512.c
FLAG:489:196:269:lib/sha512.c
FLAG:490:257:269:lib/sha512.c
FLAG:491:41:42:lib/fadvise.c
FLAG:492:41:43:lib/fadvise.c
FLAG:493:42:43:lib/fadvise.c
FLAG:494:35:37:lib/fopen-safer.c
FLAG:495:39:41:lib/fopen-safer.c
FLAG:496:43:45:lib/fopen-safer.c
FLAG:497:43:51:lib/fopen-safer.c
FLAG:498:52:52:lib/fopen-safer.c
FLAG:499:52:54:lib/fopen-safer.c
FLAG:500:52:54:lib/fopen-safer.c
FLAG:501:39:63:lib/fopen-safer.c
FLAG:502:52:63:lib/fopen-safer.c
FLAG:503:35:63:lib/fopen-safer.c
FLAG:504:56:63:lib/fopen-safer.c
FLAG:505:47:63:lib/fopen-safer.c
FLAG:506:51:55:lib/progname.c
FLAG:507:51:59:lib/progname.c
FLAG:508:61:61:lib/progname.c
FLAG:509:61:64:lib/progname.c
FLAG:510:64:66:lib/progname.c
FLAG:511:64:84:lib/progname.c
FLAG:512:72:84:lib/progname.c
FLAG:513:61:84:lib/progname.c
FLAG:514:61:84:lib/progname.c
FLAG:515:178:179:lib/quotearg.c
FLAG:516:178:180:lib/quotearg.c
FLAG:517:739:258:lib/quotearg.c
FLAG:518:266:258:lib/quotearg.c
FLAG:519:309:316:lib/quotearg.c
FLAG:520:309:316:lib/quotearg.c
FLAG:521:316:317:lib/quotearg.c
FLAG:522:317:317:lib/quotearg.c
FLAG:523:309:202:lib/quotearg.c
FLAG:524:309:202:lib/quotearg.c
FLAG:525:205:226:lib/quotearg.c
FLAG:526:226:148:./lib/c-strcaseeq.h
FLAG:527:148:134:./lib/c-strcaseeq.h
FLAG:528:134:120:./lib/c-strcaseeq.h
FLAG:529:120:106:./lib/c-strcaseeq.h
FLAG:530:106:92:./lib/c-strcaseeq.h
FLAG:531:226:148:./lib/c-strcaseeq.h
FLAG:532:148:134:./lib/c-strcaseeq.h
FLAG:533:134:120:./lib/c-strcaseeq.h
FLAG:534:120:106:./lib/c-strcaseeq.h
FLAG:535:106:92:./lib/c-strcaseeq.h
FLAG:536:92:78:./lib/c-strcaseeq.h
FLAG:537:78:83:./lib/c-strcaseeq.h
FLAG:538:229:232:lib/quotearg.c
FLAG:539:226:232:lib/quotearg.c
FLAG:540:92:232:lib/quotearg.c
FLAG:541:106:232:lib/quotearg.c
FLAG:542:120:232:lib/quotearg.c
FLAG:543:134:232:lib/quotearg.c
FLAG:544:148:232:lib/quotearg.c
FLAG:545:78:232:lib/quotearg.c
FLAG:546:92:232:lib/quotearg.c
FLAG:547:106:232:lib/quotearg.c
FLAG:548:120:232:lib/quotearg.c
FLAG:549:134:232:lib/quotearg.c
FLAG:550:148:232:lib/quotearg.c
FLAG:551:229:202:lib/quotearg.c
FLAG:552:92:202:lib/quotearg.c
FLAG:553:205:202:lib/quotearg.c
FLAG:554:232:202:lib/quotearg.c
FLAG:555:205:226:lib/quotearg.c
FLAG:556:226:148:./lib/c-strcaseeq.h
FLAG:557:148:134:./lib/c-strcaseeq.h
FLAG:558:134:120:./lib/c-strcaseeq.h
FLAG:559:120:106:./lib/c-strcaseeq.h
FLAG:560:106:92:./lib/c-strcaseeq.h
FLAG:561:226:148:./lib/c-strcaseeq.h
FLAG:562:148:134:./lib/c-strcaseeq.h
FLAG:563:134:120:./lib/c-strcaseeq.h
FLAG:564:120:106:./lib/c-strcaseeq.h
FLAG:565:106:92:./lib/c-strcaseeq.h
FLAG:566:92:78:./lib/c-strcaseeq.h
FLAG:567:78:83:./lib/c-strcaseeq.h
FLAG:568:229:232:lib/quotearg.c
FLAG:569:226:232:lib/quotearg.c
FLAG:570:92:232:lib/quotearg.c
FLAG:571:106:232:lib/quotearg.c
FLAG:572:120:232:lib/quotearg.c
FLAG:573:134:232:lib/quotearg.c
FLAG:574:148:232:lib/quotearg.c
FLAG:575:78:232:lib/quotearg.c
FLAG:576:92:232:lib/quotearg.c
FLAG:577:106:232:lib/quotearg.c
FLAG:578:120:232:lib/quotearg.c
FLAG:579:134:232:lib/quotearg.c
FLAG:580:148:232:lib/quotearg.c
FLAG:581:229:358:lib/quotearg.c
FLAG:582:232:358:lib/quotearg.c
FLAG:583:205:358:lib/quotearg.c
FLAG:584:92:358:lib/quotearg.c
FLAG:585:309:358:lib/quotearg.c
FLAG:586:358:359:lib/quotearg.c
FLAG:587:359:360:lib/quotearg.c
FLAG:588:360:360:lib/quotearg.c
FLAG:589:360:360:lib/quotearg.c
FLAG:590:360:360:lib/quotearg.c
FLAG:591:360:360:lib/quotearg.c
FLAG:592:360:257:lib/quotearg.c
FLAG:593:359:257:lib/quotearg.c
FLAG:594:358:257:lib/quotearg.c
FLAG:595:309:368:lib/quotearg.c
FLAG:596:309:371:lib/quotearg.c
FLAG:597:368:371:lib/quotearg.c
FLAG:598:309:261:lib/quotearg.c
FLAG:599:371:261:lib/quotearg.c
FLAG:600:374:263:lib/quotearg.c
FLAG:601:309:263:lib/quotearg.c
FLAG:602:379:380:lib/quotearg.c
FLAG:603:380:380:lib/quotearg.c
FLAG:604:309:387:lib/quotearg.c
FLAG:605:309:390:lib/quotearg.c
FLAG:606:316:257:lib/quotearg.c
FLAG:607:379:257:lib/quotearg.c
FLAG:608:380:257:lib/quotearg.c
FLAG:609:380:257:lib/quotearg.c
FLAG:610:309:257:lib/quotearg.c
FLAG:611:316:257:lib/quotearg.c
FLAG:612:317:257:lib/quotearg.c
FLAG:613:317:257:lib/quotearg.c
FLAG:614:387:257:lib/quotearg.c
FLAG:615:365:257:lib/quotearg.c
FLAG:616:409:257:lib/quotearg.c
FLAG:617:393:257:lib/quotearg.c
FLAG:618:393:393:lib/quotearg.c
FLAG:619:393:393:lib/quotearg.c
FLAG:620:393:402:lib/quotearg.c
FLAG:621:393:402:lib/quotearg.c
FLAG:622:402:404:lib/quotearg.c
FLAG:623:405:409:lib/quotearg.c
FLAG:624:405:405:lib/quotearg.c
FLAG:625:409:405:lib/quotearg.c
FLAG:626:410:410:lib/quotearg.c
FLAG:627:410:417:lib/quotearg.c
FLAG:628:410:417:lib/quotearg.c
FLAG:629:402:417:lib/quotearg.c
FLAG:630:418:421:lib/quotearg.c
FLAG:631:421:423:lib/quotearg.c
FLAG:632:423:423:lib/quotearg.c
FLAG:633:423:423:lib/quotearg.c
FLAG:634:423:423:lib/quotearg.c
FLAG:635:423:423:lib/quotearg.c
FLAG:636:423:423:lib/quotearg.c
FLAG:637:423:423:lib/quotearg.c
FLAG:638:423:423:lib/quotearg.c
FLAG:639:423:423:lib/quotearg.c
FLAG:640:423:423:lib/quotearg.c
FLAG:641:423:423:lib/quotearg.c
FLAG:642:423:423:lib/quotearg.c
FLAG:643:423:423:lib/quotearg.c
FLAG:644:423:423:lib/quotearg.c
FLAG:645:423:423:lib/quotearg.c
FLAG:646:423:423:lib/quotearg.c
FLAG:647:423:423:lib/quotearg.c
FLAG:648:431:431:lib/quotearg.c
FLAG:649:431:431:lib/quotearg.c
FLAG:650:431:433:lib/quotearg.c
FLAG:651:433:433:lib/quotearg.c
FLAG:652:433:433:lib/quotearg.c
FLAG:653:433:433:lib/quotearg.c
FLAG:654:434:434:lib/quotearg.c
FLAG:655:434:434:lib/quotearg.c
FLAG:656:434:434:lib/quotearg.c
FLAG:657:421:442:lib/quotearg.c
FLAG:658:418:447:lib/quotearg.c
FLAG:659:447:450:lib/quotearg.c
FLAG:660:447:456:lib/quotearg.c
FLAG:661:456:456:lib/quotearg.c
FLAG:662:456:456:lib/quotearg.c
FLAG:663:456:457:lib/quotearg.c
FLAG:664:457:464:lib/quotearg.c
FLAG:665:457:464:lib/quotearg.c
FLAG:666:457:464:lib/quotearg.c
FLAG:667:457:464:lib/quotearg.c
FLAG:668:457:464:lib/quotearg.c
FLAG:669:457:464:lib/quotearg.c
FLAG:670:457:464:lib/quotearg.c
FLAG:671:457:464:lib/quotearg.c
FLAG:672:457:464:lib/quotearg.c
FLAG:673:464:468:lib/quotearg.c
FLAG:674:468:468:lib/quotearg.c
FLAG:675:468:468:lib/quotearg.c
FLAG:676:468:468:lib/quotearg.c
FLAG:677:469:469:lib/quotearg.c
FLAG:678:469:469:lib/quotearg.c
FLAG:679:469:469:lib/quotearg.c
FLAG:680:470:470:lib/quotearg.c
FLAG:681:470:470:lib/quotearg.c
FLAG:682:470:470:lib/quotearg.c
FLAG:683:471:471:lib/quotearg.c
FLAG:684:471:471:lib/quotearg.c
FLAG:685:471:471:lib/quotearg.c
FLAG:686:418:485:lib/quotearg.c
FLAG:687:418:486:lib/quotearg.c
FLAG:688:418:488:lib/quotearg.c
FLAG:689:418:489:lib/quotearg.c
FLAG:690:418:490:lib/quotearg.c
FLAG:691:418:493:lib/quotearg.c
FLAG:692:493:495:lib/quotearg.c
FLAG:693:493:502:lib/quotearg.c
FLAG:694:502:505:lib/quotearg.c
FLAG:695:418:505:lib/quotearg.c
FLAG:696:489:505:lib/quotearg.c
FLAG:697:488:505:lib/quotearg.c
FLAG:698:507:510:lib/quotearg.c
FLAG:699:418:510:lib/quotearg.c
FLAG:700:490:510:lib/quotearg.c
FLAG:701:486:510:lib/quotearg.c
FLAG:702:485:510:lib/quotearg.c
FLAG:703:418:519:lib/quotearg.c
FLAG:704:418:519:lib/quotearg.c
FLAG:705:519:519:lib/quotearg.c
FLAG:706:519:523:lib/quotearg.c
FLAG:707:519:523:lib/quotearg.c
FLAG:708:418:523:lib/quotearg.c
FLAG:709:418:523:lib/quotearg.c
FLAG:710:523:527:lib/quotearg.c
FLAG:711:418:527:lib/quotearg.c
FLAG:712:418:542:lib/quotearg.c
FLAG:713:418:542:lib/quotearg.c
FLAG:714:418:542:lib/quotearg.c
FLAG:715:418:542:lib/quotearg.c
FLAG:716:418:542:lib/quotearg.c
FLAG:717:418:542:lib/quotearg.c
FLAG:718:418:542:lib/quotearg.c
FLAG:719:418:542:lib/quotearg.c
FLAG:720:418:542:lib/quotearg.c
FLAG:721:418:542:lib/quotearg.c
FLAG:722:418:542:lib/quotearg.c
FLAG:723:418:542:lib/quotearg.c
FLAG:724:418:542:lib/quotearg.c
FLAG:725:418:542:lib/quotearg.c
FLAG:726:418:542:lib/quotearg.c
FLAG:727:527:542:lib/quotearg.c
FLAG:728:418:549:lib/quotearg.c
FLAG:729:549:551:lib/quotearg.c
FLAG:730:551:554:lib/quotearg.c
FLAG:731:563:563:lib/quotearg.c
FLAG:732:563:563:lib/quotearg.c
FLAG:733:563:563:lib/quotearg.c
FLAG:734:564:564:lib/quotearg.c
FLAG:735:564:564:lib/quotearg.c
FLAG:736:564:564:lib/quotearg.c
FLAG:737:565:565:lib/quotearg.c
FLAG:738:565:565:lib/quotearg.c
FLAG:739:565:565:lib/quotearg.c
FLAG:740:418:607:lib/quotearg.c
FLAG:741:607:610:lib/quotearg.c
FLAG:742:607:614:lib/quotearg.c
FLAG:743:619:620:lib/quotearg.c
FLAG:744:620:622:lib/quotearg.c
FLAG:745:619:622:lib/quotearg.c
FLAG:746:622:617:lib/quotearg.c
FLAG:747:668:617:lib/quotearg.c
FLAG:748:651:652:lib/quotearg.c
FLAG:749:651:652:lib/quotearg.c
FLAG:750:652:651:lib/quotearg.c
FLAG:751:627:651:lib/quotearg.c
FLAG:752:651:663:lib/quotearg.c
FLAG:753:651:663:lib/quotearg.c
FLAG:754:652:667:lib/quotearg.c
FLAG:755:652:667:lib/quotearg.c
FLAG:756:652:667:lib/quotearg.c
FLAG:757:652:667:lib/quotearg.c
FLAG:758:652:667:lib/quotearg.c
FLAG:759:622:617:lib/quotearg.c
FLAG:760:668:617:lib/quotearg.c
FLAG:761:627:637:lib/quotearg.c
FLAG:762:627:637:lib/quotearg.c
FLAG:763:637:637:lib/quotearg.c
FLAG:764:637:637:lib/quotearg.c
FLAG:765:638:637:lib/quotearg.c
FLAG:766:637:638:lib/quotearg.c
FLAG:767:627:667:lib/quotearg.c
FLAG:768:627:667:lib/quotearg.c
FLAG:769:638:667:lib/quotearg.c
FLAG:770:637:667:lib/quotearg.c
FLAG:771:627:667:lib/quotearg.c
FLAG:772:627:667:lib/quotearg.c
FLAG:773:667:667:lib/quotearg.c
FLAG:774:667:667:lib/quotearg.c
FLAG:775:637:667:lib/quotearg.c
FLAG:776:627:663:lib/quotearg.c
FLAG:777:668:669:lib/quotearg.c
FLAG:778:668:669:lib/quotearg.c
FLAG:779:667:669:lib/quotearg.c
FLAG:780:669:671:lib/quotearg.c
FLAG:781:611:671:lib/quotearg.c
FLAG:782:673:677:lib/quotearg.c
FLAG:783:697:264:lib/quotearg.c
FLAG:784:679:264:lib/quotearg.c
FLAG:785:681:683:lib/quotearg.c
FLAG:786:683:683:lib/quotearg.c
FLAG:787:683:683:lib/quotearg.c
FLAG:788:683:683:lib/quotearg.c
FLAG:789:683:683:lib/quotearg.c
FLAG:790:683:683:lib/quotearg.c
FLAG:791:683:683:lib/quotearg.c
FLAG:792:683:683:lib/quotearg.c
FLAG:793:683:683:lib/quotearg.c
FLAG:794:683:683:lib/quotearg.c
FLAG:795:683:683:lib/quotearg.c
FLAG:796:683:683:lib/quotearg.c
FLAG:797:683:683:lib/quotearg.c
FLAG:798:683:683:lib/quotearg.c
FLAG:799:683:683:lib/quotearg.c
FLAG:800:683:683:lib/quotearg.c
FLAG:801:683:683:lib/quotearg.c
FLAG:802:684:684:lib/quotearg.c
FLAG:803:684:684:lib/quotearg.c
FLAG:804:684:684:lib/quotearg.c
FLAG:805:685:685:lib/quotearg.c
FLAG:806:685:685:lib/quotearg.c
FLAG:807:685:685:lib/quotearg.c
FLAG:808:681:688:lib/quotearg.c
FLAG:809:688:690:lib/quotearg.c
FLAG:810:690:690:lib/quotearg.c
FLAG:811:690:690:lib/quotearg.c
FLAG:812:690:690:lib/quotearg.c
FLAG:813:688:264:lib/quotearg.c
FLAG:814:692:264:lib/quotearg.c
FLAG:815:687:264:lib/quotearg.c
FLAG:816:693:695:lib/quotearg.c
FLAG:817:695:695:lib/quotearg.c
FLAG:818:695:695:lib/quotearg.c
FLAG:819:695:695:lib/quotearg.c
FLAG:820:695:695:lib/quotearg.c
FLAG:821:695:695:lib/quotearg.c
FLAG:822:695:695:lib/quotearg.c
FLAG:823:695:695:lib/quotearg.c
FLAG:824:695:696:lib/quotearg.c
FLAG:825:695:696:lib/quotearg.c
FLAG:826:696:696:lib/quotearg.c
FLAG:827:696:696:lib/quotearg.c
FLAG:828:696:696:lib/quotearg.c
FLAG:829:673:258:lib/quotearg.c
FLAG:830:418:258:lib/quotearg.c
FLAG:831:418:258:lib/quotearg.c
FLAG:832:418:258:lib/quotearg.c
FLAG:833:418:258:lib/quotearg.c
FLAG:834:418:258:lib/quotearg.c
FLAG:835:418:258:lib/quotearg.c
FLAG:836:418:258:lib/quotearg.c
FLAG:837:418:258:lib/quotearg.c
FLAG:838:418:258:lib/quotearg.c
FLAG:839:418:258:lib/quotearg.c
FLAG:840:418:258:lib/quotearg.c
FLAG:841:418:258:lib/quotearg.c
FLAG:842:418:258:lib/quotearg.c
FLAG:843:418:258:lib/quotearg.c
FLAG:844:418:258:lib/quotearg.c
FLAG:845:418:258:lib/quotearg.c
FLAG:846:418:258:lib/quotearg.c
FLAG:847:418:258:lib/quotearg.c
FLAG:848:418:258:lib/quotearg.c
FLAG:849:418:258:lib/quotearg.c
FLAG:850:418:258:lib/quotearg.c
FLAG:851:418:258:lib/quotearg.c
FLAG:852:418:258:lib/quotearg.c
FLAG:853:418:258:lib/quotearg.c
FLAG:854:418:258:lib/quotearg.c
FLAG:855:418:258:lib/quotearg.c
FLAG:856:418:258:lib/quotearg.c
FLAG:857:418:258:lib/quotearg.c
FLAG:858:418:258:lib/quotearg.c
FLAG:859:418:258:lib/quotearg.c
FLAG:860:418:258:lib/quotearg.c
FLAG:861:418:258:lib/quotearg.c
FLAG:862:418:258:lib/quotearg.c
FLAG:863:418:258:lib/quotearg.c
FLAG:864:418:258:lib/quotearg.c
FLAG:865:418:258:lib/quotearg.c
FLAG:866:418:258:lib/quotearg.c
FLAG:867:418:258:lib/quotearg.c
FLAG:868:418:258:lib/quotearg.c
FLAG:869:418:258:lib/quotearg.c
FLAG:870:418:258:lib/quotearg.c
FLAG:871:418:258:lib/quotearg.c
FLAG:872:418:258:lib/quotearg.c
FLAG:873:418:258:lib/quotearg.c
FLAG:874:418:258:lib/quotearg.c
FLAG:875:418:258:lib/quotearg.c
FLAG:876:418:258:lib/quotearg.c
FLAG:877:418:258:lib/quotearg.c
FLAG:878:418:258:lib/quotearg.c
FLAG:879:418:258:lib/quotearg.c
FLAG:880:418:258:lib/quotearg.c
FLAG:881:418:258:lib/quotearg.c
FLAG:882:418:258:lib/quotearg.c
FLAG:883:418:258:lib/quotearg.c
FLAG:884:418:258:lib/quotearg.c
FLAG:885:418:258:lib/quotearg.c
FLAG:886:418:258:lib/quotearg.c
FLAG:887:418:258:lib/quotearg.c
FLAG:888:418:258:lib/quotearg.c
FLAG:889:418:258:lib/quotearg.c
FLAG:890:418:258:lib/quotearg.c
FLAG:891:418:258:lib/quotearg.c
FLAG:892:418:258:lib/quotearg.c
FLAG:893:418:258:lib/quotearg.c
FLAG:894:418:258:lib/quotearg.c
FLAG:895:418:258:lib/quotearg.c
FLAG:896:418:258:lib/quotearg.c
FLAG:897:418:258:lib/quotearg.c
FLAG:898:418:258:lib/quotearg.c
FLAG:899:418:258:lib/quotearg.c
FLAG:900:418:258:lib/quotearg.c
FLAG:901:542:258:lib/quotearg.c
FLAG:902:519:258:lib/quotearg.c
FLAG:903:431:258:lib/quotearg.c
FLAG:904:431:258:lib/quotearg.c
FLAG:905:431:258:lib/quotearg.c
FLAG:906:435:258:lib/quotearg.c
FLAG:907:442:258:lib/quotearg.c
FLAG:908:450:258:lib/quotearg.c
FLAG:909:456:258:lib/quotearg.c
FLAG:910:523:258:lib/quotearg.c
FLAG:911:549:258:lib/quotearg.c
FLAG:912:567:258:lib/quotearg.c
FLAG:913:519:258:lib/quotearg.c
FLAG:914:511:258:lib/quotearg.c
FLAG:915:472:258:lib/quotearg.c
FLAG:916:457:258:lib/quotearg.c
FLAG:917:456:258:lib/quotearg.c
FLAG:918:456:258:lib/quotearg.c
FLAG:919:447:258:lib/quotearg.c
FLAG:920:705:708:lib/quotearg.c
FLAG:921:705:709:lib/quotearg.c
FLAG:922:511:393:lib/quotearg.c
FLAG:923:709:393:lib/quotearg.c
FLAG:924:709:393:lib/quotearg.c
FLAG:925:713:713:lib/quotearg.c
FLAG:926:713:713:lib/quotearg.c
FLAG:927:713:713:lib/quotearg.c
FLAG:928:713:713:lib/quotearg.c
FLAG:929:713:713:lib/quotearg.c
FLAG:930:713:713:lib/quotearg.c
FLAG:931:713:713:lib/quotearg.c
FLAG:932:713:713:lib/quotearg.c
FLAG:933:713:713:lib/quotearg.c
FLAG:934:713:713:lib/quotearg.c
FLAG:935:713:713:lib/quotearg.c
FLAG:936:713:713:lib/quotearg.c
FLAG:937:713:713:lib/quotearg.c
FLAG:938:713:713:lib/quotearg.c
FLAG:939:713:713:lib/quotearg.c
FLAG:940:713:713:lib/quotearg.c
FLAG:941:693:393:lib/quotearg.c
FLAG:942:502:393:lib/quotearg.c
FLAG:943:709:393:lib/quotearg.c
FLAG:944:495:393:lib/quotearg.c
FLAG:945:709:393:lib/quotearg.c
FLAG:946:716:716:lib/quotearg.c
FLAG:947:716:716:lib/quotearg.c
FLAG:948:716:716:lib/quotearg.c
FLAG:949:716:716:lib/quotearg.c
FLAG:950:716:716:lib/quotearg.c
FLAG:951:716:716:lib/quotearg.c
FLAG:952:716:716:lib/quotearg.c
FLAG:953:716:717:lib/quotearg.c
FLAG:954:716:717:lib/quotearg.c
FLAG:955:716:717:lib/quotearg.c
FLAG:956:717:717:lib/quotearg.c
FLAG:957:717:717:lib/quotearg.c
FLAG:958:717:717:lib/quotearg.c
FLAG:959:721:393:lib/quotearg.c
FLAG:960:442:393:lib/quotearg.c
FLAG:961:393:723:lib/quotearg.c
FLAG:962:393:723:lib/quotearg.c
FLAG:963:723:731:lib/quotearg.c
FLAG:964:732:734:lib/quotearg.c
FLAG:965:734:735:lib/quotearg.c
FLAG:966:734:739:lib/quotearg.c
FLAG:967:732:748:lib/quotearg.c
FLAG:968:739:748:lib/quotearg.c
FLAG:969:748:749:lib/quotearg.c
FLAG:970:749:750:lib/quotearg.c
FLAG:971:750:750:lib/quotearg.c
FLAG:972:750:750:lib/quotearg.c
FLAG:973:750:750:lib/quotearg.c
FLAG:974:750:750:lib/quotearg.c
FLAG:975:750:257:lib/quotearg.c
FLAG:976:749:257:lib/quotearg.c
FLAG:977:748:257:lib/quotearg.c
FLAG:978:752:753:lib/quotearg.c
FLAG:979:450:756:lib/quotearg.c
FLAG:980:495:756:lib/quotearg.c
FLAG:981:507:756:lib/quotearg.c
FLAG:982:542:756:lib/quotearg.c
FLAG:983:551:756:lib/quotearg.c
FLAG:984:669:756:lib/quotearg.c
FLAG:985:723:756:lib/quotearg.c
FLAG:986:713:756:lib/quotearg.c
FLAG:987:423:756:lib/quotearg.c
FLAG:988:683:756:lib/quotearg.c
FLAG:989:759:759:lib/quotearg.c
FLAG:990:759:759:lib/quotearg.c
FLAG:991:464:763:lib/quotearg.c
FLAG:992:410:763:lib/quotearg.c
FLAG:993:759:763:lib/quotearg.c
FLAG:994:759:763:lib/quotearg.c
FLAG:995:752:765:lib/quotearg.c
FLAG:996:753:765:lib/quotearg.c
FLAG:997:763:765:lib/quotearg.c
FLAG:998:735:765:lib/quotearg.c
FLAG:999:820:821:lib/quotearg.c
FLAG:1000:821:822:lib/quotearg.c
FLAG:1001:820:822:lib/quotearg.c
FLAG:1002:844:845:lib/quotearg.c
FLAG:1003:845:845:lib/quotearg.c
FLAG:1004:845:846:lib/quotearg.c
FLAG:1005:844:846:lib/quotearg.c
FLAG:1006:846:848:lib/quotearg.c
FLAG:1007:846:852:lib/quotearg.c
FLAG:1008:851:852:lib/quotearg.c
FLAG:1009:852:854:lib/quotearg.c
FLAG:1010:852:857:lib/quotearg.c
FLAG:1011:856:857:lib/quotearg.c
FLAG:1012:878:879:lib/quotearg.c
FLAG:1013:878:881:lib/quotearg.c
FLAG:1014:881:883:lib/quotearg.c
FLAG:1015:888:889:lib/quotearg.c
FLAG:1016:889:890:lib/quotearg.c
FLAG:1017:888:890:lib/quotearg.c
FLAG:1018:881:895:lib/quotearg.c
FLAG:1019:892:895:lib/quotearg.c
FLAG:1020:905:907:lib/quotearg.c
FLAG:1021:908:909:lib/quotearg.c
FLAG:1022:908:910:lib/quotearg.c
FLAG:1023:909:910:lib/quotearg.c
FLAG:1024:905:917:lib/quotearg.c
FLAG:1025:915:917:lib/quotearg.c
FLAG:1026:949:190:lib/quotearg.c
FLAG:1027:949:191:lib/quotearg.c
FLAG:1028:957:190:lib/quotearg.c
FLAG:1029:957:191:lib/quotearg.c
FLAG:1030:949:190:lib/quotearg.c
FLAG:1031:949:191:lib/quotearg.c
FLAG:1032:957:190:lib/quotearg.c
FLAG:1033:957:191:lib/quotearg.c
FLAG:1034:1004:190:lib/quotearg.c
FLAG:1035:1004:1004:lib/quotearg.c
FLAG:1036:1022:179:lib/quotearg.c
FLAG:1037:1022:180:lib/quotearg.c
FLAG:1038:1022:179:lib/quotearg.c
FLAG:1039:1022:180:lib/quotearg.c
FLAG:1040:1022:179:lib/quotearg.c
FLAG:1041:1022:180:lib/quotearg.c
FLAG:1042:1022:179:lib/quotearg.c
FLAG:1043:1022:180:lib/quotearg.c
FLAG:1044:66:67:lib/version-etc.c
FLAG:1045:66:69:lib/version-etc.c
FLAG:1046:69:83:lib/version-etc.c
FLAG:1047:67:83:lib/version-etc.c
FLAG:1048:97:105:lib/version-etc.c
FLAG:1049:97:109:lib/version-etc.c
FLAG:1050:97:113:lib/version-etc.c
FLAG:1051:97:120:lib/version-etc.c
FLAG:1052:97:127:lib/version-etc.c
FLAG:1053:97:134:lib/version-etc.c
FLAG:1054:97:142:lib/version-etc.c
FLAG:1055:97:150:lib/version-etc.c
FLAG:1056:97:159:lib/version-etc.c
FLAG:1057:97:170:lib/version-etc.c
FLAG:1058:174:176:lib/version-etc.c
FLAG:1059:163:176:lib/version-etc.c
FLAG:1060:154:176:lib/version-etc.c
FLAG:1061:145:176:lib/version-etc.c
FLAG:1062:137:176:lib/version-etc.c
FLAG:1063:129:176:lib/version-etc.c
FLAG:1064:122:176:lib/version-etc.c
FLAG:1065:115:176:lib/version-etc.c
FLAG:1066:110:176:lib/version-etc.c
FLAG:1067:106:176:lib/version-etc.c
FLAG:1068:97:176:lib/version-etc.c
FLAG:1069:189:189:lib/version-etc.c
FLAG:1070:189:189:lib/version-etc.c
FLAG:1071:189:191:lib/version-etc.c
FLAG:1072:208:208:lib/version-etc.c
FLAG:1073:208:208:lib/version-etc.c
FLAG:1074:208:208:lib/version-etc.c
FLAG:1075:208:208:lib/version-etc.c
FLAG:1076:208:208:lib/version-etc.c
FLAG:1077:208:211:lib/version-etc.c
FLAG:1078:208:211:lib/version-etc.c
FLAG:1079:208:211:lib/version-etc.c
FLAG:1080:208:211:lib/version-etc.c
FLAG:1081:208:211:lib/version-etc.c
FLAG:1082:208:211:lib/version-etc.c
FLAG:1083:208:211:lib/version-etc.c
FLAG:1084:208:211:lib/version-etc.c
FLAG:1085:208:211:lib/version-etc.c
FLAG:1086:208:211:lib/version-etc.c
FLAG:1087:208:208:lib/version-etc.c
FLAG:1088:208:208:lib/version-etc.c
FLAG:1089:208:208:lib/version-etc.c
FLAG:1090:208:208:lib/version-etc.c
FLAG:1091:208:208:lib/version-etc.c
FLAG:1092:208:208:lib/version-etc.c
FLAG:1093:208:208:lib/version-etc.c
FLAG:1094:208:208:lib/version-etc.c
FLAG:1095:208:208:lib/version-etc.c
FLAG:1096:208:208:lib/version-etc.c
FLAG:1097:208:208:lib/version-etc.c
FLAG:1098:208:208:lib/version-etc.c
FLAG:1099:208:208:lib/version-etc.c
FLAG:1100:208:208:lib/version-etc.c
FLAG:1101:208:208:lib/version-etc.c
FLAG:1102:208:208:lib/version-etc.c
FLAG:1103:208:208:lib/version-etc.c
FLAG:1104:208:208:lib/version-etc.c
FLAG:1105:208:208:lib/version-etc.c
FLAG:1106:208:208:lib/version-etc.c
FLAG:1107:208:208:lib/version-etc.c
FLAG:1108:208:208:lib/version-etc.c
FLAG:1109:208:208:lib/version-etc.c
FLAG:1110:208:208:lib/version-etc.c
FLAG:1111:208:208:lib/version-etc.c
FLAG:1112:208:208:lib/version-etc.c
FLAG:1113:208:208:lib/version-etc.c
FLAG:1114:208:208:lib/version-etc.c
FLAG:1115:84:84:lib/xmalloc.c
FLAG:1116:84:84:lib/xmalloc.c
FLAG:1117:84:85:lib/xmalloc.c
FLAG:1118:84:85:lib/xmalloc.c
FLAG:1119:84:144:./lib/xalloc.h
FLAG:1120:84:144:./lib/xalloc.h
FLAG:1121:84:84:lib/xmalloc.c
FLAG:1122:84:84:lib/xmalloc.c
FLAG:1123:84:85:lib/xmalloc.c
FLAG:1124:84:85:lib/xmalloc.c
FLAG:1125:84:86:lib/xmalloc.c
FLAG:1126:84:86:lib/xmalloc.c
FLAG:1127:44:35:lib/xmalloc.c
FLAG:1128:44:44:lib/xmalloc.c
FLAG:1129:51:35:lib/xmalloc.c
FLAG:1130:51:50:lib/xmalloc.c
FLAG:1131:44:35:lib/xmalloc.c
FLAG:1132:44:56:lib/xmalloc.c
FLAG:1133:66:66:lib/xmalloc.c
FLAG:1134:66:67:lib/xmalloc.c
FLAG:1135:66:68:lib/xmalloc.c
FLAG:1136:66:68:lib/xmalloc.c
FLAG:1137:61:35:lib/xmalloc.c
FLAG:1138:61:74:lib/xmalloc.c
FLAG:1139:92:35:lib/xmalloc.c
FLAG:1140:92:92:lib/xmalloc.c
FLAG:1141:84:85:lib/xmalloc.c
FLAG:1142:84:101:lib/xmalloc.c
FLAG:1143:175:177:lib/xmalloc.c
FLAG:1144:175:192:lib/xmalloc.c
FLAG:1145:192:193:lib/xmalloc.c
FLAG:1146:177:83:lib/xmalloc.c
FLAG:1147:192:83:lib/xmalloc.c
FLAG:1148:84:85:lib/xmalloc.c
FLAG:1149:84:197:lib/xmalloc.c
FLAG:1150:175:177:lib/xmalloc.c
FLAG:1151:177:185:lib/xmalloc.c
FLAG:1152:175:192:lib/xmalloc.c
FLAG:1153:192:193:lib/xmalloc.c
FLAG:1154:177:83:lib/xmalloc.c
FLAG:1155:192:83:lib/xmalloc.c
FLAG:1156:187:83:lib/xmalloc.c
FLAG:1157:84:84:lib/xmalloc.c
FLAG:1158:84:84:lib/xmalloc.c
FLAG:1159:84:85:lib/xmalloc.c
FLAG:1160:84:85:lib/xmalloc.c
FLAG:1161:84:197:lib/xmalloc.c
FLAG:1162:84:197:lib/xmalloc.c
FLAG:1163:248:248:lib/xmalloc.c
FLAG:1164:248:248:lib/xmalloc.c
FLAG:1165:248:248:lib/xmalloc.c
FLAG:1166:248:248:lib/xmalloc.c
FLAG:1167:248:248:lib/xmalloc.c
FLAG:1168:248:248:lib/xmalloc.c
FLAG:1169:248:248:lib/xmalloc.c
FLAG:1170:248:248:lib/xmalloc.c
FLAG:1171:248:248:lib/xmalloc.c
FLAG:1172:248:248:lib/xmalloc.c
FLAG:1173:248:248:lib/xmalloc.c
FLAG:1174:248:248:lib/xmalloc.c
FLAG:1175:248:248:lib/xmalloc.c
FLAG:1176:248:248:lib/xmalloc.c
FLAG:1177:248:248:lib/xmalloc.c
FLAG:1178:248:248:lib/xmalloc.c
FLAG:1179:250:253:lib/xmalloc.c
FLAG:1180:248:253:lib/xmalloc.c
FLAG:1181:248:253:lib/xmalloc.c
FLAG:1182:248:253:lib/xmalloc.c
FLAG:1183:248:253:lib/xmalloc.c
FLAG:1184:250:257:lib/xmalloc.c
FLAG:1185:255:257:lib/xmalloc.c
FLAG:1186:257:258:lib/xmalloc.c
FLAG:1187:257:259:lib/xmalloc.c
FLAG:1188:258:259:lib/xmalloc.c
FLAG:1189:260:260:lib/xmalloc.c
FLAG:1190:261:262:lib/xmalloc.c
FLAG:1191:262:262:lib/xmalloc.c
FLAG:1192:262:262:lib/xmalloc.c
FLAG:1193:262:262:lib/xmalloc.c
FLAG:1194:262:262:lib/xmalloc.c
FLAG:1195:262:262:lib/xmalloc.c
FLAG:1196:262:262:lib/xmalloc.c
FLAG:1197:262:262:lib/xmalloc.c
FLAG:1198:262:262:lib/xmalloc.c
FLAG:1199:262:262:lib/xmalloc.c
FLAG:1200:262:262:lib/xmalloc.c
FLAG:1201:262:262:lib/xmalloc.c
FLAG:1202:262:262:lib/xmalloc.c
FLAG:1203:262:262:lib/xmalloc.c
FLAG:1204:262:262:lib/xmalloc.c
FLAG:1205:262:262:lib/xmalloc.c
FLAG:1206:262:262:lib/xmalloc.c
FLAG:1207:262:263:lib/xmalloc.c
FLAG:1208:262:263:lib/xmalloc.c
FLAG:1209:262:263:lib/xmalloc.c
FLAG:1210:262:263:lib/xmalloc.c
FLAG:1211:261:263:lib/xmalloc.c
FLAG:1212:262:65:lib/xmalloc.c
FLAG:1213:260:65:lib/xmalloc.c
FLAG:1214:66:67:lib/xmalloc.c
FLAG:1215:66:265:lib/xmalloc.c
FLAG:1216:291:35:lib/xmalloc.c
FLAG:1217:291:276:lib/xmalloc.c
FLAG:1218:291:35:lib/xmalloc.c
FLAG:1219:291:291:lib/xmalloc.c
FLAG:1220:81:35:lib/xmalloc.c
FLAG:1221:81:282:lib/xmalloc.c
FLAG:1222:81:35:lib/xmalloc.c
FLAG:1223:81:297:lib/xmalloc.c
FLAG:1224:44:35:lib/xmalloc.c
FLAG:1225:44:34:/usr/include/x86_64-linux-gnu/bits/string_fortified.h
FLAG:1226:51:35:lib/xmalloc.c
FLAG:1227:51:34:/usr/include/x86_64-linux-gnu/bits/string_fortified.h
FLAG:1228:322:35:lib/xmalloc.c
FLAG:1229:322:323:lib/xmalloc.c
FLAG:1230:332:35:lib/xmalloc.c
FLAG:1231:332:34:/usr/include/x86_64-linux-gnu/bits/string_fortified.h
FLAG:1232:66:67:lib/fclose.c
FLAG:1233:66:72:lib/fclose.c
FLAG:1234:72:72:lib/fclose.c
FLAG:1235:73:73:lib/fclose.c
FLAG:1236:72:73:lib/fclose.c
FLAG:1237:73:100:lib/fclose.c
FLAG:1238:73:100:lib/fclose.c
FLAG:1239:73:74:lib/fclose.c
FLAG:1240:105:107:lib/fclose.c
FLAG:1241:105:112:lib/fclose.c
FLAG:1242:109:112:lib/fclose.c
FLAG:1243:105:112:lib/fclose.c
FLAG:1244:67:112:lib/fclose.c
FLAG:1245:211:215:lib/fcntl.c
FLAG:1246:215:215:lib/fcntl.c
FLAG:1247:215:215:lib/fcntl.c
FLAG:1248:215:215:lib/fcntl.c
FLAG:1249:215:215:lib/fcntl.c
FLAG:1250:211:222:lib/fcntl.c
FLAG:1251:222:222:lib/fcntl.c
FLAG:1252:222:222:lib/fcntl.c
FLAG:1253:222:222:lib/fcntl.c
FLAG:1254:222:222:lib/fcntl.c
FLAG:1255:510:512:lib/fcntl.c
FLAG:1256:513:513:lib/fcntl.c
FLAG:1257:513:515:lib/fcntl.c
FLAG:1258:513:515:lib/fcntl.c
FLAG:1259:513:482:lib/fcntl.c
FLAG:1260:524:525:lib/fcntl.c
FLAG:1261:510:482:lib/fcntl.c
FLAG:1262:531:531:lib/fcntl.c
FLAG:1263:525:531:lib/fcntl.c
FLAG:1264:531:533:lib/fcntl.c
FLAG:1265:534:534:lib/fcntl.c
FLAG:1266:534:536:lib/fcntl.c
FLAG:1267:534:536:lib/fcntl.c
FLAG:1268:211:328:lib/fcntl.c
FLAG:1269:211:328:lib/fcntl.c
FLAG:1270:211:328:lib/fcntl.c
FLAG:1271:211:328:lib/fcntl.c
FLAG:1272:211:328:lib/fcntl.c
FLAG:1273:211:328:lib/fcntl.c
FLAG:1274:211:328:lib/fcntl.c
FLAG:1275:211:423:lib/fcntl.c
FLAG:1276:211:423:lib/fcntl.c
FLAG:1277:211:423:lib/fcntl.c
FLAG:1278:211:423:lib/fcntl.c
FLAG:1279:211:423:lib/fcntl.c
FLAG:1280:211:423:lib/fcntl.c
FLAG:1281:211:423:lib/fcntl.c
FLAG:1282:211:423:lib/fcntl.c
FLAG:1283:423:423:lib/fcntl.c
FLAG:1284:423:423:lib/fcntl.c
FLAG:1285:423:423:lib/fcntl.c
FLAG:1286:423:423:lib/fcntl.c
FLAG:1287:211:431:lib/fcntl.c
FLAG:1288:431:431:lib/fcntl.c
FLAG:1289:431:431:lib/fcntl.c
FLAG:1290:431:431:lib/fcntl.c
FLAG:1291:431:431:lib/fcntl.c
FLAG:1292:540:442:lib/fcntl.c
FLAG:1293:534:442:lib/fcntl.c
FLAG:1294:531:442:lib/fcntl.c
FLAG:1295:524:442:lib/fcntl.c
FLAG:1296:531:442:lib/fcntl.c
FLAG:1297:329:442:lib/fcntl.c
FLAG:1298:426:442:lib/fcntl.c
FLAG:1299:434:442:lib/fcntl.c
FLAG:1300:482:442:lib/fcntl.c
FLAG:1301:148:148:lib/fflush.c
FLAG:1302:148:149:lib/fflush.c
FLAG:1303:148:149:lib/fflush.c
FLAG:1304:148:41:lib/fflush.c
FLAG:1305:41:43:lib/fflush.c
FLAG:1306:41:156:lib/fflush.c
FLAG:1307:43:156:lib/fflush.c
FLAG:1308:156:233:lib/fflush.c
FLAG:1309:149:233:lib/fflush.c
FLAG:1310:53:53:lib/fseeko.c
FLAG:1311:54:54:lib/fseeko.c
FLAG:1312:54:117:lib/fseeko.c
FLAG:1313:118:129:lib/fseeko.c
FLAG:1314:54:163:lib/fseeko.c
FLAG:1315:54:163:lib/fseeko.c
FLAG:1316:53:163:lib/fseeko.c
FLAG:1317:161:164:lib/fseeko.c
FLAG:1318:118:164:lib/fseeko.c
FLAG:1319:163:164:lib/fseeko.c
FLAG:1320:147:147:lib/mbrtowc.c
FLAG:1321:147:149:lib/mbrtowc.c
FLAG:1322:147:156:lib/mbrtowc.c
FLAG:1323:147:156:lib/mbrtowc.c
FLAG:1324:150:156:lib/mbrtowc.c
FLAG:1325:33:38:lib/c-strcasecmp.c
FLAG:1326:47:38:lib/c-strcasecmp.c
FLAG:1327:339:50:lib/c-strcasecmp.c
FLAG:1328:339:44:lib/c-strcasecmp.c
FLAG:1329:47:50:lib/c-strcasecmp.c
FLAG:1330:50:50:lib/c-strcasecmp.c
FLAG:1331:33:56:lib/c-strcasecmp.c
FLAG:1332:50:56:lib/c-strcasecmp.c
FLAG:1333:137:58:lib/close-stream.c
FLAG:1334:70:70:lib/close-stream.c
FLAG:1335:137:72:lib/close-stream.c
FLAG:1336:72:73:lib/close-stream.c
FLAG:1337:70:78:lib/close-stream.c
FLAG:1338:70:78:lib/close-stream.c
FLAG:1339:72:78:lib/close-stream.c
FLAG:1340:73:78:lib/close-stream.c
FLAG:1341:31:34:lib/hard-locale.c
FLAG:1342:34:34:lib/hard-locale.c
FLAG:1343:34:35:lib/hard-locale.c
FLAG:1344:34:35:lib/hard-locale.c
FLAG:1345:31:35:lib/hard-locale.c
FLAG:1346:142:145:lib/setlocale_null.c
FLAG:1347:145:149:lib/setlocale_null.c
FLAG:1348:142:154:lib/setlocale_null.c
FLAG:1349:155:157:lib/setlocale_null.c
FLAG:1350:155:162:lib/setlocale_null.c
FLAG:1351:162:167:lib/setlocale_null.c
FLAG:1352:145:274:lib/setlocale_null.c
FLAG:1353:149:274:lib/setlocale_null.c
FLAG:1354:158:274:lib/setlocale_null.c
FLAG:1355:162:274:lib/setlocale_null.c
FLAG:1356:169:274:lib/setlocale_null.c
FLAG:1357:171:178:./lib/c-ctype.h
FLAG:1358:171:180:./lib/c-ctype.h
FLAG:1359:171:180:./lib/c-ctype.h
FLAG:1360:171:180:./lib/c-ctype.h
FLAG:1361:171:180:./lib/c-ctype.h
FLAG:1362:171:180:./lib/c-ctype.h
FLAG:1363:171:180:./lib/c-ctype.h
FLAG:1364:171:180:./lib/c-ctype.h
FLAG:1365:171:180:./lib/c-ctype.h
FLAG:1366:171:180:./lib/c-ctype.h
FLAG:1367:171:180:./lib/c-ctype.h
FLAG:1368:171:180:./lib/c-ctype.h
FLAG:1369:171:180:./lib/c-ctype.h
FLAG:1370:171:180:./lib/c-ctype.h
FLAG:1371:171:180:./lib/c-ctype.h
FLAG:1372:171:180:./lib/c-ctype.h
FLAG:1373:171:180:./lib/c-ctype.h
FLAG:1374:171:180:./lib/c-ctype.h
FLAG:1375:171:180:./lib/c-ctype.h
FLAG:1376:171:180:./lib/c-ctype.h
FLAG:1377:171:180:./lib/c-ctype.h
FLAG:1378:171:180:./lib/c-ctype.h
FLAG:1379:171:180:./lib/c-ctype.h
FLAG:1380:171:180:./lib/c-ctype.h
FLAG:1381:171:180:./lib/c-ctype.h
FLAG:1382:171:180:./lib/c-ctype.h
FLAG:1383:171:180:./lib/c-ctype.h
FLAG:1384:171:180:./lib/c-ctype.h
FLAG:1385:171:180:./lib/c-ctype.h
FLAG:1386:171:180:./lib/c-ctype.h
FLAG:1387:171:180:./lib/c-ctype.h
FLAG:1388:171:180:./lib/c-ctype.h
FLAG:1389:171:180:./lib/c-ctype.h
FLAG:1390:171:180:./lib/c-ctype.h
FLAG:1391:171:180:./lib/c-ctype.h
FLAG:1392:171:180:./lib/c-ctype.h
FLAG:1393:171:180:./lib/c-ctype.h
FLAG:1394:171:180:./lib/c-ctype.h
FLAG:1395:171:180:./lib/c-ctype.h
FLAG:1396:171:180:./lib/c-ctype.h
FLAG:1397:171:180:./lib/c-ctype.h
FLAG:1398:171:180:./lib/c-ctype.h
FLAG:1399:171:180:./lib/c-ctype.h
FLAG:1400:171:180:./lib/c-ctype.h
FLAG:1401:171:180:./lib/c-ctype.h
FLAG:1402:171:180:./lib/c-ctype.h
FLAG:1403:171:180:./lib/c-ctype.h
FLAG:1404:171:180:./lib/c-ctype.h
FLAG:1405:171:180:./lib/c-ctype.h
FLAG:1406:171:180:./lib/c-ctype.h
FLAG:1407:171:180:./lib/c-ctype.h
FLAG:1408:171:180:./lib/c-ctype.h
FLAG:1409:171:180:./lib/c-ctype.h
FLAG:1410:171:180:./lib/c-ctype.h
FLAG:1411:171:180:./lib/c-ctype.h
FLAG:1412:171:180:./lib/c-ctype.h
FLAG:1413:171:180:./lib/c-ctype.h
FLAG:1414:171:180:./lib/c-ctype.h
FLAG:1415:171:180:./lib/c-ctype.h
FLAG:1416:171:180:./lib/c-ctype.h
FLAG:1417:171:180:./lib/c-ctype.h
FLAG:1418:171:180:./lib/c-ctype.h
FLAG:1419:171:180:./lib/c-ctype.h
FLAG:1420:178:180:./lib/c-ctype.h
FLAG:1421:185:185:./lib/c-ctype.h
FLAG:1422:185:193:./lib/c-ctype.h
FLAG:1423:223:228:./lib/c-ctype.h
FLAG:1424:223:230:./lib/c-ctype.h
FLAG:1425:223:230:./lib/c-ctype.h
FLAG:1426:223:230:./lib/c-ctype.h
FLAG:1427:223:230:./lib/c-ctype.h
FLAG:1428:223:230:./lib/c-ctype.h
FLAG:1429:223:230:./lib/c-ctype.h
FLAG:1430:223:230:./lib/c-ctype.h
FLAG:1431:223:230:./lib/c-ctype.h
FLAG:1432:223:230:./lib/c-ctype.h
FLAG:1433:223:230:./lib/c-ctype.h
FLAG:1434:223:230:./lib/c-ctype.h
FLAG:1435:223:230:./lib/c-ctype.h
FLAG:1436:223:230:./lib/c-ctype.h
FLAG:1437:223:230:./lib/c-ctype.h
FLAG:1438:223:230:./lib/c-ctype.h
FLAG:1439:223:230:./lib/c-ctype.h
FLAG:1440:223:230:./lib/c-ctype.h
FLAG:1441:223:230:./lib/c-ctype.h
FLAG:1442:223:230:./lib/c-ctype.h
FLAG:1443:223:230:./lib/c-ctype.h
FLAG:1444:223:230:./lib/c-ctype.h
FLAG:1445:223:230:./lib/c-ctype.h
FLAG:1446:223:230:./lib/c-ctype.h
FLAG:1447:223:230:./lib/c-ctype.h
FLAG:1448:223:230:./lib/c-ctype.h
FLAG:1449:223:230:./lib/c-ctype.h
FLAG:1450:223:230:./lib/c-ctype.h
FLAG:1451:223:230:./lib/c-ctype.h
FLAG:1452:223:230:./lib/c-ctype.h
FLAG:1453:223:230:./lib/c-ctype.h
FLAG:1454:223:230:./lib/c-ctype.h
FLAG:1455:223:230:./lib/c-ctype.h
FLAG:1456:223:230:./lib/c-ctype.h
FLAG:1457:228:230:./lib/c-ctype.h
FLAG:1458:290:295:./lib/c-ctype.h
FLAG:1459:290:297:./lib/c-ctype.h
FLAG:1460:290:297:./lib/c-ctype.h
FLAG:1461:290:297:./lib/c-ctype.h
FLAG:1462:290:297:./lib/c-ctype.h
FLAG:1463:290:297:./lib/c-ctype.h
FLAG:1464:290:297:./lib/c-ctype.h
FLAG:1465:290:297:./lib/c-ctype.h
FLAG:1466:290:297:./lib/c-ctype.h
FLAG:1467:290:297:./lib/c-ctype.h
FLAG:1468:290:297:./lib/c-ctype.h
FLAG:1469:290:297:./lib/c-ctype.h
FLAG:1470:290:297:./lib/c-ctype.h
FLAG:1471:290:297:./lib/c-ctype.h
FLAG:1472:290:297:./lib/c-ctype.h
FLAG:1473:290:297:./lib/c-ctype.h
FLAG:1474:290:297:./lib/c-ctype.h
FLAG:1475:290:297:./lib/c-ctype.h
FLAG:1476:290:297:./lib/c-ctype.h
FLAG:1477:290:297:./lib/c-ctype.h
FLAG:1478:290:297:./lib/c-ctype.h
FLAG:1479:290:297:./lib/c-ctype.h
FLAG:1480:290:297:./lib/c-ctype.h
FLAG:1481:290:297:./lib/c-ctype.h
FLAG:1482:290:297:./lib/c-ctype.h
FLAG:1483:290:297:./lib/c-ctype.h
FLAG:1484:290:297:./lib/c-ctype.h
FLAG:1485:290:297:./lib/c-ctype.h
FLAG:1486:290:297:./lib/c-ctype.h
FLAG:1487:290:297:./lib/c-ctype.h
FLAG:1488:290:297:./lib/c-ctype.h
FLAG:1489:290:297:./lib/c-ctype.h
FLAG:1490:290:297:./lib/c-ctype.h
FLAG:1491:295:297:./lib/c-ctype.h
FLAG:1492:302:302:./lib/c-ctype.h
FLAG:1493:302:309:./lib/c-ctype.h
FLAG:1494:326:326:./lib/c-ctype.h
FLAG:1495:326:334:./lib/c-ctype.h
