FLAG:0:636:163:src/uniq.c
FLAG:1:636:166:src/uniq.c
FLAG:2:650:649:src/system.h
FLAG:3:649:649:src/system.h
FLAG:4:649:650:src/system.h
FLAG:5:650:652:src/system.h
FLAG:6:649:652:src/system.h
FLAG:7:660:660:src/system.h
FLAG:8:660:666:src/system.h
FLAG:9:660:669:src/system.h
FLAG:10:660:669:src/system.h
FLAG:11:668:669:src/system.h
FLAG:12:673:221:src/uniq.c
FLAG:13:163:221:src/uniq.c
FLAG:14:0:479:src/uniq.c
FLAG:15:504:479:src/uniq.c
FLAG:16:511:512:src/uniq.c
FLAG:17:512:0:src/uniq.c
FLAG:18:560:0:src/uniq.c
FLAG:19:559:0:src/uniq.c
FLAG:20:543:0:src/uniq.c
FLAG:21:569:0:src/uniq.c
FLAG:22:574:0:src/uniq.c
FLAG:23:586:0:src/uniq.c
FLAG:24:601:0:src/uniq.c
FLAG:25:605:0:src/uniq.c
FLAG:26:610:0:src/uniq.c
FLAG:27:615:0:src/uniq.c
FLAG:28:620:0:src/uniq.c
FLAG:29:592:0:src/uniq.c
FLAG:30:590:0:src/uniq.c
FLAG:31:524:0:src/uniq.c
FLAG:32:512:516:src/uniq.c
FLAG:33:511:516:src/uniq.c
FLAG:34:516:518:src/uniq.c
FLAG:35:518:520:src/uniq.c
FLAG:36:518:523:src/uniq.c
FLAG:37:512:529:src/uniq.c
FLAG:38:531:227:src/uniq.c
FLAG:39:532:532:src/uniq.c
FLAG:40:533:533:src/uniq.c
FLAG:41:533:535:src/uniq.c
FLAG:42:532:535:src/uniq.c
FLAG:43:531:535:src/uniq.c
FLAG:44:535:537:src/uniq.c
FLAG:45:535:541:src/uniq.c
FLAG:46:541:542:src/uniq.c
FLAG:47:534:542:src/uniq.c
FLAG:48:512:556:src/uniq.c
FLAG:49:512:556:src/uniq.c
FLAG:50:512:556:src/uniq.c
FLAG:51:512:556:src/uniq.c
FLAG:52:512:556:src/uniq.c
FLAG:53:512:556:src/uniq.c
FLAG:54:512:556:src/uniq.c
FLAG:55:512:556:src/uniq.c
FLAG:56:512:556:src/uniq.c
FLAG:57:512:556:src/uniq.c
FLAG:58:556:557:src/uniq.c
FLAG:59:556:559:src/uniq.c
FLAG:60:559:559:src/uniq.c
FLAG:61:559:559:src/uniq.c
FLAG:62:559:559:src/uniq.c
FLAG:63:559:560:src/uniq.c
FLAG:64:559:560:src/uniq.c
FLAG:65:512:567:src/uniq.c
FLAG:66:512:572:src/uniq.c
FLAG:67:512:577:src/uniq.c
FLAG:68:579:582:src/uniq.c
FLAG:69:579:586:src/uniq.c
FLAG:70:582:586:src/uniq.c
FLAG:71:512:589:src/uniq.c
FLAG:72:589:590:src/uniq.c
FLAG:73:589:592:src/uniq.c
FLAG:74:512:599:src/uniq.c
FLAG:75:599:246:src/uniq.c
FLAG:76:599:249:src/uniq.c
FLAG:77:512:604:src/uniq.c
FLAG:78:512:608:src/uniq.c
FLAG:79:608:246:src/uniq.c
FLAG:80:608:249:src/uniq.c
FLAG:81:512:613:src/uniq.c
FLAG:82:512:618:src/uniq.c
FLAG:83:618:246:src/uniq.c
FLAG:84:618:249:src/uniq.c
FLAG:85:512:626:src/uniq.c
FLAG:86:512:628:src/uniq.c
FLAG:87:512:631:src/uniq.c
FLAG:88:516:639:src/uniq.c
FLAG:89:639:641:src/uniq.c
FLAG:90:639:645:src/uniq.c
FLAG:91:645:648:src/uniq.c
FLAG:92:645:652:src/uniq.c
FLAG:93:652:652:src/uniq.c
FLAG:94:652:655:src/uniq.c
FLAG:95:652:659:src/uniq.c
FLAG:96:652:659:src/uniq.c
FLAG:97:659:325:src/uniq.c
FLAG:98:325:326:src/uniq.c
FLAG:99:325:327:src/uniq.c
FLAG:100:659:327:src/uniq.c
FLAG:101:327:327:src/uniq.c
FLAG:102:327:328:src/uniq.c
FLAG:103:327:330:src/uniq.c
FLAG:104:327:330:src/uniq.c
FLAG:105:353:353:src/uniq.c
FLAG:106:353:359:src/uniq.c
FLAG:107:359:359:src/uniq.c
FLAG:108:359:365:src/uniq.c
FLAG:109:359:365:src/uniq.c
FLAG:110:365:368:src/uniq.c
FLAG:111:368:265:src/uniq.c
FLAG:112:263:265:src/uniq.c
FLAG:113:265:265:src/system.h
FLAG:114:266:265:src/uniq.c
FLAG:115:265:265:src/uniq.c
FLAG:116:265:266:src/uniq.c
FLAG:117:265:267:src/uniq.c
FLAG:118:265:267:src/uniq.c
FLAG:119:267:267:src/system.h
FLAG:120:268:267:src/uniq.c
FLAG:121:267:267:src/uniq.c
FLAG:122:267:268:src/uniq.c
FLAG:123:267:263:src/uniq.c
FLAG:124:267:263:src/uniq.c
FLAG:125:263:261:src/uniq.c
FLAG:126:266:261:src/uniq.c
FLAG:127:268:261:src/uniq.c
FLAG:128:368:261:src/uniq.c
FLAG:129:372:284:src/uniq.c
FLAG:130:289:290:src/uniq.c
FLAG:131:290:290:src/uniq.c
FLAG:132:289:292:src/uniq.c
FLAG:133:292:292:src/uniq.c
FLAG:134:292:374:src/uniq.c
FLAG:135:292:374:src/uniq.c
FLAG:136:290:374:src/uniq.c
FLAG:137:290:374:src/uniq.c
FLAG:138:372:374:src/uniq.c
FLAG:139:374:375:src/uniq.c
FLAG:140:375:376:src/uniq.c
FLAG:141:377:110:/usr/include/x86_64-linux-gnu/bits/stdio.h
FLAG:142:375:110:/usr/include/x86_64-linux-gnu/bits/stdio.h
FLAG:143:375:110:/usr/include/x86_64-linux-gnu/bits/stdio.h
FLAG:144:110:110:/usr/include/x86_64-linux-gnu/bits/stdio.h
FLAG:145:110:110:/usr/include/x86_64-linux-gnu/bits/stdio.h
FLAG:146:380:380:src/uniq.c
FLAG:147:374:380:src/uniq.c
FLAG:148:380:382:src/uniq.c
FLAG:149:110:382:src/uniq.c
FLAG:150:377:382:src/uniq.c
FLAG:151:382:359:src/uniq.c
FLAG:152:380:359:src/uniq.c
FLAG:153:359:357:src/uniq.c
FLAG:154:365:357:src/uniq.c
FLAG:155:359:357:src/uniq.c
FLAG:156:391:391:src/uniq.c
FLAG:157:391:391:src/uniq.c
FLAG:158:391:110:/usr/include/x86_64-linux-gnu/bits/stdio.h
FLAG:159:110:392:src/uniq.c
FLAG:160:110:110:/usr/include/x86_64-linux-gnu/bits/stdio.h
FLAG:161:353:401:src/uniq.c
FLAG:162:353:401:src/uniq.c
FLAG:163:401:403:src/uniq.c
FLAG:164:403:265:src/uniq.c
FLAG:165:263:265:src/uniq.c
FLAG:166:265:265:src/system.h
FLAG:167:266:265:src/uniq.c
FLAG:168:265:265:src/uniq.c
FLAG:169:265:266:src/uniq.c
FLAG:170:265:267:src/uniq.c
FLAG:171:265:267:src/uniq.c
FLAG:172:267:267:src/system.h
FLAG:173:268:267:src/uniq.c
FLAG:174:267:267:src/uniq.c
FLAG:175:267:268:src/uniq.c
FLAG:176:267:263:src/uniq.c
FLAG:177:267:263:src/uniq.c
FLAG:178:263:261:src/uniq.c
FLAG:179:266:261:src/uniq.c
FLAG:180:268:261:src/uniq.c
FLAG:181:403:261:src/uniq.c
FLAG:182:406:404:src/uniq.c
FLAG:183:406:411:src/uniq.c
FLAG:184:406:411:src/uniq.c
FLAG:185:411:413:src/uniq.c
FLAG:186:411:417:src/uniq.c
FLAG:187:417:265:src/uniq.c
FLAG:188:263:265:src/uniq.c
FLAG:189:265:265:src/system.h
FLAG:190:266:265:src/uniq.c
FLAG:191:265:265:src/uniq.c
FLAG:192:265:266:src/uniq.c
FLAG:193:265:267:src/uniq.c
FLAG:194:265:267:src/uniq.c
FLAG:195:267:267:src/system.h
FLAG:196:268:267:src/uniq.c
FLAG:197:267:267:src/uniq.c
FLAG:198:267:268:src/uniq.c
FLAG:199:267:263:src/uniq.c
FLAG:200:267:263:src/uniq.c
FLAG:201:263:261:src/uniq.c
FLAG:202:266:261:src/uniq.c
FLAG:203:268:261:src/uniq.c
FLAG:204:417:261:src/uniq.c
FLAG:205:418:290:src/uniq.c
FLAG:206:290:290:src/uniq.c
FLAG:207:418:292:src/uniq.c
FLAG:208:292:292:src/uniq.c
FLAG:209:292:419:src/uniq.c
FLAG:210:292:419:src/uniq.c
FLAG:211:290:419:src/uniq.c
FLAG:212:290:419:src/uniq.c
FLAG:213:429:431:src/uniq.c
FLAG:214:431:433:src/uniq.c
FLAG:215:431:436:src/uniq.c
FLAG:216:436:439:src/uniq.c
FLAG:217:439:440:src/uniq.c
FLAG:218:440:110:/usr/include/x86_64-linux-gnu/bits/stdio.h
FLAG:219:439:110:/usr/include/x86_64-linux-gnu/bits/stdio.h
FLAG:220:110:110:/usr/include/x86_64-linux-gnu/bits/stdio.h
FLAG:221:110:110:/usr/include/x86_64-linux-gnu/bits/stdio.h
FLAG:222:429:445:src/uniq.c
FLAG:223:445:445:src/uniq.c
FLAG:224:110:445:src/uniq.c
FLAG:225:110:445:src/uniq.c
FLAG:226:440:445:src/uniq.c
FLAG:227:439:445:src/uniq.c
FLAG:228:436:445:src/uniq.c
FLAG:229:445:305:src/uniq.c
FLAG:230:445:305:src/uniq.c
FLAG:231:445:305:src/uniq.c
FLAG:232:305:305:src/uniq.c
FLAG:233:305:305:src/uniq.c
FLAG:234:305:306:src/uniq.c
FLAG:235:305:307:src/uniq.c
FLAG:236:307:310:src/uniq.c
FLAG:237:306:310:src/uniq.c
FLAG:238:305:310:src/uniq.c
FLAG:239:310:311:src/uniq.c
FLAG:240:311:313:src/uniq.c
FLAG:241:310:313:src/uniq.c
FLAG:242:313:451:src/uniq.c
FLAG:243:307:451:src/uniq.c
FLAG:244:306:451:src/uniq.c
FLAG:245:305:451:src/uniq.c
FLAG:246:451:399:src/uniq.c
FLAG:247:445:399:src/uniq.c
FLAG:248:406:305:src/uniq.c
FLAG:249:413:305:src/uniq.c
FLAG:250:305:305:src/uniq.c
FLAG:251:406:305:src/uniq.c
FLAG:252:305:306:src/uniq.c
FLAG:253:306:310:src/uniq.c
FLAG:254:305:310:src/uniq.c
FLAG:255:310:311:src/uniq.c
FLAG:256:311:313:src/uniq.c
FLAG:257:310:313:src/uniq.c
FLAG:258:313:459:src/uniq.c
FLAG:259:306:459:src/uniq.c
FLAG:260:305:459:src/uniq.c
FLAG:261:413:459:src/uniq.c
FLAG:262:401:459:src/uniq.c
FLAG:263:110:459:src/uniq.c
FLAG:264:392:459:src/uniq.c
FLAG:265:391:459:src/uniq.c
FLAG:266:391:459:src/uniq.c
FLAG:267:460:460:src/uniq.c
FLAG:268:460:461:src/uniq.c
FLAG:269:460:461:src/uniq.c
FLAG:270:460:465:src/uniq.c
FLAG:271:93:93:lib/argmatch.c
FLAG:272:93:95:lib/argmatch.c
FLAG:273:93:95:lib/argmatch.c
FLAG:274:95:97:lib/argmatch.c
FLAG:275:97:100:lib/argmatch.c
FLAG:276:100:93:lib/argmatch.c
FLAG:277:95:93:lib/argmatch.c
FLAG:278:93:95:lib/argmatch.c
FLAG:279:93:95:lib/argmatch.c
FLAG:280:95:97:lib/argmatch.c
FLAG:281:97:100:lib/argmatch.c
FLAG:282:100:107:lib/argmatch.c
FLAG:283:108:93:lib/argmatch.c
FLAG:284:100:93:lib/argmatch.c
FLAG:285:95:93:lib/argmatch.c
FLAG:286:93:87:lib/argmatch.c
FLAG:287:93:87:lib/argmatch.c
FLAG:288:93:87:lib/argmatch.c
FLAG:289:97:121:lib/argmatch.c
FLAG:290:97:121:lib/argmatch.c
FLAG:291:117:121:lib/argmatch.c
FLAG:292:153:154:lib/argmatch.c
FLAG:293:153:154:lib/argmatch.c
FLAG:294:155:155:lib/argmatch.c
FLAG:295:155:158:lib/argmatch.c
FLAG:296:155:158:lib/argmatch.c
FLAG:297:155:162:lib/argmatch.c
FLAG:298:159:153:lib/argmatch.c
FLAG:299:162:153:lib/argmatch.c
FLAG:300:153:164:lib/argmatch.c
FLAG:301:153:164:lib/argmatch.c
FLAG:302:164:103:/usr/include/x86_64-linux-gnu/bits/stdio.h
FLAG:303:164:103:/usr/include/x86_64-linux-gnu/bits/stdio.h
FLAG:304:103:165:lib/argmatch.c
FLAG:305:103:165:lib/argmatch.c
FLAG:306:180:131:lib/argmatch.c
FLAG:307:180:190:lib/argmatch.c
FLAG:308:189:190:lib/argmatch.c
FLAG:309:201:202:lib/argmatch.c
FLAG:310:202:201:lib/argmatch.c
FLAG:311:202:201:lib/argmatch.c
FLAG:312:201:202:lib/argmatch.c
FLAG:313:201:201:lib/argmatch.c
FLAG:314:202:201:lib/argmatch.c
FLAG:315:202:201:lib/argmatch.c
FLAG:316:201:201:lib/argmatch.c
FLAG:317:120:120:lib/closeout.c
FLAG:318:120:120:lib/closeout.c
FLAG:319:120:122:lib/closeout.c
FLAG:320:120:122:lib/closeout.c
FLAG:321:123:124:lib/closeout.c
FLAG:322:123:127:lib/closeout.c
FLAG:323:127:129:lib/closeout.c
FLAG:324:124:129:lib/closeout.c
FLAG:325:120:134:lib/closeout.c
FLAG:326:120:134:lib/closeout.c
FLAG:327:134:135:lib/closeout.c
FLAG:328:134:136:lib/closeout.c
FLAG:329:41:42:lib/fadvise.c
FLAG:330:41:43:lib/fadvise.c
FLAG:331:42:43:lib/fadvise.c
FLAG:332:69:72:lib/freopen-safer.c
FLAG:333:72:76:lib/freopen-safer.c
FLAG:334:69:76:lib/freopen-safer.c
FLAG:335:69:80:lib/freopen-safer.c
FLAG:336:76:80:lib/freopen-safer.c
FLAG:337:87:36:lib/freopen-safer.c
FLAG:338:37:39:lib/freopen-safer.c
FLAG:339:39:41:lib/freopen-safer.c
FLAG:340:87:89:lib/freopen-safer.c
FLAG:341:37:89:lib/freopen-safer.c
FLAG:342:89:36:lib/freopen-safer.c
FLAG:343:37:39:lib/freopen-safer.c
FLAG:344:39:41:lib/freopen-safer.c
FLAG:345:37:91:lib/freopen-safer.c
FLAG:346:89:91:lib/freopen-safer.c
FLAG:347:91:36:lib/freopen-safer.c
FLAG:348:37:39:lib/freopen-safer.c
FLAG:349:39:41:lib/freopen-safer.c
FLAG:350:69:94:lib/freopen-safer.c
FLAG:351:37:94:lib/freopen-safer.c
FLAG:352:91:94:lib/freopen-safer.c
FLAG:353:43:95:lib/freopen-safer.c
FLAG:354:39:95:lib/freopen-safer.c
FLAG:355:39:95:lib/freopen-safer.c
FLAG:356:43:95:lib/freopen-safer.c
FLAG:357:39:95:lib/freopen-safer.c
FLAG:358:43:95:lib/freopen-safer.c
FLAG:359:94:95:lib/freopen-safer.c
FLAG:360:96:97:lib/freopen-safer.c
FLAG:361:96:97:lib/freopen-safer.c
FLAG:362:96:98:lib/freopen-safer.c
FLAG:363:97:98:lib/freopen-safer.c
FLAG:364:98:99:lib/freopen-safer.c
FLAG:365:98:100:lib/freopen-safer.c
FLAG:366:99:100:lib/freopen-safer.c
FLAG:367:100:101:lib/freopen-safer.c
FLAG:368:101:102:lib/freopen-safer.c
FLAG:369:100:102:lib/freopen-safer.c
FLAG:370:102:103:lib/freopen-safer.c
FLAG:371:102:104:lib/freopen-safer.c
FLAG:372:103:104:lib/freopen-safer.c
FLAG:373:130:65:lib/linebuffer.c
FLAG:374:91:68:lib/linebuffer.c
FLAG:375:70:68:lib/linebuffer.c
FLAG:376:68:68:/usr/include/x86_64-linux-gnu/bits/stdio.h
FLAG:377:68:68:/usr/include/x86_64-linux-gnu/bits/stdio.h
FLAG:378:73:75:lib/linebuffer.c
FLAG:379:75:137:/usr/include/x86_64-linux-gnu/bits/stdio.h
FLAG:380:137:77:lib/linebuffer.c
FLAG:381:77:81:lib/linebuffer.c
FLAG:382:73:81:lib/linebuffer.c
FLAG:383:73:81:lib/linebuffer.c
FLAG:384:81:83:lib/linebuffer.c
FLAG:385:88:89:lib/linebuffer.c
FLAG:386:81:89:lib/linebuffer.c
FLAG:387:91:93:lib/linebuffer.c
FLAG:388:77:93:lib/linebuffer.c
FLAG:389:75:45:lib/linebuffer.c
FLAG:390:137:45:lib/linebuffer.c
FLAG:391:130:45:lib/linebuffer.c
FLAG:392:94:45:lib/linebuffer.c
FLAG:393:130:65:lib/linebuffer.c
FLAG:394:70:68:lib/linebuffer.c
FLAG:395:91:68:lib/linebuffer.c
FLAG:396:68:68:/usr/include/x86_64-linux-gnu/bits/stdio.h
FLAG:397:68:68:/usr/include/x86_64-linux-gnu/bits/stdio.h
FLAG:398:73:75:lib/linebuffer.c
FLAG:399:75:137:/usr/include/x86_64-linux-gnu/bits/stdio.h
FLAG:400:137:77:lib/linebuffer.c
FLAG:401:77:81:lib/linebuffer.c
FLAG:402:73:81:lib/linebuffer.c
FLAG:403:73:81:lib/linebuffer.c
FLAG:404:81:83:lib/linebuffer.c
FLAG:405:88:89:lib/linebuffer.c
FLAG:406:81:89:lib/linebuffer.c
FLAG:407:91:93:lib/linebuffer.c
FLAG:408:77:93:lib/linebuffer.c
FLAG:409:75:95:lib/linebuffer.c
FLAG:410:137:95:lib/linebuffer.c
FLAG:411:130:95:lib/linebuffer.c
FLAG:412:94:95:lib/linebuffer.c
FLAG:413:37:37:lib/memcasecmp.c
FLAG:414:44:37:lib/memcasecmp.c
FLAG:415:37:39:lib/memcasecmp.c
FLAG:416:37:39:lib/memcasecmp.c
FLAG:417:44:48:lib/memcasecmp.c
FLAG:418:37:48:lib/memcasecmp.c
FLAG:419:37:48:lib/memcasecmp.c
FLAG:420:45:45:lib/posixver.c
FLAG:421:45:47:lib/posixver.c
FLAG:422:51:53:lib/posixver.c
FLAG:423:53:53:lib/posixver.c
FLAG:424:53:53:lib/posixver.c
FLAG:425:51:53:lib/posixver.c
FLAG:426:45:53:lib/posixver.c
FLAG:427:45:53:lib/posixver.c
FLAG:428:53:53:lib/posixver.c
FLAG:429:53:53:lib/posixver.c
FLAG:430:53:53:lib/posixver.c
FLAG:431:51:55:lib/progname.c
FLAG:432:51:59:lib/progname.c
FLAG:433:61:61:lib/progname.c
FLAG:434:61:64:lib/progname.c
FLAG:435:64:66:lib/progname.c
FLAG:436:64:84:lib/progname.c
FLAG:437:72:84:lib/progname.c
FLAG:438:61:84:lib/progname.c
FLAG:439:61:84:lib/progname.c
FLAG:440:178:179:lib/quotearg.c
FLAG:441:178:180:lib/quotearg.c
FLAG:442:739:258:lib/quotearg.c
FLAG:443:266:258:lib/quotearg.c
FLAG:444:309:316:lib/quotearg.c
FLAG:445:309:316:lib/quotearg.c
FLAG:446:316:317:lib/quotearg.c
FLAG:447:317:317:lib/quotearg.c
FLAG:448:309:202:lib/quotearg.c
FLAG:449:309:202:lib/quotearg.c
FLAG:450:205:226:lib/quotearg.c
FLAG:451:226:148:./lib/c-strcaseeq.h
FLAG:452:148:134:./lib/c-strcaseeq.h
FLAG:453:134:120:./lib/c-strcaseeq.h
FLAG:454:120:106:./lib/c-strcaseeq.h
FLAG:455:106:92:./lib/c-strcaseeq.h
FLAG:456:226:148:./lib/c-strcaseeq.h
FLAG:457:148:134:./lib/c-strcaseeq.h
FLAG:458:134:120:./lib/c-strcaseeq.h
FLAG:459:120:106:./lib/c-strcaseeq.h
FLAG:460:106:92:./lib/c-strcaseeq.h
FLAG:461:92:78:./lib/c-strcaseeq.h
FLAG:462:78:83:./lib/c-strcaseeq.h
FLAG:463:229:232:lib/quotearg.c
FLAG:464:226:232:lib/quotearg.c
FLAG:465:92:232:lib/quotearg.c
FLAG:466:106:232:lib/quotearg.c
FLAG:467:120:232:lib/quotearg.c
FLAG:468:134:232:lib/quotearg.c
FLAG:469:148:232:lib/quotearg.c
FLAG:470:78:232:lib/quotearg.c
FLAG:471:92:232:lib/quotearg.c
FLAG:472:106:232:lib/quotearg.c
FLAG:473:120:232:lib/quotearg.c
FLAG:474:134:232:lib/quotearg.c
FLAG:475:148:232:lib/quotearg.c
FLAG:476:229:202:lib/quotearg.c
FLAG:477:92:202:lib/quotearg.c
FLAG:478:205:202:lib/quotearg.c
FLAG:479:232:202:lib/quotearg.c
FLAG:480:205:226:lib/quotearg.c
FLAG:481:226:148:./lib/c-strcaseeq.h
FLAG:482:148:134:./lib/c-strcaseeq.h
FLAG:483:134:120:./lib/c-strcaseeq.h
FLAG:484:120:106:./lib/c-strcaseeq.h
FLAG:485:106:92:./lib/c-strcaseeq.h
FLAG:486:226:148:./lib/c-strcaseeq.h
FLAG:487:148:134:./lib/c-strcaseeq.h
FLAG:488:134:120:./lib/c-strcaseeq.h
FLAG:489:120:106:./lib/c-strcaseeq.h
FLAG:490:106:92:./lib/c-strcaseeq.h
FLAG:491:92:78:./lib/c-strcaseeq.h
FLAG:492:78:83:./lib/c-strcaseeq.h
FLAG:493:229:232:lib/quotearg.c
FLAG:494:226:232:lib/quotearg.c
FLAG:495:92:232:lib/quotearg.c
FLAG:496:106:232:lib/quotearg.c
FLAG:497:120:232:lib/quotearg.c
FLAG:498:134:232:lib/quotearg.c
FLAG:499:148:232:lib/quotearg.c
FLAG:500:78:232:lib/quotearg.c
FLAG:501:92:232:lib/quotearg.c
FLAG:502:106:232:lib/quotearg.c
FLAG:503:120:232:lib/quotearg.c
FLAG:504:134:232:lib/quotearg.c
FLAG:505:148:232:lib/quotearg.c
FLAG:506:229:358:lib/quotearg.c
FLAG:507:232:358:lib/quotearg.c
FLAG:508:205:358:lib/quotearg.c
FLAG:509:92:358:lib/quotearg.c
FLAG:510:309:358:lib/quotearg.c
FLAG:511:358:359:lib/quotearg.c
FLAG:512:359:360:lib/quotearg.c
FLAG:513:360:360:lib/quotearg.c
FLAG:514:360:360:lib/quotearg.c
FLAG:515:360:360:lib/quotearg.c
FLAG:516:360:360:lib/quotearg.c
FLAG:517:360:257:lib/quotearg.c
FLAG:518:359:257:lib/quotearg.c
FLAG:519:358:257:lib/quotearg.c
FLAG:520:309:368:lib/quotearg.c
FLAG:521:309:371:lib/quotearg.c
FLAG:522:368:371:lib/quotearg.c
FLAG:523:309:261:lib/quotearg.c
FLAG:524:371:261:lib/quotearg.c
FLAG:525:374:263:lib/quotearg.c
FLAG:526:309:263:lib/quotearg.c
FLAG:527:379:380:lib/quotearg.c
FLAG:528:380:380:lib/quotearg.c
FLAG:529:309:387:lib/quotearg.c
FLAG:530:309:390:lib/quotearg.c
FLAG:531:316:257:lib/quotearg.c
FLAG:532:379:257:lib/quotearg.c
FLAG:533:380:257:lib/quotearg.c
FLAG:534:380:257:lib/quotearg.c
FLAG:535:309:257:lib/quotearg.c
FLAG:536:316:257:lib/quotearg.c
FLAG:537:317:257:lib/quotearg.c
FLAG:538:317:257:lib/quotearg.c
FLAG:539:387:257:lib/quotearg.c
FLAG:540:365:257:lib/quotearg.c
FLAG:541:409:257:lib/quotearg.c
FLAG:542:393:257:lib/quotearg.c
FLAG:543:393:393:lib/quotearg.c
FLAG:544:393:393:lib/quotearg.c
FLAG:545:393:402:lib/quotearg.c
FLAG:546:393:402:lib/quotearg.c
FLAG:547:402:404:lib/quotearg.c
FLAG:548:405:409:lib/quotearg.c
FLAG:549:405:405:lib/quotearg.c
FLAG:550:409:405:lib/quotearg.c
FLAG:551:410:410:lib/quotearg.c
FLAG:552:410:417:lib/quotearg.c
FLAG:553:410:417:lib/quotearg.c
FLAG:554:402:417:lib/quotearg.c
FLAG:555:418:421:lib/quotearg.c
FLAG:556:421:423:lib/quotearg.c
FLAG:557:423:423:lib/quotearg.c
FLAG:558:423:423:lib/quotearg.c
FLAG:559:423:423:lib/quotearg.c
FLAG:560:423:423:lib/quotearg.c
FLAG:561:423:423:lib/quotearg.c
FLAG:562:423:423:lib/quotearg.c
FLAG:563:423:423:lib/quotearg.c
FLAG:564:423:423:lib/quotearg.c
FLAG:565:423:423:lib/quotearg.c
FLAG:566:423:423:lib/quotearg.c
FLAG:567:423:423:lib/quotearg.c
FLAG:568:423:423:lib/quotearg.c
FLAG:569:423:423:lib/quotearg.c
FLAG:570:423:423:lib/quotearg.c
FLAG:571:423:423:lib/quotearg.c
FLAG:572:423:423:lib/quotearg.c
FLAG:573:431:431:lib/quotearg.c
FLAG:574:431:431:lib/quotearg.c
FLAG:575:431:433:lib/quotearg.c
FLAG:576:433:433:lib/quotearg.c
FLAG:577:433:433:lib/quotearg.c
FLAG:578:433:433:lib/quotearg.c
FLAG:579:434:434:lib/quotearg.c
FLAG:580:434:434:lib/quotearg.c
FLAG:581:434:434:lib/quotearg.c
FLAG:582:421:442:lib/quotearg.c
FLAG:583:418:447:lib/quotearg.c
FLAG:584:447:450:lib/quotearg.c
FLAG:585:447:456:lib/quotearg.c
FLAG:586:456:456:lib/quotearg.c
FLAG:587:456:456:lib/quotearg.c
FLAG:588:456:457:lib/quotearg.c
FLAG:589:457:464:lib/quotearg.c
FLAG:590:457:464:lib/quotearg.c
FLAG:591:457:464:lib/quotearg.c
FLAG:592:457:464:lib/quotearg.c
FLAG:593:457:464:lib/quotearg.c
FLAG:594:457:464:lib/quotearg.c
FLAG:595:457:464:lib/quotearg.c
FLAG:596:457:464:lib/quotearg.c
FLAG:597:457:464:lib/quotearg.c
FLAG:598:464:468:lib/quotearg.c
FLAG:599:468:468:lib/quotearg.c
FLAG:600:468:468:lib/quotearg.c
FLAG:601:468:468:lib/quotearg.c
FLAG:602:469:469:lib/quotearg.c
FLAG:603:469:469:lib/quotearg.c
FLAG:604:469:469:lib/quotearg.c
FLAG:605:470:470:lib/quotearg.c
FLAG:606:470:470:lib/quotearg.c
FLAG:607:470:470:lib/quotearg.c
FLAG:608:471:471:lib/quotearg.c
FLAG:609:471:471:lib/quotearg.c
FLAG:610:471:471:lib/quotearg.c
FLAG:611:418:485:lib/quotearg.c
FLAG:612:418:486:lib/quotearg.c
FLAG:613:418:488:lib/quotearg.c
FLAG:614:418:489:lib/quotearg.c
FLAG:615:418:490:lib/quotearg.c
FLAG:616:418:493:lib/quotearg.c
FLAG:617:493:495:lib/quotearg.c
FLAG:618:493:502:lib/quotearg.c
FLAG:619:502:505:lib/quotearg.c
FLAG:620:418:505:lib/quotearg.c
FLAG:621:489:505:lib/quotearg.c
FLAG:622:488:505:lib/quotearg.c
FLAG:623:507:510:lib/quotearg.c
FLAG:624:418:510:lib/quotearg.c
FLAG:625:490:510:lib/quotearg.c
FLAG:626:486:510:lib/quotearg.c
FLAG:627:485:510:lib/quotearg.c
FLAG:628:418:519:lib/quotearg.c
FLAG:629:418:519:lib/quotearg.c
FLAG:630:519:519:lib/quotearg.c
FLAG:631:519:523:lib/quotearg.c
FLAG:632:519:523:lib/quotearg.c
FLAG:633:418:523:lib/quotearg.c
FLAG:634:418:523:lib/quotearg.c
FLAG:635:523:527:lib/quotearg.c
FLAG:636:418:527:lib/quotearg.c
FLAG:637:418:542:lib/quotearg.c
FLAG:638:418:542:lib/quotearg.c
FLAG:639:418:542:lib/quotearg.c
FLAG:640:418:542:lib/quotearg.c
FLAG:641:418:542:lib/quotearg.c
FLAG:642:418:542:lib/quotearg.c
FLAG:643:418:542:lib/quotearg.c
FLAG:644:418:542:lib/quotearg.c
FLAG:645:418:542:lib/quotearg.c
FLAG:646:418:542:lib/quotearg.c
FLAG:647:418:542:lib/quotearg.c
FLAG:648:418:542:lib/quotearg.c
FLAG:649:418:542:lib/quotearg.c
FLAG:650:418:542:lib/quotearg.c
FLAG:651:418:542:lib/quotearg.c
FLAG:652:527:542:lib/quotearg.c
FLAG:653:418:549:lib/quotearg.c
FLAG:654:549:551:lib/quotearg.c
FLAG:655:551:554:lib/quotearg.c
FLAG:656:563:563:lib/quotearg.c
FLAG:657:563:563:lib/quotearg.c
FLAG:658:563:563:lib/quotearg.c
FLAG:659:564:564:lib/quotearg.c
FLAG:660:564:564:lib/quotearg.c
FLAG:661:564:564:lib/quotearg.c
FLAG:662:565:565:lib/quotearg.c
FLAG:663:565:565:lib/quotearg.c
FLAG:664:565:565:lib/quotearg.c
FLAG:665:418:607:lib/quotearg.c
FLAG:666:607:610:lib/quotearg.c
FLAG:667:607:614:lib/quotearg.c
FLAG:668:619:620:lib/quotearg.c
FLAG:669:620:622:lib/quotearg.c
FLAG:670:619:622:lib/quotearg.c
FLAG:671:622:617:lib/quotearg.c
FLAG:672:668:617:lib/quotearg.c
FLAG:673:651:652:lib/quotearg.c
FLAG:674:651:652:lib/quotearg.c
FLAG:675:652:651:lib/quotearg.c
FLAG:676:627:651:lib/quotearg.c
FLAG:677:651:663:lib/quotearg.c
FLAG:678:651:663:lib/quotearg.c
FLAG:679:652:667:lib/quotearg.c
FLAG:680:652:667:lib/quotearg.c
FLAG:681:652:667:lib/quotearg.c
FLAG:682:652:667:lib/quotearg.c
FLAG:683:652:667:lib/quotearg.c
FLAG:684:622:617:lib/quotearg.c
FLAG:685:668:617:lib/quotearg.c
FLAG:686:627:637:lib/quotearg.c
FLAG:687:627:637:lib/quotearg.c
FLAG:688:637:637:lib/quotearg.c
FLAG:689:637:637:lib/quotearg.c
FLAG:690:638:637:lib/quotearg.c
FLAG:691:637:638:lib/quotearg.c
FLAG:692:627:667:lib/quotearg.c
FLAG:693:627:667:lib/quotearg.c
FLAG:694:638:667:lib/quotearg.c
FLAG:695:637:667:lib/quotearg.c
FLAG:696:627:667:lib/quotearg.c
FLAG:697:627:667:lib/quotearg.c
FLAG:698:667:667:lib/quotearg.c
FLAG:699:667:667:lib/quotearg.c
FLAG:700:637:667:lib/quotearg.c
FLAG:701:627:663:lib/quotearg.c
FLAG:702:668:669:lib/quotearg.c
FLAG:703:668:669:lib/quotearg.c
FLAG:704:667:669:lib/quotearg.c
FLAG:705:669:671:lib/quotearg.c
FLAG:706:611:671:lib/quotearg.c
FLAG:707:673:677:lib/quotearg.c
FLAG:708:697:264:lib/quotearg.c
FLAG:709:679:264:lib/quotearg.c
FLAG:710:681:683:lib/quotearg.c
FLAG:711:683:683:lib/quotearg.c
FLAG:712:683:683:lib/quotearg.c
FLAG:713:683:683:lib/quotearg.c
FLAG:714:683:683:lib/quotearg.c
FLAG:715:683:683:lib/quotearg.c
FLAG:716:683:683:lib/quotearg.c
FLAG:717:683:683:lib/quotearg.c
FLAG:718:683:683:lib/quotearg.c
FLAG:719:683:683:lib/quotearg.c
FLAG:720:683:683:lib/quotearg.c
FLAG:721:683:683:lib/quotearg.c
FLAG:722:683:683:lib/quotearg.c
FLAG:723:683:683:lib/quotearg.c
FLAG:724:683:683:lib/quotearg.c
FLAG:725:683:683:lib/quotearg.c
FLAG:726:683:683:lib/quotearg.c
FLAG:727:684:684:lib/quotearg.c
FLAG:728:684:684:lib/quotearg.c
FLAG:729:684:684:lib/quotearg.c
FLAG:730:685:685:lib/quotearg.c
FLAG:731:685:685:lib/quotearg.c
FLAG:732:685:685:lib/quotearg.c
FLAG:733:681:688:lib/quotearg.c
FLAG:734:688:690:lib/quotearg.c
FLAG:735:690:690:lib/quotearg.c
FLAG:736:690:690:lib/quotearg.c
FLAG:737:690:690:lib/quotearg.c
FLAG:738:688:264:lib/quotearg.c
FLAG:739:692:264:lib/quotearg.c
FLAG:740:687:264:lib/quotearg.c
FLAG:741:693:695:lib/quotearg.c
FLAG:742:695:695:lib/quotearg.c
FLAG:743:695:695:lib/quotearg.c
FLAG:744:695:695:lib/quotearg.c
FLAG:745:695:695:lib/quotearg.c
FLAG:746:695:695:lib/quotearg.c
FLAG:747:695:695:lib/quotearg.c
FLAG:748:695:695:lib/quotearg.c
FLAG:749:695:696:lib/quotearg.c
FLAG:750:695:696:lib/quotearg.c
FLAG:751:696:696:lib/quotearg.c
FLAG:752:696:696:lib/quotearg.c
FLAG:753:696:696:lib/quotearg.c
FLAG:754:673:258:lib/quotearg.c
FLAG:755:418:258:lib/quotearg.c
FLAG:756:418:258:lib/quotearg.c
FLAG:757:418:258:lib/quotearg.c
FLAG:758:418:258:lib/quotearg.c
FLAG:759:418:258:lib/quotearg.c
FLAG:760:418:258:lib/quotearg.c
FLAG:761:418:258:lib/quotearg.c
FLAG:762:418:258:lib/quotearg.c
FLAG:763:418:258:lib/quotearg.c
FLAG:764:418:258:lib/quotearg.c
FLAG:765:418:258:lib/quotearg.c
FLAG:766:418:258:lib/quotearg.c
FLAG:767:418:258:lib/quotearg.c
FLAG:768:418:258:lib/quotearg.c
FLAG:769:418:258:lib/quotearg.c
FLAG:770:418:258:lib/quotearg.c
FLAG:771:418:258:lib/quotearg.c
FLAG:772:418:258:lib/quotearg.c
FLAG:773:418:258:lib/quotearg.c
FLAG:774:418:258:lib/quotearg.c
FLAG:775:418:258:lib/quotearg.c
FLAG:776:418:258:lib/quotearg.c
FLAG:777:418:258:lib/quotearg.c
FLAG:778:418:258:lib/quotearg.c
FLAG:779:418:258:lib/quotearg.c
FLAG:780:418:258:lib/quotearg.c
FLAG:781:418:258:lib/quotearg.c
FLAG:782:418:258:lib/quotearg.c
FLAG:783:418:258:lib/quotearg.c
FLAG:784:418:258:lib/quotearg.c
FLAG:785:418:258:lib/quotearg.c
FLAG:786:418:258:lib/quotearg.c
FLAG:787:418:258:lib/quotearg.c
FLAG:788:418:258:lib/quotearg.c
FLAG:789:418:258:lib/quotearg.c
FLAG:790:418:258:lib/quotearg.c
FLAG:791:418:258:lib/quotearg.c
FLAG:792:418:258:lib/quotearg.c
FLAG:793:418:258:lib/quotearg.c
FLAG:794:418:258:lib/quotearg.c
FLAG:795:418:258:lib/quotearg.c
FLAG:796:418:258:lib/quotearg.c
FLAG:797:418:258:lib/quotearg.c
FLAG:798:418:258:lib/quotearg.c
FLAG:799:418:258:lib/quotearg.c
FLAG:800:418:258:lib/quotearg.c
FLAG:801:418:258:lib/quotearg.c
FLAG:802:418:258:lib/quotearg.c
FLAG:803:418:258:lib/quotearg.c
FLAG:804:418:258:lib/quotearg.c
FLAG:805:418:258:lib/quotearg.c
FLAG:806:418:258:lib/quotearg.c
FLAG:807:418:258:lib/quotearg.c
FLAG:808:418:258:lib/quotearg.c
FLAG:809:418:258:lib/quotearg.c
FLAG:810:418:258:lib/quotearg.c
FLAG:811:418:258:lib/quotearg.c
FLAG:812:418:258:lib/quotearg.c
FLAG:813:418:258:lib/quotearg.c
FLAG:814:418:258:lib/quotearg.c
FLAG:815:418:258:lib/quotearg.c
FLAG:816:418:258:lib/quotearg.c
FLAG:817:418:258:lib/quotearg.c
FLAG:818:418:258:lib/quotearg.c
FLAG:819:418:258:lib/quotearg.c
FLAG:820:418:258:lib/quotearg.c
FLAG:821:418:258:lib/quotearg.c
FLAG:822:418:258:lib/quotearg.c
FLAG:823:418:258:lib/quotearg.c
FLAG:824:418:258:lib/quotearg.c
FLAG:825:418:258:lib/quotearg.c
FLAG:826:542:258:lib/quotearg.c
FLAG:827:519:258:lib/quotearg.c
FLAG:828:431:258:lib/quotearg.c
FLAG:829:431:258:lib/quotearg.c
FLAG:830:431:258:lib/quotearg.c
FLAG:831:435:258:lib/quotearg.c
FLAG:832:442:258:lib/quotearg.c
FLAG:833:450:258:lib/quotearg.c
FLAG:834:456:258:lib/quotearg.c
FLAG:835:523:258:lib/quotearg.c
FLAG:836:549:258:lib/quotearg.c
FLAG:837:567:258:lib/quotearg.c
FLAG:838:519:258:lib/quotearg.c
FLAG:839:511:258:lib/quotearg.c
FLAG:840:472:258:lib/quotearg.c
FLAG:841:457:258:lib/quotearg.c
FLAG:842:456:258:lib/quotearg.c
FLAG:843:456:258:lib/quotearg.c
FLAG:844:447:258:lib/quotearg.c
FLAG:845:705:708:lib/quotearg.c
FLAG:846:705:709:lib/quotearg.c
FLAG:847:511:393:lib/quotearg.c
FLAG:848:709:393:lib/quotearg.c
FLAG:849:709:393:lib/quotearg.c
FLAG:850:713:713:lib/quotearg.c
FLAG:851:713:713:lib/quotearg.c
FLAG:852:713:713:lib/quotearg.c
FLAG:853:713:713:lib/quotearg.c
FLAG:854:713:713:lib/quotearg.c
FLAG:855:713:713:lib/quotearg.c
FLAG:856:713:713:lib/quotearg.c
FLAG:857:713:713:lib/quotearg.c
FLAG:858:713:713:lib/quotearg.c
FLAG:859:713:713:lib/quotearg.c
FLAG:860:713:713:lib/quotearg.c
FLAG:861:713:713:lib/quotearg.c
FLAG:862:713:713:lib/quotearg.c
FLAG:863:713:713:lib/quotearg.c
FLAG:864:713:713:lib/quotearg.c
FLAG:865:713:713:lib/quotearg.c
FLAG:866:693:393:lib/quotearg.c
FLAG:867:502:393:lib/quotearg.c
FLAG:868:709:393:lib/quotearg.c
FLAG:869:495:393:lib/quotearg.c
FLAG:870:709:393:lib/quotearg.c
FLAG:871:716:716:lib/quotearg.c
FLAG:872:716:716:lib/quotearg.c
FLAG:873:716:716:lib/quotearg.c
FLAG:874:716:716:lib/quotearg.c
FLAG:875:716:716:lib/quotearg.c
FLAG:876:716:716:lib/quotearg.c
FLAG:877:716:716:lib/quotearg.c
FLAG:878:716:717:lib/quotearg.c
FLAG:879:716:717:lib/quotearg.c
FLAG:880:716:717:lib/quotearg.c
FLAG:881:717:717:lib/quotearg.c
FLAG:882:717:717:lib/quotearg.c
FLAG:883:717:717:lib/quotearg.c
FLAG:884:721:393:lib/quotearg.c
FLAG:885:442:393:lib/quotearg.c
FLAG:886:393:723:lib/quotearg.c
FLAG:887:393:723:lib/quotearg.c
FLAG:888:723:731:lib/quotearg.c
FLAG:889:732:734:lib/quotearg.c
FLAG:890:734:735:lib/quotearg.c
FLAG:891:734:739:lib/quotearg.c
FLAG:892:732:748:lib/quotearg.c
FLAG:893:739:748:lib/quotearg.c
FLAG:894:748:749:lib/quotearg.c
FLAG:895:749:750:lib/quotearg.c
FLAG:896:750:750:lib/quotearg.c
FLAG:897:750:750:lib/quotearg.c
FLAG:898:750:750:lib/quotearg.c
FLAG:899:750:750:lib/quotearg.c
FLAG:900:750:257:lib/quotearg.c
FLAG:901:749:257:lib/quotearg.c
FLAG:902:748:257:lib/quotearg.c
FLAG:903:752:753:lib/quotearg.c
FLAG:904:450:756:lib/quotearg.c
FLAG:905:495:756:lib/quotearg.c
FLAG:906:507:756:lib/quotearg.c
FLAG:907:542:756:lib/quotearg.c
FLAG:908:551:756:lib/quotearg.c
FLAG:909:669:756:lib/quotearg.c
FLAG:910:723:756:lib/quotearg.c
FLAG:911:713:756:lib/quotearg.c
FLAG:912:423:756:lib/quotearg.c
FLAG:913:683:756:lib/quotearg.c
FLAG:914:759:759:lib/quotearg.c
FLAG:915:759:759:lib/quotearg.c
FLAG:916:464:763:lib/quotearg.c
FLAG:917:410:763:lib/quotearg.c
FLAG:918:759:763:lib/quotearg.c
FLAG:919:759:763:lib/quotearg.c
FLAG:920:752:765:lib/quotearg.c
FLAG:921:753:765:lib/quotearg.c
FLAG:922:763:765:lib/quotearg.c
FLAG:923:735:765:lib/quotearg.c
FLAG:924:820:821:lib/quotearg.c
FLAG:925:821:822:lib/quotearg.c
FLAG:926:820:822:lib/quotearg.c
FLAG:927:844:845:lib/quotearg.c
FLAG:928:845:845:lib/quotearg.c
FLAG:929:845:846:lib/quotearg.c
FLAG:930:844:846:lib/quotearg.c
FLAG:931:846:848:lib/quotearg.c
FLAG:932:846:852:lib/quotearg.c
FLAG:933:851:852:lib/quotearg.c
FLAG:934:852:854:lib/quotearg.c
FLAG:935:852:857:lib/quotearg.c
FLAG:936:856:857:lib/quotearg.c
FLAG:937:878:879:lib/quotearg.c
FLAG:938:878:881:lib/quotearg.c
FLAG:939:881:883:lib/quotearg.c
FLAG:940:888:889:lib/quotearg.c
FLAG:941:889:890:lib/quotearg.c
FLAG:942:888:890:lib/quotearg.c
FLAG:943:881:895:lib/quotearg.c
FLAG:944:892:895:lib/quotearg.c
FLAG:945:905:907:lib/quotearg.c
FLAG:946:908:909:lib/quotearg.c
FLAG:947:908:910:lib/quotearg.c
FLAG:948:909:910:lib/quotearg.c
FLAG:949:905:917:lib/quotearg.c
FLAG:950:915:917:lib/quotearg.c
FLAG:951:949:190:lib/quotearg.c
FLAG:952:949:191:lib/quotearg.c
FLAG:953:957:190:lib/quotearg.c
FLAG:954:957:191:lib/quotearg.c
FLAG:955:949:190:lib/quotearg.c
FLAG:956:949:191:lib/quotearg.c
FLAG:957:957:190:lib/quotearg.c
FLAG:958:957:191:lib/quotearg.c
FLAG:959:1004:190:lib/quotearg.c
FLAG:960:1004:1004:lib/quotearg.c
FLAG:961:1022:179:lib/quotearg.c
FLAG:962:1022:180:lib/quotearg.c
FLAG:963:1022:179:lib/quotearg.c
FLAG:964:1022:180:lib/quotearg.c
FLAG:965:1022:179:lib/quotearg.c
FLAG:966:1022:180:lib/quotearg.c
FLAG:967:1022:179:lib/quotearg.c
FLAG:968:1022:180:lib/quotearg.c
FLAG:969:66:67:lib/version-etc.c
FLAG:970:66:69:lib/version-etc.c
FLAG:971:69:83:lib/version-etc.c
FLAG:972:67:83:lib/version-etc.c
FLAG:973:97:105:lib/version-etc.c
FLAG:974:97:109:lib/version-etc.c
FLAG:975:97:113:lib/version-etc.c
FLAG:976:97:120:lib/version-etc.c
FLAG:977:97:127:lib/version-etc.c
FLAG:978:97:134:lib/version-etc.c
FLAG:979:97:142:lib/version-etc.c
FLAG:980:97:150:lib/version-etc.c
FLAG:981:97:159:lib/version-etc.c
FLAG:982:97:170:lib/version-etc.c
FLAG:983:174:176:lib/version-etc.c
FLAG:984:163:176:lib/version-etc.c
FLAG:985:154:176:lib/version-etc.c
FLAG:986:145:176:lib/version-etc.c
FLAG:987:137:176:lib/version-etc.c
FLAG:988:129:176:lib/version-etc.c
FLAG:989:122:176:lib/version-etc.c
FLAG:990:115:176:lib/version-etc.c
FLAG:991:110:176:lib/version-etc.c
FLAG:992:106:176:lib/version-etc.c
FLAG:993:97:176:lib/version-etc.c
FLAG:994:189:189:lib/version-etc.c
FLAG:995:189:189:lib/version-etc.c
FLAG:996:189:191:lib/version-etc.c
FLAG:997:208:208:lib/version-etc.c
FLAG:998:208:208:lib/version-etc.c
FLAG:999:208:208:lib/version-etc.c
FLAG:1000:208:208:lib/version-etc.c
FLAG:1001:208:208:lib/version-etc.c
FLAG:1002:208:211:lib/version-etc.c
FLAG:1003:208:211:lib/version-etc.c
FLAG:1004:208:211:lib/version-etc.c
FLAG:1005:208:211:lib/version-etc.c
FLAG:1006:208:211:lib/version-etc.c
FLAG:1007:208:211:lib/version-etc.c
FLAG:1008:208:211:lib/version-etc.c
FLAG:1009:208:211:lib/version-etc.c
FLAG:1010:208:211:lib/version-etc.c
FLAG:1011:208:211:lib/version-etc.c
FLAG:1012:208:208:lib/version-etc.c
FLAG:1013:208:208:lib/version-etc.c
FLAG:1014:208:208:lib/version-etc.c
FLAG:1015:208:208:lib/version-etc.c
FLAG:1016:208:208:lib/version-etc.c
FLAG:1017:208:208:lib/version-etc.c
FLAG:1018:208:208:lib/version-etc.c
FLAG:1019:208:208:lib/version-etc.c
FLAG:1020:208:208:lib/version-etc.c
FLAG:1021:208:208:lib/version-etc.c
FLAG:1022:208:208:lib/version-etc.c
FLAG:1023:208:208:lib/version-etc.c
FLAG:1024:208:208:lib/version-etc.c
FLAG:1025:208:208:lib/version-etc.c
FLAG:1026:208:208:lib/version-etc.c
FLAG:1027:208:208:lib/version-etc.c
FLAG:1028:208:208:lib/version-etc.c
FLAG:1029:208:208:lib/version-etc.c
FLAG:1030:208:208:lib/version-etc.c
FLAG:1031:208:208:lib/version-etc.c
FLAG:1032:208:208:lib/version-etc.c
FLAG:1033:208:208:lib/version-etc.c
FLAG:1034:208:208:lib/version-etc.c
FLAG:1035:208:208:lib/version-etc.c
FLAG:1036:208:208:lib/version-etc.c
FLAG:1037:208:208:lib/version-etc.c
FLAG:1038:208:208:lib/version-etc.c
FLAG:1039:208:208:lib/version-etc.c
FLAG:1040:84:84:lib/xmalloc.c
FLAG:1041:84:84:lib/xmalloc.c
FLAG:1042:84:85:lib/xmalloc.c
FLAG:1043:84:85:lib/xmalloc.c
FLAG:1044:84:144:./lib/xalloc.h
FLAG:1045:84:144:./lib/xalloc.h
FLAG:1046:84:84:lib/xmalloc.c
FLAG:1047:84:84:lib/xmalloc.c
FLAG:1048:84:85:lib/xmalloc.c
FLAG:1049:84:85:lib/xmalloc.c
FLAG:1050:84:86:lib/xmalloc.c
FLAG:1051:84:86:lib/xmalloc.c
FLAG:1052:44:35:lib/xmalloc.c
FLAG:1053:44:44:lib/xmalloc.c
FLAG:1054:51:35:lib/xmalloc.c
FLAG:1055:51:50:lib/xmalloc.c
FLAG:1056:44:35:lib/xmalloc.c
FLAG:1057:44:56:lib/xmalloc.c
FLAG:1058:66:66:lib/xmalloc.c
FLAG:1059:66:67:lib/xmalloc.c
FLAG:1060:66:68:lib/xmalloc.c
FLAG:1061:66:68:lib/xmalloc.c
FLAG:1062:61:35:lib/xmalloc.c
FLAG:1063:61:74:lib/xmalloc.c
FLAG:1064:92:35:lib/xmalloc.c
FLAG:1065:92:92:lib/xmalloc.c
FLAG:1066:84:85:lib/xmalloc.c
FLAG:1067:84:101:lib/xmalloc.c
FLAG:1068:175:177:lib/xmalloc.c
FLAG:1069:175:192:lib/xmalloc.c
FLAG:1070:192:193:lib/xmalloc.c
FLAG:1071:177:83:lib/xmalloc.c
FLAG:1072:192:83:lib/xmalloc.c
FLAG:1073:84:85:lib/xmalloc.c
FLAG:1074:84:197:lib/xmalloc.c
FLAG:1075:175:177:lib/xmalloc.c
FLAG:1076:177:185:lib/xmalloc.c
FLAG:1077:175:192:lib/xmalloc.c
FLAG:1078:192:193:lib/xmalloc.c
FLAG:1079:177:83:lib/xmalloc.c
FLAG:1080:192:83:lib/xmalloc.c
FLAG:1081:187:83:lib/xmalloc.c
FLAG:1082:84:84:lib/xmalloc.c
FLAG:1083:84:84:lib/xmalloc.c
FLAG:1084:84:85:lib/xmalloc.c
FLAG:1085:84:85:lib/xmalloc.c
FLAG:1086:84:197:lib/xmalloc.c
FLAG:1087:84:197:lib/xmalloc.c
FLAG:1088:248:248:lib/xmalloc.c
FLAG:1089:248:248:lib/xmalloc.c
FLAG:1090:248:248:lib/xmalloc.c
FLAG:1091:248:248:lib/xmalloc.c
FLAG:1092:248:248:lib/xmalloc.c
FLAG:1093:248:248:lib/xmalloc.c
FLAG:1094:248:248:lib/xmalloc.c
FLAG:1095:248:248:lib/xmalloc.c
FLAG:1096:248:248:lib/xmalloc.c
FLAG:1097:248:248:lib/xmalloc.c
FLAG:1098:248:248:lib/xmalloc.c
FLAG:1099:248:248:lib/xmalloc.c
FLAG:1100:248:248:lib/xmalloc.c
FLAG:1101:248:248:lib/xmalloc.c
FLAG:1102:248:248:lib/xmalloc.c
FLAG:1103:248:248:lib/xmalloc.c
FLAG:1104:250:253:lib/xmalloc.c
FLAG:1105:248:253:lib/xmalloc.c
FLAG:1106:248:253:lib/xmalloc.c
FLAG:1107:248:253:lib/xmalloc.c
FLAG:1108:248:253:lib/xmalloc.c
FLAG:1109:250:257:lib/xmalloc.c
FLAG:1110:255:257:lib/xmalloc.c
FLAG:1111:257:258:lib/xmalloc.c
FLAG:1112:257:259:lib/xmalloc.c
FLAG:1113:258:259:lib/xmalloc.c
FLAG:1114:260:260:lib/xmalloc.c
FLAG:1115:261:262:lib/xmalloc.c
FLAG:1116:262:262:lib/xmalloc.c
FLAG:1117:262:262:lib/xmalloc.c
FLAG:1118:262:262:lib/xmalloc.c
FLAG:1119:262:262:lib/xmalloc.c
FLAG:1120:262:262:lib/xmalloc.c
FLAG:1121:262:262:lib/xmalloc.c
FLAG:1122:262:262:lib/xmalloc.c
FLAG:1123:262:262:lib/xmalloc.c
FLAG:1124:262:262:lib/xmalloc.c
FLAG:1125:262:262:lib/xmalloc.c
FLAG:1126:262:262:lib/xmalloc.c
FLAG:1127:262:262:lib/xmalloc.c
FLAG:1128:262:262:lib/xmalloc.c
FLAG:1129:262:262:lib/xmalloc.c
FLAG:1130:262:262:lib/xmalloc.c
FLAG:1131:262:262:lib/xmalloc.c
FLAG:1132:262:263:lib/xmalloc.c
FLAG:1133:262:263:lib/xmalloc.c
FLAG:1134:262:263:lib/xmalloc.c
FLAG:1135:262:263:lib/xmalloc.c
FLAG:1136:261:263:lib/xmalloc.c
FLAG:1137:262:65:lib/xmalloc.c
FLAG:1138:260:65:lib/xmalloc.c
FLAG:1139:66:67:lib/xmalloc.c
FLAG:1140:66:265:lib/xmalloc.c
FLAG:1141:291:35:lib/xmalloc.c
FLAG:1142:291:276:lib/xmalloc.c
FLAG:1143:291:35:lib/xmalloc.c
FLAG:1144:291:291:lib/xmalloc.c
FLAG:1145:81:35:lib/xmalloc.c
FLAG:1146:81:282:lib/xmalloc.c
FLAG:1147:81:35:lib/xmalloc.c
FLAG:1148:81:297:lib/xmalloc.c
FLAG:1149:44:35:lib/xmalloc.c
FLAG:1150:44:34:/usr/include/x86_64-linux-gnu/bits/string_fortified.h
FLAG:1151:51:35:lib/xmalloc.c
FLAG:1152:51:34:/usr/include/x86_64-linux-gnu/bits/string_fortified.h
FLAG:1153:322:35:lib/xmalloc.c
FLAG:1154:322:323:lib/xmalloc.c
FLAG:1155:332:35:lib/xmalloc.c
FLAG:1156:332:34:/usr/include/x86_64-linux-gnu/bits/string_fortified.h
FLAG:1157:84:84:./lib/xstrtol.c
FLAG:1158:84:86:./lib/xstrtol.c
FLAG:1159:95:94:./lib/xstrtol.c
FLAG:1160:94:94:./lib/xstrtol.c
FLAG:1161:95:86:./lib/xstrtol.c
FLAG:1162:96:339:/usr/include/inttypes.h
FLAG:1163:339:106:./lib/xstrtol.c
FLAG:1164:106:106:./lib/xstrtol.c
FLAG:1165:106:106:./lib/xstrtol.c
FLAG:1166:339:111:./lib/xstrtol.c
FLAG:1167:111:116:./lib/xstrtol.c
FLAG:1168:111:121:./lib/xstrtol.c
FLAG:1169:116:121:./lib/xstrtol.c
FLAG:1170:121:123:./lib/xstrtol.c
FLAG:1171:106:127:./lib/xstrtol.c
FLAG:1172:121:127:./lib/xstrtol.c
FLAG:1173:127:133:./lib/xstrtol.c
FLAG:1174:133:135:./lib/xstrtol.c
FLAG:1175:133:139:./lib/xstrtol.c
FLAG:1176:139:151:./lib/xstrtol.c
FLAG:1177:139:151:./lib/xstrtol.c
FLAG:1178:139:151:./lib/xstrtol.c
FLAG:1179:139:151:./lib/xstrtol.c
FLAG:1180:139:151:./lib/xstrtol.c
FLAG:1181:139:151:./lib/xstrtol.c
FLAG:1182:139:151:./lib/xstrtol.c
FLAG:1183:139:151:./lib/xstrtol.c
FLAG:1184:139:151:./lib/xstrtol.c
FLAG:1185:139:151:./lib/xstrtol.c
FLAG:1186:139:151:./lib/xstrtol.c
FLAG:1187:139:151:./lib/xstrtol.c
FLAG:1188:151:152:./lib/xstrtol.c
FLAG:1189:152:155:./lib/xstrtol.c
FLAG:1190:152:163:./lib/xstrtol.c
FLAG:1191:152:163:./lib/xstrtol.c
FLAG:1192:155:167:./lib/xstrtol.c
FLAG:1193:151:167:./lib/xstrtol.c
FLAG:1194:152:167:./lib/xstrtol.c
FLAG:1195:163:167:./lib/xstrtol.c
FLAG:1196:139:167:./lib/xstrtol.c
FLAG:1197:167:55:./lib/xstrtol.c
FLAG:1198:167:55:./lib/xstrtol.c
FLAG:1199:167:55:./lib/xstrtol.c
FLAG:1200:167:55:./lib/xstrtol.c
FLAG:1201:167:55:./lib/xstrtol.c
FLAG:1202:167:55:./lib/xstrtol.c
FLAG:1203:167:55:./lib/xstrtol.c
FLAG:1204:167:55:./lib/xstrtol.c
FLAG:1205:167:55:./lib/xstrtol.c
FLAG:1206:167:55:./lib/xstrtol.c
FLAG:1207:167:55:./lib/xstrtol.c
FLAG:1208:167:55:./lib/xstrtol.c
FLAG:1209:167:55:./lib/xstrtol.c
FLAG:1210:167:55:./lib/xstrtol.c
FLAG:1211:167:55:./lib/xstrtol.c
FLAG:1212:167:225:./lib/xstrtol.c
FLAG:1213:229:229:./lib/xstrtol.c
FLAG:1214:229:229:./lib/xstrtol.c
FLAG:1215:229:229:./lib/xstrtol.c
FLAG:1216:229:229:./lib/xstrtol.c
FLAG:1217:229:229:./lib/xstrtol.c
FLAG:1218:229:229:./lib/xstrtol.c
FLAG:1219:229:229:./lib/xstrtol.c
FLAG:1220:229:229:./lib/xstrtol.c
FLAG:1221:171:229:./lib/xstrtol.c
FLAG:1222:178:229:./lib/xstrtol.c
FLAG:1223:214:229:./lib/xstrtol.c
FLAG:1224:167:229:./lib/xstrtol.c
FLAG:1225:232:107:./lib/xstrtol.c
FLAG:1226:127:107:./lib/xstrtol.c
FLAG:1227:96:237:./lib/xstrtol.c
FLAG:1228:136:237:./lib/xstrtol.c
FLAG:1229:226:237:./lib/xstrtol.c
FLAG:1230:111:237:./lib/xstrtol.c
FLAG:1231:106:237:./lib/xstrtol.c
FLAG:1232:106:237:./lib/xstrtol.c
FLAG:1233:106:237:./lib/xstrtol.c
FLAG:1234:236:237:./lib/xstrtol.c
FLAG:1235:124:237:./lib/xstrtol.c
FLAG:1236:66:67:lib/fclose.c
FLAG:1237:66:72:lib/fclose.c
FLAG:1238:72:72:lib/fclose.c
FLAG:1239:73:73:lib/fclose.c
FLAG:1240:72:73:lib/fclose.c
FLAG:1241:73:100:lib/fclose.c
FLAG:1242:73:100:lib/fclose.c
FLAG:1243:73:74:lib/fclose.c
FLAG:1244:105:107:lib/fclose.c
FLAG:1245:105:112:lib/fclose.c
FLAG:1246:109:112:lib/fclose.c
FLAG:1247:105:112:lib/fclose.c
FLAG:1248:67:112:lib/fclose.c
FLAG:1249:148:148:lib/fflush.c
FLAG:1250:148:149:lib/fflush.c
FLAG:1251:148:149:lib/fflush.c
FLAG:1252:148:41:lib/fflush.c
FLAG:1253:41:43:lib/fflush.c
FLAG:1254:41:156:lib/fflush.c
FLAG:1255:43:156:lib/fflush.c
FLAG:1256:156:233:lib/fflush.c
FLAG:1257:149:233:lib/fflush.c
FLAG:1258:53:53:lib/fseeko.c
FLAG:1259:54:54:lib/fseeko.c
FLAG:1260:54:117:lib/fseeko.c
FLAG:1261:118:129:lib/fseeko.c
FLAG:1262:54:163:lib/fseeko.c
FLAG:1263:54:163:lib/fseeko.c
FLAG:1264:53:163:lib/fseeko.c
FLAG:1265:161:164:lib/fseeko.c
FLAG:1266:118:164:lib/fseeko.c
FLAG:1267:163:164:lib/fseeko.c
FLAG:1268:147:147:lib/mbrtowc.c
FLAG:1269:147:149:lib/mbrtowc.c
FLAG:1270:147:156:lib/mbrtowc.c
FLAG:1271:147:156:lib/mbrtowc.c
FLAG:1272:150:156:lib/mbrtowc.c
FLAG:1273:33:38:lib/c-strcasecmp.c
FLAG:1274:47:38:lib/c-strcasecmp.c
FLAG:1275:339:50:lib/c-strcasecmp.c
FLAG:1276:339:44:lib/c-strcasecmp.c
FLAG:1277:47:50:lib/c-strcasecmp.c
FLAG:1278:50:50:lib/c-strcasecmp.c
FLAG:1279:33:56:lib/c-strcasecmp.c
FLAG:1280:50:56:lib/c-strcasecmp.c
FLAG:1281:137:58:lib/close-stream.c
FLAG:1282:70:70:lib/close-stream.c
FLAG:1283:137:72:lib/close-stream.c
FLAG:1284:72:73:lib/close-stream.c
FLAG:1285:70:78:lib/close-stream.c
FLAG:1286:70:78:lib/close-stream.c
FLAG:1287:72:78:lib/close-stream.c
FLAG:1288:73:78:lib/close-stream.c
FLAG:1289:31:34:lib/hard-locale.c
FLAG:1290:34:34:lib/hard-locale.c
FLAG:1291:34:35:lib/hard-locale.c
FLAG:1292:34:35:lib/hard-locale.c
FLAG:1293:31:35:lib/hard-locale.c
FLAG:1294:142:145:lib/setlocale_null.c
FLAG:1295:145:149:lib/setlocale_null.c
FLAG:1296:142:154:lib/setlocale_null.c
FLAG:1297:155:157:lib/setlocale_null.c
FLAG:1298:155:162:lib/setlocale_null.c
FLAG:1299:162:167:lib/setlocale_null.c
FLAG:1300:145:274:lib/setlocale_null.c
FLAG:1301:149:274:lib/setlocale_null.c
FLAG:1302:158:274:lib/setlocale_null.c
FLAG:1303:162:274:lib/setlocale_null.c
FLAG:1304:169:274:lib/setlocale_null.c
FLAG:1305:171:178:./lib/c-ctype.h
FLAG:1306:171:180:./lib/c-ctype.h
FLAG:1307:171:180:./lib/c-ctype.h
FLAG:1308:171:180:./lib/c-ctype.h
FLAG:1309:171:180:./lib/c-ctype.h
FLAG:1310:171:180:./lib/c-ctype.h
FLAG:1311:171:180:./lib/c-ctype.h
FLAG:1312:171:180:./lib/c-ctype.h
FLAG:1313:171:180:./lib/c-ctype.h
FLAG:1314:171:180:./lib/c-ctype.h
FLAG:1315:171:180:./lib/c-ctype.h
FLAG:1316:171:180:./lib/c-ctype.h
FLAG:1317:171:180:./lib/c-ctype.h
FLAG:1318:171:180:./lib/c-ctype.h
FLAG:1319:171:180:./lib/c-ctype.h
FLAG:1320:171:180:./lib/c-ctype.h
FLAG:1321:171:180:./lib/c-ctype.h
FLAG:1322:171:180:./lib/c-ctype.h
FLAG:1323:171:180:./lib/c-ctype.h
FLAG:1324:171:180:./lib/c-ctype.h
FLAG:1325:171:180:./lib/c-ctype.h
FLAG:1326:171:180:./lib/c-ctype.h
FLAG:1327:171:180:./lib/c-ctype.h
FLAG:1328:171:180:./lib/c-ctype.h
FLAG:1329:171:180:./lib/c-ctype.h
FLAG:1330:171:180:./lib/c-ctype.h
FLAG:1331:171:180:./lib/c-ctype.h
FLAG:1332:171:180:./lib/c-ctype.h
FLAG:1333:171:180:./lib/c-ctype.h
FLAG:1334:171:180:./lib/c-ctype.h
FLAG:1335:171:180:./lib/c-ctype.h
FLAG:1336:171:180:./lib/c-ctype.h
FLAG:1337:171:180:./lib/c-ctype.h
FLAG:1338:171:180:./lib/c-ctype.h
FLAG:1339:171:180:./lib/c-ctype.h
FLAG:1340:171:180:./lib/c-ctype.h
FLAG:1341:171:180:./lib/c-ctype.h
FLAG:1342:171:180:./lib/c-ctype.h
FLAG:1343:171:180:./lib/c-ctype.h
FLAG:1344:171:180:./lib/c-ctype.h
FLAG:1345:171:180:./lib/c-ctype.h
FLAG:1346:171:180:./lib/c-ctype.h
FLAG:1347:171:180:./lib/c-ctype.h
FLAG:1348:171:180:./lib/c-ctype.h
FLAG:1349:171:180:./lib/c-ctype.h
FLAG:1350:171:180:./lib/c-ctype.h
FLAG:1351:171:180:./lib/c-ctype.h
FLAG:1352:171:180:./lib/c-ctype.h
FLAG:1353:171:180:./lib/c-ctype.h
FLAG:1354:171:180:./lib/c-ctype.h
FLAG:1355:171:180:./lib/c-ctype.h
FLAG:1356:171:180:./lib/c-ctype.h
FLAG:1357:171:180:./lib/c-ctype.h
FLAG:1358:171:180:./lib/c-ctype.h
FLAG:1359:171:180:./lib/c-ctype.h
FLAG:1360:171:180:./lib/c-ctype.h
FLAG:1361:171:180:./lib/c-ctype.h
FLAG:1362:171:180:./lib/c-ctype.h
FLAG:1363:171:180:./lib/c-ctype.h
FLAG:1364:171:180:./lib/c-ctype.h
FLAG:1365:171:180:./lib/c-ctype.h
FLAG:1366:171:180:./lib/c-ctype.h
FLAG:1367:171:180:./lib/c-ctype.h
FLAG:1368:178:180:./lib/c-ctype.h
FLAG:1369:185:185:./lib/c-ctype.h
FLAG:1370:185:193:./lib/c-ctype.h
FLAG:1371:223:228:./lib/c-ctype.h
FLAG:1372:223:230:./lib/c-ctype.h
FLAG:1373:223:230:./lib/c-ctype.h
FLAG:1374:223:230:./lib/c-ctype.h
FLAG:1375:223:230:./lib/c-ctype.h
FLAG:1376:223:230:./lib/c-ctype.h
FLAG:1377:223:230:./lib/c-ctype.h
FLAG:1378:223:230:./lib/c-ctype.h
FLAG:1379:223:230:./lib/c-ctype.h
FLAG:1380:223:230:./lib/c-ctype.h
FLAG:1381:223:230:./lib/c-ctype.h
FLAG:1382:223:230:./lib/c-ctype.h
FLAG:1383:223:230:./lib/c-ctype.h
FLAG:1384:223:230:./lib/c-ctype.h
FLAG:1385:223:230:./lib/c-ctype.h
FLAG:1386:223:230:./lib/c-ctype.h
FLAG:1387:223:230:./lib/c-ctype.h
FLAG:1388:223:230:./lib/c-ctype.h
FLAG:1389:223:230:./lib/c-ctype.h
FLAG:1390:223:230:./lib/c-ctype.h
FLAG:1391:223:230:./lib/c-ctype.h
FLAG:1392:223:230:./lib/c-ctype.h
FLAG:1393:223:230:./lib/c-ctype.h
FLAG:1394:223:230:./lib/c-ctype.h
FLAG:1395:223:230:./lib/c-ctype.h
FLAG:1396:223:230:./lib/c-ctype.h
FLAG:1397:223:230:./lib/c-ctype.h
FLAG:1398:223:230:./lib/c-ctype.h
FLAG:1399:223:230:./lib/c-ctype.h
FLAG:1400:223:230:./lib/c-ctype.h
FLAG:1401:223:230:./lib/c-ctype.h
FLAG:1402:223:230:./lib/c-ctype.h
FLAG:1403:223:230:./lib/c-ctype.h
FLAG:1404:223:230:./lib/c-ctype.h
FLAG:1405:228:230:./lib/c-ctype.h
FLAG:1406:290:295:./lib/c-ctype.h
FLAG:1407:290:297:./lib/c-ctype.h
FLAG:1408:290:297:./lib/c-ctype.h
FLAG:1409:290:297:./lib/c-ctype.h
FLAG:1410:290:297:./lib/c-ctype.h
FLAG:1411:290:297:./lib/c-ctype.h
FLAG:1412:290:297:./lib/c-ctype.h
FLAG:1413:290:297:./lib/c-ctype.h
FLAG:1414:290:297:./lib/c-ctype.h
FLAG:1415:290:297:./lib/c-ctype.h
FLAG:1416:290:297:./lib/c-ctype.h
FLAG:1417:290:297:./lib/c-ctype.h
FLAG:1418:290:297:./lib/c-ctype.h
FLAG:1419:290:297:./lib/c-ctype.h
FLAG:1420:290:297:./lib/c-ctype.h
FLAG:1421:290:297:./lib/c-ctype.h
FLAG:1422:290:297:./lib/c-ctype.h
FLAG:1423:290:297:./lib/c-ctype.h
FLAG:1424:290:297:./lib/c-ctype.h
FLAG:1425:290:297:./lib/c-ctype.h
FLAG:1426:290:297:./lib/c-ctype.h
FLAG:1427:290:297:./lib/c-ctype.h
FLAG:1428:290:297:./lib/c-ctype.h
FLAG:1429:290:297:./lib/c-ctype.h
FLAG:1430:290:297:./lib/c-ctype.h
FLAG:1431:290:297:./lib/c-ctype.h
FLAG:1432:290:297:./lib/c-ctype.h
FLAG:1433:290:297:./lib/c-ctype.h
FLAG:1434:290:297:./lib/c-ctype.h
FLAG:1435:290:297:./lib/c-ctype.h
FLAG:1436:290:297:./lib/c-ctype.h
FLAG:1437:290:297:./lib/c-ctype.h
FLAG:1438:290:297:./lib/c-ctype.h
FLAG:1439:295:297:./lib/c-ctype.h
FLAG:1440:302:302:./lib/c-ctype.h
FLAG:1441:302:309:./lib/c-ctype.h
FLAG:1442:326:326:./lib/c-ctype.h
FLAG:1443:326:334:./lib/c-ctype.h
