6:10
  %3 = alloca i32, align 4
  call void @llvm.dbg.value(metadata i32 %0, metadata !15, metadata !DIExpression()), !dbg !22
  call void @llvm.dbg.value(metadata i8** %1, metadata !16, metadata !DIExpression()), !dbg !22
  %4 = bitcast i32* %3 to i8*, !dbg !23
  call void @llvm.lifetime.start.p0i8(i64 4, i8* %4) #4, !dbg !23
  call void @llvm.dbg.declare(metadata i32* %3, metadata !17, metadata !DIExpression()), !dbg !24
  %5 = call i32 (i8*, ...) @__isoc99_scanf(i8* getelementptr inbounds ([3 x i8], [3 x i8]* @.str, i64 0, i64 0), i32* %3), !dbg !25
  call void @llvm.dbg.value(metadata i32 10, metadata !21, metadata !DIExpression()), !dbg !22
  call void @llvm.dbg.value(metadata i32 0, metadata !20, metadata !DIExpression()), !dbg !22
  br label %6, !dbg !26
10:10
----979038000:10
----10:10
  %7 = phi i32 [ 0, %2 ], [ %21, %20 ], !dbg !28
  %8 = phi i32 [ 0, %20 ], [ 1, %2 ], !dbg !22
  %9 = load i8*, i8** @__afl_area_ptr, !dbg !22, !nosanitize !2
  %10 = getelementptr i8, i8* %9, i32 %8, !dbg !22
  %11 = load i8, i8* %10, !dbg !22, !nosanitize !2
  %12 = add i8 %11, 1, !dbg !22
  store i8 %12, i8* %10, !dbg !22, !nosanitize !2
  call void @llvm.dbg.value(metadata i32 %7, metadata !20, metadata !DIExpression()), !dbg !22
  %13 = load i32, i32* %3, align 4, !dbg !29, !tbaa !31
  %14 = icmp ult i32 %7, %13, !dbg !35
  br i1 %14, label %15, label %22, !dbg !36
11:11
----10:11
  %16 = phi i32 [ 2, %6 ], !dbg !37
  %17 = load i8*, i8** @__afl_area_ptr, !dbg !37, !nosanitize !2
  %18 = getelementptr i8, i8* %17, i32 %16, !dbg !37
  %19 = load i8, i8* %18, !dbg !37, !nosanitize !2
  %20 = add i8 %19, 1, !dbg !37
  store i8 %20, i8* %18, !dbg !37, !nosanitize !2
  br i1 true, label %21, label %23, !dbg !37
12:13
----11:12
  %22 = phi i32 [ 3, %15 ], !dbg !39
  %23 = load i8*, i8** @__afl_area_ptr, !dbg !39, !nosanitize !2
  %24 = getelementptr i8, i8* %23, i32 %22, !dbg !39
  %25 = load i8, i8* %24, !dbg !39, !nosanitize !2
  %26 = add i8 %25, 1, !dbg !39
  store i8 %26, i8* %24, !dbg !39, !nosanitize !2
  %27 = call i32 (i8*, ...) @printf(i8* getelementptr inbounds ([5 x i8], [5 x i8]* @.str.1, i64 0, i64 0)), !dbg !39
  br label %30, !dbg !42
14:14
----11:14
  %29 = phi i32 [ 4, %15 ], !dbg !43
  %30 = load i8*, i8** @__afl_area_ptr, !dbg !43, !nosanitize !2
  %31 = getelementptr i8, i8* %30, i32 %29, !dbg !43
  %32 = load i8, i8* %31, !dbg !43, !nosanitize !2
  %33 = add i8 %32, 1, !dbg !43
  store i8 %33, i8* %31, !dbg !43, !nosanitize !2
  %34 = call i32 (i8*, ...) @printf(i8* getelementptr inbounds ([6 x i8], [6 x i8]* @.str.2, i64 0, i64 0)), !dbg !43
  br label %35
10:10
----13:10
----14:10
  %36 = phi i32 [ 5, %21 ], [ 6, %28 ], !dbg !45
  %37 = load i8*, i8** @__afl_area_ptr, !dbg !45, !nosanitize !2
  %38 = getelementptr i8, i8* %37, i32 %36, !dbg !45
  %39 = load i8, i8* %38, !dbg !45, !nosanitize !2
  %40 = add i8 %39, 1, !dbg !45
  store i8 %40, i8* %38, !dbg !45, !nosanitize !2
  %41 = add nsw i32 %7, 1, !dbg !45
  call void @llvm.dbg.value(metadata i32 %41, metadata !20, metadata !DIExpression()), !dbg !22
  br label %6, !dbg !46, !llvm.loop !47
18:18
----10:18
  %43 = phi i32 [ 7, %6 ], !dbg !49
  %44 = load i8*, i8** @__afl_area_ptr, !dbg !49, !nosanitize !2
  %45 = getelementptr i8, i8* %44, i32 %43, !dbg !49
  %46 = load i8, i8* %45, !dbg !49, !nosanitize !2
  %47 = add i8 %46, 1, !dbg !49
  store i8 %47, i8* %45, !dbg !49, !nosanitize !2
  call void @llvm.lifetime.end.p0i8(i64 4, i8* %4) #4, !dbg !49
  ret i32 0, !dbg !50
