5:10
  %3 = alloca i32, align 4
  %4 = alloca i32, align 4
  %5 = alloca i8**, align 8
  %6 = alloca i32, align 4
  %7 = alloca i32, align 4
  %8 = alloca i32, align 4
  store i32 0, i32* %3, align 4
  store i32 %0, i32* %4, align 4
  call void @llvm.dbg.declare(metadata i32* %4, metadata !14, metadata !DIExpression()), !dbg !15
  store i8** %1, i8*** %5, align 8
  call void @llvm.dbg.declare(metadata i8*** %5, metadata !16, metadata !DIExpression()), !dbg !17
  call void @llvm.dbg.declare(metadata i32* %6, metadata !18, metadata !DIExpression()), !dbg !21
  %9 = call i32 (i8*, ...) @__isoc99_scanf(i8* getelementptr inbounds ([3 x i8], [3 x i8]* @.str, i64 0, i64 0), i32* %6), !dbg !22
  call void @llvm.dbg.declare(metadata i32* %7, metadata !23, metadata !DIExpression()), !dbg !24
  call void @llvm.dbg.declare(metadata i32* %8, metadata !25, metadata !DIExpression()), !dbg !26
  store i32 10, i32* %8, align 4, !dbg !26
  store i32 0, i32* %7, align 4, !dbg !27
  br label %10, !dbg !29
10:10
----32:10
----10:10
  %11 = phi i32 [ 0, %27 ], [ 1, %2 ], !dbg !30
  %12 = load i8*, i8** @__afl_area_ptr, !dbg !30, !nosanitize !2
  %13 = getelementptr i8, i8* %12, i32 %11, !dbg !30
  %14 = load i8, i8* %13, !dbg !30, !nosanitize !2
  %15 = add i8 %14, 1, !dbg !30
  store i8 %15, i8* %13, !dbg !30, !nosanitize !2
  %16 = load i32, i32* %7, align 4, !dbg !30
  %17 = load i32, i32* %6, align 4, !dbg !32
  %18 = icmp ult i32 %16, %17, !dbg !33
  br i1 %18, label %19, label %30, !dbg !34
11:11
----10:11
  %20 = phi i32 [ 2, %10 ], !dbg !35
  %21 = load i8*, i8** @__afl_area_ptr, !dbg !35, !nosanitize !2
  %22 = getelementptr i8, i8* %21, i32 %20, !dbg !35
  %23 = load i8, i8* %22, !dbg !35, !nosanitize !2
  %24 = add i8 %23, 1, !dbg !35
  store i8 %24, i8* %22, !dbg !35, !nosanitize !2
  %25 = load i32, i32* %8, align 4, !dbg !35
  %26 = icmp eq i32 %25, 10, !dbg !38
  br i1 %26, label %27, label %29, !dbg !39
12:13
----11:12
  %28 = phi i32 [ 3, %19 ], !dbg !40
  %29 = load i8*, i8** @__afl_area_ptr, !dbg !40, !nosanitize !2
  %30 = getelementptr i8, i8* %29, i32 %28, !dbg !40
  %31 = load i8, i8* %30, !dbg !40, !nosanitize !2
  %32 = add i8 %31, 1, !dbg !40
  store i8 %32, i8* %30, !dbg !40, !nosanitize !2
  %33 = call i32 (i8*, ...) @printf(i8* getelementptr inbounds ([5 x i8], [5 x i8]* @.str.1, i64 0, i64 0)), !dbg !40
  br label %36, !dbg !42
14:14
----11:14
  %35 = phi i32 [ 4, %19 ], !dbg !43
  %36 = load i8*, i8** @__afl_area_ptr, !dbg !43, !nosanitize !2
  %37 = getelementptr i8, i8* %36, i32 %35, !dbg !43
  %38 = load i8, i8* %37, !dbg !43, !nosanitize !2
  %39 = add i8 %38, 1, !dbg !43
  store i8 %39, i8* %37, !dbg !43, !nosanitize !2
  %40 = call i32 (i8*, ...) @printf(i8* getelementptr inbounds ([6 x i8], [6 x i8]* @.str.2, i64 0, i64 0)), !dbg !43
  br label %41
16:16
----14:16
----13:16
  %42 = phi i32 [ 5, %34 ], [ 6, %27 ], !dbg !45
  %43 = load i8*, i8** @__afl_area_ptr, !dbg !45, !nosanitize !2
  %44 = getelementptr i8, i8* %43, i32 %42, !dbg !45
  %45 = load i8, i8* %44, !dbg !45, !nosanitize !2
  %46 = add i8 %45, 1, !dbg !45
  store i8 %46, i8* %44, !dbg !45, !nosanitize !2
  br label %47, !dbg !45
10:10
----16:10
  %48 = phi i32 [ 7, %41 ], !dbg !46
  %49 = load i8*, i8** @__afl_area_ptr, !dbg !46, !nosanitize !2
  %50 = getelementptr i8, i8* %49, i32 %48, !dbg !46
  %51 = load i8, i8* %50, !dbg !46, !nosanitize !2
  %52 = add i8 %51, 1, !dbg !46
  store i8 %52, i8* %50, !dbg !46, !nosanitize !2
  %53 = load i32, i32* %7, align 4, !dbg !46
  %54 = add nsw i32 %53, 1, !dbg !46
  store i32 %54, i32* %7, align 4, !dbg !46
  br label %10, !dbg !47, !llvm.loop !48
17:17
----10:17
  %56 = phi i32 [ 8, %10 ], !dbg !50
  %57 = load i8*, i8** @__afl_area_ptr, !dbg !50, !nosanitize !2
  %58 = getelementptr i8, i8* %57, i32 %56, !dbg !50
  %59 = load i8, i8* %58, !dbg !50, !nosanitize !2
  %60 = add i8 %59, 1, !dbg !50
  store i8 %60, i8* %58, !dbg !50, !nosanitize !2
  ret i32 0, !dbg !50
