  %1 = alloca i32, align 4
  %2 = alloca i32, align 4
  store i32 0, i32* %1, align 4
  call void @llvm.dbg.declare(metadata i32* %2, metadata !11, metadata !DIExpression()), !dbg !12
  %3 = call i32 (i8*, ...) @__isoc99_scanf(i8* getelementptr inbounds ([3 x i8], [3 x i8]* @.str, i64 0, i64 0), i32* %2), !dbg !13
  %4 = load i32, i32* %2, align 4, !dbg !14
  %5 = icmp sgt i32 %4, 5, !dbg !16
  br i1 %5, label %12, label %6, !dbg !17
  %7 = phi i32 [ 0, %0 ], !dbg !18
  %8 = load i8*, i8** @__afl_area_ptr, !dbg !18, !nosanitize !2
  %9 = getelementptr i8, i8* %8, i32 %7, !dbg !18
  %10 = load i8, i8* %9, !dbg !18, !nosanitize !2
  %11 = add i8 %10, 1, !dbg !18
  store i8 %11, i8* %9, !dbg !18, !nosanitize !2
  %12 = load i32, i32* %2, align 4, !dbg !18
  %13 = icmp slt i32 %12, 3, !dbg !19
  br i1 %13, label %17, label %14, !dbg !20
  %15 = phi i32 [ 1, %6 ], !dbg !21
  %16 = load i8*, i8** @__afl_area_ptr, !dbg !21, !nosanitize !2
  %17 = getelementptr i8, i8* %16, i32 %15, !dbg !21
  %18 = load i8, i8* %17, !dbg !21, !nosanitize !2
  %19 = add i8 %18, 1, !dbg !21
  store i8 %19, i8* %17, !dbg !21, !nosanitize !2
  %20 = load i32, i32* %2, align 4, !dbg !21
  %21 = icmp eq i32 %20, 4, !dbg !22
  br i1 %21, label %22, label %25, !dbg !23
  %23 = phi i32 [ 2, %14 ], [ 3, %6 ], [ 4, %0 ], !dbg !24
  %24 = load i8*, i8** @__afl_area_ptr, !dbg !24, !nosanitize !2
  %25 = getelementptr i8, i8* %24, i32 %23, !dbg !24
  %26 = load i8, i8* %25, !dbg !24, !nosanitize !2
  %27 = add i8 %26, 1, !dbg !24
  store i8 %27, i8* %25, !dbg !24, !nosanitize !2
  %28 = load i32, i32* %2, align 4, !dbg !24
  %29 = add nsw i32 %28, 1, !dbg !24
  store i32 %29, i32* %2, align 4, !dbg !24
  br label %30, !dbg !26
  %31 = phi i32 [ 5, %22 ], [ 6, %14 ], !dbg !27
  %32 = load i8*, i8** @__afl_area_ptr, !dbg !27, !nosanitize !2
  %33 = getelementptr i8, i8* %32, i32 %31, !dbg !27
  %34 = load i8, i8* %33, !dbg !27, !nosanitize !2
  %35 = add i8 %34, 1, !dbg !27
  store i8 %35, i8* %33, !dbg !27, !nosanitize !2
  %36 = load i32, i32* %2, align 4, !dbg !27
  ret i32 %36, !dbg !28
