  %1 = alloca i32, align 4
  %2 = alloca i32, align 4
  %3 = alloca i32, align 4
  %4 = alloca i32, align 4
  %5 = alloca i32, align 4
  store i32 0, i32* %1, align 4
  call void @llvm.dbg.declare(metadata i32* %2, metadata !11, metadata !DIExpression()), !dbg !12
  %6 = call i32 (i8*, ...) @__isoc99_scanf(i8* getelementptr inbounds ([3 x i8], [3 x i8]* @.str, i64 0, i64 0), i32* %2), !dbg !13
  call void @llvm.dbg.declare(metadata i32* %3, metadata !14, metadata !DIExpression()), !dbg !15
  call void @llvm.dbg.declare(metadata i32* %4, metadata !16, metadata !DIExpression()), !dbg !17
  store i32 1, i32* %4, align 4, !dbg !17
  call void @llvm.dbg.declare(metadata i32* %5, metadata !18, metadata !DIExpression()), !dbg !19
  store i32 2, i32* %5, align 4, !dbg !19
  %7 = load i32, i32* %2, align 4, !dbg !20
  %8 = icmp ne i32 %7, 0, !dbg !20
  br i1 %8, label %9, label %11, !dbg !20
  %10 = phi i32 [ 0, %0 ], !dbg !20
  %11 = load i8*, i8** @__afl_area_ptr, !dbg !20, !nosanitize !2
  %12 = getelementptr i8, i8* %11, i32 %10, !dbg !20
  %13 = load i8, i8* %12, !dbg !20, !nosanitize !2
  %14 = add i8 %13, 1, !dbg !20
  store i8 %14, i8* %12, !dbg !20, !nosanitize !2
  %15 = load i32, i32* %4, align 4, !dbg !20
  br label %18, !dbg !20
  %17 = phi i32 [ 1, %0 ], !dbg !20
  %18 = load i8*, i8** @__afl_area_ptr, !dbg !20, !nosanitize !2
  %19 = getelementptr i8, i8* %18, i32 %17, !dbg !20
  %20 = load i8, i8* %19, !dbg !20, !nosanitize !2
  %21 = add i8 %20, 1, !dbg !20
  store i8 %21, i8* %19, !dbg !20, !nosanitize !2
  %22 = load i32, i32* %5, align 4, !dbg !20
  br label %23, !dbg !20
  %24 = phi i32 [ %15, %9 ], [ %22, %16 ], !dbg !20
  %25 = phi i32 [ 2, %16 ], [ 3, %9 ], !dbg !21
  %26 = load i8*, i8** @__afl_area_ptr, !dbg !21, !nosanitize !2
  %27 = getelementptr i8, i8* %26, i32 %25, !dbg !21
  %28 = load i8, i8* %27, !dbg !21, !nosanitize !2
  %29 = add i8 %28, 1, !dbg !21
  store i8 %29, i8* %27, !dbg !21, !nosanitize !2
  store i32 %24, i32* %3, align 4, !dbg !21
  %30 = load i32, i32* %3, align 4, !dbg !22
  ret i32 %30, !dbg !23
